[ 2017-04-28T17:04:01+08:00 ] 127.0.0.1 /
INFO: [ app_init ] --START--
INFO: Run Behavior\BuildLiteBehavior [ RunTime:0.000000s ]
INFO: [ app_init ] --END-- [ RunTime:0.095006s ]
INFO: [ app_begin ] --START--
INFO: Run Behavior\ReadHtmlCacheBehavior [ RunTime:0.015001s ]
INFO: [ app_begin ] --END-- [ RunTime:0.015001s ]
SQL: SHOW COLUMNS FROM `bl_article` [ RunTime:1.1831s ]
SQL: SELECT * FROM `bl_article` INNER JOIN bl_author on bl_article.auid = bl_author.tid INNER JOIN bl_category on bl_article.cid = bl_category.gid  ORDER BY bl_article.aid desc LIMIT 0,5   [ RunTime:0.3280s ]
SQL: SELECT `title` FROM `bl_article` WHERE `hot` = 1 ORDER BY aid desc LIMIT 20   [ RunTime:0.0010s ]
INFO: [ view_parse ] --START--
INFO: [ template_filter ] --START--
INFO: Run Behavior\ContentReplaceBehavior [ RunTime:0.017001s ]
INFO: [ template_filter ] --END-- [ RunTime:0.017001s ]
INFO: Run Behavior\ParseTemplateBehavior [ RunTime:0.264015s ]
INFO: [ view_parse ] --END-- [ RunTime:0.264015s ]
INFO: [ view_filter ] --START--
INFO: Run Behavior\WriteHtmlCacheBehavior [ RunTime:0.430025s ]
INFO: [ view_filter ] --END-- [ RunTime:0.430025s ]
INFO: [ app_end ] --START--
INFO: Run Behavior\ShowPageTraceBehavior [ RunTime:0.140008s ]
INFO: [ app_end ] --END-- [ RunTime:0.141008s ]

[ 2017-04-28T17:05:20+08:00 ] 127.0.0.1 /
INFO: [ app_init ] --START--
INFO: Run Behavior\BuildLiteBehavior [ RunTime:0.000000s ]
INFO: [ app_init ] --END-- [ RunTime:0.001001s ]
INFO: [ app_begin ] --START--
INFO: Run Behavior\ReadHtmlCacheBehavior [ RunTime:0.001000s ]
INFO: [ app_begin ] --END-- [ RunTime:0.001000s ]
SQL: SHOW COLUMNS FROM `bl_article` [ RunTime:0.0040s ]
SQL: SELECT * FROM `bl_article` INNER JOIN bl_author on bl_article.auid = bl_author.tid INNER JOIN bl_category on bl_article.cid = bl_category.gid  ORDER BY bl_article.aid desc LIMIT 0,5   [ RunTime:0.0050s ]
SQL: SELECT `title` FROM `bl_article` WHERE `hot` = 1 ORDER BY aid desc LIMIT 20   [ RunTime:0.0000s ]
INFO: [ view_parse ] --START--
INFO: [ template_filter ] --START--
INFO: Run Behavior\ContentReplaceBehavior [ RunTime:0.000000s ]
INFO: [ template_filter ] --END-- [ RunTime:0.000000s ]
INFO: Run Behavior\ParseTemplateBehavior [ RunTime:0.036002s ]
INFO: [ view_parse ] --END-- [ RunTime:0.036002s ]
INFO: [ view_filter ] --START--
INFO: Run Behavior\WriteHtmlCacheBehavior [ RunTime:0.001000s ]
INFO: [ view_filter ] --END-- [ RunTime:0.001000s ]
INFO: [ app_end ] --START--
INFO: Run Behavior\ShowPageTraceBehavior [ RunTime:0.001000s ]
INFO: [ app_end ] --END-- [ RunTime:0.001000s ]

[ 2017-04-28T18:37:18+08:00 ] 127.0.0.1 /
INFO: [ app_init ] --START--
INFO: Run Behavior\BuildLiteBehavior [ RunTime:0.000000s ]
INFO: [ app_init ] --END-- [ RunTime:0.001000s ]
INFO: [ app_begin ] --START--
INFO: Run Behavior\ReadHtmlCacheBehavior [ RunTime:0.001000s ]
INFO: [ app_begin ] --END-- [ RunTime:0.001000s ]
SQL: SHOW COLUMNS FROM `bl_article` [ RunTime:0.0200s ]
SQL: SELECT * FROM `bl_article` INNER JOIN bl_author on bl_article.auid = bl_author.tid INNER JOIN bl_category on bl_article.cid = bl_category.gid  ORDER BY bl_article.aid desc LIMIT 0,5   [ RunTime:0.0130s ]
SQL: SELECT `title` FROM `bl_article` WHERE `hot` = 1 ORDER BY aid desc LIMIT 20   [ RunTime:0.0010s ]
INFO: [ view_parse ] --START--
INFO: [ template_filter ] --START--
INFO: Run Behavior\ContentReplaceBehavior [ RunTime:0.000000s ]
INFO: [ template_filter ] --END-- [ RunTime:0.000000s ]
INFO: Run Behavior\ParseTemplateBehavior [ RunTime:0.045003s ]
INFO: [ view_parse ] --END-- [ RunTime:0.045003s ]
INFO: [ view_filter ] --START--
INFO: Run Behavior\WriteHtmlCacheBehavior [ RunTime:0.000000s ]
INFO: [ view_filter ] --END-- [ RunTime:0.000000s ]
INFO: [ app_end ] --START--
INFO: Run Behavior\ShowPageTraceBehavior [ RunTime:0.003000s ]
INFO: [ app_end ] --END-- [ RunTime:0.019001s ]

[ 2017-04-28T18:37:26+08:00 ] 127.0.0.1 /Home/New/index/id/45.html
INFO: [ app_init ] --START--
INFO: Run Behavior\BuildLiteBehavior [ RunTime:0.000000s ]
INFO: [ app_init ] --END-- [ RunTime:0.001000s ]
INFO: [ app_begin ] --START--
INFO: Run Behavior\ReadHtmlCacheBehavior [ RunTime:0.001000s ]
INFO: [ app_begin ] --END-- [ RunTime:0.001000s ]
SQL: SHOW COLUMNS FROM `bl_article` [ RunTime:0.0060s ]
SQL: SELECT `aid` FROM `bl_article` ORDER BY wtime desc LIMIT 1   [ RunTime:0.0000s ]
SQL: SELECT `aid`,`title` FROM `bl_article` WHERE ( aid < 45 ) ORDER BY aid desc LIMIT 1   [ RunTime:0.0640s ]
SQL: SELECT * FROM `bl_article` INNER JOIN bl_author on bl_article.auid=bl_author.tid  WHERE ( aid=45 )  [ RunTime:0.0010s ]
SQL: SELECT `aid`,`title` FROM `bl_article` WHERE ( aid > 45 ) ORDER BY aid asc LIMIT 1   [ RunTime:0.0010s ]
SQL: SELECT `aid`,`title` FROM `bl_article` WHERE ( cid = (SELECT `cid` FROM `bl_article` WHERE ( aid = 45 ) ) ) ORDER BY wtime desc LIMIT 5   [ RunTime:0.0370s ]
INFO: [ view_parse ] --START--
INFO: [ template_filter ] --START--
INFO: Run Behavior\ContentReplaceBehavior [ RunTime:0.034002s ]
INFO: [ template_filter ] --END-- [ RunTime:0.034002s ]
INFO: Run Behavior\ParseTemplateBehavior [ RunTime:0.053003s ]
INFO: [ view_parse ] --END-- [ RunTime:0.054003s ]
INFO: [ view_filter ] --START--
INFO: Run Behavior\WriteHtmlCacheBehavior [ RunTime:0.000000s ]
INFO: [ view_filter ] --END-- [ RunTime:0.000000s ]
INFO: [ app_end ] --START--
INFO: Run Behavior\ShowPageTraceBehavior [ RunTime:0.001000s ]
INFO: [ app_end ] --END-- [ RunTime:0.001000s ]

[ 2017-04-28T18:37:32+08:00 ] 127.0.0.1 /Home/Newlist/index.html
INFO: [ app_init ] --START--
INFO: Run Behavior\BuildLiteBehavior [ RunTime:0.000000s ]
INFO: [ app_init ] --END-- [ RunTime:0.000000s ]
INFO: [ app_begin ] --START--
INFO: Run Behavior\ReadHtmlCacheBehavior [ RunTime:0.001000s ]
INFO: [ app_begin ] --END-- [ RunTime:0.001000s ]
SQL: SHOW COLUMNS FROM `bl_article` [ RunTime:0.0160s ]
SQL: SELECT COUNT(*) AS tp_count FROM `bl_article` WHERE ( status = 1 ) LIMIT 1   [ RunTime:0.0480s ]
SQL: SELECT * FROM `bl_article` INNER JOIN bl_author on bl_article.auid=bl_author.tid INNER JOIN bl_category on bl_article.cid=bl_category.gid  WHERE ( bl_article.status = 1 ) ORDER BY wtime desc LIMIT 0,8   [ RunTime:0.0260s ]
INFO: [ view_parse ] --START--
INFO: [ template_filter ] --START--
INFO: Run Behavior\ContentReplaceBehavior [ RunTime:0.000000s ]
INFO: [ template_filter ] --END-- [ RunTime:0.001000s ]
INFO: Run Behavior\ParseTemplateBehavior [ RunTime:0.024001s ]
INFO: [ view_parse ] --END-- [ RunTime:0.024001s ]
INFO: [ view_filter ] --START--
INFO: Run Behavior\WriteHtmlCacheBehavior [ RunTime:0.001000s ]
INFO: [ view_filter ] --END-- [ RunTime:0.001000s ]
INFO: [ app_end ] --START--
INFO: Run Behavior\ShowPageTraceBehavior [ RunTime:0.001000s ]
INFO: [ app_end ] --END-- [ RunTime:0.001000s ]

[ 2017-04-28T18:37:36+08:00 ] 127.0.0.1 /Home/Newlist/index/p/2.html
INFO: [ app_init ] --START--
INFO: Run Behavior\BuildLiteBehavior [ RunTime:0.000000s ]
INFO: [ app_init ] --END-- [ RunTime:0.001000s ]
INFO: [ app_begin ] --START--
INFO: Run Behavior\ReadHtmlCacheBehavior [ RunTime:0.001000s ]
INFO: [ app_begin ] --END-- [ RunTime:0.001000s ]
SQL: SHOW COLUMNS FROM `bl_article` [ RunTime:0.0090s ]
SQL: SELECT COUNT(*) AS tp_count FROM `bl_article` WHERE ( status = 1 ) LIMIT 1   [ RunTime:0.0010s ]
SQL: SELECT * FROM `bl_article` INNER JOIN bl_author on bl_article.auid=bl_author.tid INNER JOIN bl_category on bl_article.cid=bl_category.gid  WHERE ( bl_article.status = 1 ) ORDER BY wtime desc LIMIT 8,8   [ RunTime:0.0050s ]
INFO: [ view_parse ] --START--
INFO: [ template_filter ] --START--
INFO: Run Behavior\ContentReplaceBehavior [ RunTime:0.001000s ]
INFO: [ template_filter ] --END-- [ RunTime:0.001000s ]
INFO: Run Behavior\ParseTemplateBehavior [ RunTime:0.020001s ]
INFO: [ view_parse ] --END-- [ RunTime:0.020001s ]
INFO: [ view_filter ] --START--
INFO: Run Behavior\WriteHtmlCacheBehavior [ RunTime:0.001000s ]
INFO: [ view_filter ] --END-- [ RunTime:0.001000s ]
INFO: [ app_end ] --START--
INFO: Run Behavior\ShowPageTraceBehavior [ RunTime:0.002000s ]
INFO: [ app_end ] --END-- [ RunTime:0.002000s ]

[ 2017-04-28T18:37:39+08:00 ] 127.0.0.1 /Home/Newlist/index/p/3.html
INFO: [ app_init ] --START--
INFO: Run Behavior\BuildLiteBehavior [ RunTime:0.000000s ]
INFO: [ app_init ] --END-- [ RunTime:0.000000s ]
INFO: [ app_begin ] --START--
INFO: Run Behavior\ReadHtmlCacheBehavior [ RunTime:0.001000s ]
INFO: [ app_begin ] --END-- [ RunTime:0.001000s ]
SQL: SHOW COLUMNS FROM `bl_article` [ RunTime:0.0160s ]
SQL: SELECT COUNT(*) AS tp_count FROM `bl_article` WHERE ( status = 1 ) LIMIT 1   [ RunTime:0.0020s ]
SQL: SELECT * FROM `bl_article` INNER JOIN bl_author on bl_article.auid=bl_author.tid INNER JOIN bl_category on bl_article.cid=bl_category.gid  WHERE ( bl_article.status = 1 ) ORDER BY wtime desc LIMIT 16,8   [ RunTime:0.0130s ]
INFO: [ view_parse ] --START--
INFO: [ template_filter ] --START--
INFO: Run Behavior\ContentReplaceBehavior [ RunTime:0.000000s ]
INFO: [ template_filter ] --END-- [ RunTime:0.001000s ]
INFO: Run Behavior\ParseTemplateBehavior [ RunTime:0.025001s ]
INFO: [ view_parse ] --END-- [ RunTime:0.025001s ]
INFO: [ view_filter ] --START--
INFO: Run Behavior\WriteHtmlCacheBehavior [ RunTime:0.000000s ]
INFO: [ view_filter ] --END-- [ RunTime:0.001000s ]
INFO: [ app_end ] --START--
INFO: Run Behavior\ShowPageTraceBehavior [ RunTime:0.001000s ]
INFO: [ app_end ] --END-- [ RunTime:0.001000s ]

