[ 2017-03-21T19:19:23+08:00 ] 127.0.0.1 /
INFO: [ app_init ] --START--
INFO: Run Behavior\BuildLiteBehavior [ RunTime:0.000028s ]
INFO: [ app_init ] --END-- [ RunTime:0.000616s ]
INFO: [ app_begin ] --START--
INFO: Run Behavior\ReadHtmlCacheBehavior [ RunTime:0.001171s ]
INFO: [ app_begin ] --END-- [ RunTime:0.001363s ]
SQL: SHOW COLUMNS FROM `bl_article` [ RunTime:0.0824s ]
SQL: SELECT * FROM `bl_article` INNER JOIN bl_author on bl_article.auid = bl_author.tid INNER JOIN bl_category on bl_article.cid = bl_category.gid  ORDER BY bl_article.aid desc LIMIT 0,5   [ RunTime:0.1190s ]
SQL: SELECT `title` FROM `bl_article` WHERE `hot` = 1 ORDER BY aid desc LIMIT 20   [ RunTime:0.0010s ]
INFO: [ view_parse ] --START--
INFO: [ template_filter ] --START--
INFO: Run Behavior\ContentReplaceBehavior [ RunTime:0.000092s ]
INFO: [ template_filter ] --END-- [ RunTime:0.000175s ]
INFO: Run Behavior\ParseTemplateBehavior [ RunTime:0.027696s ]
INFO: [ view_parse ] --END-- [ RunTime:0.027902s ]
INFO: [ view_filter ] --START--
INFO: Run Behavior\WriteHtmlCacheBehavior [ RunTime:0.000627s ]
INFO: [ view_filter ] --END-- [ RunTime:0.000711s ]
INFO: [ app_end ] --START--
INFO: Run Behavior\ShowPageTraceBehavior [ RunTime:0.000796s ]
INFO: [ app_end ] --END-- [ RunTime:0.000876s ]

[ 2017-03-21T19:19:34+08:00 ] 127.0.0.1 /Home/Newlist/index.html
INFO: [ app_init ] --START--
INFO: Run Behavior\BuildLiteBehavior [ RunTime:0.000033s ]
INFO: [ app_init ] --END-- [ RunTime:0.000706s ]
INFO: [ app_begin ] --START--
INFO: Run Behavior\ReadHtmlCacheBehavior [ RunTime:0.000887s ]
INFO: [ app_begin ] --END-- [ RunTime:0.000988s ]
SQL: SHOW COLUMNS FROM `bl_article` [ RunTime:0.0981s ]
SQL: SELECT COUNT(*) AS tp_count FROM `bl_article` WHERE ( status = 1 ) LIMIT 1   [ RunTime:0.0004s ]
SQL: SELECT * FROM `bl_article` INNER JOIN bl_author on bl_article.auid=bl_author.tid INNER JOIN bl_category on bl_article.cid=bl_category.gid  WHERE ( bl_article.status = 1 ) ORDER BY wtime desc LIMIT 0,8   [ RunTime:0.0066s ]
INFO: [ view_parse ] --START--
INFO: [ template_filter ] --START--
INFO: Run Behavior\ContentReplaceBehavior [ RunTime:0.000152s ]
INFO: [ template_filter ] --END-- [ RunTime:0.000293s ]
NOTIC: [2] date() expects parameter 2 to be long, array given E:\www\blog\App\Runtime\Cache\Home\9d7f23d7c38eb9b230f93faa71fd6795.php 第 34 行.
NOTIC: [2] date() expects parameter 2 to be long, array given E:\www\blog\App\Runtime\Cache\Home\9d7f23d7c38eb9b230f93faa71fd6795.php 第 34 行.
NOTIC: [2] date() expects parameter 2 to be long, array given E:\www\blog\App\Runtime\Cache\Home\9d7f23d7c38eb9b230f93faa71fd6795.php 第 34 行.
NOTIC: [2] date() expects parameter 2 to be long, array given E:\www\blog\App\Runtime\Cache\Home\9d7f23d7c38eb9b230f93faa71fd6795.php 第 34 行.
NOTIC: [2] date() expects parameter 2 to be long, array given E:\www\blog\App\Runtime\Cache\Home\9d7f23d7c38eb9b230f93faa71fd6795.php 第 34 行.
NOTIC: [2] date() expects parameter 2 to be long, array given E:\www\blog\App\Runtime\Cache\Home\9d7f23d7c38eb9b230f93faa71fd6795.php 第 34 行.
NOTIC: [2] date() expects parameter 2 to be long, array given E:\www\blog\App\Runtime\Cache\Home\9d7f23d7c38eb9b230f93faa71fd6795.php 第 34 行.
NOTIC: [2] date() expects parameter 2 to be long, array given E:\www\blog\App\Runtime\Cache\Home\9d7f23d7c38eb9b230f93faa71fd6795.php 第 34 行.
INFO: Run Behavior\ParseTemplateBehavior [ RunTime:0.015237s ]
INFO: [ view_parse ] --END-- [ RunTime:0.015370s ]
INFO: [ view_filter ] --START--
INFO: Run Behavior\WriteHtmlCacheBehavior [ RunTime:0.000611s ]
INFO: [ view_filter ] --END-- [ RunTime:0.000729s ]
INFO: [ app_end ] --START--
INFO: Run Behavior\ShowPageTraceBehavior [ RunTime:0.000948s ]
INFO: [ app_end ] --END-- [ RunTime:0.001069s ]

[ 2017-03-21T19:19:41+08:00 ] 127.0.0.1 /Home/Newlist/index/p/2.html
INFO: [ app_init ] --START--
INFO: Run Behavior\BuildLiteBehavior [ RunTime:0.000025s ]
INFO: [ app_init ] --END-- [ RunTime:0.000493s ]
INFO: [ app_begin ] --START--
INFO: Run Behavior\ReadHtmlCacheBehavior [ RunTime:0.000778s ]
INFO: [ app_begin ] --END-- [ RunTime:0.000909s ]
SQL: SHOW COLUMNS FROM `bl_article` [ RunTime:0.0051s ]
SQL: SELECT COUNT(*) AS tp_count FROM `bl_article` WHERE ( status = 1 ) LIMIT 1   [ RunTime:0.0004s ]
SQL: SELECT * FROM `bl_article` INNER JOIN bl_author on bl_article.auid=bl_author.tid INNER JOIN bl_category on bl_article.cid=bl_category.gid  WHERE ( bl_article.status = 1 ) ORDER BY wtime desc LIMIT 8,8   [ RunTime:0.0066s ]
INFO: [ view_parse ] --START--
INFO: [ template_filter ] --START--
INFO: Run Behavior\ContentReplaceBehavior [ RunTime:0.000199s ]
INFO: [ template_filter ] --END-- [ RunTime:0.000392s ]
NOTIC: [2] date() expects parameter 2 to be long, array given E:\www\blog\App\Runtime\Cache\Home\9d7f23d7c38eb9b230f93faa71fd6795.php 第 34 行.
NOTIC: [2] date() expects parameter 2 to be long, array given E:\www\blog\App\Runtime\Cache\Home\9d7f23d7c38eb9b230f93faa71fd6795.php 第 34 行.
NOTIC: [2] date() expects parameter 2 to be long, array given E:\www\blog\App\Runtime\Cache\Home\9d7f23d7c38eb9b230f93faa71fd6795.php 第 34 行.
NOTIC: [2] date() expects parameter 2 to be long, array given E:\www\blog\App\Runtime\Cache\Home\9d7f23d7c38eb9b230f93faa71fd6795.php 第 34 行.
NOTIC: [2] date() expects parameter 2 to be long, array given E:\www\blog\App\Runtime\Cache\Home\9d7f23d7c38eb9b230f93faa71fd6795.php 第 34 行.
NOTIC: [2] date() expects parameter 2 to be long, array given E:\www\blog\App\Runtime\Cache\Home\9d7f23d7c38eb9b230f93faa71fd6795.php 第 34 行.
NOTIC: [2] date() expects parameter 2 to be long, array given E:\www\blog\App\Runtime\Cache\Home\9d7f23d7c38eb9b230f93faa71fd6795.php 第 34 行.
NOTIC: [2] date() expects parameter 2 to be long, array given E:\www\blog\App\Runtime\Cache\Home\9d7f23d7c38eb9b230f93faa71fd6795.php 第 34 行.
INFO: Run Behavior\ParseTemplateBehavior [ RunTime:0.019651s ]
INFO: [ view_parse ] --END-- [ RunTime:0.019765s ]
INFO: [ view_filter ] --START--
INFO: Run Behavior\WriteHtmlCacheBehavior [ RunTime:0.000590s ]
INFO: [ view_filter ] --END-- [ RunTime:0.000726s ]
INFO: [ app_end ] --START--
INFO: Run Behavior\ShowPageTraceBehavior [ RunTime:0.000862s ]
INFO: [ app_end ] --END-- [ RunTime:0.000983s ]

[ 2017-03-21T19:19:44+08:00 ] 127.0.0.1 /Home/Newlist/index/p/3.html
INFO: [ app_init ] --START--
INFO: Run Behavior\BuildLiteBehavior [ RunTime:0.000029s ]
INFO: [ app_init ] --END-- [ RunTime:0.000663s ]
INFO: [ app_begin ] --START--
INFO: Run Behavior\ReadHtmlCacheBehavior [ RunTime:0.000690s ]
INFO: [ app_begin ] --END-- [ RunTime:0.000786s ]
SQL: SHOW COLUMNS FROM `bl_article` [ RunTime:0.0043s ]
SQL: SELECT COUNT(*) AS tp_count FROM `bl_article` WHERE ( status = 1 ) LIMIT 1   [ RunTime:0.0005s ]
SQL: SELECT * FROM `bl_article` INNER JOIN bl_author on bl_article.auid=bl_author.tid INNER JOIN bl_category on bl_article.cid=bl_category.gid  WHERE ( bl_article.status = 1 ) ORDER BY wtime desc LIMIT 16,8   [ RunTime:0.0060s ]
INFO: [ view_parse ] --START--
INFO: [ template_filter ] --START--
INFO: Run Behavior\ContentReplaceBehavior [ RunTime:0.000136s ]
INFO: [ template_filter ] --END-- [ RunTime:0.000265s ]
NOTIC: [2] date() expects parameter 2 to be long, array given E:\www\blog\App\Runtime\Cache\Home\9d7f23d7c38eb9b230f93faa71fd6795.php 第 34 行.
NOTIC: [2] date() expects parameter 2 to be long, array given E:\www\blog\App\Runtime\Cache\Home\9d7f23d7c38eb9b230f93faa71fd6795.php 第 34 行.
NOTIC: [2] date() expects parameter 2 to be long, array given E:\www\blog\App\Runtime\Cache\Home\9d7f23d7c38eb9b230f93faa71fd6795.php 第 34 行.
NOTIC: [2] date() expects parameter 2 to be long, array given E:\www\blog\App\Runtime\Cache\Home\9d7f23d7c38eb9b230f93faa71fd6795.php 第 34 行.
NOTIC: [2] date() expects parameter 2 to be long, array given E:\www\blog\App\Runtime\Cache\Home\9d7f23d7c38eb9b230f93faa71fd6795.php 第 34 行.
NOTIC: [2] date() expects parameter 2 to be long, array given E:\www\blog\App\Runtime\Cache\Home\9d7f23d7c38eb9b230f93faa71fd6795.php 第 34 行.
NOTIC: [2] date() expects parameter 2 to be long, array given E:\www\blog\App\Runtime\Cache\Home\9d7f23d7c38eb9b230f93faa71fd6795.php 第 34 行.
NOTIC: [2] date() expects parameter 2 to be long, array given E:\www\blog\App\Runtime\Cache\Home\9d7f23d7c38eb9b230f93faa71fd6795.php 第 34 行.
INFO: Run Behavior\ParseTemplateBehavior [ RunTime:0.012668s ]
INFO: [ view_parse ] --END-- [ RunTime:0.012756s ]
INFO: [ view_filter ] --START--
INFO: Run Behavior\WriteHtmlCacheBehavior [ RunTime:0.000360s ]
INFO: [ view_filter ] --END-- [ RunTime:0.000432s ]
INFO: [ app_end ] --START--
INFO: Run Behavior\ShowPageTraceBehavior [ RunTime:0.000736s ]
INFO: [ app_end ] --END-- [ RunTime:0.000828s ]

[ 2017-03-21T19:19:47+08:00 ] 127.0.0.1 /Home/Newlist/index/p/4.html
INFO: [ app_init ] --START--
INFO: Run Behavior\BuildLiteBehavior [ RunTime:0.000032s ]
INFO: [ app_init ] --END-- [ RunTime:0.000661s ]
INFO: [ app_begin ] --START--
INFO: Run Behavior\ReadHtmlCacheBehavior [ RunTime:0.000719s ]
INFO: [ app_begin ] --END-- [ RunTime:0.000813s ]
SQL: SHOW COLUMNS FROM `bl_article` [ RunTime:0.0043s ]
SQL: SELECT COUNT(*) AS tp_count FROM `bl_article` WHERE ( status = 1 ) LIMIT 1   [ RunTime:0.0004s ]
SQL: SELECT * FROM `bl_article` INNER JOIN bl_author on bl_article.auid=bl_author.tid INNER JOIN bl_category on bl_article.cid=bl_category.gid  WHERE ( bl_article.status = 1 ) ORDER BY wtime desc LIMIT 24,8   [ RunTime:0.0051s ]
INFO: [ view_parse ] --START--
INFO: [ template_filter ] --START--
INFO: Run Behavior\ContentReplaceBehavior [ RunTime:0.000136s ]
INFO: [ template_filter ] --END-- [ RunTime:0.000263s ]
NOTIC: [2] date() expects parameter 2 to be long, array given E:\www\blog\App\Runtime\Cache\Home\9d7f23d7c38eb9b230f93faa71fd6795.php 第 34 行.
NOTIC: [2] date() expects parameter 2 to be long, array given E:\www\blog\App\Runtime\Cache\Home\9d7f23d7c38eb9b230f93faa71fd6795.php 第 34 行.
NOTIC: [2] date() expects parameter 2 to be long, array given E:\www\blog\App\Runtime\Cache\Home\9d7f23d7c38eb9b230f93faa71fd6795.php 第 34 行.
NOTIC: [2] date() expects parameter 2 to be long, array given E:\www\blog\App\Runtime\Cache\Home\9d7f23d7c38eb9b230f93faa71fd6795.php 第 34 行.
NOTIC: [2] date() expects parameter 2 to be long, array given E:\www\blog\App\Runtime\Cache\Home\9d7f23d7c38eb9b230f93faa71fd6795.php 第 34 行.
NOTIC: [2] date() expects parameter 2 to be long, array given E:\www\blog\App\Runtime\Cache\Home\9d7f23d7c38eb9b230f93faa71fd6795.php 第 34 行.
NOTIC: [2] date() expects parameter 2 to be long, array given E:\www\blog\App\Runtime\Cache\Home\9d7f23d7c38eb9b230f93faa71fd6795.php 第 34 行.
NOTIC: [2] date() expects parameter 2 to be long, array given E:\www\blog\App\Runtime\Cache\Home\9d7f23d7c38eb9b230f93faa71fd6795.php 第 34 行.
INFO: Run Behavior\ParseTemplateBehavior [ RunTime:0.012634s ]
INFO: [ view_parse ] --END-- [ RunTime:0.012715s ]
INFO: [ view_filter ] --START--
INFO: Run Behavior\WriteHtmlCacheBehavior [ RunTime:0.000460s ]
INFO: [ view_filter ] --END-- [ RunTime:0.000550s ]
INFO: [ app_end ] --START--
INFO: Run Behavior\ShowPageTraceBehavior [ RunTime:0.000787s ]
INFO: [ app_end ] --END-- [ RunTime:0.000881s ]

[ 2017-03-21T19:19:50+08:00 ] 127.0.0.1 /Home/Newlist/index/p/5.html
INFO: [ app_init ] --START--
INFO: Run Behavior\BuildLiteBehavior [ RunTime:0.000025s ]
INFO: [ app_init ] --END-- [ RunTime:0.000553s ]
INFO: [ app_begin ] --START--
INFO: Run Behavior\ReadHtmlCacheBehavior [ RunTime:0.000703s ]
INFO: [ app_begin ] --END-- [ RunTime:0.000817s ]
SQL: SHOW COLUMNS FROM `bl_article` [ RunTime:0.0040s ]
SQL: SELECT COUNT(*) AS tp_count FROM `bl_article` WHERE ( status = 1 ) LIMIT 1   [ RunTime:0.0004s ]
SQL: SELECT * FROM `bl_article` INNER JOIN bl_author on bl_article.auid=bl_author.tid INNER JOIN bl_category on bl_article.cid=bl_category.gid  WHERE ( bl_article.status = 1 ) ORDER BY wtime desc LIMIT 32,8   [ RunTime:0.0048s ]
INFO: [ view_parse ] --START--
INFO: [ template_filter ] --START--
INFO: Run Behavior\ContentReplaceBehavior [ RunTime:0.000132s ]
INFO: [ template_filter ] --END-- [ RunTime:0.000257s ]
NOTIC: [2] date() expects parameter 2 to be long, array given E:\www\blog\App\Runtime\Cache\Home\9d7f23d7c38eb9b230f93faa71fd6795.php 第 34 行.
NOTIC: [2] date() expects parameter 2 to be long, array given E:\www\blog\App\Runtime\Cache\Home\9d7f23d7c38eb9b230f93faa71fd6795.php 第 34 行.
NOTIC: [2] date() expects parameter 2 to be long, array given E:\www\blog\App\Runtime\Cache\Home\9d7f23d7c38eb9b230f93faa71fd6795.php 第 34 行.
NOTIC: [2] date() expects parameter 2 to be long, array given E:\www\blog\App\Runtime\Cache\Home\9d7f23d7c38eb9b230f93faa71fd6795.php 第 34 行.
NOTIC: [2] date() expects parameter 2 to be long, array given E:\www\blog\App\Runtime\Cache\Home\9d7f23d7c38eb9b230f93faa71fd6795.php 第 34 行.
NOTIC: [2] date() expects parameter 2 to be long, array given E:\www\blog\App\Runtime\Cache\Home\9d7f23d7c38eb9b230f93faa71fd6795.php 第 34 行.
NOTIC: [2] date() expects parameter 2 to be long, array given E:\www\blog\App\Runtime\Cache\Home\9d7f23d7c38eb9b230f93faa71fd6795.php 第 34 行.
NOTIC: [2] date() expects parameter 2 to be long, array given E:\www\blog\App\Runtime\Cache\Home\9d7f23d7c38eb9b230f93faa71fd6795.php 第 34 行.
INFO: Run Behavior\ParseTemplateBehavior [ RunTime:0.011807s ]
INFO: [ view_parse ] --END-- [ RunTime:0.011887s ]
INFO: [ view_filter ] --START--
INFO: Run Behavior\WriteHtmlCacheBehavior [ RunTime:0.000308s ]
INFO: [ view_filter ] --END-- [ RunTime:0.000374s ]
INFO: [ app_end ] --START--
INFO: Run Behavior\ShowPageTraceBehavior [ RunTime:0.000528s ]
INFO: [ app_end ] --END-- [ RunTime:0.000599s ]

[ 2017-03-21T19:19:52+08:00 ] 127.0.0.1 /Home/Newlist/index/p/6.html
INFO: [ app_init ] --START--
INFO: Run Behavior\BuildLiteBehavior [ RunTime:0.000023s ]
INFO: [ app_init ] --END-- [ RunTime:0.000559s ]
INFO: [ app_begin ] --START--
INFO: Run Behavior\ReadHtmlCacheBehavior [ RunTime:0.000632s ]
INFO: [ app_begin ] --END-- [ RunTime:0.000734s ]
SQL: SHOW COLUMNS FROM `bl_article` [ RunTime:0.0039s ]
SQL: SELECT COUNT(*) AS tp_count FROM `bl_article` WHERE ( status = 1 ) LIMIT 1   [ RunTime:0.0004s ]
SQL: SELECT * FROM `bl_article` INNER JOIN bl_author on bl_article.auid=bl_author.tid INNER JOIN bl_category on bl_article.cid=bl_category.gid  WHERE ( bl_article.status = 1 ) ORDER BY wtime desc LIMIT 40,8   [ RunTime:0.0054s ]
INFO: [ view_parse ] --START--
INFO: [ template_filter ] --START--
INFO: Run Behavior\ContentReplaceBehavior [ RunTime:0.000131s ]
INFO: [ template_filter ] --END-- [ RunTime:0.000257s ]
NOTIC: [2] date() expects parameter 2 to be long, array given E:\www\blog\App\Runtime\Cache\Home\9d7f23d7c38eb9b230f93faa71fd6795.php 第 34 行.
NOTIC: [2] date() expects parameter 2 to be long, array given E:\www\blog\App\Runtime\Cache\Home\9d7f23d7c38eb9b230f93faa71fd6795.php 第 34 行.
NOTIC: [2] date() expects parameter 2 to be long, array given E:\www\blog\App\Runtime\Cache\Home\9d7f23d7c38eb9b230f93faa71fd6795.php 第 34 行.
NOTIC: [2] date() expects parameter 2 to be long, array given E:\www\blog\App\Runtime\Cache\Home\9d7f23d7c38eb9b230f93faa71fd6795.php 第 34 行.
NOTIC: [2] date() expects parameter 2 to be long, array given E:\www\blog\App\Runtime\Cache\Home\9d7f23d7c38eb9b230f93faa71fd6795.php 第 34 行.
INFO: Run Behavior\ParseTemplateBehavior [ RunTime:0.011729s ]
INFO: [ view_parse ] --END-- [ RunTime:0.011812s ]
INFO: [ view_filter ] --START--
INFO: Run Behavior\WriteHtmlCacheBehavior [ RunTime:0.000381s ]
INFO: [ view_filter ] --END-- [ RunTime:0.000469s ]
INFO: [ app_end ] --START--
INFO: Run Behavior\ShowPageTraceBehavior [ RunTime:0.000706s ]
INFO: [ app_end ] --END-- [ RunTime:0.000794s ]

[ 2017-03-21T19:20:02+08:00 ] 127.0.0.1 /Home/New/index.html
INFO: [ app_init ] --START--
INFO: Run Behavior\BuildLiteBehavior [ RunTime:0.000025s ]
INFO: [ app_init ] --END-- [ RunTime:0.000581s ]
INFO: [ app_begin ] --START--
INFO: Run Behavior\ReadHtmlCacheBehavior [ RunTime:0.000625s ]
INFO: [ app_begin ] --END-- [ RunTime:0.000720s ]
SQL: SHOW COLUMNS FROM `bl_article` [ RunTime:0.0053s ]
SQL: SELECT `aid` FROM `bl_article` ORDER BY wtime desc LIMIT 1   [ RunTime:0.0005s ]
SQL: SELECT `aid`,`title` FROM `bl_article` WHERE ( aid < 50 ) ORDER BY aid desc LIMIT 1   [ RunTime:0.0006s ]
SQL: SELECT * FROM `bl_article` INNER JOIN bl_author on bl_article.auid=bl_author.tid  WHERE ( aid=50 )  [ RunTime:0.0005s ]
SQL: SELECT `aid`,`title` FROM `bl_article` WHERE ( aid > 50 ) ORDER BY aid asc LIMIT 1   [ RunTime:0.0003s ]
SQL: SELECT `aid`,`title` FROM `bl_article` WHERE ( cid = (SELECT `cid` FROM `bl_article` WHERE ( aid = 50 ) ) ) ORDER BY wtime desc LIMIT 5   [ RunTime:0.0010s ]
INFO: [ view_parse ] --START--
INFO: [ template_filter ] --START--
INFO: Run Behavior\ContentReplaceBehavior [ RunTime:0.000141s ]
INFO: [ template_filter ] --END-- [ RunTime:0.000273s ]
INFO: Run Behavior\ParseTemplateBehavior [ RunTime:0.013029s ]
INFO: [ view_parse ] --END-- [ RunTime:0.013129s ]
INFO: [ view_filter ] --START--
INFO: Run Behavior\WriteHtmlCacheBehavior [ RunTime:0.000452s ]
INFO: [ view_filter ] --END-- [ RunTime:0.000525s ]
INFO: [ app_end ] --START--
INFO: Run Behavior\ShowPageTraceBehavior [ RunTime:0.000594s ]
INFO: [ app_end ] --END-- [ RunTime:0.000671s ]

[ 2017-03-21T19:20:18+08:00 ] 127.0.0.1 /Home/Share/index.html
INFO: [ app_init ] --START--
INFO: Run Behavior\BuildLiteBehavior [ RunTime:0.000028s ]
INFO: [ app_init ] --END-- [ RunTime:0.000558s ]
INFO: [ app_begin ] --START--
INFO: Run Behavior\ReadHtmlCacheBehavior [ RunTime:0.000732s ]
INFO: [ app_begin ] --END-- [ RunTime:0.000834s ]
INFO: [ view_parse ] --START--
INFO: [ template_filter ] --START--
INFO: Run Behavior\ContentReplaceBehavior [ RunTime:0.000164s ]
INFO: [ template_filter ] --END-- [ RunTime:0.000295s ]
INFO: Run Behavior\ParseTemplateBehavior [ RunTime:0.010438s ]
INFO: [ view_parse ] --END-- [ RunTime:0.010599s ]
INFO: [ view_filter ] --START--
INFO: Run Behavior\WriteHtmlCacheBehavior [ RunTime:0.000655s ]
INFO: [ view_filter ] --END-- [ RunTime:0.000763s ]
INFO: [ app_end ] --START--
INFO: Run Behavior\ShowPageTraceBehavior [ RunTime:0.000674s ]
INFO: [ app_end ] --END-- [ RunTime:0.000757s ]

[ 2017-03-21T19:20:19+08:00 ] 127.0.0.1 /Home/New/index.html
INFO: [ app_init ] --START--
INFO: Run Behavior\BuildLiteBehavior [ RunTime:0.000029s ]
INFO: [ app_init ] --END-- [ RunTime:0.000803s ]
INFO: [ app_begin ] --START--
INFO: Run Behavior\ReadHtmlCacheBehavior [ RunTime:0.000699s ]
INFO: [ app_begin ] --END-- [ RunTime:0.000791s ]
SQL: SHOW COLUMNS FROM `bl_article` [ RunTime:0.0046s ]
SQL: SELECT `aid` FROM `bl_article` ORDER BY wtime desc LIMIT 1   [ RunTime:0.0004s ]
SQL: SELECT `aid`,`title` FROM `bl_article` WHERE ( aid < 50 ) ORDER BY aid desc LIMIT 1   [ RunTime:0.0004s ]
SQL: SELECT * FROM `bl_article` INNER JOIN bl_author on bl_article.auid=bl_author.tid  WHERE ( aid=50 )  [ RunTime:0.0005s ]
SQL: SELECT `aid`,`title` FROM `bl_article` WHERE ( aid > 50 ) ORDER BY aid asc LIMIT 1   [ RunTime:0.0004s ]
SQL: SELECT `aid`,`title` FROM `bl_article` WHERE ( cid = (SELECT `cid` FROM `bl_article` WHERE ( aid = 50 ) ) ) ORDER BY wtime desc LIMIT 5   [ RunTime:0.0005s ]
INFO: [ view_parse ] --START--
INFO: [ template_filter ] --START--
INFO: Run Behavior\ContentReplaceBehavior [ RunTime:0.000164s ]
INFO: [ template_filter ] --END-- [ RunTime:0.000318s ]
INFO: Run Behavior\ParseTemplateBehavior [ RunTime:0.013191s ]
INFO: [ view_parse ] --END-- [ RunTime:0.013321s ]
INFO: [ view_filter ] --START--
INFO: Run Behavior\WriteHtmlCacheBehavior [ RunTime:0.000458s ]
INFO: [ view_filter ] --END-- [ RunTime:0.000536s ]
INFO: [ app_end ] --START--
INFO: Run Behavior\ShowPageTraceBehavior [ RunTime:0.000698s ]
INFO: [ app_end ] --END-- [ RunTime:0.000793s ]

[ 2017-03-21T19:20:21+08:00 ] 127.0.0.1 /Home/About/index.html
INFO: [ app_init ] --START--
INFO: Run Behavior\BuildLiteBehavior [ RunTime:0.000032s ]
INFO: [ app_init ] --END-- [ RunTime:0.000649s ]
INFO: [ app_begin ] --START--
INFO: Run Behavior\ReadHtmlCacheBehavior [ RunTime:0.000858s ]
INFO: [ app_begin ] --END-- [ RunTime:0.000993s ]
INFO: [ view_parse ] --START--
INFO: [ template_filter ] --START--
INFO: Run Behavior\ContentReplaceBehavior [ RunTime:0.000152s ]
INFO: [ template_filter ] --END-- [ RunTime:0.000304s ]
INFO: Run Behavior\ParseTemplateBehavior [ RunTime:0.010787s ]
INFO: [ view_parse ] --END-- [ RunTime:0.010894s ]
INFO: [ view_filter ] --START--
INFO: Run Behavior\WriteHtmlCacheBehavior [ RunTime:0.000326s ]
INFO: [ view_filter ] --END-- [ RunTime:0.000402s ]
INFO: [ app_end ] --START--
INFO: Run Behavior\ShowPageTraceBehavior [ RunTime:0.000593s ]
INFO: [ app_end ] --END-- [ RunTime:0.000676s ]

[ 2017-03-21T19:20:22+08:00 ] 127.0.0.1 /Home/Newlist/index.html
INFO: [ app_init ] --START--
INFO: Run Behavior\BuildLiteBehavior [ RunTime:0.000026s ]
INFO: [ app_init ] --END-- [ RunTime:0.000587s ]
INFO: [ app_begin ] --START--
INFO: Run Behavior\ReadHtmlCacheBehavior [ RunTime:0.000631s ]
INFO: [ app_begin ] --END-- [ RunTime:0.000718s ]
SQL: SHOW COLUMNS FROM `bl_article` [ RunTime:0.0039s ]
SQL: SELECT COUNT(*) AS tp_count FROM `bl_article` WHERE ( status = 1 ) LIMIT 1   [ RunTime:0.0004s ]
SQL: SELECT * FROM `bl_article` INNER JOIN bl_author on bl_article.auid=bl_author.tid INNER JOIN bl_category on bl_article.cid=bl_category.gid  WHERE ( bl_article.status = 1 ) ORDER BY wtime desc LIMIT 0,8   [ RunTime:0.0067s ]
INFO: [ view_parse ] --START--
INFO: [ template_filter ] --START--
INFO: Run Behavior\ContentReplaceBehavior [ RunTime:0.000131s ]
INFO: [ template_filter ] --END-- [ RunTime:0.000257s ]
NOTIC: [2] date() expects parameter 2 to be long, array given E:\www\blog\App\Runtime\Cache\Home\9d7f23d7c38eb9b230f93faa71fd6795.php 第 34 行.
NOTIC: [2] date() expects parameter 2 to be long, array given E:\www\blog\App\Runtime\Cache\Home\9d7f23d7c38eb9b230f93faa71fd6795.php 第 34 行.
NOTIC: [2] date() expects parameter 2 to be long, array given E:\www\blog\App\Runtime\Cache\Home\9d7f23d7c38eb9b230f93faa71fd6795.php 第 34 行.
NOTIC: [2] date() expects parameter 2 to be long, array given E:\www\blog\App\Runtime\Cache\Home\9d7f23d7c38eb9b230f93faa71fd6795.php 第 34 行.
NOTIC: [2] date() expects parameter 2 to be long, array given E:\www\blog\App\Runtime\Cache\Home\9d7f23d7c38eb9b230f93faa71fd6795.php 第 34 行.
NOTIC: [2] date() expects parameter 2 to be long, array given E:\www\blog\App\Runtime\Cache\Home\9d7f23d7c38eb9b230f93faa71fd6795.php 第 34 行.
NOTIC: [2] date() expects parameter 2 to be long, array given E:\www\blog\App\Runtime\Cache\Home\9d7f23d7c38eb9b230f93faa71fd6795.php 第 34 行.
NOTIC: [2] date() expects parameter 2 to be long, array given E:\www\blog\App\Runtime\Cache\Home\9d7f23d7c38eb9b230f93faa71fd6795.php 第 34 行.
INFO: Run Behavior\ParseTemplateBehavior [ RunTime:0.013888s ]
INFO: [ view_parse ] --END-- [ RunTime:0.013996s ]
INFO: [ view_filter ] --START--
INFO: Run Behavior\WriteHtmlCacheBehavior [ RunTime:0.000607s ]
INFO: [ view_filter ] --END-- [ RunTime:0.000686s ]
INFO: [ app_end ] --START--
INFO: Run Behavior\ShowPageTraceBehavior [ RunTime:0.000685s ]
INFO: [ app_end ] --END-- [ RunTime:0.000770s ]

