[ 2017-05-02T21:40:21+08:00 ] 127.0.0.1 /
INFO: [ app_init ] --START--
INFO: Run Behavior\BuildLiteBehavior [ RunTime:0.000000s ]
INFO: [ app_init ] --END-- [ RunTime:0.064004s ]
INFO: [ app_begin ] --START--
INFO: Run Behavior\ReadHtmlCacheBehavior [ RunTime:0.018001s ]
INFO: [ app_begin ] --END-- [ RunTime:0.020001s ]
SQL: SHOW COLUMNS FROM `bl_article` [ RunTime:0.1180s ]
SQL: SELECT * FROM `bl_article` INNER JOIN bl_author on bl_article.auid = bl_author.tid INNER JOIN bl_category on bl_article.cid = bl_category.gid  ORDER BY bl_article.aid desc LIMIT 0,5   [ RunTime:0.1700s ]
SQL: SELECT `title` FROM `bl_article` WHERE `hot` = 1 ORDER BY aid desc LIMIT 20   [ RunTime:0.0110s ]
INFO: [ view_parse ] --START--
INFO: [ template_filter ] --START--
INFO: Run Behavior\ContentReplaceBehavior [ RunTime:0.000000s ]
INFO: [ template_filter ] --END-- [ RunTime:0.001000s ]
INFO: Run Behavior\ParseTemplateBehavior [ RunTime:0.235013s ]
INFO: [ view_parse ] --END-- [ RunTime:0.235013s ]
INFO: [ view_filter ] --START--
INFO: Run Behavior\WriteHtmlCacheBehavior [ RunTime:0.049003s ]
INFO: [ view_filter ] --END-- [ RunTime:0.049003s ]
INFO: [ app_end ] --START--
INFO: Run Behavior\ShowPageTraceBehavior [ RunTime:0.024002s ]
INFO: [ app_end ] --END-- [ RunTime:0.026002s ]

[ 2017-05-02T21:40:26+08:00 ] 127.0.0.1 /Home/New/index/id/50.html
INFO: [ app_init ] --START--
INFO: Run Behavior\BuildLiteBehavior [ RunTime:0.000000s ]
INFO: [ app_init ] --END-- [ RunTime:0.002000s ]
INFO: [ app_begin ] --START--
INFO: Run Behavior\ReadHtmlCacheBehavior [ RunTime:0.001000s ]
INFO: [ app_begin ] --END-- [ RunTime:0.002000s ]
SQL: SHOW COLUMNS FROM `bl_article` [ RunTime:0.0060s ]
SQL: SELECT `aid` FROM `bl_article` ORDER BY wtime desc LIMIT 1   [ RunTime:0.0010s ]
SQL: SELECT `aid`,`title` FROM `bl_article` WHERE ( aid < 50 ) ORDER BY aid desc LIMIT 1   [ RunTime:0.0010s ]
SQL: SELECT * FROM `bl_article` INNER JOIN bl_author on bl_article.auid=bl_author.tid  WHERE ( aid=50 )  [ RunTime:0.0010s ]
SQL: SELECT `aid`,`title` FROM `bl_article` WHERE ( aid > 50 ) ORDER BY aid asc LIMIT 1   [ RunTime:0.0010s ]
SQL: SELECT `aid`,`title` FROM `bl_article` WHERE ( cid = (SELECT `cid` FROM `bl_article` WHERE ( aid = 50 ) ) ) ORDER BY wtime desc LIMIT 5   [ RunTime:0.0020s ]
INFO: [ view_parse ] --START--
INFO: [ template_filter ] --START--
INFO: Run Behavior\ContentReplaceBehavior [ RunTime:0.001000s ]
INFO: [ template_filter ] --END-- [ RunTime:0.001000s ]
INFO: Run Behavior\ParseTemplateBehavior [ RunTime:0.084005s ]
INFO: [ view_parse ] --END-- [ RunTime:0.084005s ]
INFO: [ view_filter ] --START--
INFO: Run Behavior\WriteHtmlCacheBehavior [ RunTime:0.001000s ]
INFO: [ view_filter ] --END-- [ RunTime:0.001000s ]
INFO: [ app_end ] --START--
INFO: Run Behavior\ShowPageTraceBehavior [ RunTime:0.000000s ]
INFO: [ app_end ] --END-- [ RunTime:0.001000s ]

