[ 2017-03-26T09:52:44+08:00 ] 127.0.0.1 /
INFO: [ app_init ] --START--
INFO: Run Behavior\BuildLiteBehavior [ RunTime:0.000042s ]
INFO: [ app_init ] --END-- [ RunTime:0.000950s ]
INFO: [ app_begin ] --START--
INFO: Run Behavior\ReadHtmlCacheBehavior [ RunTime:0.001156s ]
INFO: [ app_begin ] --END-- [ RunTime:0.001323s ]
SQL: SHOW COLUMNS FROM `bl_article` [ RunTime:0.0422s ]
SQL: SELECT * FROM `bl_article` INNER JOIN bl_author on bl_article.auid = bl_author.tid INNER JOIN bl_category on bl_article.cid = bl_category.gid  ORDER BY bl_article.aid desc LIMIT 0,5   [ RunTime:0.0395s ]
SQL: SELECT `title` FROM `bl_article` WHERE `hot` = 1 ORDER BY aid desc LIMIT 20   [ RunTime:0.0011s ]
INFO: [ view_parse ] --START--
INFO: [ template_filter ] --START--
INFO: Run Behavior\ContentReplaceBehavior [ RunTime:0.000101s ]
INFO: [ template_filter ] --END-- [ RunTime:0.000201s ]
INFO: Run Behavior\ParseTemplateBehavior [ RunTime:0.023762s ]
INFO: [ view_parse ] --END-- [ RunTime:0.023927s ]
INFO: [ view_filter ] --START--
INFO: Run Behavior\WriteHtmlCacheBehavior [ RunTime:0.000648s ]
INFO: [ view_filter ] --END-- [ RunTime:0.000722s ]
INFO: [ app_end ] --START--
INFO: Run Behavior\ShowPageTraceBehavior [ RunTime:0.000874s ]
INFO: [ app_end ] --END-- [ RunTime:0.000957s ]

[ 2017-03-26T09:53:40+08:00 ] 127.0.0.1 /Home/New/index.html
INFO: [ app_init ] --START--
INFO: Run Behavior\BuildLiteBehavior [ RunTime:0.000028s ]
INFO: [ app_init ] --END-- [ RunTime:0.000734s ]
INFO: [ app_begin ] --START--
INFO: Run Behavior\ReadHtmlCacheBehavior [ RunTime:0.000986s ]
INFO: [ app_begin ] --END-- [ RunTime:0.001238s ]
SQL: SHOW COLUMNS FROM `bl_article` [ RunTime:0.0041s ]
SQL: SELECT `aid` FROM `bl_article` ORDER BY wtime desc LIMIT 1   [ RunTime:0.0005s ]
SQL: SELECT `aid`,`title` FROM `bl_article` WHERE ( aid < 50 ) ORDER BY aid desc LIMIT 1   [ RunTime:0.0004s ]
SQL: SELECT * FROM `bl_article` INNER JOIN bl_author on bl_article.auid=bl_author.tid  WHERE ( aid=50 )  [ RunTime:0.0007s ]
SQL: SELECT `aid`,`title` FROM `bl_article` WHERE ( aid > 50 ) ORDER BY aid asc LIMIT 1   [ RunTime:0.0004s ]
SQL: SELECT `aid`,`title` FROM `bl_article` WHERE ( cid = (SELECT `cid` FROM `bl_article` WHERE ( aid = 50 ) ) ) ORDER BY wtime desc LIMIT 5   [ RunTime:0.0010s ]
INFO: [ view_parse ] --START--
INFO: [ template_filter ] --START--
INFO: Run Behavior\ContentReplaceBehavior [ RunTime:0.000142s ]
INFO: [ template_filter ] --END-- [ RunTime:0.000269s ]
INFO: Run Behavior\ParseTemplateBehavior [ RunTime:0.013062s ]
INFO: [ view_parse ] --END-- [ RunTime:0.013223s ]
INFO: [ view_filter ] --START--
INFO: Run Behavior\WriteHtmlCacheBehavior [ RunTime:0.000595s ]
INFO: [ view_filter ] --END-- [ RunTime:0.000758s ]
INFO: [ app_end ] --START--
INFO: Run Behavior\ShowPageTraceBehavior [ RunTime:0.000750s ]
INFO: [ app_end ] --END-- [ RunTime:0.000849s ]

[ 2017-03-26T09:58:47+08:00 ] 127.0.0.1 /Home/New/index/id/49.html
INFO: [ app_init ] --START--
INFO: Run Behavior\BuildLiteBehavior [ RunTime:0.000021s ]
INFO: [ app_init ] --END-- [ RunTime:0.000557s ]
INFO: [ app_begin ] --START--
INFO: Run Behavior\ReadHtmlCacheBehavior [ RunTime:0.000672s ]
INFO: [ app_begin ] --END-- [ RunTime:0.000754s ]
SQL: SHOW COLUMNS FROM `bl_article` [ RunTime:0.0036s ]
SQL: SELECT `aid` FROM `bl_article` ORDER BY wtime desc LIMIT 1   [ RunTime:0.0004s ]
SQL: SELECT `aid`,`title` FROM `bl_article` WHERE ( aid < 49 ) ORDER BY aid desc LIMIT 1   [ RunTime:0.0003s ]
SQL: SELECT * FROM `bl_article` INNER JOIN bl_author on bl_article.auid=bl_author.tid  WHERE ( aid=49 )  [ RunTime:0.0004s ]
SQL: SELECT `aid`,`title` FROM `bl_article` WHERE ( aid > 49 ) ORDER BY aid asc LIMIT 1   [ RunTime:0.0003s ]
SQL: SELECT `aid`,`title` FROM `bl_article` WHERE ( cid = (SELECT `cid` FROM `bl_article` WHERE ( aid = 49 ) ) ) ORDER BY wtime desc LIMIT 5   [ RunTime:0.0004s ]
INFO: [ view_parse ] --START--
INFO: [ template_filter ] --START--
INFO: Run Behavior\ContentReplaceBehavior [ RunTime:0.000140s ]
INFO: [ template_filter ] --END-- [ RunTime:0.000266s ]
INFO: Run Behavior\ParseTemplateBehavior [ RunTime:0.012093s ]
INFO: [ view_parse ] --END-- [ RunTime:0.012202s ]
INFO: [ view_filter ] --START--
INFO: Run Behavior\WriteHtmlCacheBehavior [ RunTime:0.000647s ]
INFO: [ view_filter ] --END-- [ RunTime:0.000731s ]
INFO: [ app_end ] --START--
INFO: Run Behavior\ShowPageTraceBehavior [ RunTime:0.000834s ]
INFO: [ app_end ] --END-- [ RunTime:0.000908s ]

[ 2017-03-26T10:00:22+08:00 ] 127.0.0.1 /Home/New/index/id/1/
INFO: [ app_init ] --START--
INFO: Run Behavior\BuildLiteBehavior [ RunTime:0.000025s ]
INFO: [ app_init ] --END-- [ RunTime:0.000658s ]
INFO: [ app_begin ] --START--
INFO: Run Behavior\ReadHtmlCacheBehavior [ RunTime:0.000754s ]
INFO: [ app_begin ] --END-- [ RunTime:0.000847s ]
SQL: SHOW COLUMNS FROM `bl_article` [ RunTime:0.0034s ]
SQL: SELECT `aid` FROM `bl_article` ORDER BY wtime desc LIMIT 1   [ RunTime:0.0004s ]
SQL: SELECT `aid`,`title` FROM `bl_article` WHERE ( aid < 1 ) ORDER BY aid desc LIMIT 1   [ RunTime:0.0003s ]
SQL: SELECT * FROM `bl_article` INNER JOIN bl_author on bl_article.auid=bl_author.tid  WHERE ( aid=1 )  [ RunTime:0.0004s ]
SQL: SELECT `aid`,`title` FROM `bl_article` WHERE ( aid > 1 ) ORDER BY aid asc LIMIT 1   [ RunTime:0.0003s ]
SQL: SELECT `aid`,`title` FROM `bl_article` WHERE ( cid = (SELECT `cid` FROM `bl_article` WHERE ( aid = 1 ) ) ) ORDER BY wtime desc LIMIT 5   [ RunTime:0.0004s ]
INFO: [ view_parse ] --START--
INFO: [ template_filter ] --START--
INFO: Run Behavior\ContentReplaceBehavior [ RunTime:0.000145s ]
INFO: [ template_filter ] --END-- [ RunTime:0.000300s ]
INFO: Run Behavior\ParseTemplateBehavior [ RunTime:0.012665s ]
INFO: [ view_parse ] --END-- [ RunTime:0.012767s ]
INFO: [ view_filter ] --START--
INFO: Run Behavior\WriteHtmlCacheBehavior [ RunTime:0.000538s ]
INFO: [ view_filter ] --END-- [ RunTime:0.000633s ]
INFO: [ app_end ] --START--
INFO: Run Behavior\ShowPageTraceBehavior [ RunTime:0.000980s ]
INFO: [ app_end ] --END-- [ RunTime:0.001086s ]

[ 2017-03-26T10:00:31+08:00 ] 127.0.0.1 /Home/New/index/id/1/1/
INFO: [ app_init ] --START--
INFO: Run Behavior\BuildLiteBehavior [ RunTime:0.000025s ]
INFO: [ app_init ] --END-- [ RunTime:0.000593s ]
INFO: [ app_begin ] --START--
INFO: Run Behavior\ReadHtmlCacheBehavior [ RunTime:0.000671s ]
INFO: [ app_begin ] --END-- [ RunTime:0.000752s ]
SQL: SHOW COLUMNS FROM `bl_article` [ RunTime:0.0036s ]
SQL: SELECT `aid` FROM `bl_article` ORDER BY wtime desc LIMIT 1   [ RunTime:0.0005s ]
SQL: SELECT `aid`,`title` FROM `bl_article` WHERE ( aid < 1 ) ORDER BY aid desc LIMIT 1   [ RunTime:0.0004s ]
SQL: SELECT * FROM `bl_article` INNER JOIN bl_author on bl_article.auid=bl_author.tid  WHERE ( aid=1 )  [ RunTime:0.0005s ]
SQL: SELECT `aid`,`title` FROM `bl_article` WHERE ( aid > 1 ) ORDER BY aid asc LIMIT 1   [ RunTime:0.0004s ]
SQL: SELECT `aid`,`title` FROM `bl_article` WHERE ( cid = (SELECT `cid` FROM `bl_article` WHERE ( aid = 1 ) ) ) ORDER BY wtime desc LIMIT 5   [ RunTime:0.0006s ]
INFO: [ view_parse ] --START--
INFO: [ template_filter ] --START--
INFO: Run Behavior\ContentReplaceBehavior [ RunTime:0.000140s ]
INFO: [ template_filter ] --END-- [ RunTime:0.000269s ]
INFO: Run Behavior\ParseTemplateBehavior [ RunTime:0.013480s ]
INFO: [ view_parse ] --END-- [ RunTime:0.013592s ]
INFO: [ view_filter ] --START--
INFO: Run Behavior\WriteHtmlCacheBehavior [ RunTime:0.000362s ]
INFO: [ view_filter ] --END-- [ RunTime:0.000429s ]
INFO: [ app_end ] --START--
INFO: Run Behavior\ShowPageTraceBehavior [ RunTime:0.000658s ]
INFO: [ app_end ] --END-- [ RunTime:0.000732s ]

[ 2017-03-26T10:00:34+08:00 ] 127.0.0.1 /Home/New/index/id/1/1/1/
INFO: [ app_init ] --START--
INFO: Run Behavior\BuildLiteBehavior [ RunTime:0.000037s ]
INFO: [ app_init ] --END-- [ RunTime:0.000856s ]
INFO: [ app_begin ] --START--
INFO: Run Behavior\ReadHtmlCacheBehavior [ RunTime:0.001017s ]
INFO: [ app_begin ] --END-- [ RunTime:0.001160s ]
SQL: SHOW COLUMNS FROM `bl_article` [ RunTime:0.0037s ]
SQL: SELECT `aid` FROM `bl_article` ORDER BY wtime desc LIMIT 1   [ RunTime:0.0004s ]
SQL: SELECT `aid`,`title` FROM `bl_article` WHERE ( aid < 1 ) ORDER BY aid desc LIMIT 1   [ RunTime:0.0004s ]
SQL: SELECT * FROM `bl_article` INNER JOIN bl_author on bl_article.auid=bl_author.tid  WHERE ( aid=1 )  [ RunTime:0.0005s ]
SQL: SELECT `aid`,`title` FROM `bl_article` WHERE ( aid > 1 ) ORDER BY aid asc LIMIT 1   [ RunTime:0.0004s ]
SQL: SELECT `aid`,`title` FROM `bl_article` WHERE ( cid = (SELECT `cid` FROM `bl_article` WHERE ( aid = 1 ) ) ) ORDER BY wtime desc LIMIT 5   [ RunTime:0.0006s ]
INFO: [ view_parse ] --START--
INFO: [ template_filter ] --START--
INFO: Run Behavior\ContentReplaceBehavior [ RunTime:0.000138s ]
INFO: [ template_filter ] --END-- [ RunTime:0.000262s ]
INFO: Run Behavior\ParseTemplateBehavior [ RunTime:0.011747s ]
INFO: [ view_parse ] --END-- [ RunTime:0.011851s ]
INFO: [ view_filter ] --START--
INFO: Run Behavior\WriteHtmlCacheBehavior [ RunTime:0.000436s ]
INFO: [ view_filter ] --END-- [ RunTime:0.000517s ]
INFO: [ app_end ] --START--
INFO: Run Behavior\ShowPageTraceBehavior [ RunTime:0.000639s ]
INFO: [ app_end ] --END-- [ RunTime:0.000725s ]

[ 2017-03-26T10:00:39+08:00 ] 127.0.0.1 /
INFO: [ app_init ] --START--
INFO: Run Behavior\BuildLiteBehavior [ RunTime:0.000027s ]
INFO: [ app_init ] --END-- [ RunTime:0.001224s ]
INFO: [ app_begin ] --START--
INFO: Run Behavior\ReadHtmlCacheBehavior [ RunTime:0.000586s ]
INFO: [ app_begin ] --END-- [ RunTime:0.000680s ]
SQL: SHOW COLUMNS FROM `bl_article` [ RunTime:0.0030s ]
SQL: SELECT * FROM `bl_article` INNER JOIN bl_author on bl_article.auid = bl_author.tid INNER JOIN bl_category on bl_article.cid = bl_category.gid  ORDER BY bl_article.aid desc LIMIT 0,5   [ RunTime:0.0041s ]
SQL: SELECT `title` FROM `bl_article` WHERE `hot` = 1 ORDER BY aid desc LIMIT 20   [ RunTime:0.0005s ]
INFO: [ view_parse ] --START--
INFO: [ template_filter ] --START--
INFO: Run Behavior\ContentReplaceBehavior [ RunTime:0.000125s ]
INFO: [ template_filter ] --END-- [ RunTime:0.000255s ]
INFO: Run Behavior\ParseTemplateBehavior [ RunTime:0.015667s ]
INFO: [ view_parse ] --END-- [ RunTime:0.015775s ]
INFO: [ view_filter ] --START--
INFO: Run Behavior\WriteHtmlCacheBehavior [ RunTime:0.000466s ]
INFO: [ view_filter ] --END-- [ RunTime:0.000541s ]
INFO: [ app_end ] --START--
INFO: Run Behavior\ShowPageTraceBehavior [ RunTime:0.000649s ]
INFO: [ app_end ] --END-- [ RunTime:0.000724s ]

[ 2017-03-26T10:00:46+08:00 ] 127.0.0.1 /Home/New/index/id/50.html
INFO: [ app_init ] --START--
INFO: Run Behavior\BuildLiteBehavior [ RunTime:0.000030s ]
INFO: [ app_init ] --END-- [ RunTime:0.000821s ]
INFO: [ app_begin ] --START--
INFO: Run Behavior\ReadHtmlCacheBehavior [ RunTime:0.000696s ]
INFO: [ app_begin ] --END-- [ RunTime:0.000788s ]
SQL: SHOW COLUMNS FROM `bl_article` [ RunTime:0.0034s ]
SQL: SELECT `aid` FROM `bl_article` ORDER BY wtime desc LIMIT 1   [ RunTime:0.0004s ]
SQL: SELECT `aid`,`title` FROM `bl_article` WHERE ( aid < 50 ) ORDER BY aid desc LIMIT 1   [ RunTime:0.0003s ]
SQL: SELECT * FROM `bl_article` INNER JOIN bl_author on bl_article.auid=bl_author.tid  WHERE ( aid=50 )  [ RunTime:0.0004s ]
SQL: SELECT `aid`,`title` FROM `bl_article` WHERE ( aid > 50 ) ORDER BY aid asc LIMIT 1   [ RunTime:0.0003s ]
SQL: SELECT `aid`,`title` FROM `bl_article` WHERE ( cid = (SELECT `cid` FROM `bl_article` WHERE ( aid = 50 ) ) ) ORDER BY wtime desc LIMIT 5   [ RunTime:0.0004s ]
INFO: [ view_parse ] --START--
INFO: [ template_filter ] --START--
INFO: Run Behavior\ContentReplaceBehavior [ RunTime:0.000138s ]
INFO: [ template_filter ] --END-- [ RunTime:0.000283s ]
INFO: Run Behavior\ParseTemplateBehavior [ RunTime:0.013124s ]
INFO: [ view_parse ] --END-- [ RunTime:0.013222s ]
INFO: [ view_filter ] --START--
INFO: Run Behavior\WriteHtmlCacheBehavior [ RunTime:0.000441s ]
INFO: [ view_filter ] --END-- [ RunTime:0.000513s ]
INFO: [ app_end ] --START--
INFO: Run Behavior\ShowPageTraceBehavior [ RunTime:0.000623s ]
INFO: [ app_end ] --END-- [ RunTime:0.000730s ]

[ 2017-03-26T10:00:52+08:00 ] 127.0.0.1 /Home/New/index/id/49.html
INFO: [ app_init ] --START--
INFO: Run Behavior\BuildLiteBehavior [ RunTime:0.000033s ]
INFO: [ app_init ] --END-- [ RunTime:0.000533s ]
INFO: [ app_begin ] --START--
INFO: Run Behavior\ReadHtmlCacheBehavior [ RunTime:0.000623s ]
INFO: [ app_begin ] --END-- [ RunTime:0.000706s ]
SQL: SHOW COLUMNS FROM `bl_article` [ RunTime:0.0032s ]
SQL: SELECT `aid` FROM `bl_article` ORDER BY wtime desc LIMIT 1   [ RunTime:0.0004s ]
SQL: SELECT `aid`,`title` FROM `bl_article` WHERE ( aid < 49 ) ORDER BY aid desc LIMIT 1   [ RunTime:0.0004s ]
SQL: SELECT * FROM `bl_article` INNER JOIN bl_author on bl_article.auid=bl_author.tid  WHERE ( aid=49 )  [ RunTime:0.0006s ]
SQL: SELECT `aid`,`title` FROM `bl_article` WHERE ( aid > 49 ) ORDER BY aid asc LIMIT 1   [ RunTime:0.0004s ]
SQL: SELECT `aid`,`title` FROM `bl_article` WHERE ( cid = (SELECT `cid` FROM `bl_article` WHERE ( aid = 49 ) ) ) ORDER BY wtime desc LIMIT 5   [ RunTime:0.0005s ]
INFO: [ view_parse ] --START--
INFO: [ template_filter ] --START--
INFO: Run Behavior\ContentReplaceBehavior [ RunTime:0.000138s ]
INFO: [ template_filter ] --END-- [ RunTime:0.000266s ]
INFO: Run Behavior\ParseTemplateBehavior [ RunTime:0.012633s ]
INFO: [ view_parse ] --END-- [ RunTime:0.012766s ]
INFO: [ view_filter ] --START--
INFO: Run Behavior\WriteHtmlCacheBehavior [ RunTime:0.000498s ]
INFO: [ view_filter ] --END-- [ RunTime:0.000569s ]
INFO: [ app_end ] --START--
INFO: Run Behavior\ShowPageTraceBehavior [ RunTime:0.000680s ]
INFO: [ app_end ] --END-- [ RunTime:0.000769s ]

[ 2017-03-26T10:00:54+08:00 ] 127.0.0.1 /Home/Index/index.html
INFO: [ app_init ] --START--
INFO: Run Behavior\BuildLiteBehavior [ RunTime:0.000045s ]
INFO: [ app_init ] --END-- [ RunTime:0.000995s ]
INFO: [ app_begin ] --START--
INFO: Run Behavior\ReadHtmlCacheBehavior [ RunTime:0.001125s ]
INFO: [ app_begin ] --END-- [ RunTime:0.001275s ]
SQL: SHOW COLUMNS FROM `bl_article` [ RunTime:0.0034s ]
SQL: SELECT * FROM `bl_article` INNER JOIN bl_author on bl_article.auid = bl_author.tid INNER JOIN bl_category on bl_article.cid = bl_category.gid  ORDER BY bl_article.aid desc LIMIT 0,5   [ RunTime:0.0039s ]
SQL: SELECT `title` FROM `bl_article` WHERE `hot` = 1 ORDER BY aid desc LIMIT 20   [ RunTime:0.0005s ]
INFO: [ view_parse ] --START--
INFO: [ template_filter ] --START--
INFO: Run Behavior\ContentReplaceBehavior [ RunTime:0.000129s ]
INFO: [ template_filter ] --END-- [ RunTime:0.000282s ]
INFO: Run Behavior\ParseTemplateBehavior [ RunTime:0.016026s ]
INFO: [ view_parse ] --END-- [ RunTime:0.016160s ]
INFO: [ view_filter ] --START--
INFO: Run Behavior\WriteHtmlCacheBehavior [ RunTime:0.000484s ]
INFO: [ view_filter ] --END-- [ RunTime:0.000563s ]
INFO: [ app_end ] --START--
INFO: Run Behavior\ShowPageTraceBehavior [ RunTime:0.000660s ]
INFO: [ app_end ] --END-- [ RunTime:0.000735s ]

[ 2017-03-26T10:01:02+08:00 ] 127.0.0.1 /Home/New/index/id/50.html
INFO: [ app_init ] --START--
INFO: Run Behavior\BuildLiteBehavior [ RunTime:0.000033s ]
INFO: [ app_init ] --END-- [ RunTime:0.000699s ]
INFO: [ app_begin ] --START--
INFO: Run Behavior\ReadHtmlCacheBehavior [ RunTime:0.001764s ]
INFO: [ app_begin ] --END-- [ RunTime:0.002122s ]
SQL: SHOW COLUMNS FROM `bl_article` [ RunTime:0.0052s ]
SQL: SELECT `aid` FROM `bl_article` ORDER BY wtime desc LIMIT 1   [ RunTime:0.0006s ]
SQL: SELECT `aid`,`title` FROM `bl_article` WHERE ( aid < 50 ) ORDER BY aid desc LIMIT 1   [ RunTime:0.0004s ]
SQL: SELECT * FROM `bl_article` INNER JOIN bl_author on bl_article.auid=bl_author.tid  WHERE ( aid=50 )  [ RunTime:0.0005s ]
SQL: SELECT `aid`,`title` FROM `bl_article` WHERE ( aid > 50 ) ORDER BY aid asc LIMIT 1   [ RunTime:0.0003s ]
SQL: SELECT `aid`,`title` FROM `bl_article` WHERE ( cid = (SELECT `cid` FROM `bl_article` WHERE ( aid = 50 ) ) ) ORDER BY wtime desc LIMIT 5   [ RunTime:0.0004s ]
INFO: [ view_parse ] --START--
INFO: [ template_filter ] --START--
INFO: Run Behavior\ContentReplaceBehavior [ RunTime:0.000192s ]
INFO: [ template_filter ] --END-- [ RunTime:0.000359s ]
INFO: Run Behavior\ParseTemplateBehavior [ RunTime:0.013658s ]
INFO: [ view_parse ] --END-- [ RunTime:0.013770s ]
INFO: [ view_filter ] --START--
INFO: Run Behavior\WriteHtmlCacheBehavior [ RunTime:0.000594s ]
INFO: [ view_filter ] --END-- [ RunTime:0.000691s ]
INFO: [ app_end ] --START--
INFO: Run Behavior\ShowPageTraceBehavior [ RunTime:0.000766s ]
INFO: [ app_end ] --END-- [ RunTime:0.000857s ]

[ 2017-03-26T10:01:04+08:00 ] 127.0.0.1 /Home/Index/index.html
INFO: [ app_init ] --START--
INFO: Run Behavior\BuildLiteBehavior [ RunTime:0.000022s ]
INFO: [ app_init ] --END-- [ RunTime:0.000559s ]
INFO: [ app_begin ] --START--
INFO: Run Behavior\ReadHtmlCacheBehavior [ RunTime:0.000689s ]
INFO: [ app_begin ] --END-- [ RunTime:0.000772s ]
SQL: SHOW COLUMNS FROM `bl_article` [ RunTime:0.0029s ]
SQL: SELECT * FROM `bl_article` INNER JOIN bl_author on bl_article.auid = bl_author.tid INNER JOIN bl_category on bl_article.cid = bl_category.gid  ORDER BY bl_article.aid desc LIMIT 0,5   [ RunTime:0.0044s ]
SQL: SELECT `title` FROM `bl_article` WHERE `hot` = 1 ORDER BY aid desc LIMIT 20   [ RunTime:0.0006s ]
INFO: [ view_parse ] --START--
INFO: [ template_filter ] --START--
INFO: Run Behavior\ContentReplaceBehavior [ RunTime:0.000082s ]
INFO: [ template_filter ] --END-- [ RunTime:0.000166s ]
INFO: Run Behavior\ParseTemplateBehavior [ RunTime:0.014119s ]
INFO: [ view_parse ] --END-- [ RunTime:0.014208s ]
INFO: [ view_filter ] --START--
INFO: Run Behavior\WriteHtmlCacheBehavior [ RunTime:0.000406s ]
INFO: [ view_filter ] --END-- [ RunTime:0.000479s ]
INFO: [ app_end ] --START--
INFO: Run Behavior\ShowPageTraceBehavior [ RunTime:0.000798s ]
INFO: [ app_end ] --END-- [ RunTime:0.000874s ]

[ 2017-03-26T10:01:16+08:00 ] 127.0.0.1 /Home/Newlist/index.html
INFO: [ app_init ] --START--
INFO: Run Behavior\BuildLiteBehavior [ RunTime:0.000023s ]
INFO: [ app_init ] --END-- [ RunTime:0.000560s ]
INFO: [ app_begin ] --START--
INFO: Run Behavior\ReadHtmlCacheBehavior [ RunTime:0.000860s ]
INFO: [ app_begin ] --END-- [ RunTime:0.000970s ]
SQL: SHOW COLUMNS FROM `bl_article` [ RunTime:0.0035s ]
SQL: SELECT COUNT(*) AS tp_count FROM `bl_article` WHERE ( status = 1 ) LIMIT 1   [ RunTime:0.0004s ]
SQL: SELECT * FROM `bl_article` INNER JOIN bl_author on bl_article.auid=bl_author.tid INNER JOIN bl_category on bl_article.cid=bl_category.gid  WHERE ( bl_article.status = 1 ) ORDER BY wtime desc LIMIT 0,8   [ RunTime:0.0044s ]
INFO: [ view_parse ] --START--
INFO: [ template_filter ] --START--
INFO: Run Behavior\ContentReplaceBehavior [ RunTime:0.000105s ]
INFO: [ template_filter ] --END-- [ RunTime:0.000203s ]
INFO: Run Behavior\ParseTemplateBehavior [ RunTime:0.013594s ]
INFO: [ view_parse ] --END-- [ RunTime:0.013720s ]
INFO: [ view_filter ] --START--
INFO: Run Behavior\WriteHtmlCacheBehavior [ RunTime:0.000342s ]
INFO: [ view_filter ] --END-- [ RunTime:0.000423s ]
INFO: [ app_end ] --START--
INFO: Run Behavior\ShowPageTraceBehavior [ RunTime:0.000592s ]
INFO: [ app_end ] --END-- [ RunTime:0.000676s ]

[ 2017-03-26T10:01:20+08:00 ] 127.0.0.1 /
INFO: [ app_init ] --START--
INFO: Run Behavior\BuildLiteBehavior [ RunTime:0.000025s ]
INFO: [ app_init ] --END-- [ RunTime:0.000590s ]
INFO: [ app_begin ] --START--
INFO: Run Behavior\ReadHtmlCacheBehavior [ RunTime:0.000662s ]
INFO: [ app_begin ] --END-- [ RunTime:0.000744s ]
SQL: SHOW COLUMNS FROM `bl_article` [ RunTime:0.0034s ]
SQL: SELECT * FROM `bl_article` INNER JOIN bl_author on bl_article.auid = bl_author.tid INNER JOIN bl_category on bl_article.cid = bl_category.gid  ORDER BY bl_article.aid desc LIMIT 0,5   [ RunTime:0.0042s ]
SQL: SELECT `title` FROM `bl_article` WHERE `hot` = 1 ORDER BY aid desc LIMIT 20   [ RunTime:0.0005s ]
INFO: [ view_parse ] --START--
INFO: [ template_filter ] --START--
INFO: Run Behavior\ContentReplaceBehavior [ RunTime:0.000083s ]
INFO: [ template_filter ] --END-- [ RunTime:0.000165s ]
INFO: Run Behavior\ParseTemplateBehavior [ RunTime:0.015088s ]
INFO: [ view_parse ] --END-- [ RunTime:0.015182s ]
INFO: [ view_filter ] --START--
INFO: Run Behavior\WriteHtmlCacheBehavior [ RunTime:0.000415s ]
INFO: [ view_filter ] --END-- [ RunTime:0.000508s ]
INFO: [ app_end ] --START--
INFO: Run Behavior\ShowPageTraceBehavior [ RunTime:0.000656s ]
INFO: [ app_end ] --END-- [ RunTime:0.000741s ]

[ 2017-03-26T10:01:24+08:00 ] 127.0.0.1 /Home/Newlist/index.html
INFO: [ app_init ] --START--
INFO: Run Behavior\BuildLiteBehavior [ RunTime:0.000039s ]
INFO: [ app_init ] --END-- [ RunTime:0.000899s ]
INFO: [ app_begin ] --START--
INFO: Run Behavior\ReadHtmlCacheBehavior [ RunTime:0.001140s ]
INFO: [ app_begin ] --END-- [ RunTime:0.001296s ]
SQL: SHOW COLUMNS FROM `bl_article` [ RunTime:0.0036s ]
SQL: SELECT COUNT(*) AS tp_count FROM `bl_article` WHERE ( status = 1 ) LIMIT 1   [ RunTime:0.0004s ]
SQL: SELECT * FROM `bl_article` INNER JOIN bl_author on bl_article.auid=bl_author.tid INNER JOIN bl_category on bl_article.cid=bl_category.gid  WHERE ( bl_article.status = 1 ) ORDER BY wtime desc LIMIT 0,8   [ RunTime:0.0039s ]
INFO: [ view_parse ] --START--
INFO: [ template_filter ] --START--
INFO: Run Behavior\ContentReplaceBehavior [ RunTime:0.000093s ]
INFO: [ template_filter ] --END-- [ RunTime:0.000179s ]
INFO: Run Behavior\ParseTemplateBehavior [ RunTime:0.012505s ]
INFO: [ view_parse ] --END-- [ RunTime:0.012618s ]
INFO: [ view_filter ] --START--
INFO: Run Behavior\WriteHtmlCacheBehavior [ RunTime:0.000427s ]
INFO: [ view_filter ] --END-- [ RunTime:0.000501s ]
INFO: [ app_end ] --START--
INFO: Run Behavior\ShowPageTraceBehavior [ RunTime:0.000653s ]
INFO: [ app_end ] --END-- [ RunTime:0.000740s ]

[ 2017-03-26T10:01:26+08:00 ] 127.0.0.1 /Home/Index/index.html
INFO: [ app_init ] --START--
INFO: Run Behavior\BuildLiteBehavior [ RunTime:0.000033s ]
INFO: [ app_init ] --END-- [ RunTime:0.000689s ]
INFO: [ app_begin ] --START--
INFO: Run Behavior\ReadHtmlCacheBehavior [ RunTime:0.000814s ]
INFO: [ app_begin ] --END-- [ RunTime:0.000940s ]
SQL: SHOW COLUMNS FROM `bl_article` [ RunTime:0.0030s ]
SQL: SELECT * FROM `bl_article` INNER JOIN bl_author on bl_article.auid = bl_author.tid INNER JOIN bl_category on bl_article.cid = bl_category.gid  ORDER BY bl_article.aid desc LIMIT 0,5   [ RunTime:0.0054s ]
SQL: SELECT `title` FROM `bl_article` WHERE `hot` = 1 ORDER BY aid desc LIMIT 20   [ RunTime:0.0007s ]
INFO: [ view_parse ] --START--
INFO: [ template_filter ] --START--
INFO: Run Behavior\ContentReplaceBehavior [ RunTime:0.000090s ]
INFO: [ template_filter ] --END-- [ RunTime:0.000182s ]
INFO: Run Behavior\ParseTemplateBehavior [ RunTime:0.017256s ]
INFO: [ view_parse ] --END-- [ RunTime:0.017360s ]
INFO: [ view_filter ] --START--
INFO: Run Behavior\WriteHtmlCacheBehavior [ RunTime:0.000566s ]
INFO: [ view_filter ] --END-- [ RunTime:0.000664s ]
INFO: [ app_end ] --START--
INFO: Run Behavior\ShowPageTraceBehavior [ RunTime:0.000667s ]
INFO: [ app_end ] --END-- [ RunTime:0.000754s ]

[ 2017-03-26T10:01:27+08:00 ] 127.0.0.1 /Home/Newlist/index.html
INFO: [ app_init ] --START--
INFO: Run Behavior\BuildLiteBehavior [ RunTime:0.000028s ]
INFO: [ app_init ] --END-- [ RunTime:0.000537s ]
INFO: [ app_begin ] --START--
INFO: Run Behavior\ReadHtmlCacheBehavior [ RunTime:0.000671s ]
INFO: [ app_begin ] --END-- [ RunTime:0.000773s ]
SQL: SHOW COLUMNS FROM `bl_article` [ RunTime:0.0045s ]
SQL: SELECT COUNT(*) AS tp_count FROM `bl_article` WHERE ( status = 1 ) LIMIT 1   [ RunTime:0.0005s ]
SQL: SELECT * FROM `bl_article` INNER JOIN bl_author on bl_article.auid=bl_author.tid INNER JOIN bl_category on bl_article.cid=bl_category.gid  WHERE ( bl_article.status = 1 ) ORDER BY wtime desc LIMIT 0,8   [ RunTime:0.0057s ]
INFO: [ view_parse ] --START--
INFO: [ template_filter ] --START--
INFO: Run Behavior\ContentReplaceBehavior [ RunTime:0.000107s ]
INFO: [ template_filter ] --END-- [ RunTime:0.000216s ]
INFO: Run Behavior\ParseTemplateBehavior [ RunTime:0.016249s ]
INFO: [ view_parse ] --END-- [ RunTime:0.016391s ]
INFO: [ view_filter ] --START--
INFO: Run Behavior\WriteHtmlCacheBehavior [ RunTime:0.000563s ]
INFO: [ view_filter ] --END-- [ RunTime:0.000679s ]
INFO: [ app_end ] --START--
INFO: Run Behavior\ShowPageTraceBehavior [ RunTime:0.000830s ]
INFO: [ app_end ] --END-- [ RunTime:0.000946s ]

[ 2017-03-26T10:01:53+08:00 ] 127.0.0.1 /Home/Newlist/1/
INFO: [ app_init ] --START--
INFO: Run Behavior\BuildLiteBehavior [ RunTime:0.000091s ]
INFO: [ app_init ] --END-- [ RunTime:0.000832s ]
INFO: [ app_begin ] --START--
INFO: Run Behavior\ReadHtmlCacheBehavior [ RunTime:0.000874s ]
INFO: [ app_begin ] --END-- [ RunTime:0.001000s ]
ERR: 非法操作:1

[ 2017-03-26T10:02:01+08:00 ] 127.0.0.1 /Home/Newlist/p/1/
INFO: [ app_init ] --START--
INFO: Run Behavior\BuildLiteBehavior [ RunTime:0.000028s ]
INFO: [ app_init ] --END-- [ RunTime:0.000625s ]
INFO: [ app_begin ] --START--
INFO: Run Behavior\ReadHtmlCacheBehavior [ RunTime:0.000617s ]
INFO: [ app_begin ] --END-- [ RunTime:0.000703s ]
ERR: 非法操作:p

[ 2017-03-26T10:02:04+08:00 ] 127.0.0.1 /Home/Newlist/1/
INFO: [ app_init ] --START--
INFO: Run Behavior\BuildLiteBehavior [ RunTime:0.000024s ]
INFO: [ app_init ] --END-- [ RunTime:0.000472s ]
INFO: [ app_begin ] --START--
INFO: Run Behavior\ReadHtmlCacheBehavior [ RunTime:0.002909s ]
INFO: [ app_begin ] --END-- [ RunTime:0.003014s ]
ERR: 非法操作:1

[ 2017-03-26T10:02:07+08:00 ] 127.0.0.1 /Home/Newlist/index.html
INFO: [ app_init ] --START--
INFO: Run Behavior\BuildLiteBehavior [ RunTime:0.000035s ]
INFO: [ app_init ] --END-- [ RunTime:0.000781s ]
INFO: [ app_begin ] --START--
INFO: Run Behavior\ReadHtmlCacheBehavior [ RunTime:0.000762s ]
INFO: [ app_begin ] --END-- [ RunTime:0.000862s ]
SQL: SHOW COLUMNS FROM `bl_article` [ RunTime:0.0032s ]
SQL: SELECT COUNT(*) AS tp_count FROM `bl_article` WHERE ( status = 1 ) LIMIT 1   [ RunTime:0.0004s ]
SQL: SELECT * FROM `bl_article` INNER JOIN bl_author on bl_article.auid=bl_author.tid INNER JOIN bl_category on bl_article.cid=bl_category.gid  WHERE ( bl_article.status = 1 ) ORDER BY wtime desc LIMIT 0,8   [ RunTime:0.0041s ]
INFO: [ view_parse ] --START--
INFO: [ template_filter ] --START--
INFO: Run Behavior\ContentReplaceBehavior [ RunTime:0.000089s ]
INFO: [ template_filter ] --END-- [ RunTime:0.000174s ]
INFO: Run Behavior\ParseTemplateBehavior [ RunTime:0.012108s ]
INFO: [ view_parse ] --END-- [ RunTime:0.012217s ]
INFO: [ view_filter ] --START--
INFO: Run Behavior\WriteHtmlCacheBehavior [ RunTime:0.000458s ]
INFO: [ view_filter ] --END-- [ RunTime:0.000531s ]
INFO: [ app_end ] --START--
INFO: Run Behavior\ShowPageTraceBehavior [ RunTime:0.000712s ]
INFO: [ app_end ] --END-- [ RunTime:0.000788s ]

[ 2017-03-26T10:02:12+08:00 ] 127.0.0.1 /Home/Newlist/index/p/2.html
INFO: [ app_init ] --START--
INFO: Run Behavior\BuildLiteBehavior [ RunTime:0.000039s ]
INFO: [ app_init ] --END-- [ RunTime:0.000902s ]
INFO: [ app_begin ] --START--
INFO: Run Behavior\ReadHtmlCacheBehavior [ RunTime:0.001098s ]
INFO: [ app_begin ] --END-- [ RunTime:0.001249s ]
SQL: SHOW COLUMNS FROM `bl_article` [ RunTime:0.0031s ]
SQL: SELECT COUNT(*) AS tp_count FROM `bl_article` WHERE ( status = 1 ) LIMIT 1   [ RunTime:0.0004s ]
SQL: SELECT * FROM `bl_article` INNER JOIN bl_author on bl_article.auid=bl_author.tid INNER JOIN bl_category on bl_article.cid=bl_category.gid  WHERE ( bl_article.status = 1 ) ORDER BY wtime desc LIMIT 8,8   [ RunTime:0.0044s ]
INFO: [ view_parse ] --START--
INFO: [ template_filter ] --START--
INFO: Run Behavior\ContentReplaceBehavior [ RunTime:0.000093s ]
INFO: [ template_filter ] --END-- [ RunTime:0.000183s ]
INFO: Run Behavior\ParseTemplateBehavior [ RunTime:0.012136s ]
INFO: [ view_parse ] --END-- [ RunTime:0.012282s ]
INFO: [ view_filter ] --START--
INFO: Run Behavior\WriteHtmlCacheBehavior [ RunTime:0.000416s ]
INFO: [ view_filter ] --END-- [ RunTime:0.000488s ]
INFO: [ app_end ] --START--
INFO: Run Behavior\ShowPageTraceBehavior [ RunTime:0.000657s ]
INFO: [ app_end ] --END-- [ RunTime:0.000730s ]

[ 2017-03-26T10:02:21+08:00 ] 127.0.0.1 /Home/Newlist/index/p/1/
INFO: [ app_init ] --START--
INFO: Run Behavior\BuildLiteBehavior [ RunTime:0.000034s ]
INFO: [ app_init ] --END-- [ RunTime:0.000808s ]
INFO: [ app_begin ] --START--
INFO: Run Behavior\ReadHtmlCacheBehavior [ RunTime:0.000699s ]
INFO: [ app_begin ] --END-- [ RunTime:0.000811s ]
SQL: SHOW COLUMNS FROM `bl_article` [ RunTime:0.0032s ]
SQL: SELECT COUNT(*) AS tp_count FROM `bl_article` WHERE ( status = 1 ) LIMIT 1   [ RunTime:0.0004s ]
SQL: SELECT * FROM `bl_article` INNER JOIN bl_author on bl_article.auid=bl_author.tid INNER JOIN bl_category on bl_article.cid=bl_category.gid  WHERE ( bl_article.status = 1 ) ORDER BY wtime desc LIMIT 0,8   [ RunTime:0.0050s ]
INFO: [ view_parse ] --START--
INFO: [ template_filter ] --START--
INFO: Run Behavior\ContentReplaceBehavior [ RunTime:0.000093s ]
INFO: [ template_filter ] --END-- [ RunTime:0.000192s ]
INFO: Run Behavior\ParseTemplateBehavior [ RunTime:0.012592s ]
INFO: [ view_parse ] --END-- [ RunTime:0.012697s ]
INFO: [ view_filter ] --START--
INFO: Run Behavior\WriteHtmlCacheBehavior [ RunTime:0.000441s ]
INFO: [ view_filter ] --END-- [ RunTime:0.000514s ]
INFO: [ app_end ] --START--
INFO: Run Behavior\ShowPageTraceBehavior [ RunTime:0.000624s ]
INFO: [ app_end ] --END-- [ RunTime:0.000698s ]

[ 2017-03-26T10:03:06+08:00 ] 127.0.0.1 /Home/Newlist/index/p/1/
INFO: [ app_init ] --START--
INFO: Run Behavior\BuildLiteBehavior [ RunTime:0.000027s ]
INFO: [ app_init ] --END-- [ RunTime:0.000542s ]
INFO: [ app_begin ] --START--
INFO: Run Behavior\ReadHtmlCacheBehavior [ RunTime:0.000717s ]
INFO: [ app_begin ] --END-- [ RunTime:0.000820s ]
SQL: SHOW COLUMNS FROM `bl_article` [ RunTime:0.0035s ]
SQL: SELECT COUNT(*) AS tp_count FROM `bl_article` WHERE ( status = 1 ) LIMIT 1   [ RunTime:0.0004s ]
SQL: SELECT * FROM `bl_article` INNER JOIN bl_author on bl_article.auid=bl_author.tid INNER JOIN bl_category on bl_article.cid=bl_category.gid  WHERE ( bl_article.status = 1 ) ORDER BY wtime desc LIMIT 0,8   [ RunTime:0.0041s ]
INFO: [ view_parse ] --START--
INFO: [ template_filter ] --START--
INFO: Run Behavior\ContentReplaceBehavior [ RunTime:0.000094s ]
INFO: [ template_filter ] --END-- [ RunTime:0.000181s ]
INFO: Run Behavior\ParseTemplateBehavior [ RunTime:0.013230s ]
INFO: [ view_parse ] --END-- [ RunTime:0.013335s ]
INFO: [ view_filter ] --START--
INFO: Run Behavior\WriteHtmlCacheBehavior [ RunTime:0.000490s ]
INFO: [ view_filter ] --END-- [ RunTime:0.000578s ]
INFO: [ app_end ] --START--
INFO: Run Behavior\ShowPageTraceBehavior [ RunTime:0.000726s ]
INFO: [ app_end ] --END-- [ RunTime:0.000800s ]

[ 2017-03-26T10:03:14+08:00 ] 127.0.0.1 /Home/Newlist/index.html
INFO: [ app_init ] --START--
INFO: Run Behavior\BuildLiteBehavior [ RunTime:0.000027s ]
INFO: [ app_init ] --END-- [ RunTime:0.000687s ]
INFO: [ app_begin ] --START--
INFO: Run Behavior\ReadHtmlCacheBehavior [ RunTime:0.000702s ]
INFO: [ app_begin ] --END-- [ RunTime:0.000836s ]
SQL: SHOW COLUMNS FROM `bl_article` [ RunTime:0.0044s ]
SQL: SELECT COUNT(*) AS tp_count FROM `bl_article` WHERE ( status = 1 ) LIMIT 1   [ RunTime:0.0006s ]
SQL: SELECT * FROM `bl_article` INNER JOIN bl_author on bl_article.auid=bl_author.tid INNER JOIN bl_category on bl_article.cid=bl_category.gid  WHERE ( bl_article.status = 1 ) ORDER BY wtime desc LIMIT 0,8   [ RunTime:0.0045s ]
INFO: [ view_parse ] --START--
INFO: [ template_filter ] --START--
INFO: Run Behavior\ContentReplaceBehavior [ RunTime:0.000100s ]
INFO: [ template_filter ] --END-- [ RunTime:0.000195s ]
INFO: Run Behavior\ParseTemplateBehavior [ RunTime:0.013832s ]
INFO: [ view_parse ] --END-- [ RunTime:0.013941s ]
INFO: [ view_filter ] --START--
INFO: Run Behavior\WriteHtmlCacheBehavior [ RunTime:0.000457s ]
INFO: [ view_filter ] --END-- [ RunTime:0.000530s ]
INFO: [ app_end ] --START--
INFO: Run Behavior\ShowPageTraceBehavior [ RunTime:0.000636s ]
INFO: [ app_end ] --END-- [ RunTime:0.000726s ]

[ 2017-03-26T10:03:17+08:00 ] 127.0.0.1 /Home/Newlist/index/p/2.html
INFO: [ app_init ] --START--
INFO: Run Behavior\BuildLiteBehavior [ RunTime:0.000024s ]
INFO: [ app_init ] --END-- [ RunTime:0.000610s ]
INFO: [ app_begin ] --START--
INFO: Run Behavior\ReadHtmlCacheBehavior [ RunTime:0.000731s ]
INFO: [ app_begin ] --END-- [ RunTime:0.000827s ]
SQL: SHOW COLUMNS FROM `bl_article` [ RunTime:0.0036s ]
SQL: SELECT COUNT(*) AS tp_count FROM `bl_article` WHERE ( status = 1 ) LIMIT 1   [ RunTime:0.0004s ]
SQL: SELECT * FROM `bl_article` INNER JOIN bl_author on bl_article.auid=bl_author.tid INNER JOIN bl_category on bl_article.cid=bl_category.gid  WHERE ( bl_article.status = 1 ) ORDER BY wtime desc LIMIT 8,8   [ RunTime:0.0048s ]
INFO: [ view_parse ] --START--
INFO: [ template_filter ] --START--
INFO: Run Behavior\ContentReplaceBehavior [ RunTime:0.000091s ]
INFO: [ template_filter ] --END-- [ RunTime:0.000180s ]
INFO: Run Behavior\ParseTemplateBehavior [ RunTime:0.011685s ]
INFO: [ view_parse ] --END-- [ RunTime:0.011771s ]
INFO: [ view_filter ] --START--
INFO: Run Behavior\WriteHtmlCacheBehavior [ RunTime:0.000446s ]
INFO: [ view_filter ] --END-- [ RunTime:0.000524s ]
INFO: [ app_end ] --START--
INFO: Run Behavior\ShowPageTraceBehavior [ RunTime:0.000665s ]
INFO: [ app_end ] --END-- [ RunTime:0.000751s ]

[ 2017-03-26T10:04:08+08:00 ] 127.0.0.1 /Home/Newlist/index/p/2.html
INFO: [ app_init ] --START--
INFO: Run Behavior\BuildLiteBehavior [ RunTime:0.000022s ]
INFO: [ app_init ] --END-- [ RunTime:0.000572s ]
INFO: [ app_begin ] --START--
INFO: Run Behavior\ReadHtmlCacheBehavior [ RunTime:0.000797s ]
INFO: [ app_begin ] --END-- [ RunTime:0.000880s ]
SQL: SHOW COLUMNS FROM `bl_article` [ RunTime:0.0036s ]
SQL: SELECT COUNT(*) AS tp_count FROM `bl_article` WHERE ( status = 1 ) LIMIT 1   [ RunTime:0.0004s ]
SQL: SELECT * FROM `bl_article` INNER JOIN bl_author on bl_article.auid=bl_author.tid INNER JOIN bl_category on bl_article.cid=bl_category.gid  WHERE ( bl_article.status = 1 ) ORDER BY wtime desc LIMIT 8,8   [ RunTime:0.0046s ]
INFO: [ view_parse ] --START--
INFO: [ template_filter ] --START--
INFO: Run Behavior\ContentReplaceBehavior [ RunTime:0.000092s ]
INFO: [ template_filter ] --END-- [ RunTime:0.000178s ]
INFO: Run Behavior\ParseTemplateBehavior [ RunTime:0.013043s ]
INFO: [ view_parse ] --END-- [ RunTime:0.013149s ]
INFO: [ view_filter ] --START--
INFO: Run Behavior\WriteHtmlCacheBehavior [ RunTime:0.000423s ]
INFO: [ view_filter ] --END-- [ RunTime:0.000504s ]
INFO: [ app_end ] --START--
INFO: Run Behavior\ShowPageTraceBehavior [ RunTime:0.000648s ]
INFO: [ app_end ] --END-- [ RunTime:0.000777s ]

[ 2017-03-26T10:04:16+08:00 ] 127.0.0.1 /Home/Newlist/Newlist.html
INFO: [ app_init ] --START--
INFO: Run Behavior\BuildLiteBehavior [ RunTime:0.000053s ]
INFO: [ app_init ] --END-- [ RunTime:0.000918s ]
INFO: [ app_begin ] --START--
INFO: Run Behavior\ReadHtmlCacheBehavior [ RunTime:0.000651s ]
INFO: [ app_begin ] --END-- [ RunTime:0.000742s ]
ERR: 非法操作:Newlist

[ 2017-03-26T10:04:49+08:00 ] 127.0.0.1 /Home/Newlist/index/p/2.html
INFO: [ app_init ] --START--
INFO: Run Behavior\BuildLiteBehavior [ RunTime:0.000024s ]
INFO: [ app_init ] --END-- [ RunTime:0.000519s ]
INFO: [ app_begin ] --START--
INFO: Run Behavior\ReadHtmlCacheBehavior [ RunTime:0.000591s ]
INFO: [ app_begin ] --END-- [ RunTime:0.000684s ]
SQL: SHOW COLUMNS FROM `bl_article` [ RunTime:0.0033s ]
SQL: SELECT COUNT(*) AS tp_count FROM `bl_article` WHERE ( status = 1 ) LIMIT 1   [ RunTime:0.0004s ]
SQL: SELECT * FROM `bl_article` INNER JOIN bl_author on bl_article.auid=bl_author.tid INNER JOIN bl_category on bl_article.cid=bl_category.gid  WHERE ( bl_article.status = 1 ) ORDER BY wtime desc LIMIT 8,8   [ RunTime:0.0056s ]
INFO: [ view_parse ] --START--
INFO: [ template_filter ] --START--
INFO: Run Behavior\ContentReplaceBehavior [ RunTime:0.000113s ]
INFO: [ template_filter ] --END-- [ RunTime:0.000208s ]
INFO: Run Behavior\ParseTemplateBehavior [ RunTime:0.012225s ]
INFO: [ view_parse ] --END-- [ RunTime:0.012339s ]
INFO: [ view_filter ] --START--
INFO: Run Behavior\WriteHtmlCacheBehavior [ RunTime:0.001423s ]
INFO: [ view_filter ] --END-- [ RunTime:0.001524s ]
INFO: [ app_end ] --START--
INFO: Run Behavior\ShowPageTraceBehavior [ RunTime:0.001101s ]
INFO: [ app_end ] --END-- [ RunTime:0.001194s ]

[ 2017-03-26T10:04:51+08:00 ] 127.0.0.1 /Home/Newlist/index.html
INFO: [ app_init ] --START--
INFO: Run Behavior\BuildLiteBehavior [ RunTime:0.000023s ]
INFO: [ app_init ] --END-- [ RunTime:0.000684s ]
INFO: [ app_begin ] --START--
INFO: Run Behavior\ReadHtmlCacheBehavior [ RunTime:0.000612s ]
INFO: [ app_begin ] --END-- [ RunTime:0.000695s ]
SQL: SHOW COLUMNS FROM `bl_article` [ RunTime:0.0032s ]
SQL: SELECT COUNT(*) AS tp_count FROM `bl_article` WHERE ( status = 1 ) LIMIT 1   [ RunTime:0.0004s ]
SQL: SELECT * FROM `bl_article` INNER JOIN bl_author on bl_article.auid=bl_author.tid INNER JOIN bl_category on bl_article.cid=bl_category.gid  WHERE ( bl_article.status = 1 ) ORDER BY wtime desc LIMIT 0,8   [ RunTime:0.0042s ]
INFO: [ view_parse ] --START--
INFO: [ template_filter ] --START--
INFO: Run Behavior\ContentReplaceBehavior [ RunTime:0.000110s ]
INFO: [ template_filter ] --END-- [ RunTime:0.000225s ]
INFO: Run Behavior\ParseTemplateBehavior [ RunTime:0.014074s ]
INFO: [ view_parse ] --END-- [ RunTime:0.014175s ]
INFO: [ view_filter ] --START--
INFO: Run Behavior\WriteHtmlCacheBehavior [ RunTime:0.000445s ]
INFO: [ view_filter ] --END-- [ RunTime:0.000520s ]
INFO: [ app_end ] --START--
INFO: Run Behavior\ShowPageTraceBehavior [ RunTime:0.000733s ]
INFO: [ app_end ] --END-- [ RunTime:0.000810s ]

[ 2017-03-26T10:04:53+08:00 ] 127.0.0.1 /Home/Index/index.html
INFO: [ app_init ] --START--
INFO: Run Behavior\BuildLiteBehavior [ RunTime:0.000034s ]
INFO: [ app_init ] --END-- [ RunTime:0.000784s ]
INFO: [ app_begin ] --START--
INFO: Run Behavior\ReadHtmlCacheBehavior [ RunTime:0.000944s ]
INFO: [ app_begin ] --END-- [ RunTime:0.001178s ]
SQL: SHOW COLUMNS FROM `bl_article` [ RunTime:0.0049s ]
SQL: SELECT * FROM `bl_article` INNER JOIN bl_author on bl_article.auid = bl_author.tid INNER JOIN bl_category on bl_article.cid = bl_category.gid  ORDER BY bl_article.aid desc LIMIT 0,5   [ RunTime:0.0060s ]
SQL: SELECT `title` FROM `bl_article` WHERE `hot` = 1 ORDER BY aid desc LIMIT 20   [ RunTime:0.0005s ]
INFO: [ view_parse ] --START--
INFO: [ template_filter ] --START--
INFO: Run Behavior\ContentReplaceBehavior [ RunTime:0.000147s ]
INFO: [ template_filter ] --END-- [ RunTime:0.000302s ]
INFO: Run Behavior\ParseTemplateBehavior [ RunTime:0.019344s ]
INFO: [ view_parse ] --END-- [ RunTime:0.019463s ]
INFO: [ view_filter ] --START--
INFO: Run Behavior\WriteHtmlCacheBehavior [ RunTime:0.000447s ]
INFO: [ view_filter ] --END-- [ RunTime:0.000531s ]
INFO: [ app_end ] --START--
INFO: Run Behavior\ShowPageTraceBehavior [ RunTime:0.000616s ]
INFO: [ app_end ] --END-- [ RunTime:0.000702s ]

[ 2017-03-26T10:04:54+08:00 ] 127.0.0.1 /Home/Newlist/index.html
INFO: [ app_init ] --START--
INFO: Run Behavior\BuildLiteBehavior [ RunTime:0.000040s ]
INFO: [ app_init ] --END-- [ RunTime:0.000651s ]
INFO: [ app_begin ] --START--
INFO: Run Behavior\ReadHtmlCacheBehavior [ RunTime:0.000682s ]
INFO: [ app_begin ] --END-- [ RunTime:0.000779s ]
SQL: SHOW COLUMNS FROM `bl_article` [ RunTime:0.0038s ]
SQL: SELECT COUNT(*) AS tp_count FROM `bl_article` WHERE ( status = 1 ) LIMIT 1   [ RunTime:0.0004s ]
SQL: SELECT * FROM `bl_article` INNER JOIN bl_author on bl_article.auid=bl_author.tid INNER JOIN bl_category on bl_article.cid=bl_category.gid  WHERE ( bl_article.status = 1 ) ORDER BY wtime desc LIMIT 0,8   [ RunTime:0.0059s ]
INFO: [ view_parse ] --START--
INFO: [ template_filter ] --START--
INFO: Run Behavior\ContentReplaceBehavior [ RunTime:0.000106s ]
INFO: [ template_filter ] --END-- [ RunTime:0.000206s ]
INFO: Run Behavior\ParseTemplateBehavior [ RunTime:0.015068s ]
INFO: [ view_parse ] --END-- [ RunTime:0.015218s ]
INFO: [ view_filter ] --START--
INFO: Run Behavior\WriteHtmlCacheBehavior [ RunTime:0.000488s ]
INFO: [ view_filter ] --END-- [ RunTime:0.000590s ]
INFO: [ app_end ] --START--
INFO: Run Behavior\ShowPageTraceBehavior [ RunTime:0.001000s ]
INFO: [ app_end ] --END-- [ RunTime:0.001125s ]

[ 2017-03-26T10:04:59+08:00 ] 127.0.0.1 /Home/Newlist/index.html
INFO: [ app_init ] --START--
INFO: Run Behavior\BuildLiteBehavior [ RunTime:0.000020s ]
INFO: [ app_init ] --END-- [ RunTime:0.000426s ]
INFO: [ app_begin ] --START--
INFO: Run Behavior\ReadHtmlCacheBehavior [ RunTime:0.000538s ]
INFO: [ app_begin ] --END-- [ RunTime:0.000617s ]
SQL: SHOW COLUMNS FROM `bl_article` [ RunTime:0.0032s ]
SQL: SELECT COUNT(*) AS tp_count FROM `bl_article` WHERE ( status = 1 ) LIMIT 1   [ RunTime:0.0004s ]
SQL: SELECT * FROM `bl_article` INNER JOIN bl_author on bl_article.auid=bl_author.tid INNER JOIN bl_category on bl_article.cid=bl_category.gid  WHERE ( bl_article.status = 1 ) ORDER BY wtime desc LIMIT 0,8   [ RunTime:0.0041s ]
INFO: [ view_parse ] --START--
INFO: [ template_filter ] --START--
INFO: Run Behavior\ContentReplaceBehavior [ RunTime:0.000091s ]
INFO: [ template_filter ] --END-- [ RunTime:0.000176s ]
INFO: Run Behavior\ParseTemplateBehavior [ RunTime:0.012643s ]
INFO: [ view_parse ] --END-- [ RunTime:0.012752s ]
INFO: [ view_filter ] --START--
INFO: Run Behavior\WriteHtmlCacheBehavior [ RunTime:0.000409s ]
INFO: [ view_filter ] --END-- [ RunTime:0.000481s ]
INFO: [ app_end ] --START--
INFO: Run Behavior\ShowPageTraceBehavior [ RunTime:0.000656s ]
INFO: [ app_end ] --END-- [ RunTime:0.000731s ]

[ 2017-03-26T10:05:03+08:00 ] 127.0.0.1 /Home/Newlist/index/p/2.html
INFO: [ app_init ] --START--
INFO: Run Behavior\BuildLiteBehavior [ RunTime:0.000025s ]
INFO: [ app_init ] --END-- [ RunTime:0.000585s ]
INFO: [ app_begin ] --START--
INFO: Run Behavior\ReadHtmlCacheBehavior [ RunTime:0.000632s ]
INFO: [ app_begin ] --END-- [ RunTime:0.000714s ]
SQL: SHOW COLUMNS FROM `bl_article` [ RunTime:0.0035s ]
SQL: SELECT COUNT(*) AS tp_count FROM `bl_article` WHERE ( status = 1 ) LIMIT 1   [ RunTime:0.0004s ]
SQL: SELECT * FROM `bl_article` INNER JOIN bl_author on bl_article.auid=bl_author.tid INNER JOIN bl_category on bl_article.cid=bl_category.gid  WHERE ( bl_article.status = 1 ) ORDER BY wtime desc LIMIT 8,8   [ RunTime:0.0042s ]
INFO: [ view_parse ] --START--
INFO: [ template_filter ] --START--
INFO: Run Behavior\ContentReplaceBehavior [ RunTime:0.000092s ]
INFO: [ template_filter ] --END-- [ RunTime:0.000181s ]
INFO: Run Behavior\ParseTemplateBehavior [ RunTime:0.011648s ]
INFO: [ view_parse ] --END-- [ RunTime:0.011795s ]
INFO: [ view_filter ] --START--
INFO: Run Behavior\WriteHtmlCacheBehavior [ RunTime:0.000556s ]
INFO: [ view_filter ] --END-- [ RunTime:0.000642s ]
INFO: [ app_end ] --START--
INFO: Run Behavior\ShowPageTraceBehavior [ RunTime:0.000687s ]
INFO: [ app_end ] --END-- [ RunTime:0.000763s ]

[ 2017-03-26T10:05:09+08:00 ] 127.0.0.1 /Home/Newlist/index.html
INFO: [ app_init ] --START--
INFO: Run Behavior\BuildLiteBehavior [ RunTime:0.000027s ]
INFO: [ app_init ] --END-- [ RunTime:0.000642s ]
INFO: [ app_begin ] --START--
INFO: Run Behavior\ReadHtmlCacheBehavior [ RunTime:0.000721s ]
INFO: [ app_begin ] --END-- [ RunTime:0.000814s ]
SQL: SHOW COLUMNS FROM `bl_article` [ RunTime:0.0035s ]
SQL: SELECT COUNT(*) AS tp_count FROM `bl_article` WHERE ( status = 1 ) LIMIT 1   [ RunTime:0.0004s ]
SQL: SELECT * FROM `bl_article` INNER JOIN bl_author on bl_article.auid=bl_author.tid INNER JOIN bl_category on bl_article.cid=bl_category.gid  WHERE ( bl_article.status = 1 ) ORDER BY wtime desc LIMIT 0,8   [ RunTime:0.0046s ]
INFO: [ view_parse ] --START--
INFO: [ template_filter ] --START--
INFO: Run Behavior\ContentReplaceBehavior [ RunTime:0.000091s ]
INFO: [ template_filter ] --END-- [ RunTime:0.000175s ]
INFO: Run Behavior\ParseTemplateBehavior [ RunTime:0.011895s ]
INFO: [ view_parse ] --END-- [ RunTime:0.012003s ]
INFO: [ view_filter ] --START--
INFO: Run Behavior\WriteHtmlCacheBehavior [ RunTime:0.000435s ]
INFO: [ view_filter ] --END-- [ RunTime:0.000531s ]
INFO: [ app_end ] --START--
INFO: Run Behavior\ShowPageTraceBehavior [ RunTime:0.000690s ]
INFO: [ app_end ] --END-- [ RunTime:0.000766s ]

[ 2017-03-26T10:05:15+08:00 ] 127.0.0.1 /
INFO: [ app_init ] --START--
INFO: Run Behavior\BuildLiteBehavior [ RunTime:0.000031s ]
INFO: [ app_init ] --END-- [ RunTime:0.000684s ]
INFO: [ app_begin ] --START--
INFO: Run Behavior\ReadHtmlCacheBehavior [ RunTime:0.000746s ]
INFO: [ app_begin ] --END-- [ RunTime:0.000858s ]
SQL: SHOW COLUMNS FROM `bl_article` [ RunTime:0.0037s ]
SQL: SELECT * FROM `bl_article` INNER JOIN bl_author on bl_article.auid = bl_author.tid INNER JOIN bl_category on bl_article.cid = bl_category.gid  ORDER BY bl_article.aid desc LIMIT 0,5   [ RunTime:0.0042s ]
SQL: SELECT `title` FROM `bl_article` WHERE `hot` = 1 ORDER BY aid desc LIMIT 20   [ RunTime:0.0004s ]
INFO: [ view_parse ] --START--
INFO: [ template_filter ] --START--
INFO: Run Behavior\ContentReplaceBehavior [ RunTime:0.000094s ]
INFO: [ template_filter ] --END-- [ RunTime:0.000198s ]
INFO: Run Behavior\ParseTemplateBehavior [ RunTime:0.015125s ]
INFO: [ view_parse ] --END-- [ RunTime:0.015215s ]
INFO: [ view_filter ] --START--
INFO: Run Behavior\WriteHtmlCacheBehavior [ RunTime:0.000455s ]
INFO: [ view_filter ] --END-- [ RunTime:0.000545s ]
INFO: [ app_end ] --START--
INFO: Run Behavior\ShowPageTraceBehavior [ RunTime:0.000637s ]
INFO: [ app_end ] --END-- [ RunTime:0.000714s ]

[ 2017-03-26T10:05:17+08:00 ] 127.0.0.1 /Home/Newlist/index.html
INFO: [ app_init ] --START--
INFO: Run Behavior\BuildLiteBehavior [ RunTime:0.000025s ]
INFO: [ app_init ] --END-- [ RunTime:0.000529s ]
INFO: [ app_begin ] --START--
INFO: Run Behavior\ReadHtmlCacheBehavior [ RunTime:0.000627s ]
INFO: [ app_begin ] --END-- [ RunTime:0.000733s ]
SQL: SHOW COLUMNS FROM `bl_article` [ RunTime:0.0041s ]
SQL: SELECT COUNT(*) AS tp_count FROM `bl_article` WHERE ( status = 1 ) LIMIT 1   [ RunTime:0.0004s ]
SQL: SELECT * FROM `bl_article` INNER JOIN bl_author on bl_article.auid=bl_author.tid INNER JOIN bl_category on bl_article.cid=bl_category.gid  WHERE ( bl_article.status = 1 ) ORDER BY wtime desc LIMIT 0,8   [ RunTime:0.0063s ]
INFO: [ view_parse ] --START--
INFO: [ template_filter ] --START--
INFO: Run Behavior\ContentReplaceBehavior [ RunTime:0.000163s ]
INFO: [ template_filter ] --END-- [ RunTime:0.000308s ]
INFO: Run Behavior\ParseTemplateBehavior [ RunTime:0.016072s ]
INFO: [ view_parse ] --END-- [ RunTime:0.016282s ]
INFO: [ view_filter ] --START--
INFO: Run Behavior\WriteHtmlCacheBehavior [ RunTime:0.000678s ]
INFO: [ view_filter ] --END-- [ RunTime:0.000833s ]
INFO: [ app_end ] --START--
INFO: Run Behavior\ShowPageTraceBehavior [ RunTime:0.000764s ]
INFO: [ app_end ] --END-- [ RunTime:0.000870s ]

[ 2017-03-26T10:05:21+08:00 ] 127.0.0.1 /Home/New/index/id/50.html
INFO: [ app_init ] --START--
INFO: Run Behavior\BuildLiteBehavior [ RunTime:0.000184s ]
INFO: [ app_init ] --END-- [ RunTime:0.001242s ]
INFO: [ app_begin ] --START--
INFO: Run Behavior\ReadHtmlCacheBehavior [ RunTime:0.000674s ]
INFO: [ app_begin ] --END-- [ RunTime:0.000775s ]
SQL: SHOW COLUMNS FROM `bl_article` [ RunTime:0.0038s ]
SQL: SELECT `aid` FROM `bl_article` ORDER BY wtime desc LIMIT 1   [ RunTime:0.0005s ]
SQL: SELECT `aid`,`title` FROM `bl_article` WHERE ( aid < 50 ) ORDER BY aid desc LIMIT 1   [ RunTime:0.0004s ]
SQL: SELECT * FROM `bl_article` INNER JOIN bl_author on bl_article.auid=bl_author.tid  WHERE ( aid=50 )  [ RunTime:0.0005s ]
SQL: SELECT `aid`,`title` FROM `bl_article` WHERE ( aid > 50 ) ORDER BY aid asc LIMIT 1   [ RunTime:0.0007s ]
SQL: SELECT `aid`,`title` FROM `bl_article` WHERE ( cid = (SELECT `cid` FROM `bl_article` WHERE ( aid = 50 ) ) ) ORDER BY wtime desc LIMIT 5   [ RunTime:0.0009s ]
INFO: [ view_parse ] --START--
INFO: [ template_filter ] --START--
INFO: Run Behavior\ContentReplaceBehavior [ RunTime:0.000115s ]
INFO: [ template_filter ] --END-- [ RunTime:0.000221s ]
INFO: Run Behavior\ParseTemplateBehavior [ RunTime:0.014110s ]
INFO: [ view_parse ] --END-- [ RunTime:0.014251s ]
INFO: [ view_filter ] --START--
INFO: Run Behavior\WriteHtmlCacheBehavior [ RunTime:0.000812s ]
INFO: [ view_filter ] --END-- [ RunTime:0.000972s ]
INFO: [ app_end ] --START--
INFO: Run Behavior\ShowPageTraceBehavior [ RunTime:0.000731s ]
INFO: [ app_end ] --END-- [ RunTime:0.000832s ]

[ 2017-03-26T10:05:33+08:00 ] 127.0.0.1 /
INFO: [ app_init ] --START--
INFO: Run Behavior\BuildLiteBehavior [ RunTime:0.000023s ]
INFO: [ app_init ] --END-- [ RunTime:0.000699s ]
INFO: [ app_begin ] --START--
INFO: Run Behavior\ReadHtmlCacheBehavior [ RunTime:0.000737s ]
INFO: [ app_begin ] --END-- [ RunTime:0.000847s ]
SQL: SHOW COLUMNS FROM `bl_article` [ RunTime:0.0036s ]
SQL: SELECT * FROM `bl_article` INNER JOIN bl_author on bl_article.auid = bl_author.tid INNER JOIN bl_category on bl_article.cid = bl_category.gid  ORDER BY bl_article.aid desc LIMIT 0,5   [ RunTime:0.0043s ]
SQL: SELECT `title` FROM `bl_article` WHERE `hot` = 1 ORDER BY aid desc LIMIT 20   [ RunTime:0.0005s ]
INFO: [ view_parse ] --START--
INFO: [ template_filter ] --START--
INFO: Run Behavior\ContentReplaceBehavior [ RunTime:0.000080s ]
INFO: [ template_filter ] --END-- [ RunTime:0.000166s ]
INFO: Run Behavior\ParseTemplateBehavior [ RunTime:0.016697s ]
INFO: [ view_parse ] --END-- [ RunTime:0.016805s ]
INFO: [ view_filter ] --START--
INFO: Run Behavior\WriteHtmlCacheBehavior [ RunTime:0.000728s ]
INFO: [ view_filter ] --END-- [ RunTime:0.000825s ]
INFO: [ app_end ] --START--
INFO: Run Behavior\ShowPageTraceBehavior [ RunTime:0.000767s ]
INFO: [ app_end ] --END-- [ RunTime:0.000861s ]

[ 2017-03-26T10:05:37+08:00 ] 127.0.0.1 /Home/Newlist/index.html
INFO: [ app_init ] --START--
INFO: Run Behavior\BuildLiteBehavior [ RunTime:0.000025s ]
INFO: [ app_init ] --END-- [ RunTime:0.000504s ]
INFO: [ app_begin ] --START--
INFO: Run Behavior\ReadHtmlCacheBehavior [ RunTime:0.000625s ]
INFO: [ app_begin ] --END-- [ RunTime:0.000718s ]
SQL: SHOW COLUMNS FROM `bl_article` [ RunTime:0.0038s ]
SQL: SELECT COUNT(*) AS tp_count FROM `bl_article` WHERE ( status = 1 ) LIMIT 1   [ RunTime:0.0004s ]
SQL: SELECT * FROM `bl_article` INNER JOIN bl_author on bl_article.auid=bl_author.tid INNER JOIN bl_category on bl_article.cid=bl_category.gid  WHERE ( bl_article.status = 1 ) ORDER BY wtime desc LIMIT 0,8   [ RunTime:0.0047s ]
INFO: [ view_parse ] --START--
INFO: [ template_filter ] --START--
INFO: Run Behavior\ContentReplaceBehavior [ RunTime:0.000097s ]
INFO: [ template_filter ] --END-- [ RunTime:0.000192s ]
INFO: Run Behavior\ParseTemplateBehavior [ RunTime:0.012924s ]
INFO: [ view_parse ] --END-- [ RunTime:0.013037s ]
INFO: [ view_filter ] --START--
INFO: Run Behavior\WriteHtmlCacheBehavior [ RunTime:0.000474s ]
INFO: [ view_filter ] --END-- [ RunTime:0.000552s ]
INFO: [ app_end ] --START--
INFO: Run Behavior\ShowPageTraceBehavior [ RunTime:0.000655s ]
INFO: [ app_end ] --END-- [ RunTime:0.000730s ]

[ 2017-03-26T10:07:18+08:00 ] 127.0.0.1 /Home/Newlist/index.html
INFO: [ app_init ] --START--
INFO: Run Behavior\BuildLiteBehavior [ RunTime:0.000026s ]
INFO: [ app_init ] --END-- [ RunTime:0.000544s ]
INFO: [ app_begin ] --START--
INFO: Run Behavior\ReadHtmlCacheBehavior [ RunTime:0.001273s ]
INFO: [ app_begin ] --END-- [ RunTime:0.001418s ]
SQL: SHOW COLUMNS FROM `bl_article` [ RunTime:0.0036s ]
SQL: SELECT COUNT(*) AS tp_count FROM `bl_article` WHERE ( status = 1 ) LIMIT 1   [ RunTime:0.0006s ]
SQL: SELECT * FROM `bl_article` INNER JOIN bl_author on bl_article.auid=bl_author.tid INNER JOIN bl_category on bl_article.cid=bl_category.gid  WHERE ( bl_article.status = 1 ) ORDER BY wtime desc LIMIT 0,8   [ RunTime:0.0053s ]
INFO: [ view_parse ] --START--
INFO: [ template_filter ] --START--
INFO: Run Behavior\ContentReplaceBehavior [ RunTime:0.000137s ]
INFO: [ template_filter ] --END-- [ RunTime:0.000229s ]
INFO: Run Behavior\ParseTemplateBehavior [ RunTime:0.019163s ]
INFO: [ view_parse ] --END-- [ RunTime:0.019332s ]
INFO: [ view_filter ] --START--
INFO: Run Behavior\WriteHtmlCacheBehavior [ RunTime:0.000682s ]
INFO: [ view_filter ] --END-- [ RunTime:0.000815s ]
INFO: [ app_end ] --START--
INFO: Run Behavior\ShowPageTraceBehavior [ RunTime:0.000974s ]
INFO: [ app_end ] --END-- [ RunTime:0.001103s ]

[ 2017-03-26T10:07:24+08:00 ] 127.0.0.1 /Home/New/index/id/50.html
INFO: [ app_init ] --START--
INFO: Run Behavior\BuildLiteBehavior [ RunTime:0.000023s ]
INFO: [ app_init ] --END-- [ RunTime:0.000575s ]
INFO: [ app_begin ] --START--
INFO: Run Behavior\ReadHtmlCacheBehavior [ RunTime:0.000652s ]
INFO: [ app_begin ] --END-- [ RunTime:0.000746s ]
SQL: SHOW COLUMNS FROM `bl_article` [ RunTime:0.0033s ]
SQL: SELECT `aid` FROM `bl_article` ORDER BY wtime desc LIMIT 1   [ RunTime:0.0004s ]
SQL: SELECT `aid`,`title` FROM `bl_article` WHERE ( aid < 50 ) ORDER BY aid desc LIMIT 1   [ RunTime:0.0003s ]
SQL: SELECT * FROM `bl_article` INNER JOIN bl_author on bl_article.auid=bl_author.tid  WHERE ( aid=50 )  [ RunTime:0.0005s ]
SQL: SELECT `aid`,`title` FROM `bl_article` WHERE ( aid > 50 ) ORDER BY aid asc LIMIT 1   [ RunTime:0.0004s ]
SQL: SELECT `aid`,`title` FROM `bl_article` WHERE ( cid = (SELECT `cid` FROM `bl_article` WHERE ( aid = 50 ) ) ) ORDER BY wtime desc LIMIT 5   [ RunTime:0.0004s ]
INFO: [ view_parse ] --START--
INFO: [ template_filter ] --START--
INFO: Run Behavior\ContentReplaceBehavior [ RunTime:0.000094s ]
INFO: [ template_filter ] --END-- [ RunTime:0.000175s ]
INFO: Run Behavior\ParseTemplateBehavior [ RunTime:0.010929s ]
INFO: [ view_parse ] --END-- [ RunTime:0.011017s ]
INFO: [ view_filter ] --START--
INFO: Run Behavior\WriteHtmlCacheBehavior [ RunTime:0.000360s ]
INFO: [ view_filter ] --END-- [ RunTime:0.000432s ]
INFO: [ app_end ] --START--
INFO: Run Behavior\ShowPageTraceBehavior [ RunTime:0.000725s ]
INFO: [ app_end ] --END-- [ RunTime:0.000819s ]

[ 2017-03-26T10:07:29+08:00 ] 127.0.0.1 /Home/New/index/id/1/
INFO: [ app_init ] --START--
INFO: Run Behavior\BuildLiteBehavior [ RunTime:0.000025s ]
INFO: [ app_init ] --END-- [ RunTime:0.000493s ]
INFO: [ app_begin ] --START--
INFO: Run Behavior\ReadHtmlCacheBehavior [ RunTime:0.001217s ]
INFO: [ app_begin ] --END-- [ RunTime:0.001344s ]
SQL: SHOW COLUMNS FROM `bl_article` [ RunTime:0.0034s ]
SQL: SELECT `aid` FROM `bl_article` ORDER BY wtime desc LIMIT 1   [ RunTime:0.0004s ]
SQL: SELECT `aid`,`title` FROM `bl_article` WHERE ( aid < 1 ) ORDER BY aid desc LIMIT 1   [ RunTime:0.0003s ]
SQL: SELECT * FROM `bl_article` INNER JOIN bl_author on bl_article.auid=bl_author.tid  WHERE ( aid=1 )  [ RunTime:0.0005s ]
SQL: SELECT `aid`,`title` FROM `bl_article` WHERE ( aid > 1 ) ORDER BY aid asc LIMIT 1   [ RunTime:0.0005s ]
SQL: SELECT `aid`,`title` FROM `bl_article` WHERE ( cid = (SELECT `cid` FROM `bl_article` WHERE ( aid = 1 ) ) ) ORDER BY wtime desc LIMIT 5   [ RunTime:0.0007s ]
INFO: [ view_parse ] --START--
INFO: [ template_filter ] --START--
INFO: Run Behavior\ContentReplaceBehavior [ RunTime:0.000094s ]
INFO: [ template_filter ] --END-- [ RunTime:0.000175s ]
INFO: Run Behavior\ParseTemplateBehavior [ RunTime:0.011034s ]
INFO: [ view_parse ] --END-- [ RunTime:0.011121s ]
INFO: [ view_filter ] --START--
INFO: Run Behavior\WriteHtmlCacheBehavior [ RunTime:0.000403s ]
INFO: [ view_filter ] --END-- [ RunTime:0.000474s ]
INFO: [ app_end ] --START--
INFO: Run Behavior\ShowPageTraceBehavior [ RunTime:0.000646s ]
INFO: [ app_end ] --END-- [ RunTime:0.000723s ]

[ 2017-03-26T10:07:31+08:00 ] 127.0.0.1 /Home/New/index/id/1/1/
INFO: [ app_init ] --START--
INFO: Run Behavior\BuildLiteBehavior [ RunTime:0.000025s ]
INFO: [ app_init ] --END-- [ RunTime:0.000493s ]
INFO: [ app_begin ] --START--
INFO: Run Behavior\ReadHtmlCacheBehavior [ RunTime:0.000600s ]
INFO: [ app_begin ] --END-- [ RunTime:0.000693s ]
SQL: SHOW COLUMNS FROM `bl_article` [ RunTime:0.0047s ]
SQL: SELECT `aid` FROM `bl_article` ORDER BY wtime desc LIMIT 1   [ RunTime:0.0005s ]
SQL: SELECT `aid`,`title` FROM `bl_article` WHERE ( aid < 1 ) ORDER BY aid desc LIMIT 1   [ RunTime:0.0003s ]
SQL: SELECT * FROM `bl_article` INNER JOIN bl_author on bl_article.auid=bl_author.tid  WHERE ( aid=1 )  [ RunTime:0.0005s ]
SQL: SELECT `aid`,`title` FROM `bl_article` WHERE ( aid > 1 ) ORDER BY aid asc LIMIT 1   [ RunTime:0.0004s ]
SQL: SELECT `aid`,`title` FROM `bl_article` WHERE ( cid = (SELECT `cid` FROM `bl_article` WHERE ( aid = 1 ) ) ) ORDER BY wtime desc LIMIT 5   [ RunTime:0.0006s ]
INFO: [ view_parse ] --START--
INFO: [ template_filter ] --START--
INFO: Run Behavior\ContentReplaceBehavior [ RunTime:0.000109s ]
INFO: [ template_filter ] --END-- [ RunTime:0.000204s ]
INFO: Run Behavior\ParseTemplateBehavior [ RunTime:0.015027s ]
INFO: [ view_parse ] --END-- [ RunTime:0.015149s ]
INFO: [ view_filter ] --START--
INFO: Run Behavior\WriteHtmlCacheBehavior [ RunTime:0.000423s ]
INFO: [ view_filter ] --END-- [ RunTime:0.000506s ]
INFO: [ app_end ] --START--
INFO: Run Behavior\ShowPageTraceBehavior [ RunTime:0.000615s ]
INFO: [ app_end ] --END-- [ RunTime:0.000700s ]

[ 2017-03-26T10:07:31+08:00 ] 127.0.0.1 /Home/New/index/id/1/1/1/
INFO: [ app_init ] --START--
INFO: Run Behavior\BuildLiteBehavior [ RunTime:0.000025s ]
INFO: [ app_init ] --END-- [ RunTime:0.000593s ]
INFO: [ app_begin ] --START--
INFO: Run Behavior\ReadHtmlCacheBehavior [ RunTime:0.000637s ]
INFO: [ app_begin ] --END-- [ RunTime:0.000717s ]
SQL: SHOW COLUMNS FROM `bl_article` [ RunTime:0.0031s ]
SQL: SELECT `aid` FROM `bl_article` ORDER BY wtime desc LIMIT 1   [ RunTime:0.0004s ]
SQL: SELECT `aid`,`title` FROM `bl_article` WHERE ( aid < 1 ) ORDER BY aid desc LIMIT 1   [ RunTime:0.0003s ]
SQL: SELECT * FROM `bl_article` INNER JOIN bl_author on bl_article.auid=bl_author.tid  WHERE ( aid=1 )  [ RunTime:0.0004s ]
SQL: SELECT `aid`,`title` FROM `bl_article` WHERE ( aid > 1 ) ORDER BY aid asc LIMIT 1   [ RunTime:0.0003s ]
SQL: SELECT `aid`,`title` FROM `bl_article` WHERE ( cid = (SELECT `cid` FROM `bl_article` WHERE ( aid = 1 ) ) ) ORDER BY wtime desc LIMIT 5   [ RunTime:0.0005s ]
INFO: [ view_parse ] --START--
INFO: [ template_filter ] --START--
INFO: Run Behavior\ContentReplaceBehavior [ RunTime:0.000093s ]
INFO: [ template_filter ] --END-- [ RunTime:0.000179s ]
INFO: Run Behavior\ParseTemplateBehavior [ RunTime:0.013341s ]
INFO: [ view_parse ] --END-- [ RunTime:0.013450s ]
INFO: [ view_filter ] --START--
INFO: Run Behavior\WriteHtmlCacheBehavior [ RunTime:0.000361s ]
INFO: [ view_filter ] --END-- [ RunTime:0.000431s ]
INFO: [ app_end ] --START--
INFO: Run Behavior\ShowPageTraceBehavior [ RunTime:0.000518s ]
INFO: [ app_end ] --END-- [ RunTime:0.000608s ]

[ 2017-03-26T10:07:38+08:00 ] 127.0.0.1 /Home/New/index.html
INFO: [ app_init ] --START--
INFO: Run Behavior\BuildLiteBehavior [ RunTime:0.000023s ]
INFO: [ app_init ] --END-- [ RunTime:0.000576s ]
INFO: [ app_begin ] --START--
INFO: Run Behavior\ReadHtmlCacheBehavior [ RunTime:0.000650s ]
INFO: [ app_begin ] --END-- [ RunTime:0.000744s ]
SQL: SHOW COLUMNS FROM `bl_article` [ RunTime:0.0039s ]
SQL: SELECT `aid` FROM `bl_article` ORDER BY wtime desc LIMIT 1   [ RunTime:0.0004s ]
SQL: SELECT `aid`,`title` FROM `bl_article` WHERE ( aid < 50 ) ORDER BY aid desc LIMIT 1   [ RunTime:0.0004s ]
SQL: SELECT * FROM `bl_article` INNER JOIN bl_author on bl_article.auid=bl_author.tid  WHERE ( aid=50 )  [ RunTime:0.0005s ]
SQL: SELECT `aid`,`title` FROM `bl_article` WHERE ( aid > 50 ) ORDER BY aid asc LIMIT 1   [ RunTime:0.0004s ]
SQL: SELECT `aid`,`title` FROM `bl_article` WHERE ( cid = (SELECT `cid` FROM `bl_article` WHERE ( aid = 50 ) ) ) ORDER BY wtime desc LIMIT 5   [ RunTime:0.0005s ]
INFO: [ view_parse ] --START--
INFO: [ template_filter ] --START--
INFO: Run Behavior\ContentReplaceBehavior [ RunTime:0.000138s ]
INFO: [ template_filter ] --END-- [ RunTime:0.000223s ]
INFO: Run Behavior\ParseTemplateBehavior [ RunTime:0.011588s ]
INFO: [ view_parse ] --END-- [ RunTime:0.011713s ]
INFO: [ view_filter ] --START--
INFO: Run Behavior\WriteHtmlCacheBehavior [ RunTime:0.000433s ]
INFO: [ view_filter ] --END-- [ RunTime:0.000512s ]
INFO: [ app_end ] --START--
INFO: Run Behavior\ShowPageTraceBehavior [ RunTime:0.000629s ]
INFO: [ app_end ] --END-- [ RunTime:0.000707s ]

[ 2017-03-26T10:08:18+08:00 ] 127.0.0.1 /Home/New/index.html
INFO: [ app_init ] --START--
INFO: Run Behavior\BuildLiteBehavior [ RunTime:0.000028s ]
INFO: [ app_init ] --END-- [ RunTime:0.000664s ]
INFO: [ app_begin ] --START--
INFO: Run Behavior\ReadHtmlCacheBehavior [ RunTime:0.000651s ]
INFO: [ app_begin ] --END-- [ RunTime:0.000743s ]
SQL: SHOW COLUMNS FROM `bl_article` [ RunTime:0.0035s ]
SQL: SELECT `aid` FROM `bl_article` ORDER BY wtime desc LIMIT 1   [ RunTime:0.0006s ]
SQL: SELECT `aid`,`title` FROM `bl_article` WHERE ( aid < 50 ) ORDER BY aid desc LIMIT 1   [ RunTime:0.0006s ]
SQL: SELECT * FROM `bl_article` INNER JOIN bl_author on bl_article.auid=bl_author.tid  WHERE ( aid=50 )  [ RunTime:0.0005s ]
SQL: SELECT `aid`,`title` FROM `bl_article` WHERE ( aid > 50 ) ORDER BY aid asc LIMIT 1   [ RunTime:0.0003s ]
SQL: SELECT `aid`,`title` FROM `bl_article` WHERE ( cid = (SELECT `cid` FROM `bl_article` WHERE ( aid = 50 ) ) ) ORDER BY wtime desc LIMIT 5   [ RunTime:0.0004s ]
INFO: [ view_parse ] --START--
INFO: [ template_filter ] --START--
INFO: Run Behavior\ContentReplaceBehavior [ RunTime:0.000117s ]
INFO: [ template_filter ] --END-- [ RunTime:0.000201s ]
INFO: Run Behavior\ParseTemplateBehavior [ RunTime:0.012574s ]
INFO: [ view_parse ] --END-- [ RunTime:0.012694s ]
INFO: [ view_filter ] --START--
INFO: Run Behavior\WriteHtmlCacheBehavior [ RunTime:0.000511s ]
INFO: [ view_filter ] --END-- [ RunTime:0.000598s ]
INFO: [ app_end ] --START--
INFO: Run Behavior\ShowPageTraceBehavior [ RunTime:0.000684s ]
INFO: [ app_end ] --END-- [ RunTime:0.000785s ]

[ 2017-03-26T10:08:23+08:00 ] 127.0.0.1 /Home/New/index.html
INFO: [ app_init ] --START--
INFO: Run Behavior\BuildLiteBehavior [ RunTime:0.000040s ]
INFO: [ app_init ] --END-- [ RunTime:0.000958s ]
INFO: [ app_begin ] --START--
INFO: Run Behavior\ReadHtmlCacheBehavior [ RunTime:0.001229s ]
INFO: [ app_begin ] --END-- [ RunTime:0.001393s ]
SQL: SHOW COLUMNS FROM `bl_article` [ RunTime:0.0034s ]
SQL: SELECT `aid` FROM `bl_article` ORDER BY wtime desc LIMIT 1   [ RunTime:0.0004s ]
SQL: SELECT `aid`,`title` FROM `bl_article` WHERE ( aid < 50 ) ORDER BY aid desc LIMIT 1   [ RunTime:0.0003s ]
SQL: SELECT * FROM `bl_article` INNER JOIN bl_author on bl_article.auid=bl_author.tid  WHERE ( aid=50 )  [ RunTime:0.0005s ]
SQL: SELECT `aid`,`title` FROM `bl_article` WHERE ( aid > 50 ) ORDER BY aid asc LIMIT 1   [ RunTime:0.0003s ]
SQL: SELECT `aid`,`title` FROM `bl_article` WHERE ( cid = (SELECT `cid` FROM `bl_article` WHERE ( aid = 50 ) ) ) ORDER BY wtime desc LIMIT 5   [ RunTime:0.0004s ]
INFO: [ view_parse ] --START--
INFO: [ template_filter ] --START--
INFO: Run Behavior\ContentReplaceBehavior [ RunTime:0.000092s ]
INFO: [ template_filter ] --END-- [ RunTime:0.000173s ]
INFO: Run Behavior\ParseTemplateBehavior [ RunTime:0.011774s ]
INFO: [ view_parse ] --END-- [ RunTime:0.011887s ]
INFO: [ view_filter ] --START--
INFO: Run Behavior\WriteHtmlCacheBehavior [ RunTime:0.000474s ]
INFO: [ view_filter ] --END-- [ RunTime:0.000545s ]
INFO: [ app_end ] --START--
INFO: Run Behavior\ShowPageTraceBehavior [ RunTime:0.000710s ]
INFO: [ app_end ] --END-- [ RunTime:0.000785s ]

[ 2017-03-26T10:08:25+08:00 ] 127.0.0.1 /Home/New/index.html
INFO: [ app_init ] --START--
INFO: Run Behavior\BuildLiteBehavior [ RunTime:0.000035s ]
INFO: [ app_init ] --END-- [ RunTime:0.000721s ]
INFO: [ app_begin ] --START--
INFO: Run Behavior\ReadHtmlCacheBehavior [ RunTime:0.001015s ]
INFO: [ app_begin ] --END-- [ RunTime:0.001156s ]
SQL: SHOW COLUMNS FROM `bl_article` [ RunTime:0.0037s ]
SQL: SELECT `aid` FROM `bl_article` ORDER BY wtime desc LIMIT 1   [ RunTime:0.0004s ]
SQL: SELECT `aid`,`title` FROM `bl_article` WHERE ( aid < 50 ) ORDER BY aid desc LIMIT 1   [ RunTime:0.0004s ]
SQL: SELECT * FROM `bl_article` INNER JOIN bl_author on bl_article.auid=bl_author.tid  WHERE ( aid=50 )  [ RunTime:0.0005s ]
SQL: SELECT `aid`,`title` FROM `bl_article` WHERE ( aid > 50 ) ORDER BY aid asc LIMIT 1   [ RunTime:0.0004s ]
SQL: SELECT `aid`,`title` FROM `bl_article` WHERE ( cid = (SELECT `cid` FROM `bl_article` WHERE ( aid = 50 ) ) ) ORDER BY wtime desc LIMIT 5   [ RunTime:0.0005s ]
INFO: [ view_parse ] --START--
INFO: [ template_filter ] --START--
INFO: Run Behavior\ContentReplaceBehavior [ RunTime:0.000091s ]
INFO: [ template_filter ] --END-- [ RunTime:0.000170s ]
INFO: Run Behavior\ParseTemplateBehavior [ RunTime:0.011641s ]
INFO: [ view_parse ] --END-- [ RunTime:0.011750s ]
INFO: [ view_filter ] --START--
INFO: Run Behavior\WriteHtmlCacheBehavior [ RunTime:0.000300s ]
INFO: [ view_filter ] --END-- [ RunTime:0.000369s ]
INFO: [ app_end ] --START--
INFO: Run Behavior\ShowPageTraceBehavior [ RunTime:0.000563s ]
INFO: [ app_end ] --END-- [ RunTime:0.000637s ]

[ 2017-03-26T10:08:27+08:00 ] 127.0.0.1 /Home/Index/index.html
INFO: [ app_init ] --START--
INFO: Run Behavior\BuildLiteBehavior [ RunTime:0.000029s ]
INFO: [ app_init ] --END-- [ RunTime:0.000510s ]
INFO: [ app_begin ] --START--
INFO: Run Behavior\ReadHtmlCacheBehavior [ RunTime:0.000975s ]
INFO: [ app_begin ] --END-- [ RunTime:0.001128s ]
SQL: SHOW COLUMNS FROM `bl_article` [ RunTime:0.0038s ]
SQL: SELECT * FROM `bl_article` INNER JOIN bl_author on bl_article.auid = bl_author.tid INNER JOIN bl_category on bl_article.cid = bl_category.gid  ORDER BY bl_article.aid desc LIMIT 0,5   [ RunTime:0.0044s ]
SQL: SELECT `title` FROM `bl_article` WHERE `hot` = 1 ORDER BY aid desc LIMIT 20   [ RunTime:0.0004s ]
INFO: [ view_parse ] --START--
INFO: [ template_filter ] --START--
INFO: Run Behavior\ContentReplaceBehavior [ RunTime:0.000101s ]
INFO: [ template_filter ] --END-- [ RunTime:0.000207s ]
INFO: Run Behavior\ParseTemplateBehavior [ RunTime:0.018033s ]
INFO: [ view_parse ] --END-- [ RunTime:0.018195s ]
INFO: [ view_filter ] --START--
INFO: Run Behavior\WriteHtmlCacheBehavior [ RunTime:0.000880s ]
INFO: [ view_filter ] --END-- [ RunTime:0.000988s ]
INFO: [ app_end ] --START--
INFO: Run Behavior\ShowPageTraceBehavior [ RunTime:0.000595s ]
INFO: [ app_end ] --END-- [ RunTime:0.000678s ]

[ 2017-03-26T10:08:29+08:00 ] 127.0.0.1 /Home/Newlist/index.html
INFO: [ app_init ] --START--
INFO: Run Behavior\BuildLiteBehavior [ RunTime:0.000025s ]
INFO: [ app_init ] --END-- [ RunTime:0.000493s ]
INFO: [ app_begin ] --START--
INFO: Run Behavior\ReadHtmlCacheBehavior [ RunTime:0.000653s ]
INFO: [ app_begin ] --END-- [ RunTime:0.000754s ]
SQL: SHOW COLUMNS FROM `bl_article` [ RunTime:0.0035s ]
SQL: SELECT COUNT(*) AS tp_count FROM `bl_article` WHERE ( status = 1 ) LIMIT 1   [ RunTime:0.0005s ]
SQL: SELECT * FROM `bl_article` INNER JOIN bl_author on bl_article.auid=bl_author.tid INNER JOIN bl_category on bl_article.cid=bl_category.gid  WHERE ( bl_article.status = 1 ) ORDER BY wtime desc LIMIT 0,8   [ RunTime:0.0078s ]
INFO: [ view_parse ] --START--
INFO: [ template_filter ] --START--
INFO: Run Behavior\ContentReplaceBehavior [ RunTime:0.000212s ]
INFO: [ template_filter ] --END-- [ RunTime:0.000605s ]
INFO: Run Behavior\ParseTemplateBehavior [ RunTime:0.018925s ]
INFO: [ view_parse ] --END-- [ RunTime:0.019080s ]
INFO: [ view_filter ] --START--
INFO: Run Behavior\WriteHtmlCacheBehavior [ RunTime:0.000526s ]
INFO: [ view_filter ] --END-- [ RunTime:0.000637s ]
INFO: [ app_end ] --START--
INFO: Run Behavior\ShowPageTraceBehavior [ RunTime:0.000636s ]
INFO: [ app_end ] --END-- [ RunTime:0.000722s ]

[ 2017-03-26T10:08:32+08:00 ] 127.0.0.1 /Home/New/index/id/45.html
INFO: [ app_init ] --START--
INFO: Run Behavior\BuildLiteBehavior [ RunTime:0.000033s ]
INFO: [ app_init ] --END-- [ RunTime:0.000700s ]
INFO: [ app_begin ] --START--
INFO: Run Behavior\ReadHtmlCacheBehavior [ RunTime:0.000715s ]
INFO: [ app_begin ] --END-- [ RunTime:0.000801s ]
SQL: SHOW COLUMNS FROM `bl_article` [ RunTime:0.0028s ]
SQL: SELECT `aid` FROM `bl_article` ORDER BY wtime desc LIMIT 1   [ RunTime:0.0005s ]
SQL: SELECT `aid`,`title` FROM `bl_article` WHERE ( aid < 45 ) ORDER BY aid desc LIMIT 1   [ RunTime:0.0005s ]
SQL: SELECT * FROM `bl_article` INNER JOIN bl_author on bl_article.auid=bl_author.tid  WHERE ( aid=45 )  [ RunTime:0.0005s ]
SQL: SELECT `aid`,`title` FROM `bl_article` WHERE ( aid > 45 ) ORDER BY aid asc LIMIT 1   [ RunTime:0.0005s ]
SQL: SELECT `aid`,`title` FROM `bl_article` WHERE ( cid = (SELECT `cid` FROM `bl_article` WHERE ( aid = 45 ) ) ) ORDER BY wtime desc LIMIT 5   [ RunTime:0.0005s ]
INFO: [ view_parse ] --START--
INFO: [ template_filter ] --START--
INFO: Run Behavior\ContentReplaceBehavior [ RunTime:0.000113s ]
INFO: [ template_filter ] --END-- [ RunTime:0.000210s ]
INFO: Run Behavior\ParseTemplateBehavior [ RunTime:0.012030s ]
INFO: [ view_parse ] --END-- [ RunTime:0.012127s ]
INFO: [ view_filter ] --START--
INFO: Run Behavior\WriteHtmlCacheBehavior [ RunTime:0.000427s ]
INFO: [ view_filter ] --END-- [ RunTime:0.000513s ]
INFO: [ app_end ] --START--
INFO: Run Behavior\ShowPageTraceBehavior [ RunTime:0.000673s ]
INFO: [ app_end ] --END-- [ RunTime:0.000749s ]

[ 2017-03-26T10:08:36+08:00 ] 127.0.0.1 /Home/New/index.html
INFO: [ app_init ] --START--
INFO: Run Behavior\BuildLiteBehavior [ RunTime:0.000031s ]
INFO: [ app_init ] --END-- [ RunTime:0.000760s ]
INFO: [ app_begin ] --START--
INFO: Run Behavior\ReadHtmlCacheBehavior [ RunTime:0.000665s ]
INFO: [ app_begin ] --END-- [ RunTime:0.000748s ]
SQL: SHOW COLUMNS FROM `bl_article` [ RunTime:0.0033s ]
SQL: SELECT `aid` FROM `bl_article` ORDER BY wtime desc LIMIT 1   [ RunTime:0.0004s ]
SQL: SELECT `aid`,`title` FROM `bl_article` WHERE ( aid < 50 ) ORDER BY aid desc LIMIT 1   [ RunTime:0.0003s ]
SQL: SELECT * FROM `bl_article` INNER JOIN bl_author on bl_article.auid=bl_author.tid  WHERE ( aid=50 )  [ RunTime:0.0004s ]
SQL: SELECT `aid`,`title` FROM `bl_article` WHERE ( aid > 50 ) ORDER BY aid asc LIMIT 1   [ RunTime:0.0003s ]
SQL: SELECT `aid`,`title` FROM `bl_article` WHERE ( cid = (SELECT `cid` FROM `bl_article` WHERE ( aid = 50 ) ) ) ORDER BY wtime desc LIMIT 5   [ RunTime:0.0004s ]
INFO: [ view_parse ] --START--
INFO: [ template_filter ] --START--
INFO: Run Behavior\ContentReplaceBehavior [ RunTime:0.000133s ]
INFO: [ template_filter ] --END-- [ RunTime:0.000219s ]
INFO: Run Behavior\ParseTemplateBehavior [ RunTime:0.011893s ]
INFO: [ view_parse ] --END-- [ RunTime:0.011997s ]
INFO: [ view_filter ] --START--
INFO: Run Behavior\WriteHtmlCacheBehavior [ RunTime:0.000426s ]
INFO: [ view_filter ] --END-- [ RunTime:0.000499s ]
INFO: [ app_end ] --START--
INFO: Run Behavior\ShowPageTraceBehavior [ RunTime:0.000632s ]
INFO: [ app_end ] --END-- [ RunTime:0.000706s ]

[ 2017-03-26T10:08:47+08:00 ] 127.0.0.1 /Home/Share/index.html
INFO: [ app_init ] --START--
INFO: Run Behavior\BuildLiteBehavior [ RunTime:0.000028s ]
INFO: [ app_init ] --END-- [ RunTime:0.000616s ]
INFO: [ app_begin ] --START--
INFO: Run Behavior\ReadHtmlCacheBehavior [ RunTime:0.000929s ]
INFO: [ app_begin ] --END-- [ RunTime:0.001101s ]
INFO: [ view_parse ] --START--
INFO: [ template_filter ] --START--
INFO: Run Behavior\ContentReplaceBehavior [ RunTime:0.000125s ]
INFO: [ template_filter ] --END-- [ RunTime:0.000216s ]
INFO: Run Behavior\ParseTemplateBehavior [ RunTime:0.030176s ]
INFO: [ view_parse ] --END-- [ RunTime:0.030266s ]
INFO: [ view_filter ] --START--
INFO: Run Behavior\WriteHtmlCacheBehavior [ RunTime:0.000376s ]
INFO: [ view_filter ] --END-- [ RunTime:0.000448s ]
INFO: [ app_end ] --START--
INFO: Run Behavior\ShowPageTraceBehavior [ RunTime:0.000860s ]
INFO: [ app_end ] --END-- [ RunTime:0.000965s ]

[ 2017-03-26T10:08:59+08:00 ] 127.0.0.1 /Home/New/index.html
INFO: [ app_init ] --START--
INFO: Run Behavior\BuildLiteBehavior [ RunTime:0.000027s ]
INFO: [ app_init ] --END-- [ RunTime:0.000599s ]
INFO: [ app_begin ] --START--
INFO: Run Behavior\ReadHtmlCacheBehavior [ RunTime:0.000701s ]
INFO: [ app_begin ] --END-- [ RunTime:0.000796s ]
SQL: SHOW COLUMNS FROM `bl_article` [ RunTime:0.0036s ]
SQL: SELECT `aid` FROM `bl_article` ORDER BY wtime desc LIMIT 1   [ RunTime:0.0004s ]
SQL: SELECT `aid`,`title` FROM `bl_article` WHERE ( aid < 50 ) ORDER BY aid desc LIMIT 1   [ RunTime:0.0003s ]
SQL: SELECT * FROM `bl_article` INNER JOIN bl_author on bl_article.auid=bl_author.tid  WHERE ( aid=50 )  [ RunTime:0.0004s ]
SQL: SELECT `aid`,`title` FROM `bl_article` WHERE ( aid > 50 ) ORDER BY aid asc LIMIT 1   [ RunTime:0.0003s ]
SQL: SELECT `aid`,`title` FROM `bl_article` WHERE ( cid = (SELECT `cid` FROM `bl_article` WHERE ( aid = 50 ) ) ) ORDER BY wtime desc LIMIT 5   [ RunTime:0.0004s ]
INFO: [ view_parse ] --START--
INFO: [ template_filter ] --START--
INFO: Run Behavior\ContentReplaceBehavior [ RunTime:0.000092s ]
INFO: [ template_filter ] --END-- [ RunTime:0.000176s ]
INFO: Run Behavior\ParseTemplateBehavior [ RunTime:0.012788s ]
INFO: [ view_parse ] --END-- [ RunTime:0.012891s ]
INFO: [ view_filter ] --START--
INFO: Run Behavior\WriteHtmlCacheBehavior [ RunTime:0.000408s ]
INFO: [ view_filter ] --END-- [ RunTime:0.000481s ]
INFO: [ app_end ] --START--
INFO: Run Behavior\ShowPageTraceBehavior [ RunTime:0.000628s ]
INFO: [ app_end ] --END-- [ RunTime:0.000704s ]

[ 2017-03-26T10:48:10+08:00 ] 127.0.0.1 /Home/New/index.html
INFO: [ app_init ] --START--
INFO: Run Behavior\BuildLiteBehavior [ RunTime:0.000021s ]
INFO: [ app_init ] --END-- [ RunTime:0.000561s ]
INFO: [ app_begin ] --START--
INFO: Run Behavior\ReadHtmlCacheBehavior [ RunTime:0.001442s ]
INFO: [ app_begin ] --END-- [ RunTime:0.001664s ]
SQL: SHOW COLUMNS FROM `bl_article` [ RunTime:0.0035s ]
SQL: SELECT `aid` FROM `bl_article` ORDER BY wtime desc LIMIT 1   [ RunTime:0.0007s ]
SQL: SELECT `aid`,`title` FROM `bl_article` WHERE ( aid < 50 ) ORDER BY aid desc LIMIT 1   [ RunTime:0.0006s ]
SQL: SELECT * FROM `bl_article` INNER JOIN bl_author on bl_article.auid=bl_author.tid  WHERE ( aid=50 )  [ RunTime:0.0005s ]
SQL: SELECT `aid`,`title` FROM `bl_article` WHERE ( aid > 50 ) ORDER BY aid asc LIMIT 1   [ RunTime:0.0003s ]
SQL: SELECT `aid`,`title` FROM `bl_article` WHERE ( cid = (SELECT `cid` FROM `bl_article` WHERE ( aid = 50 ) ) ) ORDER BY wtime desc LIMIT 5   [ RunTime:0.0004s ]
INFO: [ view_parse ] --START--
INFO: [ template_filter ] --START--
INFO: Run Behavior\ContentReplaceBehavior [ RunTime:0.000096s ]
INFO: [ template_filter ] --END-- [ RunTime:0.000180s ]
INFO: Run Behavior\ParseTemplateBehavior [ RunTime:0.013291s ]
INFO: [ view_parse ] --END-- [ RunTime:0.013451s ]
INFO: [ view_filter ] --START--
INFO: Run Behavior\WriteHtmlCacheBehavior [ RunTime:0.000938s ]
INFO: [ view_filter ] --END-- [ RunTime:0.001031s ]
INFO: [ app_end ] --START--
INFO: Run Behavior\ShowPageTraceBehavior [ RunTime:0.000888s ]
INFO: [ app_end ] --END-- [ RunTime:0.000968s ]

[ 2017-03-26T10:49:00+08:00 ] 127.0.0.1 /Home/New/index.html
INFO: [ app_init ] --START--
INFO: Run Behavior\BuildLiteBehavior [ RunTime:0.000031s ]
INFO: [ app_init ] --END-- [ RunTime:0.000753s ]
INFO: [ app_begin ] --START--
INFO: Run Behavior\ReadHtmlCacheBehavior [ RunTime:0.001158s ]
INFO: [ app_begin ] --END-- [ RunTime:0.001299s ]
SQL: SHOW COLUMNS FROM `bl_article` [ RunTime:0.0042s ]
SQL: SELECT `aid` FROM `bl_article` ORDER BY wtime desc LIMIT 1   [ RunTime:0.0004s ]
SQL: SELECT `aid`,`title` FROM `bl_article` WHERE ( aid < 50 ) ORDER BY aid desc LIMIT 1   [ RunTime:0.0003s ]
SQL: SELECT * FROM `bl_article` INNER JOIN bl_author on bl_article.auid=bl_author.tid  WHERE ( aid=50 )  [ RunTime:0.0005s ]
SQL: SELECT `aid`,`title` FROM `bl_article` WHERE ( aid > 50 ) ORDER BY aid asc LIMIT 1   [ RunTime:0.0006s ]
SQL: SELECT `aid`,`title` FROM `bl_article` WHERE ( cid = (SELECT `cid` FROM `bl_article` WHERE ( aid = 50 ) ) ) ORDER BY wtime desc LIMIT 5   [ RunTime:0.0004s ]
INFO: [ view_parse ] --START--
INFO: [ template_filter ] --START--
INFO: Run Behavior\ContentReplaceBehavior [ RunTime:0.000151s ]
INFO: [ template_filter ] --END-- [ RunTime:0.000274s ]
INFO: Run Behavior\ParseTemplateBehavior [ RunTime:0.013051s ]
INFO: [ view_parse ] --END-- [ RunTime:0.013146s ]
INFO: [ view_filter ] --START--
INFO: Run Behavior\WriteHtmlCacheBehavior [ RunTime:0.000562s ]
INFO: [ view_filter ] --END-- [ RunTime:0.000636s ]
INFO: [ app_end ] --START--
INFO: Run Behavior\ShowPageTraceBehavior [ RunTime:0.000714s ]
INFO: [ app_end ] --END-- [ RunTime:0.000787s ]

