[ 2017-04-16T21:45:32+08:00 ] 127.0.0.1 /
INFO: [ app_init ] --START--
INFO: Run Behavior\BuildLiteBehavior [ RunTime:0.000000s ]
INFO: [ app_init ] --END-- [ RunTime:0.030002s ]
INFO: [ app_begin ] --START--
INFO: Run Behavior\ReadHtmlCacheBehavior [ RunTime:0.014001s ]
INFO: [ app_begin ] --END-- [ RunTime:0.016001s ]
NOTIC: [2] session_start(): open(E:/wamp/tmp\sess_vh2e8h9thvr7qf5tn4qua7ek70, O_RDWR) failed: No such file or directory (2) E:\www\blog\ThinkPHP\Common\functions.php 第 1263 行.

[ 2017-04-16T21:52:44+08:00 ] 127.0.0.1 /
INFO: [ app_init ] --START--
INFO: Run Behavior\BuildLiteBehavior [ RunTime:0.000000s ]
INFO: [ app_init ] --END-- [ RunTime:0.000000s ]
INFO: [ app_begin ] --START--
INFO: Run Behavior\ReadHtmlCacheBehavior [ RunTime:0.000000s ]
INFO: [ app_begin ] --END-- [ RunTime:0.000000s ]
NOTIC: [2] session_start(): open(E:/wamp/tmp\sess_vh2e8h9thvr7qf5tn4qua7ek70, O_RDWR) failed: No such file or directory (2) E:\www\blog\ThinkPHP\Common\functions.php 第 1263 行.

[ 2017-04-16T21:54:01+08:00 ] 127.0.0.1 /
INFO: [ app_init ] --START--
INFO: Run Behavior\BuildLiteBehavior [ RunTime:0.000000s ]
INFO: [ app_init ] --END-- [ RunTime:0.000000s ]
INFO: [ app_begin ] --START--
INFO: Run Behavior\ReadHtmlCacheBehavior [ RunTime:0.001000s ]
INFO: [ app_begin ] --END-- [ RunTime:0.001000s ]
NOTIC: [2] session_start(): open(E:/wamp/tmp\sess_vh2e8h9thvr7qf5tn4qua7ek70, O_RDWR) failed: No such file or directory (2) E:\www\blog\ThinkPHP\Common\functions.php 第 1263 行.

[ 2017-04-16T21:56:53+08:00 ] 127.0.0.1 /
INFO: [ app_init ] --START--
INFO: Run Behavior\BuildLiteBehavior [ RunTime:0.000000s ]
INFO: [ app_init ] --END-- [ RunTime:0.001000s ]
INFO: [ app_begin ] --START--
INFO: Run Behavior\ReadHtmlCacheBehavior [ RunTime:0.001000s ]
INFO: [ app_begin ] --END-- [ RunTime:0.001000s ]
NOTIC: [2] session_start(): open(E:/wamp/tmp\sess_vh2e8h9thvr7qf5tn4qua7ek70, O_RDWR) failed: No such file or directory (2) E:\www\blog\ThinkPHP\Common\functions.php 第 1263 行.

[ 2017-04-16T21:56:54+08:00 ] 127.0.0.1 /
INFO: [ app_init ] --START--
INFO: Run Behavior\BuildLiteBehavior [ RunTime:0.000000s ]
INFO: [ app_init ] --END-- [ RunTime:0.001001s ]
INFO: [ app_begin ] --START--
INFO: Run Behavior\ReadHtmlCacheBehavior [ RunTime:0.001000s ]
INFO: [ app_begin ] --END-- [ RunTime:0.001000s ]
NOTIC: [2] session_start(): open(E:/wamp/tmp\sess_vh2e8h9thvr7qf5tn4qua7ek70, O_RDWR) failed: No such file or directory (2) E:\www\blog\ThinkPHP\Common\functions.php 第 1263 行.

[ 2017-04-16T21:59:18+08:00 ] 127.0.0.1 /
INFO: [ app_init ] --START--
INFO: Run Behavior\BuildLiteBehavior [ RunTime:0.000000s ]
INFO: [ app_init ] --END-- [ RunTime:0.000000s ]
INFO: [ app_begin ] --START--
INFO: Run Behavior\ReadHtmlCacheBehavior [ RunTime:0.000000s ]
INFO: [ app_begin ] --END-- [ RunTime:0.000000s ]
NOTIC: [2] session_start(): open(E:/wamp/tmp\sess_vh2e8h9thvr7qf5tn4qua7ek70, O_RDWR) failed: No such file or directory (2) E:\www\blog\ThinkPHP\Common\functions.php 第 1263 行.

[ 2017-04-16T22:01:40+08:00 ] 127.0.0.1 /
INFO: [ app_init ] --START--
INFO: Run Behavior\BuildLiteBehavior [ RunTime:0.001000s ]
INFO: [ app_init ] --END-- [ RunTime:0.001000s ]
INFO: [ app_begin ] --START--
INFO: Run Behavior\ReadHtmlCacheBehavior [ RunTime:0.001000s ]
INFO: [ app_begin ] --END-- [ RunTime:0.001000s ]
NOTIC: [2] session_start(): open(E:/wamp/tmp\sess_vh2e8h9thvr7qf5tn4qua7ek70, O_RDWR) failed: No such file or directory (2) E:\www\blog\ThinkPHP\Common\functions.php 第 1263 行.

