[ 2017-05-13T10:05:32+08:00 ] 127.0.0.1 /
INFO: [ app_init ] --START--
INFO: Run Behavior\BuildLiteBehavior [ RunTime:0.000000s ]
INFO: [ app_init ] --END-- [ RunTime:0.091006s ]
INFO: [ app_begin ] --START--
INFO: Run Behavior\ReadHtmlCacheBehavior [ RunTime:0.002000s ]
INFO: [ app_begin ] --END-- [ RunTime:0.002000s ]
SQL: SHOW COLUMNS FROM `bl_article` [ RunTime:0.1140s ]
SQL: SELECT * FROM `bl_article` INNER JOIN bl_author on bl_article.auid = bl_author.tid INNER JOIN bl_category on bl_article.cid = bl_category.gid  ORDER BY bl_article.aid desc LIMIT 0,5   [ RunTime:0.1870s ]
SQL: SELECT `title` FROM `bl_article` WHERE `hot` = 1 ORDER BY aid desc LIMIT 20   [ RunTime:0.0130s ]
INFO: [ view_parse ] --START--
INFO: [ template_filter ] --START--
INFO: Run Behavior\ContentReplaceBehavior [ RunTime:0.001000s ]
INFO: [ template_filter ] --END-- [ RunTime:0.002000s ]
INFO: Run Behavior\ParseTemplateBehavior [ RunTime:0.186010s ]
INFO: [ view_parse ] --END-- [ RunTime:0.187011s ]
INFO: [ view_filter ] --START--
INFO: Run Behavior\WriteHtmlCacheBehavior [ RunTime:0.020001s ]
INFO: [ view_filter ] --END-- [ RunTime:0.020001s ]
INFO: [ app_end ] --START--
INFO: Run Behavior\ShowPageTraceBehavior [ RunTime:0.016001s ]
INFO: [ app_end ] --END-- [ RunTime:0.018001s ]

[ 2017-05-13T10:05:37+08:00 ] 127.0.0.1 /Home/New/index/id/44.html
INFO: [ app_init ] --START--
INFO: Run Behavior\BuildLiteBehavior [ RunTime:0.000000s ]
INFO: [ app_init ] --END-- [ RunTime:0.002000s ]
INFO: [ app_begin ] --START--
INFO: Run Behavior\ReadHtmlCacheBehavior [ RunTime:0.001000s ]
INFO: [ app_begin ] --END-- [ RunTime:0.002001s ]
SQL: SHOW COLUMNS FROM `bl_article` [ RunTime:0.0040s ]
SQL: SELECT `aid` FROM `bl_article` ORDER BY wtime desc LIMIT 1   [ RunTime:0.0010s ]
SQL: SELECT `aid`,`title` FROM `bl_article` WHERE ( aid < 44 ) ORDER BY aid desc LIMIT 1   [ RunTime:0.0220s ]
SQL: SELECT * FROM `bl_article` INNER JOIN bl_author on bl_article.auid=bl_author.tid  WHERE ( aid=44 )  [ RunTime:0.0010s ]
SQL: SELECT `aid`,`title` FROM `bl_article` WHERE ( aid > 44 ) ORDER BY aid asc LIMIT 1   [ RunTime:0.0010s ]
SQL: SELECT `aid`,`title` FROM `bl_article` WHERE ( cid = (SELECT `cid` FROM `bl_article` WHERE ( aid = 44 ) ) ) ORDER BY wtime desc LIMIT 5   [ RunTime:0.1340s ]
INFO: [ view_parse ] --START--
INFO: [ template_filter ] --START--
INFO: Run Behavior\ContentReplaceBehavior [ RunTime:0.015001s ]
INFO: [ template_filter ] --END-- [ RunTime:0.015001s ]
INFO: Run Behavior\ParseTemplateBehavior [ RunTime:0.177010s ]
INFO: [ view_parse ] --END-- [ RunTime:0.179010s ]
INFO: [ view_filter ] --START--
INFO: Run Behavior\WriteHtmlCacheBehavior [ RunTime:0.000000s ]
INFO: [ view_filter ] --END-- [ RunTime:0.000000s ]
INFO: [ app_end ] --START--
INFO: Run Behavior\ShowPageTraceBehavior [ RunTime:0.001000s ]
INFO: [ app_end ] --END-- [ RunTime:0.001000s ]

[ 2017-05-13T15:27:24+08:00 ] 127.0.0.1 /
INFO: [ app_init ] --START--
INFO: Run Behavior\BuildLiteBehavior [ RunTime:0.000000s ]
INFO: [ app_init ] --END-- [ RunTime:0.034002s ]
INFO: [ app_begin ] --START--
INFO: Run Behavior\ReadHtmlCacheBehavior [ RunTime:0.021001s ]
INFO: [ app_begin ] --END-- [ RunTime:0.021001s ]
SQL: SHOW COLUMNS FROM `bl_article` [ RunTime:0.2230s ]
SQL: SELECT * FROM `bl_article` INNER JOIN bl_author on bl_article.auid = bl_author.tid INNER JOIN bl_category on bl_article.cid = bl_category.gid  ORDER BY bl_article.aid desc LIMIT 0,5   [ RunTime:0.3160s ]
SQL: SELECT `title` FROM `bl_article` WHERE `hot` = 1 ORDER BY aid desc LIMIT 20   [ RunTime:0.0010s ]
INFO: [ view_parse ] --START--
INFO: [ template_filter ] --START--
INFO: Run Behavior\ContentReplaceBehavior [ RunTime:0.023001s ]
INFO: [ template_filter ] --END-- [ RunTime:0.023001s ]
INFO: Run Behavior\ParseTemplateBehavior [ RunTime:0.259015s ]
INFO: [ view_parse ] --END-- [ RunTime:0.259015s ]
INFO: [ view_filter ] --START--
INFO: Run Behavior\WriteHtmlCacheBehavior [ RunTime:0.043002s ]
INFO: [ view_filter ] --END-- [ RunTime:0.043002s ]
INFO: [ app_end ] --START--
INFO: Run Behavior\ShowPageTraceBehavior [ RunTime:0.112006s ]
INFO: [ app_end ] --END-- [ RunTime:0.113007s ]

[ 2017-05-13T20:16:28+08:00 ] 127.0.0.1 /
INFO: [ app_init ] --START--
INFO: Run Behavior\BuildLiteBehavior [ RunTime:0.000000s ]
INFO: [ app_init ] --END-- [ RunTime:0.001000s ]
INFO: [ app_begin ] --START--
INFO: Run Behavior\ReadHtmlCacheBehavior [ RunTime:0.001000s ]
INFO: [ app_begin ] --END-- [ RunTime:0.002000s ]
SQL: SHOW COLUMNS FROM `bl_article` [ RunTime:0.0040s ]
SQL: SELECT * FROM `bl_article` INNER JOIN bl_author on bl_article.auid = bl_author.tid INNER JOIN bl_category on bl_article.cid = bl_category.gid  ORDER BY bl_article.aid desc LIMIT 0,5   [ RunTime:0.0190s ]
SQL: SELECT `title` FROM `bl_article` WHERE `hot` = 1 ORDER BY aid desc LIMIT 20   [ RunTime:0.0120s ]
INFO: [ view_parse ] --START--
INFO: [ template_filter ] --START--
INFO: Run Behavior\ContentReplaceBehavior [ RunTime:0.001000s ]
INFO: [ template_filter ] --END-- [ RunTime:0.001000s ]
INFO: Run Behavior\ParseTemplateBehavior [ RunTime:0.088006s ]
INFO: [ view_parse ] --END-- [ RunTime:0.088006s ]
INFO: [ view_filter ] --START--
INFO: Run Behavior\WriteHtmlCacheBehavior [ RunTime:0.001000s ]
INFO: [ view_filter ] --END-- [ RunTime:0.001000s ]
INFO: [ app_end ] --START--
INFO: Run Behavior\ShowPageTraceBehavior [ RunTime:0.001000s ]
INFO: [ app_end ] --END-- [ RunTime:0.001000s ]

[ 2017-05-13T20:16:31+08:00 ] 127.0.0.1 /Home/Newlist/index.html
INFO: [ app_init ] --START--
INFO: Run Behavior\BuildLiteBehavior [ RunTime:0.000000s ]
INFO: [ app_init ] --END-- [ RunTime:0.001000s ]
INFO: [ app_begin ] --START--
INFO: Run Behavior\ReadHtmlCacheBehavior [ RunTime:0.001000s ]
INFO: [ app_begin ] --END-- [ RunTime:0.001000s ]
SQL: SHOW COLUMNS FROM `bl_article` [ RunTime:0.0040s ]
SQL: SELECT COUNT(*) AS tp_count FROM `bl_article` WHERE ( status = 1 ) LIMIT 1   [ RunTime:0.0000s ]
SQL: SELECT * FROM `bl_article` INNER JOIN bl_author on bl_article.auid=bl_author.tid INNER JOIN bl_category on bl_article.cid=bl_category.gid  WHERE ( bl_article.status = 1 ) ORDER BY wtime desc LIMIT 0,8   [ RunTime:0.0050s ]
SQL: SELECT `aid`,`title` FROM `bl_article` ORDER BY red desc LIMIT 9   [ RunTime:0.0000s ]
SQL: SHOW COLUMNS FROM `bl_category` [ RunTime:0.0040s ]
SQL: SELECT `gid`,`cname` FROM `bl_category`  [ RunTime:0.0010s ]
INFO: [ view_parse ] --START--
INFO: [ template_filter ] --START--
INFO: Run Behavior\ContentReplaceBehavior [ RunTime:0.001000s ]
INFO: [ template_filter ] --END-- [ RunTime:0.001000s ]
INFO: Run Behavior\ParseTemplateBehavior [ RunTime:0.068004s ]
INFO: [ view_parse ] --END-- [ RunTime:0.068004s ]
INFO: [ view_filter ] --START--
INFO: Run Behavior\WriteHtmlCacheBehavior [ RunTime:0.001000s ]
INFO: [ view_filter ] --END-- [ RunTime:0.001000s ]
INFO: [ app_end ] --START--
INFO: Run Behavior\ShowPageTraceBehavior [ RunTime:0.001000s ]
INFO: [ app_end ] --END-- [ RunTime:0.002000s ]

[ 2017-05-13T20:43:20+08:00 ] 127.0.0.1 /Home/Newlist/index/p/3.html
INFO: [ app_init ] --START--
INFO: Run Behavior\BuildLiteBehavior [ RunTime:0.000000s ]
INFO: [ app_init ] --END-- [ RunTime:0.000000s ]
INFO: [ app_begin ] --START--
INFO: Run Behavior\ReadHtmlCacheBehavior [ RunTime:0.002000s ]
INFO: [ app_begin ] --END-- [ RunTime:0.002000s ]
SQL: SHOW COLUMNS FROM `bl_article` [ RunTime:0.0030s ]
SQL: SELECT COUNT(*) AS tp_count FROM `bl_article` WHERE ( status = 1 ) LIMIT 1   [ RunTime:0.0010s ]
SQL: SELECT * FROM `bl_article` INNER JOIN bl_author on bl_article.auid=bl_author.tid INNER JOIN bl_category on bl_article.cid=bl_category.gid  WHERE ( bl_article.status = 1 ) ORDER BY wtime desc LIMIT 16,8   [ RunTime:0.0040s ]
SQL: SELECT `aid`,`title` FROM `bl_article` ORDER BY red desc LIMIT 9   [ RunTime:0.0010s ]
SQL: SHOW COLUMNS FROM `bl_category` [ RunTime:0.0040s ]
SQL: SELECT `gid`,`cname` FROM `bl_category`  [ RunTime:0.0010s ]
INFO: [ view_parse ] --START--
INFO: [ template_filter ] --START--
INFO: Run Behavior\ContentReplaceBehavior [ RunTime:0.001000s ]
INFO: [ template_filter ] --END-- [ RunTime:0.001000s ]
INFO: Run Behavior\ParseTemplateBehavior [ RunTime:0.032002s ]
INFO: [ view_parse ] --END-- [ RunTime:0.032002s ]
INFO: [ view_filter ] --START--
INFO: Run Behavior\WriteHtmlCacheBehavior [ RunTime:0.000000s ]
INFO: [ view_filter ] --END-- [ RunTime:0.001000s ]
INFO: [ app_end ] --START--
INFO: Run Behavior\ShowPageTraceBehavior [ RunTime:0.001000s ]
INFO: [ app_end ] --END-- [ RunTime:0.001000s ]

[ 2017-05-13T20:43:33+08:00 ] 127.0.0.1 /Home/Newlist/index/p/4.html
INFO: [ app_init ] --START--
INFO: Run Behavior\BuildLiteBehavior [ RunTime:0.001000s ]
INFO: [ app_init ] --END-- [ RunTime:0.001000s ]
INFO: [ app_begin ] --START--
INFO: Run Behavior\ReadHtmlCacheBehavior [ RunTime:0.001000s ]
INFO: [ app_begin ] --END-- [ RunTime:0.001000s ]
SQL: SHOW COLUMNS FROM `bl_article` [ RunTime:0.0120s ]
SQL: SELECT COUNT(*) AS tp_count FROM `bl_article` WHERE ( status = 1 ) LIMIT 1   [ RunTime:0.0010s ]
SQL: SELECT * FROM `bl_article` INNER JOIN bl_author on bl_article.auid=bl_author.tid INNER JOIN bl_category on bl_article.cid=bl_category.gid  WHERE ( bl_article.status = 1 ) ORDER BY wtime desc LIMIT 24,8   [ RunTime:0.0100s ]
SQL: SELECT `aid`,`title` FROM `bl_article` ORDER BY red desc LIMIT 9   [ RunTime:0.0010s ]
SQL: SHOW COLUMNS FROM `bl_category` [ RunTime:0.0070s ]
SQL: SELECT `gid`,`cname` FROM `bl_category`  [ RunTime:0.0010s ]
INFO: [ view_parse ] --START--
INFO: [ template_filter ] --START--
INFO: Run Behavior\ContentReplaceBehavior [ RunTime:0.000000s ]
INFO: [ template_filter ] --END-- [ RunTime:0.001000s ]
INFO: Run Behavior\ParseTemplateBehavior [ RunTime:0.030002s ]
INFO: [ view_parse ] --END-- [ RunTime:0.030002s ]
INFO: [ view_filter ] --START--
INFO: Run Behavior\WriteHtmlCacheBehavior [ RunTime:0.001000s ]
INFO: [ view_filter ] --END-- [ RunTime:0.001000s ]
INFO: [ app_end ] --START--
INFO: Run Behavior\ShowPageTraceBehavior [ RunTime:0.001000s ]
INFO: [ app_end ] --END-- [ RunTime:0.001000s ]

