[ 2016-10-02T09:47:26+08:00 ] 127.0.0.1 /Admin/
INFO: [ app_init ] --START--
INFO: Run Behavior\BuildLiteBehavior [ RunTime:0.000009s ]
INFO: [ app_init ] --END-- [ RunTime:0.000063s ]
INFO: [ app_begin ] --START--
INFO: Run Behavior\ReadHtmlCacheBehavior [ RunTime:0.000056s ]
INFO: [ app_begin ] --END-- [ RunTime:0.000118s ]
INFO: [ view_parse ] --START--
INFO: [ template_filter ] --START--
INFO: Run Behavior\ContentReplaceBehavior [ RunTime:0.000039s ]
INFO: [ template_filter ] --END-- [ RunTime:0.000099s ]
INFO: Run Behavior\ParseTemplateBehavior [ RunTime:0.016896s ]
INFO: [ view_parse ] --END-- [ RunTime:0.016965s ]
INFO: [ view_filter ] --START--
INFO: Run Behavior\WriteHtmlCacheBehavior [ RunTime:0.000035s ]
INFO: [ view_filter ] --END-- [ RunTime:0.000055s ]

[ 2016-10-02T09:47:31+08:00 ] 127.0.0.1 /Admin/Login/index.html
INFO: [ app_init ] --START--
INFO: Run Behavior\BuildLiteBehavior [ RunTime:0.000010s ]
INFO: [ app_init ] --END-- [ RunTime:0.000076s ]
INFO: [ app_begin ] --START--
INFO: Run Behavior\ReadHtmlCacheBehavior [ RunTime:0.000041s ]
INFO: [ app_begin ] --END-- [ RunTime:0.000082s ]
INFO: [ view_parse ] --START--
INFO: [ template_filter ] --START--
INFO: Run Behavior\ContentReplaceBehavior [ RunTime:0.000041s ]
INFO: [ template_filter ] --END-- [ RunTime:0.000137s ]
INFO: Run Behavior\ParseTemplateBehavior [ RunTime:0.012173s ]
INFO: [ view_parse ] --END-- [ RunTime:0.012218s ]
INFO: [ view_filter ] --START--
INFO: Run Behavior\WriteHtmlCacheBehavior [ RunTime:0.000038s ]
INFO: [ view_filter ] --END-- [ RunTime:0.000059s ]
INFO: [ app_end ] --START--
INFO: Run Behavior\ShowPageTraceBehavior [ RunTime:0.000034s ]
INFO: [ app_end ] --END-- [ RunTime:0.000058s ]

[ 2016-10-02T09:47:32+08:00 ] 127.0.0.1 /Admin/Login/verify
INFO: [ app_init ] --START--
INFO: Run Behavior\BuildLiteBehavior [ RunTime:0.000008s ]
INFO: [ app_init ] --END-- [ RunTime:0.000059s ]
INFO: [ app_begin ] --START--
INFO: Run Behavior\ReadHtmlCacheBehavior [ RunTime:0.000026s ]
INFO: [ app_begin ] --END-- [ RunTime:0.000054s ]
INFO: [ app_end ] --START--
INFO: Run Behavior\ShowPageTraceBehavior [ RunTime:0.000053s ]
INFO: [ app_end ] --END-- [ RunTime:0.000098s ]

[ 2016-10-02T09:47:41+08:00 ] 127.0.0.1 /Admin/Login/authUser
INFO: [ app_init ] --START--
INFO: Run Behavior\BuildLiteBehavior [ RunTime:0.000013s ]
INFO: [ app_init ] --END-- [ RunTime:0.000161s ]
INFO: [ app_begin ] --START--
INFO: Run Behavior\ReadHtmlCacheBehavior [ RunTime:0.000051s ]
INFO: [ app_begin ] --END-- [ RunTime:0.000097s ]
SQL: SHOW COLUMNS FROM `bl_user` [ RunTime:0.0789s ]
SQL: SELECT * FROM `bl_user` WHERE `name` = 'admin' LIMIT 1   [ RunTime:0.0018s ]
INFO: [ app_end ] --START--
INFO: Run Behavior\ShowPageTraceBehavior [ RunTime:0.000083s ]
INFO: [ app_end ] --END-- [ RunTime:0.000148s ]

[ 2016-10-02T09:47:46+08:00 ] 127.0.0.1 /Admin/Login/authPwd
INFO: [ app_init ] --START--
INFO: Run Behavior\BuildLiteBehavior [ RunTime:0.000009s ]
INFO: [ app_init ] --END-- [ RunTime:0.000059s ]
INFO: [ app_begin ] --START--
INFO: Run Behavior\ReadHtmlCacheBehavior [ RunTime:0.000025s ]
INFO: [ app_begin ] --END-- [ RunTime:0.000050s ]
INFO: [ app_end ] --START--
INFO: Run Behavior\ShowPageTraceBehavior [ RunTime:0.000029s ]
INFO: [ app_end ] --END-- [ RunTime:0.000065s ]

[ 2016-10-02T09:47:47+08:00 ] 127.0.0.1 /Admin/Login/authVerify
INFO: [ app_init ] --START--
INFO: Run Behavior\BuildLiteBehavior [ RunTime:0.000009s ]
INFO: [ app_init ] --END-- [ RunTime:0.000056s ]
INFO: [ app_begin ] --START--
INFO: Run Behavior\ReadHtmlCacheBehavior [ RunTime:0.000025s ]
INFO: [ app_begin ] --END-- [ RunTime:0.000050s ]
INFO: [ app_end ] --START--
INFO: Run Behavior\ShowPageTraceBehavior [ RunTime:0.000019s ]
INFO: [ app_end ] --END-- [ RunTime:0.000043s ]

[ 2016-10-02T09:47:47+08:00 ] 127.0.0.1 /Admin/Login/authVerify
INFO: [ app_init ] --START--
INFO: Run Behavior\BuildLiteBehavior [ RunTime:0.000009s ]
INFO: [ app_init ] --END-- [ RunTime:0.000093s ]
INFO: [ app_begin ] --START--
INFO: Run Behavior\ReadHtmlCacheBehavior [ RunTime:0.000025s ]
INFO: [ app_begin ] --END-- [ RunTime:0.000049s ]
INFO: [ app_end ] --START--
INFO: Run Behavior\ShowPageTraceBehavior [ RunTime:0.000021s ]
INFO: [ app_end ] --END-- [ RunTime:0.000046s ]

[ 2016-10-02T09:47:48+08:00 ] 127.0.0.1 /Admin/Login/authVerify
INFO: [ app_init ] --START--
INFO: Run Behavior\BuildLiteBehavior [ RunTime:0.000008s ]
INFO: [ app_init ] --END-- [ RunTime:0.000056s ]
INFO: [ app_begin ] --START--
INFO: Run Behavior\ReadHtmlCacheBehavior [ RunTime:0.000022s ]
INFO: [ app_begin ] --END-- [ RunTime:0.000045s ]
INFO: [ app_end ] --START--
INFO: Run Behavior\ShowPageTraceBehavior [ RunTime:0.000019s ]
INFO: [ app_end ] --END-- [ RunTime:0.000044s ]

[ 2016-10-02T09:47:50+08:00 ] 127.0.0.1 /Admin/Login/logHandle
INFO: [ app_init ] --START--
INFO: Run Behavior\BuildLiteBehavior [ RunTime:0.000008s ]
INFO: [ app_init ] --END-- [ RunTime:0.000061s ]
INFO: [ app_begin ] --START--
INFO: Run Behavior\ReadHtmlCacheBehavior [ RunTime:0.000024s ]
INFO: [ app_begin ] --END-- [ RunTime:0.000046s ]
SQL: SHOW COLUMNS FROM `bl_user` [ RunTime:0.0006s ]
SQL: UPDATE `bl_user` SET `log_time`='1475372870',`log_ip`='127.0.0.1' WHERE ( id=1 ) [ RunTime:0.0578s ]

[ 2016-10-02T09:47:50+08:00 ] 127.0.0.1 /Admin/Index/index
INFO: [ app_init ] --START--
INFO: Run Behavior\BuildLiteBehavior [ RunTime:0.000008s ]
INFO: [ app_init ] --END-- [ RunTime:0.000059s ]
INFO: [ app_begin ] --START--
INFO: Run Behavior\ReadHtmlCacheBehavior [ RunTime:0.000027s ]
INFO: [ app_begin ] --END-- [ RunTime:0.000056s ]
INFO: [ view_parse ] --START--
INFO: [ template_filter ] --START--
INFO: Run Behavior\ContentReplaceBehavior [ RunTime:0.000033s ]
INFO: [ template_filter ] --END-- [ RunTime:0.000078s ]
INFO: Run Behavior\ParseTemplateBehavior [ RunTime:0.014652s ]
INFO: [ view_parse ] --END-- [ RunTime:0.014685s ]
INFO: [ view_filter ] --START--
INFO: Run Behavior\WriteHtmlCacheBehavior [ RunTime:0.000034s ]
INFO: [ view_filter ] --END-- [ RunTime:0.000054s ]
INFO: [ app_end ] --START--
INFO: Run Behavior\ShowPageTraceBehavior [ RunTime:0.000024s ]
INFO: [ app_end ] --END-- [ RunTime:0.000044s ]

[ 2016-10-02T09:47:51+08:00 ] 127.0.0.1 /Admin/Index/top.html
INFO: [ app_init ] --START--
INFO: Run Behavior\BuildLiteBehavior [ RunTime:0.000008s ]
INFO: [ app_init ] --END-- [ RunTime:0.000061s ]
INFO: [ app_begin ] --START--
INFO: Run Behavior\ReadHtmlCacheBehavior [ RunTime:0.000086s ]
INFO: [ app_begin ] --END-- [ RunTime:0.000198s ]
INFO: [ view_parse ] --START--
INFO: [ template_filter ] --START--
INFO: Run Behavior\ContentReplaceBehavior [ RunTime:0.000040s ]
INFO: [ template_filter ] --END-- [ RunTime:0.000080s ]
INFO: Run Behavior\ParseTemplateBehavior [ RunTime:0.027789s ]
INFO: [ view_parse ] --END-- [ RunTime:0.027839s ]
INFO: [ view_filter ] --START--
INFO: Run Behavior\WriteHtmlCacheBehavior [ RunTime:0.000027s ]
INFO: [ view_filter ] --END-- [ RunTime:0.000047s ]
INFO: [ app_end ] --START--
INFO: Run Behavior\ShowPageTraceBehavior [ RunTime:0.000027s ]
INFO: [ app_end ] --END-- [ RunTime:0.000052s ]

[ 2016-10-02T09:47:51+08:00 ] 127.0.0.1 /Admin/Index/left.html
INFO: [ app_init ] --START--
INFO: Run Behavior\BuildLiteBehavior [ RunTime:0.000012s ]
INFO: [ app_init ] --END-- [ RunTime:0.000106s ]
INFO: [ app_begin ] --START--
INFO: Run Behavior\ReadHtmlCacheBehavior [ RunTime:0.000058s ]
INFO: [ app_begin ] --END-- [ RunTime:0.000096s ]
INFO: [ view_parse ] --START--
INFO: [ template_filter ] --START--
INFO: Run Behavior\ContentReplaceBehavior [ RunTime:0.000042s ]
INFO: [ template_filter ] --END-- [ RunTime:0.000088s ]
INFO: Run Behavior\ParseTemplateBehavior [ RunTime:0.020115s ]
INFO: [ view_parse ] --END-- [ RunTime:0.020171s ]
INFO: [ view_filter ] --START--
INFO: Run Behavior\WriteHtmlCacheBehavior [ RunTime:0.000029s ]
INFO: [ view_filter ] --END-- [ RunTime:0.000049s ]
INFO: [ app_end ] --START--
INFO: Run Behavior\ShowPageTraceBehavior [ RunTime:0.000068s ]
INFO: [ app_end ] --END-- [ RunTime:0.000123s ]

[ 2016-10-02T09:47:51+08:00 ] 127.0.0.1 /Admin/Index/main.html
INFO: [ app_init ] --START--
INFO: Run Behavior\BuildLiteBehavior [ RunTime:0.000010s ]
INFO: [ app_init ] --END-- [ RunTime:0.000075s ]
INFO: [ app_begin ] --START--
INFO: Run Behavior\ReadHtmlCacheBehavior [ RunTime:0.000034s ]
INFO: [ app_begin ] --END-- [ RunTime:0.000068s ]
INFO: [ view_parse ] --START--
INFO: [ template_filter ] --START--
INFO: Run Behavior\ContentReplaceBehavior [ RunTime:0.000110s ]
INFO: [ template_filter ] --END-- [ RunTime:0.000191s ]
INFO: Run Behavior\ParseTemplateBehavior [ RunTime:0.168114s ]
INFO: [ view_parse ] --END-- [ RunTime:0.168159s ]
INFO: [ view_filter ] --START--
INFO: Run Behavior\WriteHtmlCacheBehavior [ RunTime:0.000030s ]
INFO: [ view_filter ] --END-- [ RunTime:0.000050s ]
INFO: [ app_end ] --START--
INFO: Run Behavior\ShowPageTraceBehavior [ RunTime:0.000031s ]
INFO: [ app_end ] --END-- [ RunTime:0.000056s ]

[ 2016-10-02T09:47:58+08:00 ] 127.0.0.1 /Admin/Blog/index.html
INFO: [ app_init ] --START--
INFO: Run Behavior\BuildLiteBehavior [ RunTime:0.000008s ]
INFO: [ app_init ] --END-- [ RunTime:0.000060s ]
INFO: [ app_begin ] --START--
INFO: Run Behavior\ReadHtmlCacheBehavior [ RunTime:0.000031s ]
INFO: [ app_begin ] --END-- [ RunTime:0.000059s ]
SQL: SHOW COLUMNS FROM `bl_category` [ RunTime:0.0732s ]
SQL: SELECT `gid`,`cname`,`pid` FROM `bl_category`  [ RunTime:0.0010s ]
INFO: [ app_end ] --START--
INFO: Run Behavior\ShowPageTraceBehavior [ RunTime:0.000053s ]
INFO: [ app_end ] --END-- [ RunTime:0.000081s ]

[ 2016-10-02T09:49:06+08:00 ] 127.0.0.1 /Admin/Blog/index.html
INFO: [ app_init ] --START--
INFO: Run Behavior\BuildLiteBehavior [ RunTime:0.000010s ]
INFO: [ app_init ] --END-- [ RunTime:0.000102s ]
INFO: [ app_begin ] --START--
INFO: Run Behavior\ReadHtmlCacheBehavior [ RunTime:0.000026s ]
INFO: [ app_begin ] --END-- [ RunTime:0.000051s ]
SQL: SHOW COLUMNS FROM `bl_category` [ RunTime:0.0005s ]
SQL: SELECT `gid`,`cname`,`pid` FROM `bl_category`  [ RunTime:0.0002s ]
INFO: [ view_parse ] --START--
INFO: [ template_filter ] --START--
INFO: Run Behavior\ContentReplaceBehavior [ RunTime:0.000058s ]
INFO: [ template_filter ] --END-- [ RunTime:0.000142s ]
INFO: Run Behavior\ParseTemplateBehavior [ RunTime:0.006679s ]
INFO: [ view_parse ] --END-- [ RunTime:0.006725s ]
INFO: [ view_filter ] --START--
INFO: Run Behavior\WriteHtmlCacheBehavior [ RunTime:0.000039s ]
INFO: [ view_filter ] --END-- [ RunTime:0.000061s ]
INFO: [ app_end ] --START--
INFO: Run Behavior\ShowPageTraceBehavior [ RunTime:0.000030s ]
INFO: [ app_end ] --END-- [ RunTime:0.000052s ]

[ 2016-10-02T09:49:24+08:00 ] 127.0.0.1 /Admin/Blog/index.html
INFO: [ app_init ] --START--
INFO: Run Behavior\BuildLiteBehavior [ RunTime:0.000008s ]
INFO: [ app_init ] --END-- [ RunTime:0.000064s ]
INFO: [ app_begin ] --START--
INFO: Run Behavior\ReadHtmlCacheBehavior [ RunTime:0.000030s ]
INFO: [ app_begin ] --END-- [ RunTime:0.000057s ]
SQL: SHOW COLUMNS FROM `bl_category` [ RunTime:0.0006s ]
SQL: SELECT `gid`,`cname`,`pid` FROM `bl_category`  [ RunTime:0.0005s ]
INFO: [ view_parse ] --START--
INFO: [ template_filter ] --START--
INFO: Run Behavior\ContentReplaceBehavior [ RunTime:0.000055s ]
INFO: [ template_filter ] --END-- [ RunTime:0.000098s ]
NOTIC: [8] Use of undefined constant cat - assumed 'cat' /var/www/html/blog/App/Runtime/Cache/Admin/169c31c3a944ce0073af1614e2b30a89.php 第 31 行.
INFO: Run Behavior\ParseTemplateBehavior [ RunTime:0.008997s ]
INFO: [ view_parse ] --END-- [ RunTime:0.009035s ]
INFO: [ view_filter ] --START--
INFO: Run Behavior\WriteHtmlCacheBehavior [ RunTime:0.000043s ]
INFO: [ view_filter ] --END-- [ RunTime:0.000066s ]
INFO: [ app_end ] --START--
INFO: Run Behavior\ShowPageTraceBehavior [ RunTime:0.000028s ]
INFO: [ app_end ] --END-- [ RunTime:0.000049s ]

[ 2016-10-02T09:49:48+08:00 ] 127.0.0.1 /Admin/Blog/index.html
INFO: [ app_init ] --START--
INFO: Run Behavior\BuildLiteBehavior [ RunTime:0.000026s ]
INFO: [ app_init ] --END-- [ RunTime:0.000236s ]
INFO: [ app_begin ] --START--
INFO: Run Behavior\ReadHtmlCacheBehavior [ RunTime:0.000157s ]
INFO: [ app_begin ] --END-- [ RunTime:0.000250s ]
SQL: SHOW COLUMNS FROM `bl_category` [ RunTime:0.0006s ]
SQL: SELECT `gid`,`cname`,`pid` FROM `bl_category`  [ RunTime:0.0001s ]
INFO: [ view_parse ] --START--
INFO: [ template_filter ] --START--
INFO: Run Behavior\ContentReplaceBehavior [ RunTime:0.000055s ]
INFO: [ template_filter ] --END-- [ RunTime:0.000103s ]
INFO: Run Behavior\ParseTemplateBehavior [ RunTime:0.005798s ]
INFO: [ view_parse ] --END-- [ RunTime:0.005835s ]
INFO: [ view_filter ] --START--
INFO: Run Behavior\WriteHtmlCacheBehavior [ RunTime:0.000039s ]
INFO: [ view_filter ] --END-- [ RunTime:0.000059s ]
INFO: [ app_end ] --START--
INFO: Run Behavior\ShowPageTraceBehavior [ RunTime:0.000058s ]
INFO: [ app_end ] --END-- [ RunTime:0.000100s ]

[ 2016-10-02T09:53:41+08:00 ] 127.0.0.1 /Admin/Blog/index.html
INFO: [ app_init ] --START--
INFO: Run Behavior\BuildLiteBehavior [ RunTime:0.000024s ]
INFO: [ app_init ] --END-- [ RunTime:0.000177s ]
INFO: [ app_begin ] --START--
INFO: Run Behavior\ReadHtmlCacheBehavior [ RunTime:0.000085s ]
INFO: [ app_begin ] --END-- [ RunTime:0.000162s ]
SQL: SHOW COLUMNS FROM `bl_category` [ RunTime:0.0013s ]
SQL: SELECT `gid`,`cname`,`pid` FROM `bl_category`  [ RunTime:0.0004s ]
INFO: [ view_parse ] --START--
INFO: [ template_filter ] --START--
INFO: Run Behavior\ContentReplaceBehavior [ RunTime:0.000072s ]
INFO: [ template_filter ] --END-- [ RunTime:0.000133s ]
NOTIC: [8] Array to string conversion /var/www/html/blog/App/Runtime/Cache/Admin/169c31c3a944ce0073af1614e2b30a89.php 第 63 行.
NOTIC: [8] Array to string conversion /var/www/html/blog/App/Runtime/Cache/Admin/169c31c3a944ce0073af1614e2b30a89.php 第 63 行.
NOTIC: [8] Array to string conversion /var/www/html/blog/App/Runtime/Cache/Admin/169c31c3a944ce0073af1614e2b30a89.php 第 63 行.
NOTIC: [8] Array to string conversion /var/www/html/blog/App/Runtime/Cache/Admin/169c31c3a944ce0073af1614e2b30a89.php 第 63 行.
NOTIC: [8] Array to string conversion /var/www/html/blog/App/Runtime/Cache/Admin/169c31c3a944ce0073af1614e2b30a89.php 第 63 行.
NOTIC: [8] Array to string conversion /var/www/html/blog/App/Runtime/Cache/Admin/169c31c3a944ce0073af1614e2b30a89.php 第 63 行.
NOTIC: [8] Array to string conversion /var/www/html/blog/App/Runtime/Cache/Admin/169c31c3a944ce0073af1614e2b30a89.php 第 63 行.
NOTIC: [8] Array to string conversion /var/www/html/blog/App/Runtime/Cache/Admin/169c31c3a944ce0073af1614e2b30a89.php 第 63 行.
NOTIC: [8] Array to string conversion /var/www/html/blog/App/Runtime/Cache/Admin/169c31c3a944ce0073af1614e2b30a89.php 第 63 行.
NOTIC: [8] Array to string conversion /var/www/html/blog/App/Runtime/Cache/Admin/169c31c3a944ce0073af1614e2b30a89.php 第 63 行.
NOTIC: [8] Array to string conversion /var/www/html/blog/App/Runtime/Cache/Admin/169c31c3a944ce0073af1614e2b30a89.php 第 63 行.
NOTIC: [8] Array to string conversion /var/www/html/blog/App/Runtime/Cache/Admin/169c31c3a944ce0073af1614e2b30a89.php 第 63 行.
NOTIC: [8] Array to string conversion /var/www/html/blog/App/Runtime/Cache/Admin/169c31c3a944ce0073af1614e2b30a89.php 第 63 行.
INFO: Run Behavior\ParseTemplateBehavior [ RunTime:0.012477s ]
INFO: [ view_parse ] --END-- [ RunTime:0.012531s ]
INFO: [ view_filter ] --START--
INFO: Run Behavior\WriteHtmlCacheBehavior [ RunTime:0.000047s ]
INFO: [ view_filter ] --END-- [ RunTime:0.000067s ]
INFO: [ app_end ] --START--
INFO: Run Behavior\ShowPageTraceBehavior [ RunTime:0.000033s ]
INFO: [ app_end ] --END-- [ RunTime:0.000058s ]

[ 2016-10-02T09:55:15+08:00 ] 127.0.0.1 /Admin/Blog/index.html
INFO: [ app_init ] --START--
INFO: Run Behavior\BuildLiteBehavior [ RunTime:0.000025s ]
INFO: [ app_init ] --END-- [ RunTime:0.000238s ]
INFO: [ app_begin ] --START--
INFO: Run Behavior\ReadHtmlCacheBehavior [ RunTime:0.000091s ]
INFO: [ app_begin ] --END-- [ RunTime:0.000248s ]
SQL: SHOW COLUMNS FROM `bl_category` [ RunTime:0.0010s ]
SQL: SELECT `gid`,`cname`,`pid` FROM `bl_category`  [ RunTime:0.0002s ]
INFO: [ view_parse ] --START--
INFO: [ template_filter ] --START--
INFO: Run Behavior\ContentReplaceBehavior [ RunTime:0.000092s ]
INFO: [ template_filter ] --END-- [ RunTime:0.000168s ]
INFO: Run Behavior\ParseTemplateBehavior [ RunTime:0.013363s ]
INFO: [ view_parse ] --END-- [ RunTime:0.017129s ]
INFO: [ view_filter ] --START--
INFO: Run Behavior\WriteHtmlCacheBehavior [ RunTime:0.000088s ]
INFO: [ view_filter ] --END-- [ RunTime:0.000131s ]
INFO: [ app_end ] --START--
INFO: Run Behavior\ShowPageTraceBehavior [ RunTime:0.000163s ]
INFO: [ app_end ] --END-- [ RunTime:0.000210s ]

[ 2016-10-02T09:58:42+08:00 ] 127.0.0.1 /Admin/Blog/index.html
INFO: [ app_init ] --START--
INFO: Run Behavior\BuildLiteBehavior [ RunTime:0.000011s ]
INFO: [ app_init ] --END-- [ RunTime:0.000079s ]
INFO: [ app_begin ] --START--
INFO: Run Behavior\ReadHtmlCacheBehavior [ RunTime:0.000041s ]
INFO: [ app_begin ] --END-- [ RunTime:0.000084s ]
SQL: SHOW COLUMNS FROM `bl_category` [ RunTime:0.0005s ]
SQL: SELECT `gid`,`cname`,`pid` FROM `bl_category`  [ RunTime:0.0001s ]
INFO: [ view_parse ] --START--
INFO: [ template_filter ] --START--
INFO: Run Behavior\ContentReplaceBehavior [ RunTime:0.000056s ]
INFO: [ template_filter ] --END-- [ RunTime:0.000107s ]
NOTIC: [8] Undefined index: level /var/www/html/blog/App/Runtime/Cache/Admin/169c31c3a944ce0073af1614e2b30a89.php 第 63 行.
NOTIC: [2] str_repeat() expects parameter 2 to be long, string given /var/www/html/blog/App/Runtime/Cache/Admin/169c31c3a944ce0073af1614e2b30a89.php 第 63 行.
NOTIC: [8] Undefined index: level /var/www/html/blog/App/Runtime/Cache/Admin/169c31c3a944ce0073af1614e2b30a89.php 第 63 行.
NOTIC: [2] str_repeat() expects parameter 2 to be long, string given /var/www/html/blog/App/Runtime/Cache/Admin/169c31c3a944ce0073af1614e2b30a89.php 第 63 行.
NOTIC: [8] Undefined index: level /var/www/html/blog/App/Runtime/Cache/Admin/169c31c3a944ce0073af1614e2b30a89.php 第 63 行.
NOTIC: [2] str_repeat() expects parameter 2 to be long, string given /var/www/html/blog/App/Runtime/Cache/Admin/169c31c3a944ce0073af1614e2b30a89.php 第 63 行.
NOTIC: [8] Undefined index: level /var/www/html/blog/App/Runtime/Cache/Admin/169c31c3a944ce0073af1614e2b30a89.php 第 63 行.
NOTIC: [2] str_repeat() expects parameter 2 to be long, string given /var/www/html/blog/App/Runtime/Cache/Admin/169c31c3a944ce0073af1614e2b30a89.php 第 63 行.
NOTIC: [8] Undefined index: level /var/www/html/blog/App/Runtime/Cache/Admin/169c31c3a944ce0073af1614e2b30a89.php 第 63 行.
NOTIC: [2] str_repeat() expects parameter 2 to be long, string given /var/www/html/blog/App/Runtime/Cache/Admin/169c31c3a944ce0073af1614e2b30a89.php 第 63 行.
NOTIC: [8] Undefined index: level /var/www/html/blog/App/Runtime/Cache/Admin/169c31c3a944ce0073af1614e2b30a89.php 第 63 行.
NOTIC: [2] str_repeat() expects parameter 2 to be long, string given /var/www/html/blog/App/Runtime/Cache/Admin/169c31c3a944ce0073af1614e2b30a89.php 第 63 行.
NOTIC: [8] Undefined index: level /var/www/html/blog/App/Runtime/Cache/Admin/169c31c3a944ce0073af1614e2b30a89.php 第 63 行.
NOTIC: [2] str_repeat() expects parameter 2 to be long, string given /var/www/html/blog/App/Runtime/Cache/Admin/169c31c3a944ce0073af1614e2b30a89.php 第 63 行.
NOTIC: [8] Undefined index: level /var/www/html/blog/App/Runtime/Cache/Admin/169c31c3a944ce0073af1614e2b30a89.php 第 63 行.
NOTIC: [2] str_repeat() expects parameter 2 to be long, string given /var/www/html/blog/App/Runtime/Cache/Admin/169c31c3a944ce0073af1614e2b30a89.php 第 63 行.
NOTIC: [8] Undefined index: level /var/www/html/blog/App/Runtime/Cache/Admin/169c31c3a944ce0073af1614e2b30a89.php 第 63 行.
NOTIC: [2] str_repeat() expects parameter 2 to be long, string given /var/www/html/blog/App/Runtime/Cache/Admin/169c31c3a944ce0073af1614e2b30a89.php 第 63 行.
NOTIC: [8] Undefined index: level /var/www/html/blog/App/Runtime/Cache/Admin/169c31c3a944ce0073af1614e2b30a89.php 第 63 行.
NOTIC: [2] str_repeat() expects parameter 2 to be long, string given /var/www/html/blog/App/Runtime/Cache/Admin/169c31c3a944ce0073af1614e2b30a89.php 第 63 行.
NOTIC: [8] Undefined index: level /var/www/html/blog/App/Runtime/Cache/Admin/169c31c3a944ce0073af1614e2b30a89.php 第 63 行.
NOTIC: [2] str_repeat() expects parameter 2 to be long, string given /var/www/html/blog/App/Runtime/Cache/Admin/169c31c3a944ce0073af1614e2b30a89.php 第 63 行.
NOTIC: [8] Undefined index: level /var/www/html/blog/App/Runtime/Cache/Admin/169c31c3a944ce0073af1614e2b30a89.php 第 63 行.
NOTIC: [2] str_repeat() expects parameter 2 to be long, string given /var/www/html/blog/App/Runtime/Cache/Admin/169c31c3a944ce0073af1614e2b30a89.php 第 63 行.
NOTIC: [8] Undefined index: level /var/www/html/blog/App/Runtime/Cache/Admin/169c31c3a944ce0073af1614e2b30a89.php 第 63 行.
NOTIC: [2] str_repeat() expects parameter 2 to be long, string given /var/www/html/blog/App/Runtime/Cache/Admin/169c31c3a944ce0073af1614e2b30a89.php 第 63 行.
INFO: Run Behavior\ParseTemplateBehavior [ RunTime:0.025947s ]
INFO: [ view_parse ] --END-- [ RunTime:0.025984s ]
INFO: [ view_filter ] --START--
INFO: Run Behavior\WriteHtmlCacheBehavior [ RunTime:0.000130s ]
INFO: [ view_filter ] --END-- [ RunTime:0.000156s ]
INFO: [ app_end ] --START--
INFO: Run Behavior\ShowPageTraceBehavior [ RunTime:0.000037s ]
INFO: [ app_end ] --END-- [ RunTime:0.000059s ]

[ 2016-10-02T10:03:43+08:00 ] 127.0.0.1 /Admin/Blog/index.html
INFO: [ app_init ] --START--
INFO: Run Behavior\BuildLiteBehavior [ RunTime:0.000026s ]
INFO: [ app_init ] --END-- [ RunTime:0.000220s ]
INFO: [ app_begin ] --START--
INFO: Run Behavior\ReadHtmlCacheBehavior [ RunTime:0.000134s ]
INFO: [ app_begin ] --END-- [ RunTime:0.000262s ]
SQL: SHOW COLUMNS FROM `bl_category` [ RunTime:0.0005s ]
SQL: SELECT `gid`,`cname`,`pid` FROM `bl_category`  [ RunTime:0.0002s ]
INFO: [ view_parse ] --START--
INFO: [ template_filter ] --START--
INFO: Run Behavior\ContentReplaceBehavior [ RunTime:0.000051s ]
INFO: [ template_filter ] --END-- [ RunTime:0.000111s ]
NOTIC: [8] Undefined index: level /var/www/html/blog/App/Runtime/Cache/Admin/169c31c3a944ce0073af1614e2b30a89.php 第 63 行.
NOTIC: [8] Undefined index: level /var/www/html/blog/App/Runtime/Cache/Admin/169c31c3a944ce0073af1614e2b30a89.php 第 63 行.
NOTIC: [8] Undefined index: level /var/www/html/blog/App/Runtime/Cache/Admin/169c31c3a944ce0073af1614e2b30a89.php 第 63 行.
NOTIC: [8] Undefined index: level /var/www/html/blog/App/Runtime/Cache/Admin/169c31c3a944ce0073af1614e2b30a89.php 第 63 行.
NOTIC: [8] Undefined index: level /var/www/html/blog/App/Runtime/Cache/Admin/169c31c3a944ce0073af1614e2b30a89.php 第 63 行.
NOTIC: [8] Undefined index: level /var/www/html/blog/App/Runtime/Cache/Admin/169c31c3a944ce0073af1614e2b30a89.php 第 63 行.
NOTIC: [8] Undefined index: level /var/www/html/blog/App/Runtime/Cache/Admin/169c31c3a944ce0073af1614e2b30a89.php 第 63 行.
NOTIC: [8] Undefined index: level /var/www/html/blog/App/Runtime/Cache/Admin/169c31c3a944ce0073af1614e2b30a89.php 第 63 行.
NOTIC: [8] Undefined index: level /var/www/html/blog/App/Runtime/Cache/Admin/169c31c3a944ce0073af1614e2b30a89.php 第 63 行.
NOTIC: [8] Undefined index: level /var/www/html/blog/App/Runtime/Cache/Admin/169c31c3a944ce0073af1614e2b30a89.php 第 63 行.
NOTIC: [8] Undefined index: level /var/www/html/blog/App/Runtime/Cache/Admin/169c31c3a944ce0073af1614e2b30a89.php 第 63 行.
NOTIC: [8] Undefined index: level /var/www/html/blog/App/Runtime/Cache/Admin/169c31c3a944ce0073af1614e2b30a89.php 第 63 行.
NOTIC: [8] Undefined index: level /var/www/html/blog/App/Runtime/Cache/Admin/169c31c3a944ce0073af1614e2b30a89.php 第 63 行.
INFO: Run Behavior\ParseTemplateBehavior [ RunTime:0.008929s ]
INFO: [ view_parse ] --END-- [ RunTime:0.008964s ]
INFO: [ view_filter ] --START--
INFO: Run Behavior\WriteHtmlCacheBehavior [ RunTime:0.000044s ]
INFO: [ view_filter ] --END-- [ RunTime:0.000065s ]
INFO: [ app_end ] --START--
INFO: Run Behavior\ShowPageTraceBehavior [ RunTime:0.000037s ]
INFO: [ app_end ] --END-- [ RunTime:0.000061s ]

[ 2016-10-02T10:04:53+08:00 ] 127.0.0.1 /Admin/Blog/index.html
INFO: [ app_init ] --START--
INFO: Run Behavior\BuildLiteBehavior [ RunTime:0.000028s ]
INFO: [ app_init ] --END-- [ RunTime:0.000196s ]
INFO: [ app_begin ] --START--
INFO: Run Behavior\ReadHtmlCacheBehavior [ RunTime:0.000143s ]
INFO: [ app_begin ] --END-- [ RunTime:0.000234s ]
SQL: SHOW COLUMNS FROM `bl_category` [ RunTime:0.0006s ]
SQL: SELECT `gid`,`cname`,`pid` FROM `bl_category`  [ RunTime:0.0001s ]
INFO: [ view_parse ] --START--
INFO: [ template_filter ] --START--
INFO: Run Behavior\ContentReplaceBehavior [ RunTime:0.000058s ]
INFO: [ template_filter ] --END-- [ RunTime:0.000106s ]
NOTIC: [8] Undefined index: level /var/www/html/blog/App/Runtime/Cache/Admin/169c31c3a944ce0073af1614e2b30a89.php 第 63 行.
NOTIC: [8] Undefined index: level /var/www/html/blog/App/Runtime/Cache/Admin/169c31c3a944ce0073af1614e2b30a89.php 第 63 行.
NOTIC: [8] Undefined index: level /var/www/html/blog/App/Runtime/Cache/Admin/169c31c3a944ce0073af1614e2b30a89.php 第 63 行.
NOTIC: [8] Undefined index: level /var/www/html/blog/App/Runtime/Cache/Admin/169c31c3a944ce0073af1614e2b30a89.php 第 63 行.
NOTIC: [8] Undefined index: level /var/www/html/blog/App/Runtime/Cache/Admin/169c31c3a944ce0073af1614e2b30a89.php 第 63 行.
NOTIC: [8] Undefined index: level /var/www/html/blog/App/Runtime/Cache/Admin/169c31c3a944ce0073af1614e2b30a89.php 第 63 行.
NOTIC: [8] Undefined index: level /var/www/html/blog/App/Runtime/Cache/Admin/169c31c3a944ce0073af1614e2b30a89.php 第 63 行.
NOTIC: [8] Undefined index: level /var/www/html/blog/App/Runtime/Cache/Admin/169c31c3a944ce0073af1614e2b30a89.php 第 63 行.
NOTIC: [8] Undefined index: level /var/www/html/blog/App/Runtime/Cache/Admin/169c31c3a944ce0073af1614e2b30a89.php 第 63 行.
NOTIC: [8] Undefined index: level /var/www/html/blog/App/Runtime/Cache/Admin/169c31c3a944ce0073af1614e2b30a89.php 第 63 行.
NOTIC: [8] Undefined index: level /var/www/html/blog/App/Runtime/Cache/Admin/169c31c3a944ce0073af1614e2b30a89.php 第 63 行.
NOTIC: [8] Undefined index: level /var/www/html/blog/App/Runtime/Cache/Admin/169c31c3a944ce0073af1614e2b30a89.php 第 63 行.
NOTIC: [8] Undefined index: level /var/www/html/blog/App/Runtime/Cache/Admin/169c31c3a944ce0073af1614e2b30a89.php 第 63 行.
INFO: Run Behavior\ParseTemplateBehavior [ RunTime:0.009764s ]
INFO: [ view_parse ] --END-- [ RunTime:0.009797s ]
INFO: [ view_filter ] --START--
INFO: Run Behavior\WriteHtmlCacheBehavior [ RunTime:0.000041s ]
INFO: [ view_filter ] --END-- [ RunTime:0.000063s ]
INFO: [ app_end ] --START--
INFO: Run Behavior\ShowPageTraceBehavior [ RunTime:0.000031s ]
INFO: [ app_end ] --END-- [ RunTime:0.000054s ]

[ 2016-10-02T10:07:27+08:00 ] 127.0.0.1 /Admin/Blog/index.html
INFO: [ app_init ] --START--
INFO: Run Behavior\BuildLiteBehavior [ RunTime:0.000013s ]
INFO: [ app_init ] --END-- [ RunTime:0.000108s ]
INFO: [ app_begin ] --START--
INFO: Run Behavior\ReadHtmlCacheBehavior [ RunTime:0.000070s ]
INFO: [ app_begin ] --END-- [ RunTime:0.000133s ]
SQL: SHOW COLUMNS FROM `bl_category` [ RunTime:0.0006s ]
SQL: SELECT `gid`,`cname`,`pid` FROM `bl_category`  [ RunTime:0.0002s ]
INFO: [ view_parse ] --START--
INFO: [ template_filter ] --START--
INFO: Run Behavior\ContentReplaceBehavior [ RunTime:0.000122s ]
INFO: [ template_filter ] --END-- [ RunTime:0.000248s ]
NOTIC: [8] Undefined index: level /var/www/html/blog/App/Runtime/Cache/Admin/169c31c3a944ce0073af1614e2b30a89.php 第 63 行.
NOTIC: [8] Undefined index: level /var/www/html/blog/App/Runtime/Cache/Admin/169c31c3a944ce0073af1614e2b30a89.php 第 63 行.
NOTIC: [8] Undefined index: level /var/www/html/blog/App/Runtime/Cache/Admin/169c31c3a944ce0073af1614e2b30a89.php 第 63 行.
NOTIC: [8] Undefined index: level /var/www/html/blog/App/Runtime/Cache/Admin/169c31c3a944ce0073af1614e2b30a89.php 第 63 行.
NOTIC: [8] Undefined index: level /var/www/html/blog/App/Runtime/Cache/Admin/169c31c3a944ce0073af1614e2b30a89.php 第 63 行.
NOTIC: [8] Undefined index: level /var/www/html/blog/App/Runtime/Cache/Admin/169c31c3a944ce0073af1614e2b30a89.php 第 63 行.
NOTIC: [8] Undefined index: level /var/www/html/blog/App/Runtime/Cache/Admin/169c31c3a944ce0073af1614e2b30a89.php 第 63 行.
NOTIC: [8] Undefined index: level /var/www/html/blog/App/Runtime/Cache/Admin/169c31c3a944ce0073af1614e2b30a89.php 第 63 行.
NOTIC: [8] Undefined index: level /var/www/html/blog/App/Runtime/Cache/Admin/169c31c3a944ce0073af1614e2b30a89.php 第 63 行.
NOTIC: [8] Undefined index: level /var/www/html/blog/App/Runtime/Cache/Admin/169c31c3a944ce0073af1614e2b30a89.php 第 63 行.
NOTIC: [8] Undefined index: level /var/www/html/blog/App/Runtime/Cache/Admin/169c31c3a944ce0073af1614e2b30a89.php 第 63 行.
NOTIC: [8] Undefined index: level /var/www/html/blog/App/Runtime/Cache/Admin/169c31c3a944ce0073af1614e2b30a89.php 第 63 行.
NOTIC: [8] Undefined index: level /var/www/html/blog/App/Runtime/Cache/Admin/169c31c3a944ce0073af1614e2b30a89.php 第 63 行.
INFO: Run Behavior\ParseTemplateBehavior [ RunTime:0.013750s ]
INFO: [ view_parse ] --END-- [ RunTime:0.013795s ]
INFO: [ view_filter ] --START--
INFO: Run Behavior\WriteHtmlCacheBehavior [ RunTime:0.000047s ]
INFO: [ view_filter ] --END-- [ RunTime:0.000070s ]
INFO: [ app_end ] --START--
INFO: Run Behavior\ShowPageTraceBehavior [ RunTime:0.000057s ]
INFO: [ app_end ] --END-- [ RunTime:0.000085s ]

[ 2016-10-02T10:08:16+08:00 ] 127.0.0.1 /Admin/Blog/index.html
INFO: [ app_init ] --START--
INFO: Run Behavior\BuildLiteBehavior [ RunTime:0.000028s ]
INFO: [ app_init ] --END-- [ RunTime:0.000318s ]
INFO: [ app_begin ] --START--
INFO: Run Behavior\ReadHtmlCacheBehavior [ RunTime:0.000161s ]
INFO: [ app_begin ] --END-- [ RunTime:0.000263s ]
SQL: SHOW COLUMNS FROM `bl_category` [ RunTime:0.0091s ]
SQL: SELECT `gid`,`cname`,`pid` FROM `bl_category`  [ RunTime:0.0005s ]
INFO: [ view_parse ] --START--
INFO: [ template_filter ] --START--
INFO: Run Behavior\ContentReplaceBehavior [ RunTime:0.000084s ]
INFO: [ template_filter ] --END-- [ RunTime:0.000154s ]
NOTIC: [8] Undefined index: level /var/www/html/blog/App/Runtime/Cache/Admin/169c31c3a944ce0073af1614e2b30a89.php 第 63 行.
NOTIC: [8] Undefined index: level /var/www/html/blog/App/Runtime/Cache/Admin/169c31c3a944ce0073af1614e2b30a89.php 第 63 行.
NOTIC: [8] Undefined index: level /var/www/html/blog/App/Runtime/Cache/Admin/169c31c3a944ce0073af1614e2b30a89.php 第 63 行.
NOTIC: [8] Undefined index: level /var/www/html/blog/App/Runtime/Cache/Admin/169c31c3a944ce0073af1614e2b30a89.php 第 63 行.
NOTIC: [8] Undefined index: level /var/www/html/blog/App/Runtime/Cache/Admin/169c31c3a944ce0073af1614e2b30a89.php 第 63 行.
NOTIC: [8] Undefined index: level /var/www/html/blog/App/Runtime/Cache/Admin/169c31c3a944ce0073af1614e2b30a89.php 第 63 行.
NOTIC: [8] Undefined index: level /var/www/html/blog/App/Runtime/Cache/Admin/169c31c3a944ce0073af1614e2b30a89.php 第 63 行.
NOTIC: [8] Undefined index: level /var/www/html/blog/App/Runtime/Cache/Admin/169c31c3a944ce0073af1614e2b30a89.php 第 63 行.
NOTIC: [8] Undefined index: level /var/www/html/blog/App/Runtime/Cache/Admin/169c31c3a944ce0073af1614e2b30a89.php 第 63 行.
NOTIC: [8] Undefined index: level /var/www/html/blog/App/Runtime/Cache/Admin/169c31c3a944ce0073af1614e2b30a89.php 第 63 行.
NOTIC: [8] Undefined index: level /var/www/html/blog/App/Runtime/Cache/Admin/169c31c3a944ce0073af1614e2b30a89.php 第 63 行.
NOTIC: [8] Undefined index: level /var/www/html/blog/App/Runtime/Cache/Admin/169c31c3a944ce0073af1614e2b30a89.php 第 63 行.
NOTIC: [8] Undefined index: level /var/www/html/blog/App/Runtime/Cache/Admin/169c31c3a944ce0073af1614e2b30a89.php 第 63 行.
INFO: Run Behavior\ParseTemplateBehavior [ RunTime:0.018247s ]
INFO: [ view_parse ] --END-- [ RunTime:0.018400s ]
INFO: [ view_filter ] --START--
INFO: Run Behavior\WriteHtmlCacheBehavior [ RunTime:0.000043s ]
INFO: [ view_filter ] --END-- [ RunTime:0.000065s ]
INFO: [ app_end ] --START--
INFO: Run Behavior\ShowPageTraceBehavior [ RunTime:0.000031s ]
INFO: [ app_end ] --END-- [ RunTime:0.000055s ]

[ 2016-10-02T10:09:04+08:00 ] 127.0.0.1 /Admin/Blog/index.html
INFO: [ app_init ] --START--
INFO: Run Behavior\BuildLiteBehavior [ RunTime:0.000022s ]
INFO: [ app_init ] --END-- [ RunTime:0.000158s ]
INFO: [ app_begin ] --START--
INFO: Run Behavior\ReadHtmlCacheBehavior [ RunTime:0.000075s ]
INFO: [ app_begin ] --END-- [ RunTime:0.000145s ]
SQL: SHOW COLUMNS FROM `bl_category` [ RunTime:0.0023s ]
SQL: SELECT `gid`,`cname`,`pid` FROM `bl_category`  [ RunTime:0.0005s ]
INFO: [ view_parse ] --START--
INFO: [ template_filter ] --START--
INFO: Run Behavior\ContentReplaceBehavior [ RunTime:0.000054s ]
INFO: [ template_filter ] --END-- [ RunTime:0.000103s ]
NOTIC: [8] Undefined index: level /var/www/html/blog/App/Runtime/Cache/Admin/169c31c3a944ce0073af1614e2b30a89.php 第 64 行.
NOTIC: [8] Undefined index: level /var/www/html/blog/App/Runtime/Cache/Admin/169c31c3a944ce0073af1614e2b30a89.php 第 64 行.
NOTIC: [8] Undefined index: level /var/www/html/blog/App/Runtime/Cache/Admin/169c31c3a944ce0073af1614e2b30a89.php 第 64 行.
NOTIC: [8] Undefined index: level /var/www/html/blog/App/Runtime/Cache/Admin/169c31c3a944ce0073af1614e2b30a89.php 第 64 行.
NOTIC: [8] Undefined index: level /var/www/html/blog/App/Runtime/Cache/Admin/169c31c3a944ce0073af1614e2b30a89.php 第 64 行.
NOTIC: [8] Undefined index: level /var/www/html/blog/App/Runtime/Cache/Admin/169c31c3a944ce0073af1614e2b30a89.php 第 64 行.
NOTIC: [8] Undefined index: level /var/www/html/blog/App/Runtime/Cache/Admin/169c31c3a944ce0073af1614e2b30a89.php 第 64 行.
NOTIC: [8] Undefined index: level /var/www/html/blog/App/Runtime/Cache/Admin/169c31c3a944ce0073af1614e2b30a89.php 第 64 行.
NOTIC: [8] Undefined index: level /var/www/html/blog/App/Runtime/Cache/Admin/169c31c3a944ce0073af1614e2b30a89.php 第 64 行.
NOTIC: [8] Undefined index: level /var/www/html/blog/App/Runtime/Cache/Admin/169c31c3a944ce0073af1614e2b30a89.php 第 64 行.
NOTIC: [8] Undefined index: level /var/www/html/blog/App/Runtime/Cache/Admin/169c31c3a944ce0073af1614e2b30a89.php 第 64 行.
NOTIC: [8] Undefined index: level /var/www/html/blog/App/Runtime/Cache/Admin/169c31c3a944ce0073af1614e2b30a89.php 第 64 行.
NOTIC: [8] Undefined index: level /var/www/html/blog/App/Runtime/Cache/Admin/169c31c3a944ce0073af1614e2b30a89.php 第 64 行.
INFO: Run Behavior\ParseTemplateBehavior [ RunTime:0.016157s ]
INFO: [ view_parse ] --END-- [ RunTime:0.016210s ]
INFO: [ view_filter ] --START--
INFO: Run Behavior\WriteHtmlCacheBehavior [ RunTime:0.000041s ]
INFO: [ view_filter ] --END-- [ RunTime:0.000061s ]
INFO: [ app_end ] --START--
INFO: Run Behavior\ShowPageTraceBehavior [ RunTime:0.000064s ]
INFO: [ app_end ] --END-- [ RunTime:0.000101s ]

[ 2016-10-02T10:10:53+08:00 ] 127.0.0.1 /Admin/Blog/index.html
INFO: [ app_init ] --START--
INFO: Run Behavior\BuildLiteBehavior [ RunTime:0.000030s ]
INFO: [ app_init ] --END-- [ RunTime:0.000278s ]
INFO: [ app_begin ] --START--
INFO: Run Behavior\ReadHtmlCacheBehavior [ RunTime:0.000117s ]
INFO: [ app_begin ] --END-- [ RunTime:0.000289s ]
SQL: SHOW COLUMNS FROM `bl_category` [ RunTime:0.0008s ]
SQL: SELECT `gid`,`cname`,`pid` FROM `bl_category`  [ RunTime:0.0002s ]
INFO: [ view_parse ] --START--
INFO: [ template_filter ] --START--
INFO: Run Behavior\ContentReplaceBehavior [ RunTime:0.000047s ]
INFO: [ template_filter ] --END-- [ RunTime:0.000112s ]
INFO: Run Behavior\ParseTemplateBehavior [ RunTime:0.006720s ]
INFO: [ view_parse ] --END-- [ RunTime:0.006815s ]
INFO: [ view_filter ] --START--
INFO: Run Behavior\WriteHtmlCacheBehavior [ RunTime:0.000067s ]
INFO: [ view_filter ] --END-- [ RunTime:0.000096s ]
INFO: [ app_end ] --START--
INFO: Run Behavior\ShowPageTraceBehavior [ RunTime:0.000051s ]
INFO: [ app_end ] --END-- [ RunTime:0.000082s ]

[ 2016-10-02T10:12:26+08:00 ] 127.0.0.1 /Admin/Blog/index.html
INFO: [ app_init ] --START--
INFO: Run Behavior\BuildLiteBehavior [ RunTime:0.000023s ]
INFO: [ app_init ] --END-- [ RunTime:0.000172s ]
INFO: [ app_begin ] --START--
INFO: Run Behavior\ReadHtmlCacheBehavior [ RunTime:0.000094s ]
INFO: [ app_begin ] --END-- [ RunTime:0.000239s ]
SQL: SHOW COLUMNS FROM `bl_category` [ RunTime:0.0014s ]
SQL: SELECT `gid`,`cname`,`pid` FROM `bl_category`  [ RunTime:0.0004s ]
INFO: [ view_parse ] --START--
INFO: [ template_filter ] --START--
INFO: Run Behavior\ContentReplaceBehavior [ RunTime:0.000172s ]
INFO: [ template_filter ] --END-- [ RunTime:0.000285s ]
INFO: Run Behavior\ParseTemplateBehavior [ RunTime:0.022709s ]
INFO: [ view_parse ] --END-- [ RunTime:0.022869s ]
INFO: [ view_filter ] --START--
INFO: Run Behavior\WriteHtmlCacheBehavior [ RunTime:0.000110s ]
INFO: [ view_filter ] --END-- [ RunTime:0.000171s ]
INFO: [ app_end ] --START--
INFO: Run Behavior\ShowPageTraceBehavior [ RunTime:0.000098s ]
INFO: [ app_end ] --END-- [ RunTime:0.000174s ]

[ 2016-10-02T10:12:58+08:00 ] 127.0.0.1 /Admin/Blog/index.html
INFO: [ app_init ] --START--
INFO: Run Behavior\BuildLiteBehavior [ RunTime:0.000032s ]
INFO: [ app_init ] --END-- [ RunTime:0.000261s ]
INFO: [ app_begin ] --START--
INFO: Run Behavior\ReadHtmlCacheBehavior [ RunTime:0.000140s ]
INFO: [ app_begin ] --END-- [ RunTime:0.000219s ]
SQL: SHOW COLUMNS FROM `bl_category` [ RunTime:0.0013s ]
SQL: SELECT `gid`,`cname`,`pid` FROM `bl_category`  [ RunTime:0.0004s ]
INFO: [ view_parse ] --START--
INFO: [ template_filter ] --START--
INFO: Run Behavior\ContentReplaceBehavior [ RunTime:0.000088s ]
INFO: [ template_filter ] --END-- [ RunTime:0.000166s ]
INFO: Run Behavior\ParseTemplateBehavior [ RunTime:0.019217s ]
INFO: [ view_parse ] --END-- [ RunTime:0.019297s ]
INFO: [ view_filter ] --START--
INFO: Run Behavior\WriteHtmlCacheBehavior [ RunTime:0.000064s ]
INFO: [ view_filter ] --END-- [ RunTime:0.000100s ]
INFO: [ app_end ] --START--
INFO: Run Behavior\ShowPageTraceBehavior [ RunTime:0.000093s ]
INFO: [ app_end ] --END-- [ RunTime:0.000173s ]

[ 2016-10-02T10:13:37+08:00 ] 127.0.0.1 /Admin/Blog/index.html
INFO: [ app_init ] --START--
INFO: Run Behavior\BuildLiteBehavior [ RunTime:0.000030s ]
INFO: [ app_init ] --END-- [ RunTime:0.001598s ]
INFO: [ app_begin ] --START--
INFO: Run Behavior\ReadHtmlCacheBehavior [ RunTime:0.000151s ]
INFO: [ app_begin ] --END-- [ RunTime:0.000243s ]
SQL: SHOW COLUMNS FROM `bl_category` [ RunTime:0.0010s ]
SQL: SELECT `gid`,`cname`,`pid` FROM `bl_category`  [ RunTime:0.0002s ]
INFO: [ view_parse ] --START--
INFO: [ template_filter ] --START--
INFO: Run Behavior\ContentReplaceBehavior [ RunTime:0.000089s ]
INFO: [ template_filter ] --END-- [ RunTime:0.000165s ]
INFO: Run Behavior\ParseTemplateBehavior [ RunTime:0.012977s ]
INFO: [ view_parse ] --END-- [ RunTime:0.013039s ]
INFO: [ view_filter ] --START--
INFO: Run Behavior\WriteHtmlCacheBehavior [ RunTime:0.000062s ]
INFO: [ view_filter ] --END-- [ RunTime:0.000098s ]
INFO: [ app_end ] --START--
INFO: Run Behavior\ShowPageTraceBehavior [ RunTime:0.000096s ]
INFO: [ app_end ] --END-- [ RunTime:0.000147s ]

[ 2016-10-02T10:15:55+08:00 ] 127.0.0.1 /Admin/Blog/index.html
INFO: [ app_init ] --START--
INFO: Run Behavior\BuildLiteBehavior [ RunTime:0.000008s ]
INFO: [ app_init ] --END-- [ RunTime:0.000063s ]
INFO: [ app_begin ] --START--
INFO: Run Behavior\ReadHtmlCacheBehavior [ RunTime:0.000029s ]
INFO: [ app_begin ] --END-- [ RunTime:0.000056s ]
SQL: SHOW COLUMNS FROM `bl_category` [ RunTime:0.0005s ]
SQL: SELECT `gid`,`cname`,`pid` FROM `bl_category`  [ RunTime:0.0001s ]
INFO: [ view_parse ] --START--
INFO: [ template_filter ] --START--
INFO: Run Behavior\ContentReplaceBehavior [ RunTime:0.000053s ]
INFO: [ template_filter ] --END-- [ RunTime:0.000099s ]
INFO: Run Behavior\ParseTemplateBehavior [ RunTime:0.007758s ]
INFO: [ view_parse ] --END-- [ RunTime:0.007794s ]
INFO: [ view_filter ] --START--
INFO: Run Behavior\WriteHtmlCacheBehavior [ RunTime:0.000037s ]
INFO: [ view_filter ] --END-- [ RunTime:0.000058s ]
INFO: [ app_end ] --START--
INFO: Run Behavior\ShowPageTraceBehavior [ RunTime:0.000054s ]
INFO: [ app_end ] --END-- [ RunTime:0.000099s ]

[ 2016-10-02T10:16:37+08:00 ] 127.0.0.1 /Admin/Blog/uploadImg
INFO: [ app_init ] --START--
INFO: Run Behavior\BuildLiteBehavior [ RunTime:0.000023s ]
INFO: [ app_init ] --END-- [ RunTime:0.000165s ]
INFO: [ app_begin ] --START--
INFO: Run Behavior\ReadHtmlCacheBehavior [ RunTime:0.000082s ]
INFO: [ app_begin ] --END-- [ RunTime:0.000166s ]
NOTIC: [2] call_user_func() expects parameter 1 to be a valid callback, no array or string given /var/www/html/blog/ThinkPHP/Library/Think/Upload.class.php 第 170 行.
NOTIC: [8] Undefined variable: x /var/www/html/blog/ThinkPHP/Library/Think/Image/Driver/Gd.class.php 第 270 行.
NOTIC: [8] Undefined variable: y /var/www/html/blog/ThinkPHP/Library/Think/Image/Driver/Gd.class.php 第 270 行.
INFO: [ app_end ] --START--
INFO: Run Behavior\ShowPageTraceBehavior [ RunTime:0.000085s ]
INFO: [ app_end ] --END-- [ RunTime:0.000147s ]

[ 2016-10-02T10:17:24+08:00 ] 127.0.0.1 /Admin/Blog/distribute
INFO: [ app_init ] --START--
INFO: Run Behavior\BuildLiteBehavior [ RunTime:0.000009s ]
INFO: [ app_init ] --END-- [ RunTime:0.000066s ]
INFO: [ app_begin ] --START--
INFO: Run Behavior\ReadHtmlCacheBehavior [ RunTime:0.000029s ]
INFO: [ app_begin ] --END-- [ RunTime:0.000056s ]
INFO: [ app_end ] --START--
INFO: Run Behavior\ShowPageTraceBehavior [ RunTime:0.000029s ]
INFO: [ app_end ] --END-- [ RunTime:0.000057s ]

[ 2016-10-02T10:25:30+08:00 ] 127.0.0.1 /Admin/Blog/distribute
INFO: [ app_init ] --START--
INFO: Run Behavior\BuildLiteBehavior [ RunTime:0.000015s ]
INFO: [ app_init ] --END-- [ RunTime:0.000139s ]
INFO: [ app_begin ] --START--
INFO: Run Behavior\ReadHtmlCacheBehavior [ RunTime:0.000064s ]
INFO: [ app_begin ] --END-- [ RunTime:0.000126s ]

[ 2016-10-02T10:26:27+08:00 ] 127.0.0.1 /Admin/Blog/index.html
INFO: [ app_init ] --START--
INFO: Run Behavior\BuildLiteBehavior [ RunTime:0.000010s ]
INFO: [ app_init ] --END-- [ RunTime:0.000106s ]
INFO: [ app_begin ] --START--
INFO: Run Behavior\ReadHtmlCacheBehavior [ RunTime:0.000027s ]
INFO: [ app_begin ] --END-- [ RunTime:0.000052s ]

[ 2016-10-02T10:27:18+08:00 ] 127.0.0.1 /Admin/Blog/index.html
INFO: [ app_init ] --START--
INFO: Run Behavior\BuildLiteBehavior [ RunTime:0.000016s ]
INFO: [ app_init ] --END-- [ RunTime:0.000115s ]
INFO: [ app_begin ] --START--
INFO: Run Behavior\ReadHtmlCacheBehavior [ RunTime:0.000089s ]
INFO: [ app_begin ] --END-- [ RunTime:0.000143s ]
SQL: SHOW COLUMNS FROM `bl_category` [ RunTime:0.0006s ]
SQL: SELECT `gid`,`cname`,`pid` FROM `bl_category`  [ RunTime:0.0001s ]
INFO: [ view_parse ] --START--
INFO: [ template_filter ] --START--
INFO: Run Behavior\ContentReplaceBehavior [ RunTime:0.000118s ]
INFO: [ template_filter ] --END-- [ RunTime:0.000161s ]
INFO: Run Behavior\ParseTemplateBehavior [ RunTime:0.013554s ]
INFO: [ view_parse ] --END-- [ RunTime:0.013589s ]
INFO: [ view_filter ] --START--
INFO: Run Behavior\WriteHtmlCacheBehavior [ RunTime:0.001910s ]
INFO: [ view_filter ] --END-- [ RunTime:0.001948s ]
INFO: [ app_end ] --START--
INFO: Run Behavior\ShowPageTraceBehavior [ RunTime:0.000052s ]
INFO: [ app_end ] --END-- [ RunTime:0.000108s ]

[ 2016-10-02T10:27:30+08:00 ] 127.0.0.1 /Admin/Blog/uploadImg
INFO: [ app_init ] --START--
INFO: Run Behavior\BuildLiteBehavior [ RunTime:0.000009s ]
INFO: [ app_init ] --END-- [ RunTime:0.000064s ]
INFO: [ app_begin ] --START--
INFO: Run Behavior\ReadHtmlCacheBehavior [ RunTime:0.000026s ]
INFO: [ app_begin ] --END-- [ RunTime:0.000051s ]
INFO: [ app_end ] --START--
INFO: Run Behavior\ShowPageTraceBehavior [ RunTime:0.000025s ]
INFO: [ app_end ] --END-- [ RunTime:0.000050s ]

[ 2016-10-02T10:27:38+08:00 ] 127.0.0.1 /Admin/Blog/distribute
INFO: [ app_init ] --START--
INFO: Run Behavior\BuildLiteBehavior [ RunTime:0.000018s ]
INFO: [ app_init ] --END-- [ RunTime:0.000144s ]
INFO: [ app_begin ] --START--
INFO: Run Behavior\ReadHtmlCacheBehavior [ RunTime:0.000085s ]
INFO: [ app_begin ] --END-- [ RunTime:0.000678s ]
SQL: SHOW COLUMNS FROM `bl_author` [ RunTime:0.0989s ]
INFO: [ app_end ] --START--
INFO: Run Behavior\ShowPageTraceBehavior [ RunTime:0.000159s ]
INFO: [ app_end ] --END-- [ RunTime:0.000269s ]

[ 2016-10-02T10:28:49+08:00 ] 127.0.0.1 /Admin/Blog/distribute
INFO: [ app_init ] --START--
INFO: Run Behavior\BuildLiteBehavior [ RunTime:0.000010s ]
INFO: [ app_init ] --END-- [ RunTime:0.000079s ]
INFO: [ app_begin ] --START--
INFO: Run Behavior\ReadHtmlCacheBehavior [ RunTime:0.000040s ]
INFO: [ app_begin ] --END-- [ RunTime:0.000080s ]
SQL: SHOW COLUMNS FROM `bl_author` [ RunTime:0.0006s ]
INFO: [ app_end ] --START--
INFO: Run Behavior\ShowPageTraceBehavior [ RunTime:0.000061s ]
INFO: [ app_end ] --END-- [ RunTime:0.000146s ]

[ 2016-10-02T10:29:04+08:00 ] 127.0.0.1 /Admin/Blog/index.html
INFO: [ app_init ] --START--
INFO: Run Behavior\BuildLiteBehavior [ RunTime:0.000019s ]
INFO: [ app_init ] --END-- [ RunTime:0.000158s ]
INFO: [ app_begin ] --START--
INFO: Run Behavior\ReadHtmlCacheBehavior [ RunTime:0.000068s ]
INFO: [ app_begin ] --END-- [ RunTime:0.000158s ]
SQL: SHOW COLUMNS FROM `bl_category` [ RunTime:0.0006s ]
SQL: SELECT `gid`,`cname`,`pid` FROM `bl_category`  [ RunTime:0.0002s ]
INFO: [ view_parse ] --START--
INFO: [ template_filter ] --START--
INFO: Run Behavior\ContentReplaceBehavior [ RunTime:0.000064s ]
INFO: [ template_filter ] --END-- [ RunTime:0.000116s ]
INFO: Run Behavior\ParseTemplateBehavior [ RunTime:0.008071s ]
INFO: [ view_parse ] --END-- [ RunTime:0.008108s ]
INFO: [ view_filter ] --START--
INFO: Run Behavior\WriteHtmlCacheBehavior [ RunTime:0.000038s ]
INFO: [ view_filter ] --END-- [ RunTime:0.000058s ]
INFO: [ app_end ] --START--
INFO: Run Behavior\ShowPageTraceBehavior [ RunTime:0.000046s ]
INFO: [ app_end ] --END-- [ RunTime:0.000076s ]

[ 2016-10-02T10:29:23+08:00 ] 127.0.0.1 /Admin/Blog/uploadImg
INFO: [ app_init ] --START--
INFO: Run Behavior\BuildLiteBehavior [ RunTime:0.000010s ]
INFO: [ app_init ] --END-- [ RunTime:0.000076s ]
INFO: [ app_begin ] --START--
INFO: Run Behavior\ReadHtmlCacheBehavior [ RunTime:0.000028s ]
INFO: [ app_begin ] --END-- [ RunTime:0.000063s ]
INFO: [ app_end ] --START--
INFO: Run Behavior\ShowPageTraceBehavior [ RunTime:0.000107s ]
INFO: [ app_end ] --END-- [ RunTime:0.000147s ]

[ 2016-10-02T10:29:33+08:00 ] 127.0.0.1 /Admin/Blog/distribute
INFO: [ app_init ] --START--
INFO: Run Behavior\BuildLiteBehavior [ RunTime:0.000009s ]
INFO: [ app_init ] --END-- [ RunTime:0.000061s ]
INFO: [ app_begin ] --START--
INFO: Run Behavior\ReadHtmlCacheBehavior [ RunTime:0.000061s ]
INFO: [ app_begin ] --END-- [ RunTime:0.000099s ]
SQL: SHOW COLUMNS FROM `bl_author` [ RunTime:0.0006s ]
INFO: [ app_end ] --START--
INFO: Run Behavior\ShowPageTraceBehavior [ RunTime:0.000058s ]
INFO: [ app_end ] --END-- [ RunTime:0.000094s ]

[ 2016-10-02T10:30:57+08:00 ] 127.0.0.1 /Admin/Blog/index.html
INFO: [ app_init ] --START--
INFO: Run Behavior\BuildLiteBehavior [ RunTime:0.000013s ]
INFO: [ app_init ] --END-- [ RunTime:0.000142s ]
INFO: [ app_begin ] --START--
INFO: Run Behavior\ReadHtmlCacheBehavior [ RunTime:0.000077s ]
INFO: [ app_begin ] --END-- [ RunTime:0.000114s ]
SQL: SHOW COLUMNS FROM `bl_category` [ RunTime:0.0007s ]
SQL: SELECT `gid`,`cname`,`pid` FROM `bl_category`  [ RunTime:0.0002s ]
INFO: [ view_parse ] --START--
INFO: [ template_filter ] --START--
INFO: Run Behavior\ContentReplaceBehavior [ RunTime:0.000051s ]
INFO: [ template_filter ] --END-- [ RunTime:0.000091s ]
INFO: Run Behavior\ParseTemplateBehavior [ RunTime:0.009612s ]
INFO: [ view_parse ] --END-- [ RunTime:0.009670s ]
INFO: [ view_filter ] --START--
INFO: Run Behavior\WriteHtmlCacheBehavior [ RunTime:0.000160s ]
INFO: [ view_filter ] --END-- [ RunTime:0.000190s ]
INFO: [ app_end ] --START--
INFO: Run Behavior\ShowPageTraceBehavior [ RunTime:0.000043s ]
INFO: [ app_end ] --END-- [ RunTime:0.000072s ]

[ 2016-10-02T10:31:13+08:00 ] 127.0.0.1 /Admin/Blog/uploadImg
INFO: [ app_init ] --START--
INFO: Run Behavior\BuildLiteBehavior [ RunTime:0.000008s ]
INFO: [ app_init ] --END-- [ RunTime:0.000061s ]
INFO: [ app_begin ] --START--
INFO: Run Behavior\ReadHtmlCacheBehavior [ RunTime:0.000028s ]
INFO: [ app_begin ] --END-- [ RunTime:0.000052s ]
INFO: [ app_end ] --START--
INFO: Run Behavior\ShowPageTraceBehavior [ RunTime:0.000105s ]
INFO: [ app_end ] --END-- [ RunTime:0.000133s ]

[ 2016-10-02T10:31:16+08:00 ] 127.0.0.1 /Admin/Blog/distribute
INFO: [ app_init ] --START--
INFO: Run Behavior\BuildLiteBehavior [ RunTime:0.000008s ]
INFO: [ app_init ] --END-- [ RunTime:0.000057s ]
INFO: [ app_begin ] --START--
INFO: Run Behavior\ReadHtmlCacheBehavior [ RunTime:0.000043s ]
INFO: [ app_begin ] --END-- [ RunTime:0.000097s ]
SQL: SHOW COLUMNS FROM `bl_author` [ RunTime:0.0005s ]
INFO: [ app_end ] --START--
INFO: Run Behavior\ShowPageTraceBehavior [ RunTime:0.000085s ]
INFO: [ app_end ] --END-- [ RunTime:0.000115s ]

[ 2016-10-02T10:32:00+08:00 ] 127.0.0.1 /Admin/Blog/index.html
INFO: [ app_init ] --START--
INFO: Run Behavior\BuildLiteBehavior [ RunTime:0.000014s ]
INFO: [ app_init ] --END-- [ RunTime:0.000100s ]
INFO: [ app_begin ] --START--
INFO: Run Behavior\ReadHtmlCacheBehavior [ RunTime:0.000047s ]
INFO: [ app_begin ] --END-- [ RunTime:0.000093s ]
SQL: SHOW COLUMNS FROM `bl_category` [ RunTime:0.0008s ]
SQL: SELECT `gid`,`cname`,`pid` FROM `bl_category`  [ RunTime:0.0003s ]
INFO: [ view_parse ] --START--
INFO: [ template_filter ] --START--
INFO: Run Behavior\ContentReplaceBehavior [ RunTime:0.000112s ]
INFO: [ template_filter ] --END-- [ RunTime:0.000187s ]
INFO: Run Behavior\ParseTemplateBehavior [ RunTime:0.011744s ]
INFO: [ view_parse ] --END-- [ RunTime:0.011799s ]
INFO: [ view_filter ] --START--
INFO: Run Behavior\WriteHtmlCacheBehavior [ RunTime:0.000041s ]
INFO: [ view_filter ] --END-- [ RunTime:0.002517s ]
INFO: [ app_end ] --START--
INFO: Run Behavior\ShowPageTraceBehavior [ RunTime:0.000049s ]
INFO: [ app_end ] --END-- [ RunTime:0.000078s ]

[ 2016-10-02T10:32:24+08:00 ] 127.0.0.1 /Admin/Blog/uploadImg
INFO: [ app_init ] --START--
INFO: Run Behavior\BuildLiteBehavior [ RunTime:0.000009s ]
INFO: [ app_init ] --END-- [ RunTime:0.000069s ]
INFO: [ app_begin ] --START--
INFO: Run Behavior\ReadHtmlCacheBehavior [ RunTime:0.000025s ]
INFO: [ app_begin ] --END-- [ RunTime:0.000048s ]
INFO: [ app_end ] --START--
INFO: Run Behavior\ShowPageTraceBehavior [ RunTime:0.000028s ]
INFO: [ app_end ] --END-- [ RunTime:0.000054s ]

[ 2016-10-02T10:32:32+08:00 ] 127.0.0.1 /Admin/Blog/distribute
INFO: [ app_init ] --START--
INFO: Run Behavior\BuildLiteBehavior [ RunTime:0.000015s ]
INFO: [ app_init ] --END-- [ RunTime:0.000159s ]
INFO: [ app_begin ] --START--
INFO: Run Behavior\ReadHtmlCacheBehavior [ RunTime:0.000052s ]
INFO: [ app_begin ] --END-- [ RunTime:0.000133s ]
INFO: [ app_end ] --START--
INFO: Run Behavior\ShowPageTraceBehavior [ RunTime:0.000108s ]
INFO: [ app_end ] --END-- [ RunTime:0.000154s ]

[ 2016-10-02T10:32:53+08:00 ] 127.0.0.1 /Admin/Blog/index.html
INFO: [ app_init ] --START--
INFO: Run Behavior\BuildLiteBehavior [ RunTime:0.000010s ]
INFO: [ app_init ] --END-- [ RunTime:0.000098s ]
INFO: [ app_begin ] --START--
INFO: Run Behavior\ReadHtmlCacheBehavior [ RunTime:0.000031s ]
INFO: [ app_begin ] --END-- [ RunTime:0.000059s ]
SQL: SHOW COLUMNS FROM `bl_category` [ RunTime:0.0006s ]
SQL: SELECT `gid`,`cname`,`pid` FROM `bl_category`  [ RunTime:0.0002s ]
INFO: [ view_parse ] --START--
INFO: [ template_filter ] --START--
INFO: Run Behavior\ContentReplaceBehavior [ RunTime:0.000050s ]
INFO: [ template_filter ] --END-- [ RunTime:0.000083s ]
INFO: Run Behavior\ParseTemplateBehavior [ RunTime:0.005170s ]
INFO: [ view_parse ] --END-- [ RunTime:0.005214s ]
INFO: [ view_filter ] --START--
INFO: Run Behavior\WriteHtmlCacheBehavior [ RunTime:0.000039s ]
INFO: [ view_filter ] --END-- [ RunTime:0.000060s ]
INFO: [ app_end ] --START--
INFO: Run Behavior\ShowPageTraceBehavior [ RunTime:0.000039s ]
INFO: [ app_end ] --END-- [ RunTime:0.000068s ]

[ 2016-10-02T10:33:19+08:00 ] 127.0.0.1 /Admin/Blog/uploadImg
INFO: [ app_init ] --START--
INFO: Run Behavior\BuildLiteBehavior [ RunTime:0.000013s ]
INFO: [ app_init ] --END-- [ RunTime:0.000092s ]
INFO: [ app_begin ] --START--
INFO: Run Behavior\ReadHtmlCacheBehavior [ RunTime:0.000026s ]
INFO: [ app_begin ] --END-- [ RunTime:0.000052s ]
INFO: [ app_end ] --START--
INFO: Run Behavior\ShowPageTraceBehavior [ RunTime:0.000026s ]
INFO: [ app_end ] --END-- [ RunTime:0.000053s ]

[ 2016-10-02T10:33:27+08:00 ] 127.0.0.1 /Admin/Blog/distribute
INFO: [ app_init ] --START--
INFO: Run Behavior\BuildLiteBehavior [ RunTime:0.000009s ]
INFO: [ app_init ] --END-- [ RunTime:0.000064s ]
INFO: [ app_begin ] --START--
INFO: Run Behavior\ReadHtmlCacheBehavior [ RunTime:0.000025s ]
INFO: [ app_begin ] --END-- [ RunTime:0.000052s ]
SQL: SHOW COLUMNS FROM `bl_author` [ RunTime:0.0007s ]
INFO: [ app_end ] --START--
INFO: Run Behavior\ShowPageTraceBehavior [ RunTime:0.000076s ]
INFO: [ app_end ] --END-- [ RunTime:0.000123s ]

[ 2016-10-02T10:37:47+08:00 ] 127.0.0.1 /Admin/Blog/index.html
INFO: [ app_init ] --START--
INFO: Run Behavior\BuildLiteBehavior [ RunTime:0.000009s ]
INFO: [ app_init ] --END-- [ RunTime:0.000068s ]
INFO: [ app_begin ] --START--
INFO: Run Behavior\ReadHtmlCacheBehavior [ RunTime:0.000028s ]
INFO: [ app_begin ] --END-- [ RunTime:0.000053s ]
SQL: SHOW COLUMNS FROM `bl_category` [ RunTime:0.0005s ]
SQL: SELECT `gid`,`cname`,`pid` FROM `bl_category`  [ RunTime:0.0002s ]
INFO: [ view_parse ] --START--
INFO: [ template_filter ] --START--
INFO: Run Behavior\ContentReplaceBehavior [ RunTime:0.000055s ]
INFO: [ template_filter ] --END-- [ RunTime:0.000103s ]
INFO: Run Behavior\ParseTemplateBehavior [ RunTime:0.007982s ]
INFO: [ view_parse ] --END-- [ RunTime:0.008017s ]
INFO: [ view_filter ] --START--
INFO: Run Behavior\WriteHtmlCacheBehavior [ RunTime:0.000038s ]
INFO: [ view_filter ] --END-- [ RunTime:0.000059s ]
INFO: [ app_end ] --START--
INFO: Run Behavior\ShowPageTraceBehavior [ RunTime:0.000036s ]
INFO: [ app_end ] --END-- [ RunTime:0.000064s ]

[ 2016-10-02T10:38:03+08:00 ] 127.0.0.1 /Admin/Blog/uploadImg
INFO: [ app_init ] --START--
INFO: Run Behavior\BuildLiteBehavior [ RunTime:0.000009s ]
INFO: [ app_init ] --END-- [ RunTime:0.000062s ]
INFO: [ app_begin ] --START--
INFO: Run Behavior\ReadHtmlCacheBehavior [ RunTime:0.000044s ]
INFO: [ app_begin ] --END-- [ RunTime:0.000110s ]
INFO: [ app_end ] --START--
INFO: Run Behavior\ShowPageTraceBehavior [ RunTime:0.000023s ]
INFO: [ app_end ] --END-- [ RunTime:0.000047s ]

[ 2016-10-02T10:38:13+08:00 ] 127.0.0.1 /Admin/Blog/distribute
INFO: [ app_init ] --START--
INFO: Run Behavior\BuildLiteBehavior [ RunTime:0.000009s ]
INFO: [ app_init ] --END-- [ RunTime:0.000062s ]
INFO: [ app_begin ] --START--
INFO: Run Behavior\ReadHtmlCacheBehavior [ RunTime:0.000120s ]
INFO: [ app_begin ] --END-- [ RunTime:0.000149s ]
SQL: SHOW COLUMNS FROM `bl_author` [ RunTime:0.0006s ]
INFO: [ app_end ] --START--
INFO: Run Behavior\ShowPageTraceBehavior [ RunTime:0.000055s ]
INFO: [ app_end ] --END-- [ RunTime:0.000088s ]

[ 2016-10-02T10:39:05+08:00 ] 127.0.0.1 /Admin/Blog/index.html
INFO: [ app_init ] --START--
INFO: Run Behavior\BuildLiteBehavior [ RunTime:0.000008s ]
INFO: [ app_init ] --END-- [ RunTime:0.000062s ]
INFO: [ app_begin ] --START--
INFO: Run Behavior\ReadHtmlCacheBehavior [ RunTime:0.000028s ]
INFO: [ app_begin ] --END-- [ RunTime:0.000055s ]
SQL: SHOW COLUMNS FROM `bl_category` [ RunTime:0.0006s ]
SQL: SELECT `gid`,`cname`,`pid` FROM `bl_category`  [ RunTime:0.0001s ]
INFO: [ view_parse ] --START--
INFO: [ template_filter ] --START--
INFO: Run Behavior\ContentReplaceBehavior [ RunTime:0.000048s ]
INFO: [ template_filter ] --END-- [ RunTime:0.000081s ]
INFO: Run Behavior\ParseTemplateBehavior [ RunTime:0.009682s ]
INFO: [ view_parse ] --END-- [ RunTime:0.009738s ]
INFO: [ view_filter ] --START--
INFO: Run Behavior\WriteHtmlCacheBehavior [ RunTime:0.000142s ]
INFO: [ view_filter ] --END-- [ RunTime:0.000171s ]
INFO: [ app_end ] --START--
INFO: Run Behavior\ShowPageTraceBehavior [ RunTime:0.000038s ]
INFO: [ app_end ] --END-- [ RunTime:0.000065s ]

[ 2016-10-02T10:39:13+08:00 ] 127.0.0.1 /Admin/Blog/uploadImg
INFO: [ app_init ] --START--
INFO: Run Behavior\BuildLiteBehavior [ RunTime:0.000009s ]
INFO: [ app_init ] --END-- [ RunTime:0.000065s ]
INFO: [ app_begin ] --START--
INFO: Run Behavior\ReadHtmlCacheBehavior [ RunTime:0.000027s ]
INFO: [ app_begin ] --END-- [ RunTime:0.000052s ]
INFO: [ app_end ] --START--
INFO: Run Behavior\ShowPageTraceBehavior [ RunTime:0.000028s ]
INFO: [ app_end ] --END-- [ RunTime:0.000055s ]

[ 2016-10-02T10:39:16+08:00 ] 127.0.0.1 /Admin/Blog/distribute
INFO: [ app_init ] --START--
INFO: Run Behavior\BuildLiteBehavior [ RunTime:0.000010s ]
INFO: [ app_init ] --END-- [ RunTime:0.000100s ]
INFO: [ app_begin ] --START--
INFO: Run Behavior\ReadHtmlCacheBehavior [ RunTime:0.000025s ]
INFO: [ app_begin ] --END-- [ RunTime:0.000050s ]
SQL: SHOW COLUMNS FROM `bl_author` [ RunTime:0.0007s ]
INFO: [ app_end ] --START--
INFO: Run Behavior\ShowPageTraceBehavior [ RunTime:0.000052s ]
INFO: [ app_end ] --END-- [ RunTime:0.000086s ]

[ 2016-10-02T10:40:15+08:00 ] 127.0.0.1 /Admin/Blog/index.html
INFO: [ app_init ] --START--
INFO: Run Behavior\BuildLiteBehavior [ RunTime:0.000009s ]
INFO: [ app_init ] --END-- [ RunTime:0.000065s ]
INFO: [ app_begin ] --START--
INFO: Run Behavior\ReadHtmlCacheBehavior [ RunTime:0.000026s ]
INFO: [ app_begin ] --END-- [ RunTime:0.000051s ]
SQL: SHOW COLUMNS FROM `bl_category` [ RunTime:0.0005s ]
SQL: SELECT `gid`,`cname`,`pid` FROM `bl_category`  [ RunTime:0.0001s ]
INFO: [ view_parse ] --START--
INFO: [ template_filter ] --START--
INFO: Run Behavior\ContentReplaceBehavior [ RunTime:0.000046s ]
INFO: [ template_filter ] --END-- [ RunTime:0.000079s ]
INFO: Run Behavior\ParseTemplateBehavior [ RunTime:0.005961s ]
INFO: [ view_parse ] --END-- [ RunTime:0.006008s ]
INFO: [ view_filter ] --START--
INFO: Run Behavior\WriteHtmlCacheBehavior [ RunTime:0.000153s ]
INFO: [ view_filter ] --END-- [ RunTime:0.000178s ]
INFO: [ app_end ] --START--
INFO: Run Behavior\ShowPageTraceBehavior [ RunTime:0.000072s ]
INFO: [ app_end ] --END-- [ RunTime:0.000107s ]

[ 2016-10-02T10:40:30+08:00 ] 127.0.0.1 /Admin/Blog/uploadImg
INFO: [ app_init ] --START--
INFO: Run Behavior\BuildLiteBehavior [ RunTime:0.000008s ]
INFO: [ app_init ] --END-- [ RunTime:0.000060s ]
INFO: [ app_begin ] --START--
INFO: Run Behavior\ReadHtmlCacheBehavior [ RunTime:0.000030s ]
INFO: [ app_begin ] --END-- [ RunTime:0.000056s ]
INFO: [ app_end ] --START--
INFO: Run Behavior\ShowPageTraceBehavior [ RunTime:0.000021s ]
INFO: [ app_end ] --END-- [ RunTime:0.000046s ]

[ 2016-10-02T10:40:39+08:00 ] 127.0.0.1 /Admin/Blog/distribute
INFO: [ app_init ] --START--
INFO: Run Behavior\BuildLiteBehavior [ RunTime:0.000013s ]
INFO: [ app_init ] --END-- [ RunTime:0.000099s ]
INFO: [ app_begin ] --START--
INFO: Run Behavior\ReadHtmlCacheBehavior [ RunTime:0.000042s ]
INFO: [ app_begin ] --END-- [ RunTime:0.000083s ]
SQL: SHOW COLUMNS FROM `bl_author` [ RunTime:0.0008s ]
INFO: [ app_end ] --START--
INFO: Run Behavior\ShowPageTraceBehavior [ RunTime:0.000077s ]
INFO: [ app_end ] --END-- [ RunTime:0.000123s ]

[ 2016-10-02T10:41:28+08:00 ] 127.0.0.1 /Admin/Blog/index.html
INFO: [ app_init ] --START--
INFO: Run Behavior\BuildLiteBehavior [ RunTime:0.000014s ]
INFO: [ app_init ] --END-- [ RunTime:0.000156s ]
INFO: [ app_begin ] --START--
INFO: Run Behavior\ReadHtmlCacheBehavior [ RunTime:0.000048s ]
INFO: [ app_begin ] --END-- [ RunTime:0.000093s ]
SQL: SHOW COLUMNS FROM `bl_category` [ RunTime:0.0006s ]
SQL: SELECT `gid`,`cname`,`pid` FROM `bl_category`  [ RunTime:0.0001s ]
INFO: [ view_parse ] --START--
INFO: [ template_filter ] --START--
INFO: Run Behavior\ContentReplaceBehavior [ RunTime:0.000049s ]
INFO: [ template_filter ] --END-- [ RunTime:0.000138s ]
INFO: Run Behavior\ParseTemplateBehavior [ RunTime:0.008736s ]
INFO: [ view_parse ] --END-- [ RunTime:0.008791s ]
INFO: [ view_filter ] --START--
INFO: Run Behavior\WriteHtmlCacheBehavior [ RunTime:0.000047s ]
INFO: [ view_filter ] --END-- [ RunTime:0.000165s ]
INFO: [ app_end ] --START--
INFO: Run Behavior\ShowPageTraceBehavior [ RunTime:0.000041s ]
INFO: [ app_end ] --END-- [ RunTime:0.000070s ]

[ 2016-10-02T10:41:40+08:00 ] 127.0.0.1 /Admin/Blog/uploadImg
INFO: [ app_init ] --START--
INFO: Run Behavior\BuildLiteBehavior [ RunTime:0.000009s ]
INFO: [ app_init ] --END-- [ RunTime:0.000069s ]
INFO: [ app_begin ] --START--
INFO: Run Behavior\ReadHtmlCacheBehavior [ RunTime:0.000030s ]
INFO: [ app_begin ] --END-- [ RunTime:0.000058s ]
INFO: [ app_end ] --START--
INFO: Run Behavior\ShowPageTraceBehavior [ RunTime:0.000026s ]
INFO: [ app_end ] --END-- [ RunTime:0.000100s ]

[ 2016-10-02T10:41:48+08:00 ] 127.0.0.1 /Admin/Blog/distribute
INFO: [ app_init ] --START--
INFO: Run Behavior\BuildLiteBehavior [ RunTime:0.000009s ]
INFO: [ app_init ] --END-- [ RunTime:0.000066s ]
INFO: [ app_begin ] --START--
INFO: Run Behavior\ReadHtmlCacheBehavior [ RunTime:0.000026s ]
INFO: [ app_begin ] --END-- [ RunTime:0.000090s ]
SQL: SHOW COLUMNS FROM `bl_author` [ RunTime:0.0015s ]
INFO: [ app_end ] --START--
INFO: Run Behavior\ShowPageTraceBehavior [ RunTime:0.000134s ]
INFO: [ app_end ] --END-- [ RunTime:0.000233s ]

[ 2016-10-02T10:43:20+08:00 ] 127.0.0.1 /Admin/Blog/index.html
INFO: [ app_init ] --START--
INFO: Run Behavior\BuildLiteBehavior [ RunTime:0.000014s ]
INFO: [ app_init ] --END-- [ RunTime:0.000100s ]
INFO: [ app_begin ] --START--
INFO: Run Behavior\ReadHtmlCacheBehavior [ RunTime:0.000047s ]
INFO: [ app_begin ] --END-- [ RunTime:0.000091s ]
SQL: SHOW COLUMNS FROM `bl_category` [ RunTime:0.0007s ]
SQL: SELECT `gid`,`cname`,`pid` FROM `bl_category`  [ RunTime:0.0001s ]
INFO: [ view_parse ] --START--
INFO: [ template_filter ] --START--
INFO: Run Behavior\ContentReplaceBehavior [ RunTime:0.000047s ]
INFO: [ template_filter ] --END-- [ RunTime:0.000081s ]
INFO: Run Behavior\ParseTemplateBehavior [ RunTime:0.003681s ]
INFO: [ view_parse ] --END-- [ RunTime:0.003716s ]
INFO: [ view_filter ] --START--
INFO: Run Behavior\WriteHtmlCacheBehavior [ RunTime:0.000034s ]
INFO: [ view_filter ] --END-- [ RunTime:0.000054s ]
INFO: [ app_end ] --START--
INFO: Run Behavior\ShowPageTraceBehavior [ RunTime:0.000035s ]
INFO: [ app_end ] --END-- [ RunTime:0.000063s ]

[ 2016-10-02T10:43:35+08:00 ] 127.0.0.1 /Admin/Blog/uploadImg
INFO: [ app_init ] --START--
INFO: Run Behavior\BuildLiteBehavior [ RunTime:0.000013s ]
INFO: [ app_init ] --END-- [ RunTime:0.000136s ]
INFO: [ app_begin ] --START--
INFO: Run Behavior\ReadHtmlCacheBehavior [ RunTime:0.000032s ]
INFO: [ app_begin ] --END-- [ RunTime:0.000058s ]
INFO: [ app_end ] --START--
INFO: Run Behavior\ShowPageTraceBehavior [ RunTime:0.000024s ]
INFO: [ app_end ] --END-- [ RunTime:0.000050s ]

[ 2016-10-02T10:43:46+08:00 ] 127.0.0.1 /Admin/Blog/distribute
INFO: [ app_init ] --START--
INFO: Run Behavior\BuildLiteBehavior [ RunTime:0.000018s ]
INFO: [ app_init ] --END-- [ RunTime:0.000139s ]
INFO: [ app_begin ] --START--
INFO: Run Behavior\ReadHtmlCacheBehavior [ RunTime:0.000070s ]
INFO: [ app_begin ] --END-- [ RunTime:0.000143s ]
SQL: SHOW COLUMNS FROM `bl_author` [ RunTime:0.0007s ]

[ 2016-10-02T10:44:35+08:00 ] 127.0.0.1 /Admin/Blog/index.html
INFO: [ app_init ] --START--
INFO: Run Behavior\BuildLiteBehavior [ RunTime:0.000009s ]
INFO: [ app_init ] --END-- [ RunTime:0.000105s ]
INFO: [ app_begin ] --START--
INFO: Run Behavior\ReadHtmlCacheBehavior [ RunTime:0.000028s ]
INFO: [ app_begin ] --END-- [ RunTime:0.000053s ]
SQL: SHOW COLUMNS FROM `bl_category` [ RunTime:0.0005s ]
SQL: SELECT `gid`,`cname`,`pid` FROM `bl_category`  [ RunTime:0.0001s ]
INFO: [ view_parse ] --START--
INFO: [ template_filter ] --START--
INFO: Run Behavior\ContentReplaceBehavior [ RunTime:0.000047s ]
INFO: [ template_filter ] --END-- [ RunTime:0.000080s ]
INFO: Run Behavior\ParseTemplateBehavior [ RunTime:0.003620s ]
INFO: [ view_parse ] --END-- [ RunTime:0.003687s ]
INFO: [ view_filter ] --START--
INFO: Run Behavior\WriteHtmlCacheBehavior [ RunTime:0.000033s ]
INFO: [ view_filter ] --END-- [ RunTime:0.000054s ]
INFO: [ app_end ] --START--
INFO: Run Behavior\ShowPageTraceBehavior [ RunTime:0.000035s ]
INFO: [ app_end ] --END-- [ RunTime:0.000152s ]

[ 2016-10-02T10:44:53+08:00 ] 127.0.0.1 /Admin/Blog/uploadImg
INFO: [ app_init ] --START--
INFO: Run Behavior\BuildLiteBehavior [ RunTime:0.000009s ]
INFO: [ app_init ] --END-- [ RunTime:0.000065s ]
INFO: [ app_begin ] --START--
INFO: Run Behavior\ReadHtmlCacheBehavior [ RunTime:0.000028s ]
INFO: [ app_begin ] --END-- [ RunTime:0.000054s ]
INFO: [ app_end ] --START--
INFO: Run Behavior\ShowPageTraceBehavior [ RunTime:0.000025s ]
INFO: [ app_end ] --END-- [ RunTime:0.000050s ]

[ 2016-10-02T10:45:14+08:00 ] 127.0.0.1 /Admin/Blog/distribute
INFO: [ app_init ] --START--
INFO: Run Behavior\BuildLiteBehavior [ RunTime:0.000009s ]
INFO: [ app_init ] --END-- [ RunTime:0.000063s ]
INFO: [ app_begin ] --START--
INFO: Run Behavior\ReadHtmlCacheBehavior [ RunTime:0.000065s ]
INFO: [ app_begin ] --END-- [ RunTime:0.000093s ]
SQL: SHOW COLUMNS FROM `bl_author` [ RunTime:0.0014s ]
INFO: [ app_end ] --START--
INFO: Run Behavior\ShowPageTraceBehavior [ RunTime:0.000132s ]
INFO: [ app_end ] --END-- [ RunTime:0.000233s ]

[ 2016-10-02T10:46:19+08:00 ] 127.0.0.1 /Admin/Blog/index.html
INFO: [ app_init ] --START--
INFO: Run Behavior\BuildLiteBehavior [ RunTime:0.000016s ]
INFO: [ app_init ] --END-- [ RunTime:0.000110s ]
INFO: [ app_begin ] --START--
INFO: Run Behavior\ReadHtmlCacheBehavior [ RunTime:0.000055s ]
INFO: [ app_begin ] --END-- [ RunTime:0.000103s ]
SQL: SHOW COLUMNS FROM `bl_category` [ RunTime:0.0010s ]
SQL: SELECT `gid`,`cname`,`pid` FROM `bl_category`  [ RunTime:0.0003s ]
INFO: [ view_parse ] --START--
INFO: [ template_filter ] --START--
INFO: Run Behavior\ContentReplaceBehavior [ RunTime:0.000130s ]
INFO: [ template_filter ] --END-- [ RunTime:0.000195s ]
INFO: Run Behavior\ParseTemplateBehavior [ RunTime:0.013670s ]
INFO: [ view_parse ] --END-- [ RunTime:0.013729s ]
INFO: [ view_filter ] --START--
INFO: Run Behavior\WriteHtmlCacheBehavior [ RunTime:0.000057s ]
INFO: [ view_filter ] --END-- [ RunTime:0.000091s ]
INFO: [ app_end ] --START--
INFO: Run Behavior\ShowPageTraceBehavior [ RunTime:0.000036s ]
INFO: [ app_end ] --END-- [ RunTime:0.000063s ]

[ 2016-10-02T10:47:00+08:00 ] 127.0.0.1 /Admin/Blog/uploadImg
INFO: [ app_init ] --START--
INFO: Run Behavior\BuildLiteBehavior [ RunTime:0.000009s ]
INFO: [ app_init ] --END-- [ RunTime:0.000067s ]
INFO: [ app_begin ] --START--
INFO: Run Behavior\ReadHtmlCacheBehavior [ RunTime:0.000030s ]
INFO: [ app_begin ] --END-- [ RunTime:0.000059s ]
INFO: [ app_end ] --START--
INFO: Run Behavior\ShowPageTraceBehavior [ RunTime:0.000037s ]
INFO: [ app_end ] --END-- [ RunTime:0.000077s ]

[ 2016-10-02T10:47:26+08:00 ] 127.0.0.1 /Admin/Blog/distribute
INFO: [ app_init ] --START--
INFO: Run Behavior\BuildLiteBehavior [ RunTime:0.000009s ]
INFO: [ app_init ] --END-- [ RunTime:0.000066s ]
INFO: [ app_begin ] --START--
INFO: Run Behavior\ReadHtmlCacheBehavior [ RunTime:0.000031s ]
INFO: [ app_begin ] --END-- [ RunTime:0.000059s ]
SQL: SHOW COLUMNS FROM `bl_author` [ RunTime:0.0006s ]
SQL: INSERT INTO `bl_author` (`uname`) VALUES ('sql') [ RunTime:0.0738s ]
INFO: [ app_end ] --START--
INFO: Run Behavior\ShowPageTraceBehavior [ RunTime:0.000215s ]
INFO: [ app_end ] --END-- [ RunTime:0.000313s ]

[ 2016-10-02T10:52:15+08:00 ] 127.0.0.1 /Admin/Blog/distribute
INFO: [ app_init ] --START--
INFO: Run Behavior\BuildLiteBehavior [ RunTime:0.000011s ]
INFO: [ app_init ] --END-- [ RunTime:0.000074s ]
INFO: [ app_begin ] --START--
INFO: Run Behavior\ReadHtmlCacheBehavior [ RunTime:0.000031s ]
INFO: [ app_begin ] --END-- [ RunTime:0.000060s ]
SQL: SHOW COLUMNS FROM `bl_author` [ RunTime:0.0007s ]
SQL: INSERT INTO `bl_author` (`uname`) VALUES ('sql') [ RunTime:0.0147s ]
INFO: [ app_end ] --START--
INFO: Run Behavior\ShowPageTraceBehavior [ RunTime:0.000214s ]
INFO: [ app_end ] --END-- [ RunTime:0.000322s ]

[ 2016-10-02T10:58:04+08:00 ] 127.0.0.1 /Admin/Blog/index.html
INFO: [ app_init ] --START--
INFO: Run Behavior\BuildLiteBehavior [ RunTime:0.000011s ]
INFO: [ app_init ] --END-- [ RunTime:0.000074s ]
INFO: [ app_begin ] --START--
INFO: Run Behavior\ReadHtmlCacheBehavior [ RunTime:0.000050s ]
INFO: [ app_begin ] --END-- [ RunTime:0.000094s ]
SQL: SHOW COLUMNS FROM `bl_category` [ RunTime:0.0006s ]
SQL: SELECT `gid`,`cname`,`pid` FROM `bl_category`  [ RunTime:0.0001s ]
INFO: [ view_parse ] --START--
INFO: [ template_filter ] --START--
INFO: Run Behavior\ContentReplaceBehavior [ RunTime:0.000049s ]
INFO: [ template_filter ] --END-- [ RunTime:0.000084s ]
INFO: Run Behavior\ParseTemplateBehavior [ RunTime:0.005530s ]
INFO: [ view_parse ] --END-- [ RunTime:0.005576s ]
INFO: [ view_filter ] --START--
INFO: Run Behavior\WriteHtmlCacheBehavior [ RunTime:0.000043s ]
INFO: [ view_filter ] --END-- [ RunTime:0.000064s ]
INFO: [ app_end ] --START--
INFO: Run Behavior\ShowPageTraceBehavior [ RunTime:0.000037s ]
INFO: [ app_end ] --END-- [ RunTime:0.000064s ]

[ 2016-10-02T10:58:25+08:00 ] 127.0.0.1 /Admin/Blog/uploadImg
INFO: [ app_init ] --START--
INFO: Run Behavior\BuildLiteBehavior [ RunTime:0.000009s ]
INFO: [ app_init ] --END-- [ RunTime:0.000069s ]
INFO: [ app_begin ] --START--
INFO: Run Behavior\ReadHtmlCacheBehavior [ RunTime:0.000026s ]
INFO: [ app_begin ] --END-- [ RunTime:0.000048s ]
INFO: [ app_end ] --START--
INFO: Run Behavior\ShowPageTraceBehavior [ RunTime:0.000056s ]
INFO: [ app_end ] --END-- [ RunTime:0.000109s ]

[ 2016-10-02T10:58:33+08:00 ] 127.0.0.1 /Admin/Blog/distribute
INFO: [ app_init ] --START--
INFO: Run Behavior\BuildLiteBehavior [ RunTime:0.000009s ]
INFO: [ app_init ] --END-- [ RunTime:0.000069s ]
INFO: [ app_begin ] --START--
INFO: Run Behavior\ReadHtmlCacheBehavior [ RunTime:0.000030s ]
INFO: [ app_begin ] --END-- [ RunTime:0.000057s ]
SQL: SHOW COLUMNS FROM `bl_author` [ RunTime:0.0137s ]
SQL: SELECT `tid` FROM `bl_author` WHERE `uname` = 'onlyLove193' LIMIT 1   [ RunTime:0.0591s ]
SQL: INSERT INTO `bl_author` (`uname`) VALUES ('onlyLove193') [ RunTime:0.0007s ]
INFO: [ app_end ] --START--
INFO: Run Behavior\ShowPageTraceBehavior [ RunTime:0.000149s ]
INFO: [ app_end ] --END-- [ RunTime:0.000236s ]

[ 2016-10-02T10:58:48+08:00 ] 127.0.0.1 /Admin/Blog/distribute
INFO: [ app_init ] --START--
INFO: Run Behavior\BuildLiteBehavior [ RunTime:0.000016s ]
INFO: [ app_init ] --END-- [ RunTime:0.000121s ]
INFO: [ app_begin ] --START--
INFO: Run Behavior\ReadHtmlCacheBehavior [ RunTime:0.000050s ]
INFO: [ app_begin ] --END-- [ RunTime:0.000100s ]
SQL: SHOW COLUMNS FROM `bl_author` [ RunTime:0.0005s ]
SQL: SELECT `tid` FROM `bl_author` WHERE `uname` = 'onlyLove193' LIMIT 1   [ RunTime:0.0002s ]
INFO: [ app_end ] --START--
INFO: Run Behavior\ShowPageTraceBehavior [ RunTime:0.000068s ]
INFO: [ app_end ] --END-- [ RunTime:0.000125s ]

[ 2016-10-02T11:05:12+08:00 ] 127.0.0.1 /Admin/Blog/index.html
INFO: [ app_init ] --START--
INFO: Run Behavior\BuildLiteBehavior [ RunTime:0.000010s ]
INFO: [ app_init ] --END-- [ RunTime:0.000068s ]
INFO: [ app_begin ] --START--
INFO: Run Behavior\ReadHtmlCacheBehavior [ RunTime:0.000032s ]
INFO: [ app_begin ] --END-- [ RunTime:0.000060s ]
SQL: SHOW COLUMNS FROM `bl_category` [ RunTime:0.0005s ]
SQL: SELECT `gid`,`cname`,`pid` FROM `bl_category`  [ RunTime:0.0001s ]
INFO: [ view_parse ] --START--
INFO: [ template_filter ] --START--
INFO: Run Behavior\ContentReplaceBehavior [ RunTime:0.000048s ]
INFO: [ template_filter ] --END-- [ RunTime:0.000081s ]
INFO: Run Behavior\ParseTemplateBehavior [ RunTime:0.006755s ]
INFO: [ view_parse ] --END-- [ RunTime:0.006812s ]
INFO: [ view_filter ] --START--
INFO: Run Behavior\WriteHtmlCacheBehavior [ RunTime:0.000066s ]
INFO: [ view_filter ] --END-- [ RunTime:0.000094s ]
INFO: [ app_end ] --START--
INFO: Run Behavior\ShowPageTraceBehavior [ RunTime:0.000043s ]
INFO: [ app_end ] --END-- [ RunTime:0.000085s ]

[ 2016-10-02T11:05:19+08:00 ] 127.0.0.1 /Admin/Blog/uploadImg
INFO: [ app_init ] --START--
INFO: Run Behavior\BuildLiteBehavior [ RunTime:0.000008s ]
INFO: [ app_init ] --END-- [ RunTime:0.000059s ]
INFO: [ app_begin ] --START--
INFO: Run Behavior\ReadHtmlCacheBehavior [ RunTime:0.000024s ]
INFO: [ app_begin ] --END-- [ RunTime:0.000046s ]
INFO: [ app_end ] --START--
INFO: Run Behavior\ShowPageTraceBehavior [ RunTime:0.000022s ]
INFO: [ app_end ] --END-- [ RunTime:0.000047s ]

[ 2016-10-02T11:05:22+08:00 ] 127.0.0.1 /Admin/Blog/distribute
INFO: [ app_init ] --START--
INFO: Run Behavior\BuildLiteBehavior [ RunTime:0.000008s ]
INFO: [ app_init ] --END-- [ RunTime:0.000066s ]
INFO: [ app_begin ] --START--
INFO: Run Behavior\ReadHtmlCacheBehavior [ RunTime:0.000025s ]
INFO: [ app_begin ] --END-- [ RunTime:0.000049s ]
INFO: [ app_end ] --START--
INFO: Run Behavior\ShowPageTraceBehavior [ RunTime:0.000029s ]
INFO: [ app_end ] --END-- [ RunTime:0.000055s ]

[ 2016-10-02T11:09:59+08:00 ] 127.0.0.1 /Admin/Blog/index.html
INFO: [ app_init ] --START--
INFO: Run Behavior\BuildLiteBehavior [ RunTime:0.000009s ]
INFO: [ app_init ] --END-- [ RunTime:0.000064s ]
INFO: [ app_begin ] --START--
INFO: Run Behavior\ReadHtmlCacheBehavior [ RunTime:0.000029s ]
INFO: [ app_begin ] --END-- [ RunTime:0.000056s ]
SQL: SHOW COLUMNS FROM `bl_category` [ RunTime:0.0006s ]
SQL: SELECT `gid`,`cname`,`pid` FROM `bl_category`  [ RunTime:0.0001s ]
INFO: [ view_parse ] --START--
INFO: [ template_filter ] --START--
INFO: Run Behavior\ContentReplaceBehavior [ RunTime:0.000048s ]
INFO: [ template_filter ] --END-- [ RunTime:0.000094s ]
INFO: Run Behavior\ParseTemplateBehavior [ RunTime:0.005887s ]
INFO: [ view_parse ] --END-- [ RunTime:0.006069s ]
INFO: [ view_filter ] --START--
INFO: Run Behavior\WriteHtmlCacheBehavior [ RunTime:0.000044s ]
INFO: [ view_filter ] --END-- [ RunTime:0.000066s ]
INFO: [ app_end ] --START--
INFO: Run Behavior\ShowPageTraceBehavior [ RunTime:0.000035s ]
INFO: [ app_end ] --END-- [ RunTime:0.000061s ]

[ 2016-10-02T11:10:31+08:00 ] 127.0.0.1 /Admin/Blog/uploadImg
INFO: [ app_init ] --START--
INFO: Run Behavior\BuildLiteBehavior [ RunTime:0.000009s ]
INFO: [ app_init ] --END-- [ RunTime:0.000065s ]
INFO: [ app_begin ] --START--
INFO: Run Behavior\ReadHtmlCacheBehavior [ RunTime:0.000027s ]
INFO: [ app_begin ] --END-- [ RunTime:0.000050s ]
INFO: [ app_end ] --START--
INFO: Run Behavior\ShowPageTraceBehavior [ RunTime:0.000024s ]
INFO: [ app_end ] --END-- [ RunTime:0.000049s ]

[ 2016-10-02T11:10:40+08:00 ] 127.0.0.1 /Admin/Blog/distribute
INFO: [ app_init ] --START--
INFO: Run Behavior\BuildLiteBehavior [ RunTime:0.000018s ]
INFO: [ app_init ] --END-- [ RunTime:0.000166s ]
INFO: [ app_begin ] --START--
INFO: Run Behavior\ReadHtmlCacheBehavior [ RunTime:0.000072s ]
INFO: [ app_begin ] --END-- [ RunTime:0.000140s ]
SQL: SHOW COLUMNS FROM `bl_author` [ RunTime:0.0010s ]
SQL: SELECT `tid` FROM `bl_author` WHERE `uname` = 'onlylove193' LIMIT 1   [ RunTime:0.0004s ]
SQL: SHOW COLUMNS FROM `bl_article` [ RunTime:0.0010s ]
NOTIC: [8] Undefined index: validate /var/www/html/blog/ThinkPHP/Library/Think/Model.class.php 第 1185 行.
NOTIC: [8] Undefined index: auto /var/www/html/blog/ThinkPHP/Library/Think/Model.class.php 第 1128 行.
NOTIC: [8] Undefined index: savePath /var/www/html/blog/App/Admin/Controller/BlogController.class.php 第 63 行.
NOTIC: [8] Undefined variable: aimg /var/www/html/blog/App/Admin/Controller/BlogController.class.php 第 63 行.
INFO: [ app_end ] --START--
INFO: Run Behavior\ShowPageTraceBehavior [ RunTime:0.000087s ]
INFO: [ app_end ] --END-- [ RunTime:0.000142s ]

[ 2016-10-02T11:11:28+08:00 ] 127.0.0.1 /Admin/Blog/index.html
INFO: [ app_init ] --START--
INFO: Run Behavior\BuildLiteBehavior [ RunTime:0.000014s ]
INFO: [ app_init ] --END-- [ RunTime:0.000106s ]
INFO: [ app_begin ] --START--
INFO: Run Behavior\ReadHtmlCacheBehavior [ RunTime:0.000047s ]
INFO: [ app_begin ] --END-- [ RunTime:0.000093s ]
SQL: SHOW COLUMNS FROM `bl_category` [ RunTime:0.0006s ]
SQL: SELECT `gid`,`cname`,`pid` FROM `bl_category`  [ RunTime:0.0002s ]
INFO: [ view_parse ] --START--
INFO: [ template_filter ] --START--
INFO: Run Behavior\ContentReplaceBehavior [ RunTime:0.000083s ]
INFO: [ template_filter ] --END-- [ RunTime:0.000136s ]
INFO: Run Behavior\ParseTemplateBehavior [ RunTime:0.008775s ]
INFO: [ view_parse ] --END-- [ RunTime:0.008829s ]
INFO: [ view_filter ] --START--
INFO: Run Behavior\WriteHtmlCacheBehavior [ RunTime:0.000044s ]
INFO: [ view_filter ] --END-- [ RunTime:0.000173s ]
INFO: [ app_end ] --START--
INFO: Run Behavior\ShowPageTraceBehavior [ RunTime:0.000036s ]
INFO: [ app_end ] --END-- [ RunTime:0.000059s ]

[ 2016-10-02T11:11:55+08:00 ] 127.0.0.1 /Admin/Blog/uploadImg
INFO: [ app_init ] --START--
INFO: Run Behavior\BuildLiteBehavior [ RunTime:0.000008s ]
INFO: [ app_init ] --END-- [ RunTime:0.000067s ]
INFO: [ app_begin ] --START--
INFO: Run Behavior\ReadHtmlCacheBehavior [ RunTime:0.000025s ]
INFO: [ app_begin ] --END-- [ RunTime:0.000049s ]
INFO: [ app_end ] --START--
INFO: Run Behavior\ShowPageTraceBehavior [ RunTime:0.000036s ]
INFO: [ app_end ] --END-- [ RunTime:0.000063s ]

[ 2016-10-02T11:11:57+08:00 ] 127.0.0.1 /Admin/Blog/distribute
INFO: [ app_init ] --START--
INFO: Run Behavior\BuildLiteBehavior [ RunTime:0.000015s ]
INFO: [ app_init ] --END-- [ RunTime:0.000096s ]
INFO: [ app_begin ] --START--
INFO: Run Behavior\ReadHtmlCacheBehavior [ RunTime:0.000082s ]
INFO: [ app_begin ] --END-- [ RunTime:0.000135s ]
SQL: SHOW COLUMNS FROM `bl_author` [ RunTime:0.0009s ]
SQL: SELECT `tid` FROM `bl_author` WHERE `uname` = 'onlyLove193' LIMIT 1   [ RunTime:0.0003s ]
SQL: SHOW COLUMNS FROM `bl_article` [ RunTime:0.0007s ]
NOTIC: [8] Undefined index: validate /var/www/html/blog/ThinkPHP/Library/Think/Model.class.php 第 1185 行.
NOTIC: [8] Undefined index: auto /var/www/html/blog/ThinkPHP/Library/Think/Model.class.php 第 1128 行.
NOTIC: [8] Undefined variable: img /var/www/html/blog/App/Admin/Controller/BlogController.class.php 第 63 行.
INFO: [ app_end ] --START--
INFO: Run Behavior\ShowPageTraceBehavior [ RunTime:0.000067s ]
INFO: [ app_end ] --END-- [ RunTime:0.000113s ]

[ 2016-10-02T11:12:41+08:00 ] 127.0.0.1 /Admin/Blog/index.html
INFO: [ app_init ] --START--
INFO: Run Behavior\BuildLiteBehavior [ RunTime:0.000042s ]
INFO: [ app_init ] --END-- [ RunTime:0.000944s ]
INFO: [ app_begin ] --START--
INFO: Run Behavior\ReadHtmlCacheBehavior [ RunTime:0.000167s ]
INFO: [ app_begin ] --END-- [ RunTime:0.000264s ]
SQL: SHOW COLUMNS FROM `bl_category` [ RunTime:0.0008s ]
SQL: SELECT `gid`,`cname`,`pid` FROM `bl_category`  [ RunTime:0.0002s ]
INFO: [ view_parse ] --START--
INFO: [ template_filter ] --START--
INFO: Run Behavior\ContentReplaceBehavior [ RunTime:0.000050s ]
INFO: [ template_filter ] --END-- [ RunTime:0.000085s ]
INFO: Run Behavior\ParseTemplateBehavior [ RunTime:0.006412s ]
INFO: [ view_parse ] --END-- [ RunTime:0.006456s ]
INFO: [ view_filter ] --START--
INFO: Run Behavior\WriteHtmlCacheBehavior [ RunTime:0.000040s ]
INFO: [ view_filter ] --END-- [ RunTime:0.000060s ]
INFO: [ app_end ] --START--
INFO: Run Behavior\ShowPageTraceBehavior [ RunTime:0.000037s ]
INFO: [ app_end ] --END-- [ RunTime:0.000066s ]

[ 2016-10-02T11:12:59+08:00 ] 127.0.0.1 /Admin/Blog/uploadImg
INFO: [ app_init ] --START--
INFO: Run Behavior\BuildLiteBehavior [ RunTime:0.000009s ]
INFO: [ app_init ] --END-- [ RunTime:0.000060s ]
INFO: [ app_begin ] --START--
INFO: Run Behavior\ReadHtmlCacheBehavior [ RunTime:0.000024s ]
INFO: [ app_begin ] --END-- [ RunTime:0.000047s ]
INFO: [ app_end ] --START--
INFO: Run Behavior\ShowPageTraceBehavior [ RunTime:0.000021s ]
INFO: [ app_end ] --END-- [ RunTime:0.000045s ]

[ 2016-10-02T11:13:08+08:00 ] 127.0.0.1 /Admin/Blog/distribute
INFO: [ app_init ] --START--
INFO: Run Behavior\BuildLiteBehavior [ RunTime:0.000009s ]
INFO: [ app_init ] --END-- [ RunTime:0.000064s ]
INFO: [ app_begin ] --START--
INFO: Run Behavior\ReadHtmlCacheBehavior [ RunTime:0.000026s ]
INFO: [ app_begin ] --END-- [ RunTime:0.000052s ]
SQL: SHOW COLUMNS FROM `bl_author` [ RunTime:0.0005s ]
SQL: SELECT `tid` FROM `bl_author` WHERE `uname` = 'onlyLove193' LIMIT 1   [ RunTime:0.0002s ]
SQL: SHOW COLUMNS FROM `bl_article` [ RunTime:0.0005s ]
NOTIC: [8] Undefined index: validate /var/www/html/blog/ThinkPHP/Library/Think/Model.class.php 第 1185 行.
NOTIC: [8] Undefined index: auto /var/www/html/blog/ThinkPHP/Library/Think/Model.class.php 第 1128 行.
NOTIC: [8] Undefined variable: img /var/www/html/blog/App/Admin/Controller/BlogController.class.php 第 63 行.
INFO: [ app_end ] --START--
INFO: Run Behavior\ShowPageTraceBehavior [ RunTime:0.000042s ]
INFO: [ app_end ] --END-- [ RunTime:0.000068s ]

[ 2016-10-02T11:13:46+08:00 ] 127.0.0.1 /Admin/Blog/index.html
INFO: [ app_init ] --START--
INFO: Run Behavior\BuildLiteBehavior [ RunTime:0.000023s ]
INFO: [ app_init ] --END-- [ RunTime:0.000160s ]
INFO: [ app_begin ] --START--
INFO: Run Behavior\ReadHtmlCacheBehavior [ RunTime:0.000080s ]
INFO: [ app_begin ] --END-- [ RunTime:0.000159s ]
SQL: SHOW COLUMNS FROM `bl_category` [ RunTime:0.0006s ]
SQL: SELECT `gid`,`cname`,`pid` FROM `bl_category`  [ RunTime:0.0001s ]
INFO: [ view_parse ] --START--
INFO: [ template_filter ] --START--
INFO: Run Behavior\ContentReplaceBehavior [ RunTime:0.000056s ]
INFO: [ template_filter ] --END-- [ RunTime:0.000108s ]
INFO: Run Behavior\ParseTemplateBehavior [ RunTime:0.007833s ]
INFO: [ view_parse ] --END-- [ RunTime:0.007868s ]
INFO: [ view_filter ] --START--
INFO: Run Behavior\WriteHtmlCacheBehavior [ RunTime:0.000039s ]
INFO: [ view_filter ] --END-- [ RunTime:0.000059s ]
INFO: [ app_end ] --START--
INFO: Run Behavior\ShowPageTraceBehavior [ RunTime:0.000033s ]
INFO: [ app_end ] --END-- [ RunTime:0.000060s ]

[ 2016-10-02T11:14:02+08:00 ] 127.0.0.1 /Admin/Blog/uploadImg
INFO: [ app_init ] --START--
INFO: Run Behavior\BuildLiteBehavior [ RunTime:0.000009s ]
INFO: [ app_init ] --END-- [ RunTime:0.000062s ]
INFO: [ app_begin ] --START--
INFO: Run Behavior\ReadHtmlCacheBehavior [ RunTime:0.000028s ]
INFO: [ app_begin ] --END-- [ RunTime:0.000052s ]
INFO: [ app_end ] --START--
INFO: Run Behavior\ShowPageTraceBehavior [ RunTime:0.000023s ]
INFO: [ app_end ] --END-- [ RunTime:0.000047s ]

[ 2016-10-02T11:14:13+08:00 ] 127.0.0.1 /Admin/Blog/distribute
INFO: [ app_init ] --START--
INFO: Run Behavior\BuildLiteBehavior [ RunTime:0.000014s ]
INFO: [ app_init ] --END-- [ RunTime:0.000106s ]
INFO: [ app_begin ] --START--
INFO: Run Behavior\ReadHtmlCacheBehavior [ RunTime:0.000044s ]
INFO: [ app_begin ] --END-- [ RunTime:0.000090s ]
SQL: SHOW COLUMNS FROM `bl_author` [ RunTime:0.0007s ]
SQL: SELECT `tid` FROM `bl_author` WHERE `uname` = 'onlyLove' LIMIT 1   [ RunTime:0.0001s ]
SQL: INSERT INTO `bl_author` (`uname`) VALUES ('onlyLove') [ RunTime:0.0002s ]
SQL: SHOW COLUMNS FROM `bl_article` [ RunTime:0.0005s ]
NOTIC: [8] Undefined index: validate /var/www/html/blog/ThinkPHP/Library/Think/Model.class.php 第 1185 行.
NOTIC: [8] Undefined index: auto /var/www/html/blog/ThinkPHP/Library/Think/Model.class.php 第 1128 行.
INFO: [ app_end ] --START--
INFO: Run Behavior\ShowPageTraceBehavior [ RunTime:0.000051s ]
INFO: [ app_end ] --END-- [ RunTime:0.000076s ]

[ 2016-10-02T11:15:58+08:00 ] 127.0.0.1 /Admin/Blog/index.html
INFO: [ app_init ] --START--
INFO: Run Behavior\BuildLiteBehavior [ RunTime:0.000016s ]
INFO: [ app_init ] --END-- [ RunTime:0.000120s ]
INFO: [ app_begin ] --START--
INFO: Run Behavior\ReadHtmlCacheBehavior [ RunTime:0.000053s ]
INFO: [ app_begin ] --END-- [ RunTime:0.000103s ]
SQL: SHOW COLUMNS FROM `bl_category` [ RunTime:0.0007s ]
SQL: SELECT `gid`,`cname`,`pid` FROM `bl_category`  [ RunTime:0.0003s ]
INFO: [ view_parse ] --START--
INFO: [ template_filter ] --START--
INFO: Run Behavior\ContentReplaceBehavior [ RunTime:0.000054s ]
INFO: [ template_filter ] --END-- [ RunTime:0.000093s ]
INFO: Run Behavior\ParseTemplateBehavior [ RunTime:0.004782s ]
INFO: [ view_parse ] --END-- [ RunTime:0.004820s ]
INFO: [ view_filter ] --START--
INFO: Run Behavior\WriteHtmlCacheBehavior [ RunTime:0.000041s ]
INFO: [ view_filter ] --END-- [ RunTime:0.000062s ]
INFO: [ app_end ] --START--
INFO: Run Behavior\ShowPageTraceBehavior [ RunTime:0.000038s ]
INFO: [ app_end ] --END-- [ RunTime:0.000066s ]

[ 2016-10-02T11:18:18+08:00 ] 127.0.0.1 /Admin/Blog/index.html
INFO: [ app_init ] --START--
INFO: Run Behavior\BuildLiteBehavior [ RunTime:0.000015s ]
INFO: [ app_init ] --END-- [ RunTime:0.000111s ]
INFO: [ app_begin ] --START--
INFO: Run Behavior\ReadHtmlCacheBehavior [ RunTime:0.000048s ]
INFO: [ app_begin ] --END-- [ RunTime:0.000085s ]
SQL: SHOW COLUMNS FROM `bl_category` [ RunTime:0.0006s ]
SQL: SELECT `gid`,`cname`,`pid` FROM `bl_category`  [ RunTime:0.0002s ]
INFO: [ view_parse ] --START--
INFO: [ template_filter ] --START--
INFO: Run Behavior\ContentReplaceBehavior [ RunTime:0.000061s ]
INFO: [ template_filter ] --END-- [ RunTime:0.000104s ]
INFO: Run Behavior\ParseTemplateBehavior [ RunTime:0.008881s ]
INFO: [ view_parse ] --END-- [ RunTime:0.008933s ]
INFO: [ view_filter ] --START--
INFO: Run Behavior\WriteHtmlCacheBehavior [ RunTime:0.000146s ]
INFO: [ view_filter ] --END-- [ RunTime:0.000172s ]
INFO: [ app_end ] --START--
INFO: Run Behavior\ShowPageTraceBehavior [ RunTime:0.000032s ]
INFO: [ app_end ] --END-- [ RunTime:0.000057s ]

[ 2016-10-02T11:19:49+08:00 ] 127.0.0.1 /Admin/Blog/uploadImg
INFO: [ app_init ] --START--
INFO: Run Behavior\BuildLiteBehavior [ RunTime:0.000011s ]
INFO: [ app_init ] --END-- [ RunTime:0.000079s ]
INFO: [ app_begin ] --START--
INFO: Run Behavior\ReadHtmlCacheBehavior [ RunTime:0.000030s ]
INFO: [ app_begin ] --END-- [ RunTime:0.000057s ]
INFO: [ app_end ] --START--
INFO: Run Behavior\ShowPageTraceBehavior [ RunTime:0.000024s ]
INFO: [ app_end ] --END-- [ RunTime:0.000051s ]

[ 2016-10-02T11:20:27+08:00 ] 127.0.0.1 /Admin/Blog/distribute
INFO: [ app_init ] --START--
INFO: Run Behavior\BuildLiteBehavior [ RunTime:0.000015s ]
INFO: [ app_init ] --END-- [ RunTime:0.000103s ]
INFO: [ app_begin ] --START--
INFO: Run Behavior\ReadHtmlCacheBehavior [ RunTime:0.000047s ]
INFO: [ app_begin ] --END-- [ RunTime:0.000094s ]
SQL: SHOW COLUMNS FROM `bl_author` [ RunTime:0.0007s ]
SQL: SELECT `tid` FROM `bl_author` WHERE `uname` = 'onlyLove193' LIMIT 1   [ RunTime:0.0002s ]
SQL: INSERT INTO `bl_author` (`uname`) VALUES ('onlyLove193') [ RunTime:0.0002s ]
SQL: SHOW COLUMNS FROM `bl_article` [ RunTime:0.0006s ]
NOTIC: [8] Undefined index: validate /var/www/html/blog/ThinkPHP/Library/Think/Model.class.php 第 1185 行.
NOTIC: [8] Undefined index: auto /var/www/html/blog/ThinkPHP/Library/Think/Model.class.php 第 1128 行.
SQL: INSERT INTO `bl_article` (`title`,`keywords`,`preread`,`status`,`content`) VALUES ('just for the frist eye','爱从心开始','我喜欢，只因为喜欢．不喜欢，就是不喜欢','0','<p>熟悉陌生的画面，唤醒封印的思念<br/></p>') [ RunTime:0.0003s ]
INFO: [ app_end ] --START--
INFO: Run Behavior\ShowPageTraceBehavior [ RunTime:0.000093s ]
INFO: [ app_end ] --END-- [ RunTime:0.000127s ]

[ 2016-10-02T11:22:20+08:00 ] 127.0.0.1 /Admin/Blog/index.html
INFO: [ app_init ] --START--
INFO: Run Behavior\BuildLiteBehavior [ RunTime:0.000015s ]
INFO: [ app_init ] --END-- [ RunTime:0.000117s ]
INFO: [ app_begin ] --START--
INFO: Run Behavior\ReadHtmlCacheBehavior [ RunTime:0.000052s ]
INFO: [ app_begin ] --END-- [ RunTime:0.000099s ]
SQL: SHOW COLUMNS FROM `bl_category` [ RunTime:0.0162s ]
SQL: SELECT `gid`,`cname`,`pid` FROM `bl_category`  [ RunTime:0.0003s ]
INFO: [ view_parse ] --START--
INFO: [ template_filter ] --START--
INFO: Run Behavior\ContentReplaceBehavior [ RunTime:0.000062s ]
INFO: [ template_filter ] --END-- [ RunTime:0.000110s ]
INFO: Run Behavior\ParseTemplateBehavior [ RunTime:0.004800s ]
INFO: [ view_parse ] --END-- [ RunTime:0.004841s ]
INFO: [ view_filter ] --START--
INFO: Run Behavior\WriteHtmlCacheBehavior [ RunTime:0.000041s ]
INFO: [ view_filter ] --END-- [ RunTime:0.000064s ]
INFO: [ app_end ] --START--
INFO: Run Behavior\ShowPageTraceBehavior [ RunTime:0.000057s ]
INFO: [ app_end ] --END-- [ RunTime:0.000103s ]

[ 2016-10-02T11:24:21+08:00 ] 127.0.0.1 /Admin/Blog/uploadImg
INFO: [ app_init ] --START--
INFO: Run Behavior\BuildLiteBehavior [ RunTime:0.000009s ]
INFO: [ app_init ] --END-- [ RunTime:0.000063s ]
INFO: [ app_begin ] --START--
INFO: Run Behavior\ReadHtmlCacheBehavior [ RunTime:0.000044s ]
INFO: [ app_begin ] --END-- [ RunTime:0.000070s ]
INFO: [ app_end ] --START--
INFO: Run Behavior\ShowPageTraceBehavior [ RunTime:0.000030s ]
INFO: [ app_end ] --END-- [ RunTime:0.000057s ]

[ 2016-10-02T11:25:11+08:00 ] 127.0.0.1 /Admin/Blog/distribute
INFO: [ app_init ] --START--
INFO: Run Behavior\BuildLiteBehavior [ RunTime:0.000010s ]
INFO: [ app_init ] --END-- [ RunTime:0.000073s ]
INFO: [ app_begin ] --START--
INFO: Run Behavior\ReadHtmlCacheBehavior [ RunTime:0.000031s ]
INFO: [ app_begin ] --END-- [ RunTime:0.000102s ]
SQL: SHOW COLUMNS FROM `bl_author` [ RunTime:0.0005s ]
SQL: SELECT `tid` FROM `bl_author` WHERE `uname` = 'onlyLove193' LIMIT 1   [ RunTime:0.0001s ]
SQL: SHOW COLUMNS FROM `bl_article` [ RunTime:0.0005s ]
NOTIC: [8] Undefined index: validate /var/www/html/blog/ThinkPHP/Library/Think/Model.class.php 第 1185 行.
NOTIC: [8] Undefined index: auto /var/www/html/blog/ThinkPHP/Library/Think/Model.class.php 第 1128 行.
SQL: INSERT INTO `bl_article` (`title`,`keywords`,`preread`,`status`,`content`,`auid`,`cid`) VALUES ('just for the frist eye','听从内心最真实的声音','喜欢，我喜欢；不喜欢，就是不喜欢','0','<p>熟悉陌生的画面，唤醒封印的思念，注定什么样的你，继承蔓延的思绪，．．．<br/></p>','1','13') [ RunTime:0.0002s ]
INFO: [ app_end ] --START--
INFO: Run Behavior\ShowPageTraceBehavior [ RunTime:0.000059s ]
INFO: [ app_end ] --END-- [ RunTime:0.000086s ]

