[ 2016-09-12T15:53:38+08:00 ] 127.0.0.1 /App/Admin/View/js/jquery.js
INFO: [ app_init ] --START--
INFO: Run Behavior\BuildLiteBehavior [ RunTime:0.000008s ]
INFO: [ app_init ] --END-- [ RunTime:0.000061s ]
ERR: 无法加载模块:App

[ 2016-09-12T15:53:38+08:00 ] 127.0.0.1 /App/Admin/View/images/leftico01.png
INFO: [ app_init ] --START--
INFO: Run Behavior\BuildLiteBehavior [ RunTime:0.000048s ]
INFO: [ app_init ] --END-- [ RunTime:0.000102s ]
ERR: 无法加载模块:App

[ 2016-09-12T15:53:38+08:00 ] 127.0.0.1 /App/Admin/View/images/leftico02.png
INFO: [ app_init ] --START--
INFO: Run Behavior\BuildLiteBehavior [ RunTime:0.000009s ]
INFO: [ app_init ] --END-- [ RunTime:0.000057s ]
ERR: 无法加载模块:App

[ 2016-09-12T15:53:38+08:00 ] 127.0.0.1 /App/Admin/View/css/style.css
INFO: [ app_init ] --START--
INFO: Run Behavior\BuildLiteBehavior [ RunTime:0.000024s ]
INFO: [ app_init ] --END-- [ RunTime:0.004178s ]
ERR: 无法加载模块:App

[ 2016-09-12T15:53:38+08:00 ] 127.0.0.1 /App/Admin/View/images/leftico03.png
INFO: [ app_init ] --START--
INFO: Run Behavior\BuildLiteBehavior [ RunTime:0.000010s ]
INFO: [ app_init ] --END-- [ RunTime:0.000129s ]
ERR: 无法加载模块:App

[ 2016-09-12T15:53:38+08:00 ] 127.0.0.1 /App/Admin/View//css/style.css
INFO: [ app_init ] --START--
INFO: Run Behavior\BuildLiteBehavior [ RunTime:0.000012s ]
INFO: [ app_init ] --END-- [ RunTime:0.000084s ]
ERR: 无法加载模块:App

[ 2016-09-12T15:53:38+08:00 ] 127.0.0.1 /App/Admin/View//js/jquery.js
INFO: [ app_init ] --START--
INFO: Run Behavior\BuildLiteBehavior [ RunTime:0.000011s ]
INFO: [ app_init ] --END-- [ RunTime:0.000066s ]
ERR: 无法加载模块:App

[ 2016-09-12T15:53:38+08:00 ] 127.0.0.1 /App/Admin/View/images/leftico04.png
INFO: [ app_init ] --START--
INFO: Run Behavior\BuildLiteBehavior [ RunTime:0.000010s ]
INFO: [ app_init ] --END-- [ RunTime:0.000059s ]
ERR: 无法加载模块:App

[ 2016-09-12T15:53:38+08:00 ] 127.0.0.1 /App/Admin/View//images/logo.png
INFO: [ app_init ] --START--
INFO: Run Behavior\BuildLiteBehavior [ RunTime:0.000008s ]
INFO: [ app_init ] --END-- [ RunTime:0.000053s ]
ERR: 无法加载模块:App

[ 2016-09-12T15:53:38+08:00 ] 127.0.0.1 /App/Admin/View//images/icon01.png
INFO: [ app_init ] --START--
INFO: Run Behavior\BuildLiteBehavior [ RunTime:0.000010s ]
INFO: [ app_init ] --END-- [ RunTime:0.000061s ]
ERR: 无法加载模块:App

[ 2016-09-12T15:53:38+08:00 ] 127.0.0.1 /App/Admin/View//images/icon02.png
INFO: [ app_init ] --START--
INFO: Run Behavior\BuildLiteBehavior [ RunTime:0.000009s ]
INFO: [ app_init ] --END-- [ RunTime:0.000058s ]
ERR: 无法加载模块:App

[ 2016-09-12T15:53:38+08:00 ] 127.0.0.1 /App/Admin/View//images/icon03.png
INFO: [ app_init ] --START--
INFO: Run Behavior\BuildLiteBehavior [ RunTime:0.000010s ]
INFO: [ app_init ] --END-- [ RunTime:0.000063s ]
ERR: 无法加载模块:App

[ 2016-09-12T15:53:38+08:00 ] 127.0.0.1 /App/Admin/View//images/icon04.png
INFO: [ app_init ] --START--
INFO: Run Behavior\BuildLiteBehavior [ RunTime:0.000010s ]
INFO: [ app_init ] --END-- [ RunTime:0.000057s ]
ERR: 无法加载模块:App

[ 2016-09-12T15:53:38+08:00 ] 127.0.0.1 /App/Admin/View//images/icon05.png
INFO: [ app_init ] --START--
INFO: Run Behavior\BuildLiteBehavior [ RunTime:0.000009s ]
INFO: [ app_init ] --END-- [ RunTime:0.000103s ]
ERR: 无法加载模块:App

[ 2016-09-12T15:53:38+08:00 ] 127.0.0.1 /App/Admin/View//images/icon06.png
INFO: [ app_init ] --START--
INFO: Run Behavior\BuildLiteBehavior [ RunTime:0.000011s ]
INFO: [ app_init ] --END-- [ RunTime:0.000076s ]
ERR: 无法加载模块:App

[ 2016-09-12T15:53:38+08:00 ] 127.0.0.1 /App/Admin/View//images/help.png
INFO: [ app_init ] --START--
INFO: Run Behavior\BuildLiteBehavior [ RunTime:0.000010s ]
INFO: [ app_init ] --END-- [ RunTime:0.000059s ]
ERR: 无法加载模块:App

[ 2016-09-12T15:53:38+08:00 ] 127.0.0.1 /App/Admin/View//images/topbg.gif
INFO: [ app_init ] --START--
INFO: Run Behavior\BuildLiteBehavior [ RunTime:0.000009s ]
INFO: [ app_init ] --END-- [ RunTime:0.000099s ]
ERR: 无法加载模块:App

[ 2016-09-12T15:53:38+08:00 ] 127.0.0.1 /App/Admin/View/images/leftico01.png
INFO: [ app_init ] --START--
INFO: Run Behavior\BuildLiteBehavior [ RunTime:0.000009s ]
INFO: [ app_init ] --END-- [ RunTime:0.000052s ]
ERR: 无法加载模块:App

[ 2016-09-12T15:53:38+08:00 ] 127.0.0.1 /App/Admin/View/css/style.css
INFO: [ app_init ] --START--
INFO: Run Behavior\BuildLiteBehavior [ RunTime:0.000011s ]
INFO: [ app_init ] --END-- [ RunTime:0.000065s ]
ERR: 无法加载模块:App

[ 2016-09-12T15:53:38+08:00 ] 127.0.0.1 /App/Admin/View/js/jquery.js
INFO: [ app_init ] --START--
INFO: Run Behavior\BuildLiteBehavior [ RunTime:0.000009s ]
INFO: [ app_init ] --END-- [ RunTime:0.000060s ]
ERR: 无法加载模块:App

[ 2016-09-12T15:53:38+08:00 ] 127.0.0.1 /App/Admin/View/images/leftico02.png
INFO: [ app_init ] --START--
INFO: Run Behavior\BuildLiteBehavior [ RunTime:0.000010s ]
INFO: [ app_init ] --END-- [ RunTime:0.000081s ]
ERR: 无法加载模块:App

[ 2016-09-12T15:53:38+08:00 ] 127.0.0.1 /App/Admin/View/images/sun.png
INFO: [ app_init ] --START--
INFO: Run Behavior\BuildLiteBehavior [ RunTime:0.000008s ]
INFO: [ app_init ] --END-- [ RunTime:0.000051s ]
ERR: 无法加载模块:App

[ 2016-09-12T15:53:38+08:00 ] 127.0.0.1 /App/Admin/View/images/leftico03.png
INFO: [ app_init ] --START--
INFO: Run Behavior\BuildLiteBehavior [ RunTime:0.000008s ]
INFO: [ app_init ] --END-- [ RunTime:0.000057s ]
ERR: 无法加载模块:App

[ 2016-09-12T15:53:38+08:00 ] 127.0.0.1 /App/Admin/View/images/time.png
INFO: [ app_init ] --START--
INFO: Run Behavior\BuildLiteBehavior [ RunTime:0.000008s ]
INFO: [ app_init ] --END-- [ RunTime:0.000054s ]
ERR: 无法加载模块:App

[ 2016-09-12T15:53:38+08:00 ] 127.0.0.1 /App/Admin/View/images/ico01.png
INFO: [ app_init ] --START--
INFO: Run Behavior\BuildLiteBehavior [ RunTime:0.000008s ]
INFO: [ app_init ] --END-- [ RunTime:0.000053s ]
ERR: 无法加载模块:App

[ 2016-09-12T15:53:38+08:00 ] 127.0.0.1 /App/Admin/View/images/ico02.png
INFO: [ app_init ] --START--
INFO: Run Behavior\BuildLiteBehavior [ RunTime:0.000010s ]
INFO: [ app_init ] --END-- [ RunTime:0.000065s ]
ERR: 无法加载模块:App

[ 2016-09-12T15:53:38+08:00 ] 127.0.0.1 /App/Admin/View/images/ico03.png
INFO: [ app_init ] --START--
INFO: Run Behavior\BuildLiteBehavior [ RunTime:0.000010s ]
INFO: [ app_init ] --END-- [ RunTime:0.000062s ]
ERR: 无法加载模块:App

[ 2016-09-12T15:53:38+08:00 ] 127.0.0.1 /App/Admin/View/images/ico04.png
INFO: [ app_init ] --START--
INFO: Run Behavior\BuildLiteBehavior [ RunTime:0.000011s ]
INFO: [ app_init ] --END-- [ RunTime:0.000071s ]
ERR: 无法加载模块:App

[ 2016-09-12T15:53:38+08:00 ] 127.0.0.1 /App/Admin/View/images/ico05.png
INFO: [ app_init ] --START--
INFO: Run Behavior\BuildLiteBehavior [ RunTime:0.000011s ]
INFO: [ app_init ] --END-- [ RunTime:0.000072s ]
ERR: 无法加载模块:App

[ 2016-09-12T15:53:38+08:00 ] 127.0.0.1 /App/Admin/View/images/ico06.png
INFO: [ app_init ] --START--
INFO: Run Behavior\BuildLiteBehavior [ RunTime:0.000010s ]
INFO: [ app_init ] --END-- [ RunTime:0.000065s ]
ERR: 无法加载模块:App

[ 2016-09-12T15:53:38+08:00 ] 127.0.0.1 /App/Admin/View/images/iadd.png
INFO: [ app_init ] --START--
INFO: Run Behavior\BuildLiteBehavior [ RunTime:0.000010s ]
INFO: [ app_init ] --END-- [ RunTime:0.000063s ]
ERR: 无法加载模块:App

[ 2016-09-12T15:53:38+08:00 ] 127.0.0.1 /App/Admin/View/images/dp.png
INFO: [ app_init ] --START--
INFO: Run Behavior\BuildLiteBehavior [ RunTime:0.000010s ]
INFO: [ app_init ] --END-- [ RunTime:0.000066s ]
ERR: 无法加载模块:App

[ 2016-09-12T15:53:38+08:00 ] 127.0.0.1 /App/Admin/View/images/sun.png
INFO: [ app_init ] --START--
INFO: Run Behavior\BuildLiteBehavior [ RunTime:0.000008s ]
INFO: [ app_init ] --END-- [ RunTime:0.000055s ]
ERR: 无法加载模块:App

[ 2016-09-12T16:05:26+08:00 ] 127.0.0.1 /App/Admin/View/__PUBLIC__/css/style.css
INFO: [ app_init ] --START--
INFO: Run Behavior\BuildLiteBehavior [ RunTime:0.000009s ]
INFO: [ app_init ] --END-- [ RunTime:0.000058s ]
ERR: 无法加载模块:App

[ 2016-09-12T16:05:26+08:00 ] 127.0.0.1 /App/Admin/View//__PUBLIC__/css/style.css
INFO: [ app_init ] --START--
INFO: Run Behavior\BuildLiteBehavior [ RunTime:0.000013s ]
INFO: [ app_init ] --END-- [ RunTime:0.000124s ]
ERR: 无法加载模块:App

[ 2016-09-12T16:05:26+08:00 ] 127.0.0.1 /App/Admin/View/__PUBLIC__/images/leftico03.png
INFO: [ app_init ] --START--
INFO: Run Behavior\BuildLiteBehavior [ RunTime:0.000010s ]
INFO: [ app_init ] --END-- [ RunTime:0.000070s ]
ERR: 无法加载模块:App

[ 2016-09-12T16:05:26+08:00 ] 127.0.0.1 /App/Admin/View//__PUBLIC__/js/jquery.js
INFO: [ app_init ] --START--
INFO: Run Behavior\BuildLiteBehavior [ RunTime:0.000009s ]
INFO: [ app_init ] --END-- [ RunTime:0.000057s ]
ERR: 无法加载模块:App

[ 2016-09-12T16:05:26+08:00 ] 127.0.0.1 /App/Admin/View/__PUBLIC__/images/leftico04.png
INFO: [ app_init ] --START--
INFO: Run Behavior\BuildLiteBehavior [ RunTime:0.000009s ]
INFO: [ app_init ] --END-- [ RunTime:0.000055s ]
ERR: 无法加载模块:App

[ 2016-09-12T16:05:26+08:00 ] 127.0.0.1 /App/Admin/View//__PUBLIC__/images/logo.png
INFO: [ app_init ] --START--
INFO: Run Behavior\BuildLiteBehavior [ RunTime:0.000010s ]
INFO: [ app_init ] --END-- [ RunTime:0.000060s ]
ERR: 无法加载模块:App

[ 2016-09-12T16:05:26+08:00 ] 127.0.0.1 /App/Admin/View//__PUBLIC__/images/icon01.png
INFO: [ app_init ] --START--
INFO: Run Behavior\BuildLiteBehavior [ RunTime:0.000009s ]
INFO: [ app_init ] --END-- [ RunTime:0.000059s ]
ERR: 无法加载模块:App

[ 2016-09-12T16:05:26+08:00 ] 127.0.0.1 /App/Admin/View//__PUBLIC__/images/icon02.png
INFO: [ app_init ] --START--
INFO: Run Behavior\BuildLiteBehavior [ RunTime:0.000010s ]
INFO: [ app_init ] --END-- [ RunTime:0.000059s ]
ERR: 无法加载模块:App

[ 2016-09-12T16:05:26+08:00 ] 127.0.0.1 /App/Admin/View//__PUBLIC__/images/icon03.png
INFO: [ app_init ] --START--
INFO: Run Behavior\BuildLiteBehavior [ RunTime:0.000009s ]
INFO: [ app_init ] --END-- [ RunTime:0.000059s ]
ERR: 无法加载模块:App

[ 2016-09-12T16:05:26+08:00 ] 127.0.0.1 /App/Admin/View//__PUBLIC__/images/icon05.png
INFO: [ app_init ] --START--
INFO: Run Behavior\BuildLiteBehavior [ RunTime:0.000011s ]
INFO: [ app_init ] --END-- [ RunTime:0.000069s ]
ERR: 无法加载模块:App

[ 2016-09-12T16:05:26+08:00 ] 127.0.0.1 /App/Admin/View//__PUBLIC__/images/icon04.png
INFO: [ app_init ] --START--
INFO: Run Behavior\BuildLiteBehavior [ RunTime:0.000009s ]
INFO: [ app_init ] --END-- [ RunTime:0.000054s ]
ERR: 无法加载模块:App

[ 2016-09-12T16:05:26+08:00 ] 127.0.0.1 /App/Admin/View//__PUBLIC__/images/icon06.png
INFO: [ app_init ] --START--
INFO: Run Behavior\BuildLiteBehavior [ RunTime:0.000031s ]
INFO: [ app_init ] --END-- [ RunTime:0.000105s ]
ERR: 无法加载模块:App

[ 2016-09-12T16:05:26+08:00 ] 127.0.0.1 /App/Admin/View//__PUBLIC__/images/help.png
INFO: [ app_init ] --START--
INFO: Run Behavior\BuildLiteBehavior [ RunTime:0.000077s ]
INFO: [ app_init ] --END-- [ RunTime:0.000130s ]
ERR: 无法加载模块:App

[ 2016-09-12T16:05:26+08:00 ] 127.0.0.1 /App/Admin/View/__PUBLIC__/images/sun.png
INFO: [ app_init ] --START--
INFO: Run Behavior\BuildLiteBehavior [ RunTime:0.000009s ]
INFO: [ app_init ] --END-- [ RunTime:0.000091s ]
ERR: 无法加载模块:App

[ 2016-09-12T16:05:26+08:00 ] 127.0.0.1 /App/Admin/View/__PUBLIC__/css/style.css
INFO: [ app_init ] --START--
INFO: Run Behavior\BuildLiteBehavior [ RunTime:0.000019s ]
INFO: [ app_init ] --END-- [ RunTime:0.000073s ]
ERR: 无法加载模块:App

[ 2016-09-12T16:05:26+08:00 ] 127.0.0.1 /App/Admin/View/__PUBLIC__/images/time.png
INFO: [ app_init ] --START--
INFO: Run Behavior\BuildLiteBehavior [ RunTime:0.000009s ]
INFO: [ app_init ] --END-- [ RunTime:0.000059s ]
ERR: 无法加载模块:App

[ 2016-09-12T16:05:26+08:00 ] 127.0.0.1 /App/Admin/View//images/topbg.gif
INFO: [ app_init ] --START--
INFO: Run Behavior\BuildLiteBehavior [ RunTime:0.000009s ]
INFO: [ app_init ] --END-- [ RunTime:0.000055s ]
ERR: 无法加载模块:App

[ 2016-09-12T16:05:26+08:00 ] 127.0.0.1 /App/Admin/View/__PUBLIC__/images/ico01.png
INFO: [ app_init ] --START--
INFO: Run Behavior\BuildLiteBehavior [ RunTime:0.000010s ]
INFO: [ app_init ] --END-- [ RunTime:0.000062s ]
ERR: 无法加载模块:App

[ 2016-09-12T16:05:26+08:00 ] 127.0.0.1 /App/Admin/View/__PUBLIC__/images/ico02.png
INFO: [ app_init ] --START--
INFO: Run Behavior\BuildLiteBehavior [ RunTime:0.000010s ]
INFO: [ app_init ] --END-- [ RunTime:0.000147s ]
ERR: 无法加载模块:App

[ 2016-09-12T16:05:26+08:00 ] 127.0.0.1 /App/Admin/View/__PUBLIC__/images/ico03.png
INFO: [ app_init ] --START--
INFO: Run Behavior\BuildLiteBehavior [ RunTime:0.000010s ]
INFO: [ app_init ] --END-- [ RunTime:0.000060s ]
ERR: 无法加载模块:App

[ 2016-09-12T16:05:26+08:00 ] 127.0.0.1 /App/Admin/View/__PUBLIC__/images/ico04.png
INFO: [ app_init ] --START--
INFO: Run Behavior\BuildLiteBehavior [ RunTime:0.000019s ]
INFO: [ app_init ] --END-- [ RunTime:0.000077s ]
ERR: 无法加载模块:App

[ 2016-09-12T16:05:26+08:00 ] 127.0.0.1 /App/Admin/View/__PUBLIC__/images/ico05.png
INFO: [ app_init ] --START--
INFO: Run Behavior\BuildLiteBehavior [ RunTime:0.000008s ]
INFO: [ app_init ] --END-- [ RunTime:0.000056s ]
ERR: 无法加载模块:App

[ 2016-09-12T16:05:26+08:00 ] 127.0.0.1 /App/Admin/View/__PUBLIC__/images/ico06.png
INFO: [ app_init ] --START--
INFO: Run Behavior\BuildLiteBehavior [ RunTime:0.000009s ]
INFO: [ app_init ] --END-- [ RunTime:0.000059s ]
ERR: 无法加载模块:App

[ 2016-09-12T16:05:26+08:00 ] 127.0.0.1 /App/Admin/View/__PUBLIC__/images/iadd.png
INFO: [ app_init ] --START--
INFO: Run Behavior\BuildLiteBehavior [ RunTime:0.000009s ]
INFO: [ app_init ] --END-- [ RunTime:0.000058s ]
ERR: 无法加载模块:App

[ 2016-09-12T16:05:26+08:00 ] 127.0.0.1 /App/Admin/View/__PUBLIC__/images/dp.png
INFO: [ app_init ] --START--
INFO: Run Behavior\BuildLiteBehavior [ RunTime:0.000011s ]
INFO: [ app_init ] --END-- [ RunTime:0.000067s ]
ERR: 无法加载模块:App

[ 2016-09-12T16:05:26+08:00 ] 127.0.0.1 /App/Admin/View/__PUBLIC__/images/leftico01.png
INFO: [ app_init ] --START--
INFO: Run Behavior\BuildLiteBehavior [ RunTime:0.000013s ]
INFO: [ app_init ] --END-- [ RunTime:0.000096s ]
ERR: 无法加载模块:App

[ 2016-09-12T16:05:26+08:00 ] 127.0.0.1 /App/Admin/View/__PUBLIC__/js/jquery.js
INFO: [ app_init ] --START--
INFO: Run Behavior\BuildLiteBehavior [ RunTime:0.000010s ]
INFO: [ app_init ] --END-- [ RunTime:0.000068s ]
ERR: 无法加载模块:App

[ 2016-09-12T16:05:26+08:00 ] 127.0.0.1 /App/Admin/View/__PUBLIC__/images/leftico02.png
INFO: [ app_init ] --START--
INFO: Run Behavior\BuildLiteBehavior [ RunTime:0.000009s ]
INFO: [ app_init ] --END-- [ RunTime:0.000066s ]
ERR: 无法加载模块:App

[ 2016-09-12T16:05:26+08:00 ] 127.0.0.1 /App/Admin/View/__PUBLIC__/images/leftico01.png
INFO: [ app_init ] --START--
INFO: Run Behavior\BuildLiteBehavior [ RunTime:0.000010s ]
INFO: [ app_init ] --END-- [ RunTime:0.000064s ]
ERR: 无法加载模块:App

[ 2016-09-12T16:05:26+08:00 ] 127.0.0.1 /App/Admin/View/__PUBLIC__/images/leftico03.png
INFO: [ app_init ] --START--
INFO: Run Behavior\BuildLiteBehavior [ RunTime:0.000010s ]
INFO: [ app_init ] --END-- [ RunTime:0.000058s ]
ERR: 无法加载模块:App

[ 2016-09-12T16:05:26+08:00 ] 127.0.0.1 /App/Admin/View/__PUBLIC__/images/leftico04.png
INFO: [ app_init ] --START--
INFO: Run Behavior\BuildLiteBehavior [ RunTime:0.000009s ]
INFO: [ app_init ] --END-- [ RunTime:0.000060s ]
ERR: 无法加载模块:App

[ 2016-09-12T16:05:26+08:00 ] 127.0.0.1 /App/Admin/View/__PUBLIC__/images/sun.png
INFO: [ app_init ] --START--
INFO: Run Behavior\BuildLiteBehavior [ RunTime:0.000008s ]
INFO: [ app_init ] --END-- [ RunTime:0.000105s ]
ERR: 无法加载模块:App

[ 2016-09-12T16:05:26+08:00 ] 127.0.0.1 /App/Admin/View/__PUBLIC__/images/time.png
INFO: [ app_init ] --START--
INFO: Run Behavior\BuildLiteBehavior [ RunTime:0.000010s ]
INFO: [ app_init ] --END-- [ RunTime:0.000062s ]
ERR: 无法加载模块:App

[ 2016-09-12T16:05:26+08:00 ] 127.0.0.1 /App/Admin/View/__PUBLIC__/images/ico01.png
INFO: [ app_init ] --START--
INFO: Run Behavior\BuildLiteBehavior [ RunTime:0.000008s ]
INFO: [ app_init ] --END-- [ RunTime:0.000057s ]
ERR: 无法加载模块:App

[ 2016-09-12T16:05:26+08:00 ] 127.0.0.1 /App/Admin/View/__PUBLIC__/images/ico02.png
INFO: [ app_init ] --START--
INFO: Run Behavior\BuildLiteBehavior [ RunTime:0.000009s ]
INFO: [ app_init ] --END-- [ RunTime:0.000059s ]
ERR: 无法加载模块:App

[ 2016-09-12T16:05:26+08:00 ] 127.0.0.1 /App/Admin/View/__PUBLIC__/images/ico03.png
INFO: [ app_init ] --START--
INFO: Run Behavior\BuildLiteBehavior [ RunTime:0.000009s ]
INFO: [ app_init ] --END-- [ RunTime:0.000053s ]
ERR: 无法加载模块:App

[ 2016-09-12T16:05:27+08:00 ] 127.0.0.1 /App/Admin/View/__PUBLIC__/images/ico04.png
INFO: [ app_init ] --START--
INFO: Run Behavior\BuildLiteBehavior [ RunTime:0.000010s ]
INFO: [ app_init ] --END-- [ RunTime:0.000061s ]
ERR: 无法加载模块:App

[ 2016-09-12T16:05:27+08:00 ] 127.0.0.1 /App/Admin/View/__PUBLIC__/images/iadd.png
INFO: [ app_init ] --START--
INFO: Run Behavior\BuildLiteBehavior [ RunTime:0.000010s ]
INFO: [ app_init ] --END-- [ RunTime:0.000065s ]
ERR: 无法加载模块:App

[ 2016-09-12T16:05:27+08:00 ] 127.0.0.1 /App/Admin/View/__PUBLIC__/images/ico05.png
INFO: [ app_init ] --START--
INFO: Run Behavior\BuildLiteBehavior [ RunTime:0.000009s ]
INFO: [ app_init ] --END-- [ RunTime:0.000069s ]
ERR: 无法加载模块:App

[ 2016-09-12T16:05:27+08:00 ] 127.0.0.1 /App/Admin/View/__PUBLIC__/images/ico06.png
INFO: [ app_init ] --START--
INFO: Run Behavior\BuildLiteBehavior [ RunTime:0.000012s ]
INFO: [ app_init ] --END-- [ RunTime:0.000081s ]
ERR: 无法加载模块:App

[ 2016-09-12T16:05:27+08:00 ] 127.0.0.1 /App/Admin/View/__PUBLIC__/images/dp.png
INFO: [ app_init ] --START--
INFO: Run Behavior\BuildLiteBehavior [ RunTime:0.000010s ]
INFO: [ app_init ] --END-- [ RunTime:0.000059s ]
ERR: 无法加载模块:App

[ 2016-09-12T16:08:04+08:00 ] 127.0.0.1 /App/Admin/View//__PUBLIC__/js/jquery.js
INFO: [ app_init ] --START--
INFO: Run Behavior\BuildLiteBehavior [ RunTime:0.000011s ]
INFO: [ app_init ] --END-- [ RunTime:0.000068s ]
ERR: 无法加载模块:App

[ 2016-09-12T16:08:04+08:00 ] 127.0.0.1 /App/Admin/View//__PUBLIC__/css/style.css
INFO: [ app_init ] --START--
INFO: Run Behavior\BuildLiteBehavior [ RunTime:0.000011s ]
INFO: [ app_init ] --END-- [ RunTime:0.000077s ]
ERR: 无法加载模块:App

[ 2016-09-12T16:08:04+08:00 ] 127.0.0.1 /App/Admin/View//__PUBLIC__/images/logo.png
INFO: [ app_init ] --START--
INFO: Run Behavior\BuildLiteBehavior [ RunTime:0.000010s ]
INFO: [ app_init ] --END-- [ RunTime:0.000062s ]
ERR: 无法加载模块:App

[ 2016-09-12T16:08:04+08:00 ] 127.0.0.1 /App/Admin/View//__PUBLIC__/images/icon01.png
INFO: [ app_init ] --START--
INFO: Run Behavior\BuildLiteBehavior [ RunTime:0.000009s ]
INFO: [ app_init ] --END-- [ RunTime:0.000071s ]
ERR: 无法加载模块:App

[ 2016-09-12T16:08:04+08:00 ] 127.0.0.1 /App/Admin/View//__PUBLIC__/images/icon02.png
INFO: [ app_init ] --START--
INFO: Run Behavior\BuildLiteBehavior [ RunTime:0.000016s ]
INFO: [ app_init ] --END-- [ RunTime:0.000133s ]
ERR: 无法加载模块:App

[ 2016-09-12T16:08:04+08:00 ] 127.0.0.1 /App/Admin/View//__PUBLIC__/images/icon03.png
INFO: [ app_init ] --START--
INFO: Run Behavior\BuildLiteBehavior [ RunTime:0.000009s ]
INFO: [ app_init ] --END-- [ RunTime:0.000057s ]
ERR: 无法加载模块:App

[ 2016-09-12T16:08:04+08:00 ] 127.0.0.1 /App/Admin/View//__PUBLIC__/images/icon04.png
INFO: [ app_init ] --START--
INFO: Run Behavior\BuildLiteBehavior [ RunTime:0.000008s ]
INFO: [ app_init ] --END-- [ RunTime:0.000057s ]
ERR: 无法加载模块:App

[ 2016-09-12T16:08:04+08:00 ] 127.0.0.1 /App/Admin/View//__PUBLIC__/images/icon05.png
INFO: [ app_init ] --START--
INFO: Run Behavior\BuildLiteBehavior [ RunTime:0.000008s ]
INFO: [ app_init ] --END-- [ RunTime:0.000068s ]
ERR: 无法加载模块:App

[ 2016-09-12T16:08:04+08:00 ] 127.0.0.1 /App/Admin/View//__PUBLIC__/images/icon06.png
INFO: [ app_init ] --START--
INFO: Run Behavior\BuildLiteBehavior [ RunTime:0.000013s ]
INFO: [ app_init ] --END-- [ RunTime:0.000087s ]
ERR: 无法加载模块:App

[ 2016-09-12T16:08:04+08:00 ] 127.0.0.1 /App/Admin/View//__PUBLIC__/images/help.png
INFO: [ app_init ] --START--
INFO: Run Behavior\BuildLiteBehavior [ RunTime:0.000013s ]
INFO: [ app_init ] --END-- [ RunTime:0.000084s ]
ERR: 无法加载模块:App

[ 2016-09-12T16:08:04+08:00 ] 127.0.0.1 /App/Admin/View//__PUBLIC__/images/logo.png
INFO: [ app_init ] --START--
INFO: Run Behavior\BuildLiteBehavior [ RunTime:0.000009s ]
INFO: [ app_init ] --END-- [ RunTime:0.000057s ]
ERR: 无法加载模块:App

[ 2016-09-12T16:08:04+08:00 ] 127.0.0.1 /App/Admin/View//__PUBLIC__/images/icon01.png
INFO: [ app_init ] --START--
INFO: Run Behavior\BuildLiteBehavior [ RunTime:0.000008s ]
INFO: [ app_init ] --END-- [ RunTime:0.000056s ]
ERR: 无法加载模块:App

[ 2016-09-12T16:08:04+08:00 ] 127.0.0.1 /App/Admin/View//__PUBLIC__/images/icon02.png
INFO: [ app_init ] --START--
INFO: Run Behavior\BuildLiteBehavior [ RunTime:0.000010s ]
INFO: [ app_init ] --END-- [ RunTime:0.000063s ]
ERR: 无法加载模块:App

[ 2016-09-12T16:08:04+08:00 ] 127.0.0.1 /App/Admin/View//__PUBLIC__/images/icon04.png
INFO: [ app_init ] --START--
INFO: Run Behavior\BuildLiteBehavior [ RunTime:0.000021s ]
INFO: [ app_init ] --END-- [ RunTime:0.000099s ]
ERR: 无法加载模块:App

[ 2016-09-12T16:08:04+08:00 ] 127.0.0.1 /App/Admin/View//__PUBLIC__/images/icon05.png
INFO: [ app_init ] --START--
INFO: Run Behavior\BuildLiteBehavior [ RunTime:0.000009s ]
INFO: [ app_init ] --END-- [ RunTime:0.000062s ]
ERR: 无法加载模块:App

[ 2016-09-12T16:08:04+08:00 ] 127.0.0.1 /App/Admin/View//__PUBLIC__/images/icon06.png
INFO: [ app_init ] --START--
INFO: Run Behavior\BuildLiteBehavior [ RunTime:0.000010s ]
INFO: [ app_init ] --END-- [ RunTime:0.000064s ]
ERR: 无法加载模块:App

[ 2016-09-12T16:08:04+08:00 ] 127.0.0.1 /App/Admin/View//__PUBLIC__/images/help.png
INFO: [ app_init ] --START--
INFO: Run Behavior\BuildLiteBehavior [ RunTime:0.000010s ]
INFO: [ app_init ] --END-- [ RunTime:0.000062s ]
ERR: 无法加载模块:App

[ 2016-09-12T16:08:04+08:00 ] 127.0.0.1 /App/Admin/View//images/topbg.gif
INFO: [ app_init ] --START--
INFO: Run Behavior\BuildLiteBehavior [ RunTime:0.000010s ]
INFO: [ app_init ] --END-- [ RunTime:0.000064s ]
ERR: 无法加载模块:App

[ 2016-09-12T16:08:04+08:00 ] 127.0.0.1 /App/Admin/View//__PUBLIC__/images/icon03.png
INFO: [ app_init ] --START--
INFO: Run Behavior\BuildLiteBehavior [ RunTime:0.000014s ]
INFO: [ app_init ] --END-- [ RunTime:0.000099s ]
ERR: 无法加载模块:App

[ 2016-09-12T16:14:22+08:00 ] 127.0.0.1 /App/Admin/View//__PUBLIC__/css/style.css
INFO: [ app_init ] --START--
INFO: Run Behavior\BuildLiteBehavior [ RunTime:0.000010s ]
INFO: [ app_init ] --END-- [ RunTime:0.000097s ]
ERR: 无法加载模块:App

[ 2016-09-12T16:14:22+08:00 ] 127.0.0.1 /App/Admin/View//__PUBLIC__/js/jquery.js
INFO: [ app_init ] --START--
INFO: Run Behavior\BuildLiteBehavior [ RunTime:0.000010s ]
INFO: [ app_init ] --END-- [ RunTime:0.000064s ]
ERR: 无法加载模块:App

[ 2016-09-12T16:14:22+08:00 ] 127.0.0.1 /App/Admin/View//__PUBLIC__/images/logo.png
INFO: [ app_init ] --START--
INFO: Run Behavior\BuildLiteBehavior [ RunTime:0.000073s ]
INFO: [ app_init ] --END-- [ RunTime:0.000736s ]
ERR: 无法加载模块:App

[ 2016-09-12T16:14:22+08:00 ] 127.0.0.1 /App/Admin/View//__PUBLIC__/images/icon01.png
INFO: [ app_init ] --START--
INFO: Run Behavior\BuildLiteBehavior [ RunTime:0.000009s ]
INFO: [ app_init ] --END-- [ RunTime:0.000055s ]
ERR: 无法加载模块:App

[ 2016-09-12T16:14:22+08:00 ] 127.0.0.1 /App/Admin/View//__PUBLIC__/images/icon02.png
INFO: [ app_init ] --START--
INFO: Run Behavior\BuildLiteBehavior [ RunTime:0.000010s ]
INFO: [ app_init ] --END-- [ RunTime:0.000071s ]
ERR: 无法加载模块:App

[ 2016-09-12T16:14:22+08:00 ] 127.0.0.1 /App/Admin/View//__PUBLIC__/images/icon03.png
INFO: [ app_init ] --START--
INFO: Run Behavior\BuildLiteBehavior [ RunTime:0.000011s ]
INFO: [ app_init ] --END-- [ RunTime:0.000074s ]
ERR: 无法加载模块:App

[ 2016-09-12T16:14:22+08:00 ] 127.0.0.1 /App/Admin/View//__PUBLIC__/images/icon04.png
INFO: [ app_init ] --START--
INFO: Run Behavior\BuildLiteBehavior [ RunTime:0.000009s ]
INFO: [ app_init ] --END-- [ RunTime:0.000061s ]
ERR: 无法加载模块:App

[ 2016-09-12T16:14:22+08:00 ] 127.0.0.1 /App/Admin/View//__PUBLIC__/images/icon05.png
INFO: [ app_init ] --START--
INFO: Run Behavior\BuildLiteBehavior [ RunTime:0.000010s ]
INFO: [ app_init ] --END-- [ RunTime:0.000059s ]
ERR: 无法加载模块:App

[ 2016-09-12T16:14:22+08:00 ] 127.0.0.1 /App/Admin/View//__PUBLIC__/images/icon06.png
INFO: [ app_init ] --START--
INFO: Run Behavior\BuildLiteBehavior [ RunTime:0.000008s ]
INFO: [ app_init ] --END-- [ RunTime:0.000055s ]
ERR: 无法加载模块:App

[ 2016-09-12T16:14:22+08:00 ] 127.0.0.1 /App/Admin/View//__PUBLIC__/images/help.png
INFO: [ app_init ] --START--
INFO: Run Behavior\BuildLiteBehavior [ RunTime:0.000009s ]
INFO: [ app_init ] --END-- [ RunTime:0.000057s ]
ERR: 无法加载模块:App

[ 2016-09-12T16:14:22+08:00 ] 127.0.0.1 /App/Admin/View//images/topbg.gif
INFO: [ app_init ] --START--
INFO: Run Behavior\BuildLiteBehavior [ RunTime:0.000009s ]
INFO: [ app_init ] --END-- [ RunTime:0.000058s ]
ERR: 无法加载模块:App

[ 2016-09-12T16:14:22+08:00 ] 127.0.0.1 /App/Admin/View//__PUBLIC__/css/style.css
INFO: [ app_init ] --START--
INFO: Run Behavior\BuildLiteBehavior [ RunTime:0.000009s ]
INFO: [ app_init ] --END-- [ RunTime:0.000058s ]
ERR: 无法加载模块:App

[ 2016-09-12T16:14:22+08:00 ] 127.0.0.1 /App/Admin/View//__PUBLIC__/js/jquery.js
INFO: [ app_init ] --START--
INFO: Run Behavior\BuildLiteBehavior [ RunTime:0.000009s ]
INFO: [ app_init ] --END-- [ RunTime:0.000060s ]
ERR: 无法加载模块:App

[ 2016-09-12T16:14:22+08:00 ] 127.0.0.1 /App/Admin/View//__PUBLIC__/images/leftico01.png
INFO: [ app_init ] --START--
INFO: Run Behavior\BuildLiteBehavior [ RunTime:0.000018s ]
INFO: [ app_init ] --END-- [ RunTime:0.000133s ]
ERR: 无法加载模块:App

[ 2016-09-12T16:14:22+08:00 ] 127.0.0.1 /App/Admin/View//__PUBLIC__/images/leftico02.png
INFO: [ app_init ] --START--
INFO: Run Behavior\BuildLiteBehavior [ RunTime:0.000009s ]
INFO: [ app_init ] --END-- [ RunTime:0.000058s ]
ERR: 无法加载模块:App

[ 2016-09-12T16:14:22+08:00 ] 127.0.0.1 /App/Admin/View//__PUBLIC__/images/leftico03.png
INFO: [ app_init ] --START--
INFO: Run Behavior\BuildLiteBehavior [ RunTime:0.000009s ]
INFO: [ app_init ] --END-- [ RunTime:0.000057s ]
ERR: 无法加载模块:App

[ 2016-09-12T16:14:22+08:00 ] 127.0.0.1 /App/Admin/View//__PUBLIC__/images/leftico04.png
INFO: [ app_init ] --START--
INFO: Run Behavior\BuildLiteBehavior [ RunTime:0.000009s ]
INFO: [ app_init ] --END-- [ RunTime:0.000056s ]
ERR: 无法加载模块:App

[ 2016-09-12T16:14:22+08:00 ] 127.0.0.1 /App/Admin/View//__PUBLIC__/images/sun.png
INFO: [ app_init ] --START--
INFO: Run Behavior\BuildLiteBehavior [ RunTime:0.000009s ]
INFO: [ app_init ] --END-- [ RunTime:0.000058s ]
ERR: 无法加载模块:App

[ 2016-09-12T16:14:22+08:00 ] 127.0.0.1 /App/Admin/View//__PUBLIC__/images/time.png
INFO: [ app_init ] --START--
INFO: Run Behavior\BuildLiteBehavior [ RunTime:0.000010s ]
INFO: [ app_init ] --END-- [ RunTime:0.000069s ]
ERR: 无法加载模块:App

[ 2016-09-12T16:14:22+08:00 ] 127.0.0.1 /App/Admin/View//__PUBLIC__/images/ico01.png
INFO: [ app_init ] --START--
INFO: Run Behavior\BuildLiteBehavior [ RunTime:0.000013s ]
INFO: [ app_init ] --END-- [ RunTime:0.000110s ]
ERR: 无法加载模块:App

[ 2016-09-12T16:14:22+08:00 ] 127.0.0.1 /App/Admin/View//__PUBLIC__/images/ico02.png
INFO: [ app_init ] --START--
INFO: Run Behavior\BuildLiteBehavior [ RunTime:0.000009s ]
INFO: [ app_init ] --END-- [ RunTime:0.000060s ]
ERR: 无法加载模块:App

[ 2016-09-12T16:14:22+08:00 ] 127.0.0.1 /App/Admin/View//__PUBLIC__/images/ico03.png
INFO: [ app_init ] --START--
INFO: Run Behavior\BuildLiteBehavior [ RunTime:0.000009s ]
INFO: [ app_init ] --END-- [ RunTime:0.000061s ]
ERR: 无法加载模块:App

[ 2016-09-12T16:14:22+08:00 ] 127.0.0.1 /App/Admin/View//__PUBLIC__/images/ico04.png
INFO: [ app_init ] --START--
INFO: Run Behavior\BuildLiteBehavior [ RunTime:0.000010s ]
INFO: [ app_init ] --END-- [ RunTime:0.000063s ]
ERR: 无法加载模块:App

[ 2016-09-12T16:14:22+08:00 ] 127.0.0.1 /App/Admin/View//__PUBLIC__/images/ico05.png
INFO: [ app_init ] --START--
INFO: Run Behavior\BuildLiteBehavior [ RunTime:0.000010s ]
INFO: [ app_init ] --END-- [ RunTime:0.000062s ]
ERR: 无法加载模块:App

[ 2016-09-12T16:14:22+08:00 ] 127.0.0.1 /App/Admin/View//__PUBLIC__/images/ico06.png
INFO: [ app_init ] --START--
INFO: Run Behavior\BuildLiteBehavior [ RunTime:0.000011s ]
INFO: [ app_init ] --END-- [ RunTime:0.000067s ]
ERR: 无法加载模块:App

[ 2016-09-12T16:14:22+08:00 ] 127.0.0.1 /App/Admin/View//__PUBLIC__/images/iadd.png
INFO: [ app_init ] --START--
INFO: Run Behavior\BuildLiteBehavior [ RunTime:0.000010s ]
INFO: [ app_init ] --END-- [ RunTime:0.000063s ]
ERR: 无法加载模块:App

[ 2016-09-12T16:14:22+08:00 ] 127.0.0.1 /App/Admin/View//__PUBLIC__/images/dp.png
INFO: [ app_init ] --START--
INFO: Run Behavior\BuildLiteBehavior [ RunTime:0.000010s ]
INFO: [ app_init ] --END-- [ RunTime:0.000059s ]
ERR: 无法加载模块:App

[ 2016-09-12T16:14:40+08:00 ] 127.0.0.1 /App/Admin/View//__PUBLIC__/css/style.css
INFO: [ app_init ] --START--
INFO: Run Behavior\BuildLiteBehavior [ RunTime:0.000008s ]
INFO: [ app_init ] --END-- [ RunTime:0.000063s ]
ERR: 无法加载模块:App

[ 2016-09-12T16:14:40+08:00 ] 127.0.0.1 /App/Admin/View//__PUBLIC__/js/jquery.js
INFO: [ app_init ] --START--
INFO: Run Behavior\BuildLiteBehavior [ RunTime:0.000009s ]
INFO: [ app_init ] --END-- [ RunTime:0.000057s ]
ERR: 无法加载模块:App

[ 2016-09-12T16:14:40+08:00 ] 127.0.0.1 /App/Admin/View//__PUBLIC__/images/sun.png
INFO: [ app_init ] --START--
INFO: Run Behavior\BuildLiteBehavior [ RunTime:0.000009s ]
INFO: [ app_init ] --END-- [ RunTime:0.000058s ]
ERR: 无法加载模块:App

[ 2016-09-12T16:14:40+08:00 ] 127.0.0.1 /App/Admin/View//__PUBLIC__/js/jquery.js
INFO: [ app_init ] --START--
INFO: Run Behavior\BuildLiteBehavior [ RunTime:0.000010s ]
INFO: [ app_init ] --END-- [ RunTime:0.000069s ]
ERR: 无法加载模块:App

[ 2016-09-12T16:14:40+08:00 ] 127.0.0.1 /App/Admin/View//__PUBLIC__/images/time.png
INFO: [ app_init ] --START--
INFO: Run Behavior\BuildLiteBehavior [ RunTime:0.000010s ]
INFO: [ app_init ] --END-- [ RunTime:0.000063s ]
ERR: 无法加载模块:App

[ 2016-09-12T16:14:40+08:00 ] 127.0.0.1 /App/Admin/View//__PUBLIC__/images/ico01.png
INFO: [ app_init ] --START--
INFO: Run Behavior\BuildLiteBehavior [ RunTime:0.000010s ]
INFO: [ app_init ] --END-- [ RunTime:0.000064s ]
ERR: 无法加载模块:App

[ 2016-09-12T16:14:40+08:00 ] 127.0.0.1 /App/Admin/View//__PUBLIC__/images/ico02.png
INFO: [ app_init ] --START--
INFO: Run Behavior\BuildLiteBehavior [ RunTime:0.000009s ]
INFO: [ app_init ] --END-- [ RunTime:0.000059s ]
ERR: 无法加载模块:App

[ 2016-09-12T16:14:40+08:00 ] 127.0.0.1 /App/Admin/View//__PUBLIC__/images/iadd.png
INFO: [ app_init ] --START--
INFO: Run Behavior\BuildLiteBehavior [ RunTime:0.000009s ]
INFO: [ app_init ] --END-- [ RunTime:0.000058s ]
ERR: 无法加载模块:App

[ 2016-09-12T16:14:40+08:00 ] 127.0.0.1 /App/Admin/View//__PUBLIC__/images/ico03.png
INFO: [ app_init ] --START--
INFO: Run Behavior\BuildLiteBehavior [ RunTime:0.000009s ]
INFO: [ app_init ] --END-- [ RunTime:0.000058s ]
ERR: 无法加载模块:App

[ 2016-09-12T16:14:40+08:00 ] 127.0.0.1 /App/Admin/View//__PUBLIC__/images/ico04.png
INFO: [ app_init ] --START--
INFO: Run Behavior\BuildLiteBehavior [ RunTime:0.000009s ]
INFO: [ app_init ] --END-- [ RunTime:0.000058s ]
ERR: 无法加载模块:App

[ 2016-09-12T16:14:40+08:00 ] 127.0.0.1 /App/Admin/View//__PUBLIC__/images/ico06.png
INFO: [ app_init ] --START--
INFO: Run Behavior\BuildLiteBehavior [ RunTime:0.000009s ]
INFO: [ app_init ] --END-- [ RunTime:0.000058s ]
ERR: 无法加载模块:App

[ 2016-09-12T16:14:40+08:00 ] 127.0.0.1 /App/Admin/View//__PUBLIC__/images/ico05.png
INFO: [ app_init ] --START--
INFO: Run Behavior\BuildLiteBehavior [ RunTime:0.000008s ]
INFO: [ app_init ] --END-- [ RunTime:0.000064s ]
ERR: 无法加载模块:App

[ 2016-09-12T16:14:40+08:00 ] 127.0.0.1 /App/Admin/View//__PUBLIC__/images/dp.png
INFO: [ app_init ] --START--
INFO: Run Behavior\BuildLiteBehavior [ RunTime:0.000009s ]
INFO: [ app_init ] --END-- [ RunTime:0.000056s ]
ERR: 无法加载模块:App

[ 2016-09-12T16:14:40+08:00 ] 127.0.0.1 /App/Admin/View//__PUBLIC__/images/sun.png
INFO: [ app_init ] --START--
INFO: Run Behavior\BuildLiteBehavior [ RunTime:0.000010s ]
INFO: [ app_init ] --END-- [ RunTime:0.000064s ]
ERR: 无法加载模块:App

[ 2016-09-12T16:27:14+08:00 ] 127.0.0.1 /App/Admin/View//images/t01.png
INFO: [ app_init ] --START--
INFO: Run Behavior\BuildLiteBehavior [ RunTime:0.000077s ]
INFO: [ app_init ] --END-- [ RunTime:0.000148s ]
ERR: 无法加载模块:App

[ 2016-09-12T16:27:14+08:00 ] 127.0.0.1 /App/Admin/View//images/t02.png
INFO: [ app_init ] --START--
INFO: Run Behavior\BuildLiteBehavior [ RunTime:0.000009s ]
INFO: [ app_init ] --END-- [ RunTime:0.000060s ]
ERR: 无法加载模块:App

[ 2016-09-12T16:27:14+08:00 ] 127.0.0.1 /App/Admin/View//images/t03.png
INFO: [ app_init ] --START--
INFO: Run Behavior\BuildLiteBehavior [ RunTime:0.000009s ]
INFO: [ app_init ] --END-- [ RunTime:0.000061s ]
ERR: 无法加载模块:App

[ 2016-09-12T16:27:15+08:00 ] 127.0.0.1 /App/Admin/View//images/t04.png
INFO: [ app_init ] --START--
INFO: Run Behavior\BuildLiteBehavior [ RunTime:0.000015s ]
INFO: [ app_init ] --END-- [ RunTime:0.000127s ]
ERR: 无法加载模块:App

[ 2016-09-12T16:27:15+08:00 ] 127.0.0.1 /App/Admin/View//images/t05.png
INFO: [ app_init ] --START--
INFO: Run Behavior\BuildLiteBehavior [ RunTime:0.000010s ]
INFO: [ app_init ] --END-- [ RunTime:0.000064s ]
ERR: 无法加载模块:App

[ 2016-09-12T16:27:15+08:00 ] 127.0.0.1 /App/Admin/View//css/style.css
INFO: [ app_init ] --START--
INFO: Run Behavior\BuildLiteBehavior [ RunTime:0.000011s ]
INFO: [ app_init ] --END-- [ RunTime:0.000085s ]
ERR: 无法加载模块:App

[ 2016-09-12T16:27:15+08:00 ] 127.0.0.1 /App/Admin/View//js/jquery.js
INFO: [ app_init ] --START--
INFO: Run Behavior\BuildLiteBehavior [ RunTime:0.000010s ]
INFO: [ app_init ] --END-- [ RunTime:0.000140s ]
ERR: 无法加载模块:App

[ 2016-09-12T16:27:15+08:00 ] 127.0.0.1 /App/Admin/View//images/img11.png
INFO: [ app_init ] --START--
INFO: Run Behavior\BuildLiteBehavior [ RunTime:0.000010s ]
INFO: [ app_init ] --END-- [ RunTime:0.000059s ]
ERR: 无法加载模块:App

[ 2016-09-12T16:27:15+08:00 ] 127.0.0.1 /App/Admin/View//images/img12.png
INFO: [ app_init ] --START--
INFO: Run Behavior\BuildLiteBehavior [ RunTime:0.000009s ]
INFO: [ app_init ] --END-- [ RunTime:0.000056s ]
ERR: 无法加载模块:App

[ 2016-09-12T16:27:15+08:00 ] 127.0.0.1 /App/Admin/View//images/img13.png
INFO: [ app_init ] --START--
INFO: Run Behavior\BuildLiteBehavior [ RunTime:0.000009s ]
INFO: [ app_init ] --END-- [ RunTime:0.000057s ]
ERR: 无法加载模块:App

[ 2016-09-12T16:27:15+08:00 ] 127.0.0.1 /App/Admin/View//images/img14.png
INFO: [ app_init ] --START--
INFO: Run Behavior\BuildLiteBehavior [ RunTime:0.000009s ]
INFO: [ app_init ] --END-- [ RunTime:0.000058s ]
ERR: 无法加载模块:App

[ 2016-09-12T16:27:15+08:00 ] 127.0.0.1 /App/Admin/View//images/img15.png
INFO: [ app_init ] --START--
INFO: Run Behavior\BuildLiteBehavior [ RunTime:0.000009s ]
INFO: [ app_init ] --END-- [ RunTime:0.000060s ]
ERR: 无法加载模块:App

[ 2016-09-12T16:27:15+08:00 ] 127.0.0.1 /App/Admin/View//images/ticon.png
INFO: [ app_init ] --START--
INFO: Run Behavior\BuildLiteBehavior [ RunTime:0.000008s ]
INFO: [ app_init ] --END-- [ RunTime:0.000055s ]
ERR: 无法加载模块:App

[ 2016-09-12T16:27:15+08:00 ] 127.0.0.1 /App/Admin/View//images/t01.png
INFO: [ app_init ] --START--
INFO: Run Behavior\BuildLiteBehavior [ RunTime:0.000008s ]
INFO: [ app_init ] --END-- [ RunTime:0.000066s ]
ERR: 无法加载模块:App

[ 2016-09-12T16:27:15+08:00 ] 127.0.0.1 /App/Admin/View//images/t02.png
INFO: [ app_init ] --START--
INFO: Run Behavior\BuildLiteBehavior [ RunTime:0.000009s ]
INFO: [ app_init ] --END-- [ RunTime:0.000054s ]
ERR: 无法加载模块:App

[ 2016-09-12T16:27:15+08:00 ] 127.0.0.1 /App/Admin/View//images/t03.png
INFO: [ app_init ] --START--
INFO: Run Behavior\BuildLiteBehavior [ RunTime:0.000008s ]
INFO: [ app_init ] --END-- [ RunTime:0.000057s ]
ERR: 无法加载模块:App

[ 2016-09-12T16:27:15+08:00 ] 127.0.0.1 /App/Admin/View//images/t04.png
INFO: [ app_init ] --START--
INFO: Run Behavior\BuildLiteBehavior [ RunTime:0.000009s ]
INFO: [ app_init ] --END-- [ RunTime:0.000125s ]
ERR: 无法加载模块:App

[ 2016-09-12T16:27:15+08:00 ] 127.0.0.1 /App/Admin/View//images/t05.png
INFO: [ app_init ] --START--
INFO: Run Behavior\BuildLiteBehavior [ RunTime:0.000010s ]
INFO: [ app_init ] --END-- [ RunTime:0.000067s ]
ERR: 无法加载模块:App

[ 2016-09-12T16:27:15+08:00 ] 127.0.0.1 /App/Admin/View//images/img11.png
INFO: [ app_init ] --START--
INFO: Run Behavior\BuildLiteBehavior [ RunTime:0.000008s ]
INFO: [ app_init ] --END-- [ RunTime:0.000054s ]
ERR: 无法加载模块:App

[ 2016-09-12T16:27:15+08:00 ] 127.0.0.1 /App/Admin/View//images/img12.png
INFO: [ app_init ] --START--
INFO: Run Behavior\BuildLiteBehavior [ RunTime:0.000008s ]
INFO: [ app_init ] --END-- [ RunTime:0.000085s ]
ERR: 无法加载模块:App

[ 2016-09-12T16:27:15+08:00 ] 127.0.0.1 /App/Admin/View//images/img13.png
INFO: [ app_init ] --START--
INFO: Run Behavior\BuildLiteBehavior [ RunTime:0.000010s ]
INFO: [ app_init ] --END-- [ RunTime:0.000084s ]
ERR: 无法加载模块:App

[ 2016-09-12T16:27:15+08:00 ] 127.0.0.1 /App/Admin/View//images/img14.png
INFO: [ app_init ] --START--
INFO: Run Behavior\BuildLiteBehavior [ RunTime:0.000010s ]
INFO: [ app_init ] --END-- [ RunTime:0.000063s ]
ERR: 无法加载模块:App

[ 2016-09-12T16:33:21+08:00 ] 127.0.0.1 /App/Admin/View//index.html
INFO: [ app_init ] --START--
INFO: Run Behavior\BuildLiteBehavior [ RunTime:0.000011s ]
INFO: [ app_init ] --END-- [ RunTime:0.000071s ]
ERR: 无法加载模块:App

[ 2016-09-12T16:33:27+08:00 ] 127.0.0.1 /App/Admin/View//images/t01.png
INFO: [ app_init ] --START--
INFO: Run Behavior\BuildLiteBehavior [ RunTime:0.000009s ]
INFO: [ app_init ] --END-- [ RunTime:0.000059s ]
ERR: 无法加载模块:App

[ 2016-09-12T16:33:27+08:00 ] 127.0.0.1 /App/Admin/View//images/t02.png
INFO: [ app_init ] --START--
INFO: Run Behavior\BuildLiteBehavior [ RunTime:0.000008s ]
INFO: [ app_init ] --END-- [ RunTime:0.000055s ]
ERR: 无法加载模块:App

[ 2016-09-12T16:33:27+08:00 ] 127.0.0.1 /App/Admin/View//images/t03.png
INFO: [ app_init ] --START--
INFO: Run Behavior\BuildLiteBehavior [ RunTime:0.000010s ]
INFO: [ app_init ] --END-- [ RunTime:0.000060s ]
ERR: 无法加载模块:App

[ 2016-09-12T16:33:27+08:00 ] 127.0.0.1 /App/Admin/View//images/t04.png
INFO: [ app_init ] --START--
INFO: Run Behavior\BuildLiteBehavior [ RunTime:0.000009s ]
INFO: [ app_init ] --END-- [ RunTime:0.000061s ]
ERR: 无法加载模块:App

[ 2016-09-12T16:33:27+08:00 ] 127.0.0.1 /App/Admin/View//images/img11.png
INFO: [ app_init ] --START--
INFO: Run Behavior\BuildLiteBehavior [ RunTime:0.000009s ]
INFO: [ app_init ] --END-- [ RunTime:0.000068s ]
ERR: 无法加载模块:App

[ 2016-09-12T16:33:27+08:00 ] 127.0.0.1 /App/Admin/View//images/img12.png
INFO: [ app_init ] --START--
INFO: Run Behavior\BuildLiteBehavior [ RunTime:0.000010s ]
INFO: [ app_init ] --END-- [ RunTime:0.000061s ]
ERR: 无法加载模块:App

[ 2016-09-12T16:33:27+08:00 ] 127.0.0.1 /App/Admin/View//images/img13.png
INFO: [ app_init ] --START--
INFO: Run Behavior\BuildLiteBehavior [ RunTime:0.000010s ]
INFO: [ app_init ] --END-- [ RunTime:0.000059s ]
ERR: 无法加载模块:App

[ 2016-09-12T16:33:27+08:00 ] 127.0.0.1 /App/Admin/View//images/img14.png
INFO: [ app_init ] --START--
INFO: Run Behavior\BuildLiteBehavior [ RunTime:0.000010s ]
INFO: [ app_init ] --END-- [ RunTime:0.000059s ]
ERR: 无法加载模块:App

[ 2016-09-12T16:33:27+08:00 ] 127.0.0.1 /App/Admin/View//images/img15.png
INFO: [ app_init ] --START--
INFO: Run Behavior\BuildLiteBehavior [ RunTime:0.000012s ]
INFO: [ app_init ] --END-- [ RunTime:0.000071s ]
ERR: 无法加载模块:App

[ 2016-09-12T16:33:27+08:00 ] 127.0.0.1 /App/Admin/View//css/style.css
INFO: [ app_init ] --START--
INFO: Run Behavior\BuildLiteBehavior [ RunTime:0.000009s ]
INFO: [ app_init ] --END-- [ RunTime:0.000059s ]
ERR: 无法加载模块:App

[ 2016-09-12T16:33:27+08:00 ] 127.0.0.1 /App/Admin/View//js/jquery.js
INFO: [ app_init ] --START--
INFO: Run Behavior\BuildLiteBehavior [ RunTime:0.000011s ]
INFO: [ app_init ] --END-- [ RunTime:0.000065s ]
ERR: 无法加载模块:App

[ 2016-09-12T16:33:27+08:00 ] 127.0.0.1 /App/Admin/View//images/t05.png
INFO: [ app_init ] --START--
INFO: Run Behavior\BuildLiteBehavior [ RunTime:0.000011s ]
INFO: [ app_init ] --END-- [ RunTime:0.000072s ]
ERR: 无法加载模块:App

[ 2016-09-12T16:33:27+08:00 ] 127.0.0.1 /App/Admin/View//images/ticon.png
INFO: [ app_init ] --START--
INFO: Run Behavior\BuildLiteBehavior [ RunTime:0.000009s ]
INFO: [ app_init ] --END-- [ RunTime:0.000060s ]
ERR: 无法加载模块:App

[ 2016-09-12T16:33:27+08:00 ] 127.0.0.1 /App/Admin/View//images/t01.png
INFO: [ app_init ] --START--
INFO: Run Behavior\BuildLiteBehavior [ RunTime:0.000014s ]
INFO: [ app_init ] --END-- [ RunTime:0.000106s ]
ERR: 无法加载模块:App

[ 2016-09-12T16:33:27+08:00 ] 127.0.0.1 /App/Admin/View//images/t02.png
INFO: [ app_init ] --START--
INFO: Run Behavior\BuildLiteBehavior [ RunTime:0.000010s ]
INFO: [ app_init ] --END-- [ RunTime:0.000069s ]
ERR: 无法加载模块:App

[ 2016-09-12T16:33:27+08:00 ] 127.0.0.1 /App/Admin/View//images/t03.png
INFO: [ app_init ] --START--
INFO: Run Behavior\BuildLiteBehavior [ RunTime:0.000009s ]
INFO: [ app_init ] --END-- [ RunTime:0.000090s ]
ERR: 无法加载模块:App

[ 2016-09-12T16:33:27+08:00 ] 127.0.0.1 /App/Admin/View//images/t04.png
INFO: [ app_init ] --START--
INFO: Run Behavior\BuildLiteBehavior [ RunTime:0.000010s ]
INFO: [ app_init ] --END-- [ RunTime:0.000061s ]
ERR: 无法加载模块:App

[ 2016-09-12T16:33:27+08:00 ] 127.0.0.1 /App/Admin/View//images/img11.png
INFO: [ app_init ] --START--
INFO: Run Behavior\BuildLiteBehavior [ RunTime:0.000007s ]
INFO: [ app_init ] --END-- [ RunTime:0.000051s ]
ERR: 无法加载模块:App

[ 2016-09-12T16:33:27+08:00 ] 127.0.0.1 /App/Admin/View//images/img12.png
INFO: [ app_init ] --START--
INFO: Run Behavior\BuildLiteBehavior [ RunTime:0.000009s ]
INFO: [ app_init ] --END-- [ RunTime:0.000052s ]
ERR: 无法加载模块:App

[ 2016-09-12T16:33:27+08:00 ] 127.0.0.1 /App/Admin/View//images/img13.png
INFO: [ app_init ] --START--
INFO: Run Behavior\BuildLiteBehavior [ RunTime:0.000010s ]
INFO: [ app_init ] --END-- [ RunTime:0.000103s ]
ERR: 无法加载模块:App

[ 2016-09-12T16:33:27+08:00 ] 127.0.0.1 /App/Admin/View//images/img14.png
INFO: [ app_init ] --START--
INFO: Run Behavior\BuildLiteBehavior [ RunTime:0.000009s ]
INFO: [ app_init ] --END-- [ RunTime:0.000061s ]
ERR: 无法加载模块:App

[ 2016-09-12T16:33:27+08:00 ] 127.0.0.1 /App/Admin/View//images/img15.png
INFO: [ app_init ] --START--
INFO: Run Behavior\BuildLiteBehavior [ RunTime:0.000009s ]
INFO: [ app_init ] --END-- [ RunTime:0.000059s ]
ERR: 无法加载模块:App

[ 2016-09-12T16:33:29+08:00 ] 127.0.0.1 /App/Admin/View//css/style.css
INFO: [ app_init ] --START--
INFO: Run Behavior\BuildLiteBehavior [ RunTime:0.000009s ]
INFO: [ app_init ] --END-- [ RunTime:0.000057s ]
ERR: 无法加载模块:App

[ 2016-09-12T16:33:31+08:00 ] 127.0.0.1 /App/Admin/View//css/style.css
INFO: [ app_init ] --START--
INFO: Run Behavior\BuildLiteBehavior [ RunTime:0.000013s ]
INFO: [ app_init ] --END-- [ RunTime:0.000094s ]
ERR: 无法加载模块:App

[ 2016-09-12T16:33:31+08:00 ] 127.0.0.1 /App/Admin/View//js/jquery.js
INFO: [ app_init ] --START--
INFO: Run Behavior\BuildLiteBehavior [ RunTime:0.000009s ]
INFO: [ app_init ] --END-- [ RunTime:0.000057s ]
ERR: 无法加载模块:App

[ 2016-09-12T16:33:31+08:00 ] 127.0.0.1 /App/Admin/View//images/img01.png
INFO: [ app_init ] --START--
INFO: Run Behavior\BuildLiteBehavior [ RunTime:0.000009s ]
INFO: [ app_init ] --END-- [ RunTime:0.000059s ]
ERR: 无法加载模块:App

[ 2016-09-12T16:33:31+08:00 ] 127.0.0.1 /App/Admin/View//images/img02.png
INFO: [ app_init ] --START--
INFO: Run Behavior\BuildLiteBehavior [ RunTime:0.000009s ]
INFO: [ app_init ] --END-- [ RunTime:0.000053s ]
ERR: 无法加载模块:App

[ 2016-09-12T16:33:31+08:00 ] 127.0.0.1 /App/Admin/View//images/t01.png
INFO: [ app_init ] --START--
INFO: Run Behavior\BuildLiteBehavior [ RunTime:0.000052s ]
INFO: [ app_init ] --END-- [ RunTime:0.000101s ]
ERR: 无法加载模块:App

[ 2016-09-12T16:33:31+08:00 ] 127.0.0.1 /App/Admin/View//images/t02.png
INFO: [ app_init ] --START--
INFO: Run Behavior\BuildLiteBehavior [ RunTime:0.000008s ]
INFO: [ app_init ] --END-- [ RunTime:0.000054s ]
ERR: 无法加载模块:App

[ 2016-09-12T16:33:31+08:00 ] 127.0.0.1 /App/Admin/View//images/t03.png
INFO: [ app_init ] --START--
INFO: Run Behavior\BuildLiteBehavior [ RunTime:0.000008s ]
INFO: [ app_init ] --END-- [ RunTime:0.000054s ]
ERR: 无法加载模块:App

[ 2016-09-12T16:33:31+08:00 ] 127.0.0.1 /App/Admin/View//images/t04.png
INFO: [ app_init ] --START--
INFO: Run Behavior\BuildLiteBehavior [ RunTime:0.000008s ]
INFO: [ app_init ] --END-- [ RunTime:0.000049s ]
ERR: 无法加载模块:App

[ 2016-09-12T16:33:31+08:00 ] 127.0.0.1 /App/Admin/View//images/t05.png
INFO: [ app_init ] --START--
INFO: Run Behavior\BuildLiteBehavior [ RunTime:0.000011s ]
INFO: [ app_init ] --END-- [ RunTime:0.000067s ]
ERR: 无法加载模块:App

[ 2016-09-12T16:33:31+08:00 ] 127.0.0.1 /App/Admin/View//images/img03.png
INFO: [ app_init ] --START--
INFO: Run Behavior\BuildLiteBehavior [ RunTime:0.000009s ]
INFO: [ app_init ] --END-- [ RunTime:0.000058s ]
ERR: 无法加载模块:App

[ 2016-09-12T16:33:31+08:00 ] 127.0.0.1 /App/Admin/View//images/img04.png
INFO: [ app_init ] --START--
INFO: Run Behavior\BuildLiteBehavior [ RunTime:0.000010s ]
INFO: [ app_init ] --END-- [ RunTime:0.000065s ]
ERR: 无法加载模块:App

[ 2016-09-12T16:33:31+08:00 ] 127.0.0.1 /App/Admin/View//images/img05.png
INFO: [ app_init ] --START--
INFO: Run Behavior\BuildLiteBehavior [ RunTime:0.000015s ]
INFO: [ app_init ] --END-- [ RunTime:0.000156s ]
ERR: 无法加载模块:App

[ 2016-09-12T16:33:31+08:00 ] 127.0.0.1 /App/Admin/View//images/img06.png
INFO: [ app_init ] --START--
INFO: Run Behavior\BuildLiteBehavior [ RunTime:0.000010s ]
INFO: [ app_init ] --END-- [ RunTime:0.000058s ]
ERR: 无法加载模块:App

[ 2016-09-12T16:33:31+08:00 ] 127.0.0.1 /App/Admin/View//images/img07.png
INFO: [ app_init ] --START--
INFO: Run Behavior\BuildLiteBehavior [ RunTime:0.000009s ]
INFO: [ app_init ] --END-- [ RunTime:0.000060s ]
ERR: 无法加载模块:App

[ 2016-09-12T16:33:31+08:00 ] 127.0.0.1 /App/Admin/View//images/img08.png
INFO: [ app_init ] --START--
INFO: Run Behavior\BuildLiteBehavior [ RunTime:0.000010s ]
INFO: [ app_init ] --END-- [ RunTime:0.000065s ]
ERR: 无法加载模块:App

[ 2016-09-12T16:33:31+08:00 ] 127.0.0.1 /App/Admin/View//images/img09.png
INFO: [ app_init ] --START--
INFO: Run Behavior\BuildLiteBehavior [ RunTime:0.000009s ]
INFO: [ app_init ] --END-- [ RunTime:0.000064s ]
ERR: 无法加载模块:App

[ 2016-09-12T16:33:31+08:00 ] 127.0.0.1 /App/Admin/View//images/img10.png
INFO: [ app_init ] --START--
INFO: Run Behavior\BuildLiteBehavior [ RunTime:0.000050s ]
INFO: [ app_init ] --END-- [ RunTime:0.000106s ]
ERR: 无法加载模块:App

[ 2016-09-12T16:33:31+08:00 ] 127.0.0.1 /App/Admin/View//images/ticon.png
INFO: [ app_init ] --START--
INFO: Run Behavior\BuildLiteBehavior [ RunTime:0.000009s ]
INFO: [ app_init ] --END-- [ RunTime:0.000094s ]
ERR: 无法加载模块:App

[ 2016-09-12T16:33:32+08:00 ] 127.0.0.1 /App/Admin/View//css/style.css
INFO: [ app_init ] --START--
INFO: Run Behavior\BuildLiteBehavior [ RunTime:0.000009s ]
INFO: [ app_init ] --END-- [ RunTime:0.000058s ]
ERR: 无法加载模块:App

[ 2016-09-12T16:33:32+08:00 ] 127.0.0.1 /App/Admin/View//js/jquery.js
INFO: [ app_init ] --START--
INFO: Run Behavior\BuildLiteBehavior [ RunTime:0.000010s ]
INFO: [ app_init ] --END-- [ RunTime:0.000058s ]
ERR: 无法加载模块:App

[ 2016-09-12T16:33:33+08:00 ] 127.0.0.1 /App/Admin/View//images/t01.png
INFO: [ app_init ] --START--
INFO: Run Behavior\BuildLiteBehavior [ RunTime:0.000009s ]
INFO: [ app_init ] --END-- [ RunTime:0.000055s ]
ERR: 无法加载模块:App

[ 2016-09-12T16:33:33+08:00 ] 127.0.0.1 /App/Admin/View//images/t02.png
INFO: [ app_init ] --START--
INFO: Run Behavior\BuildLiteBehavior [ RunTime:0.000008s ]
INFO: [ app_init ] --END-- [ RunTime:0.000055s ]
ERR: 无法加载模块:App

[ 2016-09-12T16:33:33+08:00 ] 127.0.0.1 /App/Admin/View//images/001.jpg
INFO: [ app_init ] --START--
INFO: Run Behavior\BuildLiteBehavior [ RunTime:0.000010s ]
INFO: [ app_init ] --END-- [ RunTime:0.000063s ]
ERR: 无法加载模块:App

[ 2016-09-12T16:33:33+08:00 ] 127.0.0.1 /App/Admin/View//images/t03.png
INFO: [ app_init ] --START--
INFO: Run Behavior\BuildLiteBehavior [ RunTime:0.000009s ]
INFO: [ app_init ] --END-- [ RunTime:0.000056s ]
ERR: 无法加载模块:App

[ 2016-09-12T16:33:33+08:00 ] 127.0.0.1 /App/Admin/View//images/t04.png
INFO: [ app_init ] --START--
INFO: Run Behavior\BuildLiteBehavior [ RunTime:0.000009s ]
INFO: [ app_init ] --END-- [ RunTime:0.000062s ]
ERR: 无法加载模块:App

[ 2016-09-12T16:33:33+08:00 ] 127.0.0.1 /App/Admin/View//images/t05.png
INFO: [ app_init ] --START--
INFO: Run Behavior\BuildLiteBehavior [ RunTime:0.000008s ]
INFO: [ app_init ] --END-- [ RunTime:0.000057s ]
ERR: 无法加载模块:App

[ 2016-09-12T16:33:33+08:00 ] 127.0.0.1 /App/Admin/View//images/ticon.png
INFO: [ app_init ] --START--
INFO: Run Behavior\BuildLiteBehavior [ RunTime:0.000009s ]
INFO: [ app_init ] --END-- [ RunTime:0.000059s ]
ERR: 无法加载模块:App

[ 2016-09-12T16:33:34+08:00 ] 127.0.0.1 /App/Admin/View//css/style.css
INFO: [ app_init ] --START--
INFO: Run Behavior\BuildLiteBehavior [ RunTime:0.000013s ]
INFO: [ app_init ] --END-- [ RunTime:0.000268s ]
ERR: 无法加载模块:App

[ 2016-09-12T16:33:34+08:00 ] 127.0.0.1 /App/Admin/View//images/i01.png
INFO: [ app_init ] --START--
INFO: Run Behavior\BuildLiteBehavior [ RunTime:0.000009s ]
INFO: [ app_init ] --END-- [ RunTime:0.000060s ]
ERR: 无法加载模块:App

[ 2016-09-12T16:33:34+08:00 ] 127.0.0.1 /App/Admin/View//images/i02.png
INFO: [ app_init ] --START--
INFO: Run Behavior\BuildLiteBehavior [ RunTime:0.000010s ]
INFO: [ app_init ] --END-- [ RunTime:0.000062s ]
ERR: 无法加载模块:App

[ 2016-09-12T16:33:34+08:00 ] 127.0.0.1 /App/Admin/View//images/i03.png
INFO: [ app_init ] --START--
INFO: Run Behavior\BuildLiteBehavior [ RunTime:0.000008s ]
INFO: [ app_init ] --END-- [ RunTime:0.000053s ]
ERR: 无法加载模块:App

[ 2016-09-12T16:33:34+08:00 ] 127.0.0.1 /App/Admin/View//images/i04.png
INFO: [ app_init ] --START--
INFO: Run Behavior\BuildLiteBehavior [ RunTime:0.000030s ]
INFO: [ app_init ] --END-- [ RunTime:0.000088s ]
ERR: 无法加载模块:App

[ 2016-09-12T16:33:34+08:00 ] 127.0.0.1 /App/Admin/View//images/i05.png
INFO: [ app_init ] --START--
INFO: Run Behavior\BuildLiteBehavior [ RunTime:0.000012s ]
INFO: [ app_init ] --END-- [ RunTime:0.000073s ]
ERR: 无法加载模块:App

[ 2016-09-12T16:33:34+08:00 ] 127.0.0.1 /App/Admin/View//images/add.png
INFO: [ app_init ] --START--
INFO: Run Behavior\BuildLiteBehavior [ RunTime:0.000010s ]
INFO: [ app_init ] --END-- [ RunTime:0.000059s ]
ERR: 无法加载模块:App

[ 2016-09-12T16:33:34+08:00 ] 127.0.0.1 /App/Admin/View//images/i06.png
INFO: [ app_init ] --START--
INFO: Run Behavior\BuildLiteBehavior [ RunTime:0.000009s ]
INFO: [ app_init ] --END-- [ RunTime:0.000058s ]
ERR: 无法加载模块:App

[ 2016-09-12T16:33:34+08:00 ] 127.0.0.1 /App/Admin/View//images/i07.png
INFO: [ app_init ] --START--
INFO: Run Behavior\BuildLiteBehavior [ RunTime:0.000010s ]
INFO: [ app_init ] --END-- [ RunTime:0.000073s ]
ERR: 无法加载模块:App

[ 2016-09-12T16:33:34+08:00 ] 127.0.0.1 /App/Admin/View//images/i08.png
INFO: [ app_init ] --START--
INFO: Run Behavior\BuildLiteBehavior [ RunTime:0.000015s ]
INFO: [ app_init ] --END-- [ RunTime:0.000125s ]
ERR: 无法加载模块:App

[ 2016-09-12T16:33:34+08:00 ] 127.0.0.1 /App/Admin/View//images/i09.png
INFO: [ app_init ] --START--
INFO: Run Behavior\BuildLiteBehavior [ RunTime:0.000010s ]
INFO: [ app_init ] --END-- [ RunTime:0.000090s ]
ERR: 无法加载模块:App

[ 2016-09-12T16:33:35+08:00 ] 127.0.0.1 /App/Admin/View//css/style.css
INFO: [ app_init ] --START--
INFO: Run Behavior\BuildLiteBehavior [ RunTime:0.000009s ]
INFO: [ app_init ] --END-- [ RunTime:0.000062s ]
ERR: 无法加载模块:App

[ 2016-09-12T16:33:35+08:00 ] 127.0.0.1 /App/Admin/View//js/jquery.js
INFO: [ app_init ] --START--
INFO: Run Behavior\BuildLiteBehavior [ RunTime:0.000014s ]
INFO: [ app_init ] --END-- [ RunTime:0.000097s ]
ERR: 无法加载模块:App

[ 2016-09-12T16:33:35+08:00 ] 127.0.0.1 /App/Admin/View//images/f01.png
INFO: [ app_init ] --START--
INFO: Run Behavior\BuildLiteBehavior [ RunTime:0.000009s ]
INFO: [ app_init ] --END-- [ RunTime:0.000063s ]
ERR: 无法加载模块:App

[ 2016-09-12T16:33:35+08:00 ] 127.0.0.1 /App/Admin/View//images/f02.png
INFO: [ app_init ] --START--
INFO: Run Behavior\BuildLiteBehavior [ RunTime:0.000015s ]
INFO: [ app_init ] --END-- [ RunTime:0.000100s ]
ERR: 无法加载模块:App

[ 2016-09-12T16:33:35+08:00 ] 127.0.0.1 /App/Admin/View//images/f03.png
INFO: [ app_init ] --START--
INFO: Run Behavior\BuildLiteBehavior [ RunTime:0.000010s ]
INFO: [ app_init ] --END-- [ RunTime:0.000064s ]
ERR: 无法加载模块:App

[ 2016-09-12T16:33:35+08:00 ] 127.0.0.1 /App/Admin/View//images/f04.png
INFO: [ app_init ] --START--
INFO: Run Behavior\BuildLiteBehavior [ RunTime:0.000010s ]
INFO: [ app_init ] --END-- [ RunTime:0.000111s ]
ERR: 无法加载模块:App

[ 2016-09-12T16:33:35+08:00 ] 127.0.0.1 /App/Admin/View//images/f05.png
INFO: [ app_init ] --START--
INFO: Run Behavior\BuildLiteBehavior [ RunTime:0.000032s ]
INFO: [ app_init ] --END-- [ RunTime:0.000097s ]
ERR: 无法加载模块:App

[ 2016-09-12T16:33:35+08:00 ] 127.0.0.1 /App/Admin/View//images/f06.png
INFO: [ app_init ] --START--
INFO: Run Behavior\BuildLiteBehavior [ RunTime:0.000009s ]
INFO: [ app_init ] --END-- [ RunTime:0.000061s ]
ERR: 无法加载模块:App

[ 2016-09-12T16:33:36+08:00 ] 127.0.0.1 /App/Admin/View//css/style.css
INFO: [ app_init ] --START--
INFO: Run Behavior\BuildLiteBehavior [ RunTime:0.000010s ]
INFO: [ app_init ] --END-- [ RunTime:0.000068s ]
ERR: 无法加载模块:App

[ 2016-09-12T16:33:36+08:00 ] 127.0.0.1 /App/Admin/View//css/select.css
INFO: [ app_init ] --START--
INFO: Run Behavior\BuildLiteBehavior [ RunTime:0.000009s ]
INFO: [ app_init ] --END-- [ RunTime:0.000059s ]
ERR: 无法加载模块:App

[ 2016-09-12T16:33:36+08:00 ] 127.0.0.1 /App/Admin/View//js/jquery.js
INFO: [ app_init ] --START--
INFO: Run Behavior\BuildLiteBehavior [ RunTime:0.000010s ]
INFO: [ app_init ] --END-- [ RunTime:0.000062s ]
ERR: 无法加载模块:App

[ 2016-09-12T16:33:36+08:00 ] 127.0.0.1 /App/Admin/View//js/jquery.idTabs.min.js
INFO: [ app_init ] --START--
INFO: Run Behavior\BuildLiteBehavior [ RunTime:0.000010s ]
INFO: [ app_init ] --END-- [ RunTime:0.000063s ]
ERR: 无法加载模块:App

[ 2016-09-12T16:33:36+08:00 ] 127.0.0.1 /App/Admin/View//js/select-ui.min.js
INFO: [ app_init ] --START--
INFO: Run Behavior\BuildLiteBehavior [ RunTime:0.000009s ]
INFO: [ app_init ] --END-- [ RunTime:0.000060s ]
ERR: 无法加载模块:App

[ 2016-09-12T16:33:36+08:00 ] 127.0.0.1 /App/Admin/View//editor/kindeditor.js
INFO: [ app_init ] --START--
INFO: Run Behavior\BuildLiteBehavior [ RunTime:0.000010s ]
INFO: [ app_init ] --END-- [ RunTime:0.000056s ]
ERR: 无法加载模块:App

[ 2016-09-12T16:33:36+08:00 ] 127.0.0.1 /App/Admin/View//images/px.gif
INFO: [ app_init ] --START--
INFO: Run Behavior\BuildLiteBehavior [ RunTime:0.000009s ]
INFO: [ app_init ] --END-- [ RunTime:0.000058s ]
ERR: 无法加载模块:App

[ 2016-09-12T16:33:36+08:00 ] 127.0.0.1 /App/Admin/View//js/jquery.idTabs.min.js
INFO: [ app_init ] --START--
INFO: Run Behavior\BuildLiteBehavior [ RunTime:0.000010s ]
INFO: [ app_init ] --END-- [ RunTime:0.000064s ]
ERR: 无法加载模块:App

[ 2016-09-12T16:33:36+08:00 ] 127.0.0.1 /App/Admin/View//js/select-ui.min.js
INFO: [ app_init ] --START--
INFO: Run Behavior\BuildLiteBehavior [ RunTime:0.000009s ]
INFO: [ app_init ] --END-- [ RunTime:0.000058s ]
ERR: 无法加载模块:App

[ 2016-09-12T16:33:36+08:00 ] 127.0.0.1 /App/Admin/View//editor/kindeditor.js
INFO: [ app_init ] --START--
INFO: Run Behavior\BuildLiteBehavior [ RunTime:0.000009s ]
INFO: [ app_init ] --END-- [ RunTime:0.000057s ]
ERR: 无法加载模块:App

[ 2016-09-12T16:33:36+08:00 ] 127.0.0.1 /App/Admin/View//images/px.gif
INFO: [ app_init ] --START--
INFO: Run Behavior\BuildLiteBehavior [ RunTime:0.000009s ]
INFO: [ app_init ] --END-- [ RunTime:0.000059s ]
ERR: 无法加载模块:App

[ 2016-09-12T20:03:25+08:00 ] 127.0.0.1 /favicon.ico
INFO: [ app_init ] --START--
INFO: Run Behavior\BuildLiteBehavior [ RunTime:0.000014s ]
INFO: [ app_init ] --END-- [ RunTime:0.000075s ]
ERR: 无法加载模块:Favicon

[ 2016-09-12T20:03:29+08:00 ] 127.0.0.1 /favicon.ico
INFO: [ app_init ] --START--
INFO: Run Behavior\BuildLiteBehavior [ RunTime:0.000022s ]
INFO: [ app_init ] --END-- [ RunTime:0.042994s ]
ERR: 无法加载模块:Favicon

[ 2016-09-12T20:10:05+08:00 ] 127.0.0.1 /favicon.ico
INFO: [ app_init ] --START--
INFO: Run Behavior\BuildLiteBehavior [ RunTime:0.000030s ]
INFO: [ app_init ] --END-- [ RunTime:0.000104s ]
ERR: 无法加载模块:Favicon

[ 2016-09-12T21:08:49+08:00 ] 127.0.0.1 /favicon.ico
INFO: [ app_init ] --START--
INFO: Run Behavior\BuildLiteBehavior [ RunTime:0.000010s ]
INFO: [ app_init ] --END-- [ RunTime:0.000066s ]
ERR: 无法加载模块:Favicon

[ 2016-09-12T21:08:49+08:00 ] 127.0.0.1 /favicon.ico
INFO: [ app_init ] --START--
INFO: Run Behavior\BuildLiteBehavior [ RunTime:0.000008s ]
INFO: [ app_init ] --END-- [ RunTime:0.000056s ]
ERR: 无法加载模块:Favicon

