[ 2016-10-05T10:27:14+08:00 ] 127.0.0.1 /favicon.ico
INFO: [ app_init ] --START--
INFO: Run Behavior\BuildLiteBehavior [ RunTime:0.000012s ]
INFO: [ app_init ] --END-- [ RunTime:0.000136s ]
ERR: 无法加载模块:Favicon

[ 2016-10-05T10:57:40+08:00 ] 127.0.0.1 /favicon.ico
INFO: [ app_init ] --START--
INFO: Run Behavior\BuildLiteBehavior [ RunTime:0.000013s ]
INFO: [ app_init ] --END-- [ RunTime:0.000107s ]
ERR: 无法加载模块:Favicon

[ 2016-10-05T10:58:10+08:00 ] 127.0.0.1 /favicon.ico
INFO: [ app_init ] --START--
INFO: Run Behavior\BuildLiteBehavior [ RunTime:0.000013s ]
INFO: [ app_init ] --END-- [ RunTime:0.000105s ]
ERR: 无法加载模块:Favicon

[ 2016-10-05T12:24:41+08:00 ] 127.0.0.1 /__PUBLIC__/css/media.css
INFO: [ app_init ] --START--
INFO: Run Behavior\BuildLiteBehavior [ RunTime:0.000009s ]
INFO: [ app_init ] --END-- [ RunTime:0.000061s ]
ERR: 无法加载模块:__PUBLIC__

[ 2016-10-05T12:24:41+08:00 ] 127.0.0.1 /__PUBLIC__/css/base.css
INFO: [ app_init ] --START--
INFO: Run Behavior\BuildLiteBehavior [ RunTime:0.000008s ]
INFO: [ app_init ] --END-- [ RunTime:0.000054s ]
ERR: 无法加载模块:__PUBLIC__

[ 2016-10-05T12:24:41+08:00 ] 127.0.0.1 /__PUBLIC__/js/silder.js
INFO: [ app_init ] --START--
INFO: Run Behavior\BuildLiteBehavior [ RunTime:0.000008s ]
INFO: [ app_init ] --END-- [ RunTime:0.000054s ]
ERR: 无法加载模块:__PUBLIC__

[ 2016-10-05T12:24:41+08:00 ] 127.0.0.1 /__PUBLIC__/images/01.jpg
INFO: [ app_init ] --START--
INFO: Run Behavior\BuildLiteBehavior [ RunTime:0.000008s ]
INFO: [ app_init ] --END-- [ RunTime:0.000054s ]
ERR: 无法加载模块:__PUBLIC__

[ 2016-10-05T12:24:41+08:00 ] 127.0.0.1 /__PUBLIC__/images/02.jpg
INFO: [ app_init ] --START--
INFO: Run Behavior\BuildLiteBehavior [ RunTime:0.000008s ]
INFO: [ app_init ] --END-- [ RunTime:0.000053s ]
ERR: 无法加载模块:__PUBLIC__

[ 2016-10-05T12:24:41+08:00 ] 127.0.0.1 /__PUBLIC__/css/index.css
INFO: [ app_init ] --START--
INFO: Run Behavior\BuildLiteBehavior [ RunTime:0.000012s ]
INFO: [ app_init ] --END-- [ RunTime:0.000091s ]
ERR: 无法加载模块:__PUBLIC__

[ 2016-10-05T12:24:41+08:00 ] 127.0.0.1 /__PUBLIC__/images/03.png
INFO: [ app_init ] --START--
INFO: Run Behavior\BuildLiteBehavior [ RunTime:0.000009s ]
INFO: [ app_init ] --END-- [ RunTime:0.000125s ]
ERR: 无法加载模块:__PUBLIC__

[ 2016-10-05T12:24:41+08:00 ] 127.0.0.1 /__PUBLIC__/images/04.jpg
INFO: [ app_init ] --START--
INFO: Run Behavior\BuildLiteBehavior [ RunTime:0.000009s ]
INFO: [ app_init ] --END-- [ RunTime:0.000060s ]
ERR: 无法加载模块:__PUBLIC__

[ 2016-10-05T12:24:41+08:00 ] 127.0.0.1 /__PUBLIC__/images/04.png
INFO: [ app_init ] --START--
INFO: Run Behavior\BuildLiteBehavior [ RunTime:0.000009s ]
INFO: [ app_init ] --END-- [ RunTime:0.000062s ]
ERR: 无法加载模块:__PUBLIC__

[ 2016-10-05T12:24:41+08:00 ] 127.0.0.1 /__PUBLIC__/css/base.css
INFO: [ app_init ] --START--
INFO: Run Behavior\BuildLiteBehavior [ RunTime:0.000010s ]
INFO: [ app_init ] --END-- [ RunTime:0.000069s ]
ERR: 无法加载模块:__PUBLIC__

[ 2016-10-05T12:24:41+08:00 ] 127.0.0.1 /__PUBLIC__/css/media.css
INFO: [ app_init ] --START--
INFO: Run Behavior\BuildLiteBehavior [ RunTime:0.000008s ]
INFO: [ app_init ] --END-- [ RunTime:0.000238s ]
ERR: 无法加载模块:__PUBLIC__

[ 2016-10-05T12:24:41+08:00 ] 127.0.0.1 /__PUBLIC__/js/silder.js
INFO: [ app_init ] --START--
INFO: Run Behavior\BuildLiteBehavior [ RunTime:0.000009s ]
INFO: [ app_init ] --END-- [ RunTime:0.000057s ]
ERR: 无法加载模块:__PUBLIC__

[ 2016-10-05T12:24:41+08:00 ] 127.0.0.1 /__PUBLIC__/css/index.css
INFO: [ app_init ] --START--
INFO: Run Behavior\BuildLiteBehavior [ RunTime:0.000014s ]
INFO: [ app_init ] --END-- [ RunTime:0.000099s ]
ERR: 无法加载模块:__PUBLIC__

[ 2016-10-05T12:24:41+08:00 ] 127.0.0.1 /__PUBLIC__/images/01.jpg
INFO: [ app_init ] --START--
INFO: Run Behavior\BuildLiteBehavior [ RunTime:0.000009s ]
INFO: [ app_init ] --END-- [ RunTime:0.000062s ]
ERR: 无法加载模块:__PUBLIC__

[ 2016-10-05T12:24:41+08:00 ] 127.0.0.1 /__PUBLIC__/images/02.jpg
INFO: [ app_init ] --START--
INFO: Run Behavior\BuildLiteBehavior [ RunTime:0.000013s ]
INFO: [ app_init ] --END-- [ RunTime:0.000094s ]
ERR: 无法加载模块:__PUBLIC__

[ 2016-10-05T12:24:41+08:00 ] 127.0.0.1 /__PUBLIC__/css/base.css
INFO: [ app_init ] --START--
INFO: Run Behavior\BuildLiteBehavior [ RunTime:0.000009s ]
INFO: [ app_init ] --END-- [ RunTime:0.000059s ]
ERR: 无法加载模块:__PUBLIC__

[ 2016-10-05T12:24:41+08:00 ] 127.0.0.1 /__PUBLIC__/css/index.css
INFO: [ app_init ] --START--
INFO: Run Behavior\BuildLiteBehavior [ RunTime:0.000019s ]
INFO: [ app_init ] --END-- [ RunTime:0.000104s ]
ERR: 无法加载模块:__PUBLIC__

[ 2016-10-05T12:24:41+08:00 ] 127.0.0.1 /__PUBLIC__/css/media.css
INFO: [ app_init ] --START--
INFO: Run Behavior\BuildLiteBehavior [ RunTime:0.000008s ]
INFO: [ app_init ] --END-- [ RunTime:0.000054s ]
ERR: 无法加载模块:__PUBLIC__

[ 2016-10-05T12:24:41+08:00 ] 127.0.0.1 /__PUBLIC__/images/03.png
INFO: [ app_init ] --START--
INFO: Run Behavior\BuildLiteBehavior [ RunTime:0.000052s ]
INFO: [ app_init ] --END-- [ RunTime:0.000100s ]
ERR: 无法加载模块:__PUBLIC__

[ 2016-10-05T12:24:41+08:00 ] 127.0.0.1 /__PUBLIC__/images/04.jpg
INFO: [ app_init ] --START--
INFO: Run Behavior\BuildLiteBehavior [ RunTime:0.000009s ]
INFO: [ app_init ] --END-- [ RunTime:0.000055s ]
ERR: 无法加载模块:__PUBLIC__

[ 2016-10-05T12:24:41+08:00 ] 127.0.0.1 /__PUBLIC__/images/04.png
INFO: [ app_init ] --START--
INFO: Run Behavior\BuildLiteBehavior [ RunTime:0.000008s ]
INFO: [ app_init ] --END-- [ RunTime:0.000054s ]
ERR: 无法加载模块:__PUBLIC__

[ 2016-10-05T12:24:41+08:00 ] 127.0.0.1 /__PUBLIC__/js/silder.js
INFO: [ app_init ] --START--
INFO: Run Behavior\BuildLiteBehavior [ RunTime:0.000009s ]
INFO: [ app_init ] --END-- [ RunTime:0.000057s ]
ERR: 无法加载模块:__PUBLIC__

[ 2016-10-05T12:26:11+08:00 ] 127.0.0.1 /__PUBLIC__/css/base.css
INFO: [ app_init ] --START--
INFO: Run Behavior\BuildLiteBehavior [ RunTime:0.000012s ]
INFO: [ app_init ] --END-- [ RunTime:0.000067s ]
ERR: 无法加载模块:__PUBLIC__

[ 2016-10-05T12:26:11+08:00 ] 127.0.0.1 /__PUBLIC__/css/index.css
INFO: [ app_init ] --START--
INFO: Run Behavior\BuildLiteBehavior [ RunTime:0.000009s ]
INFO: [ app_init ] --END-- [ RunTime:0.000096s ]
ERR: 无法加载模块:__PUBLIC__

[ 2016-10-05T12:26:11+08:00 ] 127.0.0.1 /__PUBLIC__/css/media.css
INFO: [ app_init ] --START--
INFO: Run Behavior\BuildLiteBehavior [ RunTime:0.000009s ]
INFO: [ app_init ] --END-- [ RunTime:0.000095s ]
ERR: 无法加载模块:__PUBLIC__

[ 2016-10-05T12:26:11+08:00 ] 127.0.0.1 /__PUBLIC__/images/01.jpg
INFO: [ app_init ] --START--
INFO: Run Behavior\BuildLiteBehavior [ RunTime:0.000009s ]
INFO: [ app_init ] --END-- [ RunTime:0.000091s ]
ERR: 无法加载模块:__PUBLIC__

[ 2016-10-05T12:26:11+08:00 ] 127.0.0.1 /__PUBLIC__/js/silder.js
INFO: [ app_init ] --START--
INFO: Run Behavior\BuildLiteBehavior [ RunTime:0.000008s ]
INFO: [ app_init ] --END-- [ RunTime:0.000055s ]
ERR: 无法加载模块:__PUBLIC__

[ 2016-10-05T12:26:11+08:00 ] 127.0.0.1 /__PUBLIC__/images/02.jpg
INFO: [ app_init ] --START--
INFO: Run Behavior\BuildLiteBehavior [ RunTime:0.000014s ]
INFO: [ app_init ] --END-- [ RunTime:0.000098s ]
ERR: 无法加载模块:__PUBLIC__

[ 2016-10-05T12:26:12+08:00 ] 127.0.0.1 /__PUBLIC__/images/03.png
INFO: [ app_init ] --START--
INFO: Run Behavior\BuildLiteBehavior [ RunTime:0.000008s ]
INFO: [ app_init ] --END-- [ RunTime:0.000061s ]
ERR: 无法加载模块:__PUBLIC__

[ 2016-10-05T12:26:12+08:00 ] 127.0.0.1 /__PUBLIC__/images/04.jpg
INFO: [ app_init ] --START--
INFO: Run Behavior\BuildLiteBehavior [ RunTime:0.000012s ]
INFO: [ app_init ] --END-- [ RunTime:0.000097s ]
ERR: 无法加载模块:__PUBLIC__

[ 2016-10-05T12:26:12+08:00 ] 127.0.0.1 /__PUBLIC__/images/04.png
INFO: [ app_init ] --START--
INFO: Run Behavior\BuildLiteBehavior [ RunTime:0.000008s ]
INFO: [ app_init ] --END-- [ RunTime:0.000055s ]
ERR: 无法加载模块:__PUBLIC__

[ 2016-10-05T12:26:12+08:00 ] 127.0.0.1 /__PUBLIC__/css/base.css
INFO: [ app_init ] --START--
INFO: Run Behavior\BuildLiteBehavior [ RunTime:0.000010s ]
INFO: [ app_init ] --END-- [ RunTime:0.000061s ]
ERR: 无法加载模块:__PUBLIC__

[ 2016-10-05T12:26:12+08:00 ] 127.0.0.1 /__PUBLIC__/css/index.css
INFO: [ app_init ] --START--
INFO: Run Behavior\BuildLiteBehavior [ RunTime:0.000010s ]
INFO: [ app_init ] --END-- [ RunTime:0.000065s ]
ERR: 无法加载模块:__PUBLIC__

[ 2016-10-05T12:26:12+08:00 ] 127.0.0.1 /__PUBLIC__/css/media.css
INFO: [ app_init ] --START--
INFO: Run Behavior\BuildLiteBehavior [ RunTime:0.000008s ]
INFO: [ app_init ] --END-- [ RunTime:0.000056s ]
ERR: 无法加载模块:__PUBLIC__

[ 2016-10-05T12:26:12+08:00 ] 127.0.0.1 /__PUBLIC__/images/01.jpg
INFO: [ app_init ] --START--
INFO: Run Behavior\BuildLiteBehavior [ RunTime:0.000009s ]
INFO: [ app_init ] --END-- [ RunTime:0.000061s ]
ERR: 无法加载模块:__PUBLIC__

[ 2016-10-05T12:26:12+08:00 ] 127.0.0.1 /__PUBLIC__/js/silder.js
INFO: [ app_init ] --START--
INFO: Run Behavior\BuildLiteBehavior [ RunTime:0.000010s ]
INFO: [ app_init ] --END-- [ RunTime:0.000060s ]
ERR: 无法加载模块:__PUBLIC__

[ 2016-10-05T12:26:12+08:00 ] 127.0.0.1 /__PUBLIC__/css/base.css
INFO: [ app_init ] --START--
INFO: Run Behavior\BuildLiteBehavior [ RunTime:0.000009s ]
INFO: [ app_init ] --END-- [ RunTime:0.000061s ]
ERR: 无法加载模块:__PUBLIC__

[ 2016-10-05T12:26:12+08:00 ] 127.0.0.1 /__PUBLIC__/css/index.css
INFO: [ app_init ] --START--
INFO: Run Behavior\BuildLiteBehavior [ RunTime:0.000009s ]
INFO: [ app_init ] --END-- [ RunTime:0.000053s ]
ERR: 无法加载模块:__PUBLIC__

[ 2016-10-05T12:26:12+08:00 ] 127.0.0.1 /__PUBLIC__/css/media.css
INFO: [ app_init ] --START--
INFO: Run Behavior\BuildLiteBehavior [ RunTime:0.000008s ]
INFO: [ app_init ] --END-- [ RunTime:0.000053s ]
ERR: 无法加载模块:__PUBLIC__

[ 2016-10-05T12:26:12+08:00 ] 127.0.0.1 /__PUBLIC__/images/01.jpg
INFO: [ app_init ] --START--
INFO: Run Behavior\BuildLiteBehavior [ RunTime:0.000008s ]
INFO: [ app_init ] --END-- [ RunTime:0.000054s ]
ERR: 无法加载模块:__PUBLIC__

[ 2016-10-05T12:26:12+08:00 ] 127.0.0.1 /__PUBLIC__/images/02.jpg
INFO: [ app_init ] --START--
INFO: Run Behavior\BuildLiteBehavior [ RunTime:0.000009s ]
INFO: [ app_init ] --END-- [ RunTime:0.000054s ]
ERR: 无法加载模块:__PUBLIC__

[ 2016-10-05T12:26:12+08:00 ] 127.0.0.1 /__PUBLIC__/images/03.png
INFO: [ app_init ] --START--
INFO: Run Behavior\BuildLiteBehavior [ RunTime:0.000008s ]
INFO: [ app_init ] --END-- [ RunTime:0.000050s ]
ERR: 无法加载模块:__PUBLIC__

[ 2016-10-05T12:26:12+08:00 ] 127.0.0.1 /__PUBLIC__/images/04.jpg
INFO: [ app_init ] --START--
INFO: Run Behavior\BuildLiteBehavior [ RunTime:0.000009s ]
INFO: [ app_init ] --END-- [ RunTime:0.000055s ]
ERR: 无法加载模块:__PUBLIC__

[ 2016-10-05T12:26:12+08:00 ] 127.0.0.1 /__PUBLIC__/images/04.png
INFO: [ app_init ] --START--
INFO: Run Behavior\BuildLiteBehavior [ RunTime:0.000008s ]
INFO: [ app_init ] --END-- [ RunTime:0.000053s ]
ERR: 无法加载模块:__PUBLIC__

[ 2016-10-05T12:26:12+08:00 ] 127.0.0.1 /__PUBLIC__/js/silder.js
INFO: [ app_init ] --START--
INFO: Run Behavior\BuildLiteBehavior [ RunTime:0.000008s ]
INFO: [ app_init ] --END-- [ RunTime:0.000055s ]
ERR: 无法加载模块:__PUBLIC__

[ 2016-10-05T12:28:18+08:00 ] 127.0.0.1 /__PUBLIC__/css/base.css
INFO: [ app_init ] --START--
INFO: Run Behavior\BuildLiteBehavior [ RunTime:0.000009s ]
INFO: [ app_init ] --END-- [ RunTime:0.000056s ]
ERR: 无法加载模块:__PUBLIC__

[ 2016-10-05T12:28:18+08:00 ] 127.0.0.1 /__PUBLIC__/css/index.css
INFO: [ app_init ] --START--
INFO: Run Behavior\BuildLiteBehavior [ RunTime:0.000063s ]
INFO: [ app_init ] --END-- [ RunTime:0.000125s ]
ERR: 无法加载模块:__PUBLIC__

[ 2016-10-05T12:28:18+08:00 ] 127.0.0.1 /__PUBLIC__/css/media.css
INFO: [ app_init ] --START--
INFO: Run Behavior\BuildLiteBehavior [ RunTime:0.000008s ]
INFO: [ app_init ] --END-- [ RunTime:0.000059s ]
ERR: 无法加载模块:__PUBLIC__

[ 2016-10-05T12:28:18+08:00 ] 127.0.0.1 /__PUBLIC__/images/01.jpg
INFO: [ app_init ] --START--
INFO: Run Behavior\BuildLiteBehavior [ RunTime:0.000008s ]
INFO: [ app_init ] --END-- [ RunTime:0.000054s ]
ERR: 无法加载模块:__PUBLIC__

[ 2016-10-05T12:28:18+08:00 ] 127.0.0.1 /__PUBLIC__/js/silder.js
INFO: [ app_init ] --START--
INFO: Run Behavior\BuildLiteBehavior [ RunTime:0.000008s ]
INFO: [ app_init ] --END-- [ RunTime:0.000053s ]
ERR: 无法加载模块:__PUBLIC__

[ 2016-10-05T12:28:18+08:00 ] 127.0.0.1 /__PUBLIC__/images/02.jpg
INFO: [ app_init ] --START--
INFO: Run Behavior\BuildLiteBehavior [ RunTime:0.000009s ]
INFO: [ app_init ] --END-- [ RunTime:0.000059s ]
ERR: 无法加载模块:__PUBLIC__

[ 2016-10-05T12:28:18+08:00 ] 127.0.0.1 /__PUBLIC__/images/03.png
INFO: [ app_init ] --START--
INFO: Run Behavior\BuildLiteBehavior [ RunTime:0.000008s ]
INFO: [ app_init ] --END-- [ RunTime:0.000082s ]
ERR: 无法加载模块:__PUBLIC__

[ 2016-10-05T12:28:18+08:00 ] 127.0.0.1 /__PUBLIC__/images/04.jpg
INFO: [ app_init ] --START--
INFO: Run Behavior\BuildLiteBehavior [ RunTime:0.000008s ]
INFO: [ app_init ] --END-- [ RunTime:0.000052s ]
ERR: 无法加载模块:__PUBLIC__

[ 2016-10-05T12:28:18+08:00 ] 127.0.0.1 /__PUBLIC__/images/04.png
INFO: [ app_init ] --START--
INFO: Run Behavior\BuildLiteBehavior [ RunTime:0.000009s ]
INFO: [ app_init ] --END-- [ RunTime:0.000056s ]
ERR: 无法加载模块:__PUBLIC__

[ 2016-10-05T12:28:19+08:00 ] 127.0.0.1 /__PUBLIC__/css/base.css
INFO: [ app_init ] --START--
INFO: Run Behavior\BuildLiteBehavior [ RunTime:0.000008s ]
INFO: [ app_init ] --END-- [ RunTime:0.000054s ]
ERR: 无法加载模块:__PUBLIC__

[ 2016-10-05T12:28:19+08:00 ] 127.0.0.1 /__PUBLIC__/css/index.css
INFO: [ app_init ] --START--
INFO: Run Behavior\BuildLiteBehavior [ RunTime:0.000022s ]
INFO: [ app_init ] --END-- [ RunTime:0.000156s ]
ERR: 无法加载模块:__PUBLIC__

[ 2016-10-05T12:28:19+08:00 ] 127.0.0.1 /__PUBLIC__/css/media.css
INFO: [ app_init ] --START--
INFO: Run Behavior\BuildLiteBehavior [ RunTime:0.000036s ]
INFO: [ app_init ] --END-- [ RunTime:0.000094s ]
ERR: 无法加载模块:__PUBLIC__

[ 2016-10-05T12:28:19+08:00 ] 127.0.0.1 /__PUBLIC__/images/01.jpg
INFO: [ app_init ] --START--
INFO: Run Behavior\BuildLiteBehavior [ RunTime:0.000008s ]
INFO: [ app_init ] --END-- [ RunTime:0.000056s ]
ERR: 无法加载模块:__PUBLIC__

[ 2016-10-05T12:28:19+08:00 ] 127.0.0.1 /__PUBLIC__/js/silder.js
INFO: [ app_init ] --START--
INFO: Run Behavior\BuildLiteBehavior [ RunTime:0.000008s ]
INFO: [ app_init ] --END-- [ RunTime:0.000054s ]
ERR: 无法加载模块:__PUBLIC__

[ 2016-10-05T12:28:19+08:00 ] 127.0.0.1 /__PUBLIC__/css/base.css
INFO: [ app_init ] --START--
INFO: Run Behavior\BuildLiteBehavior [ RunTime:0.000009s ]
INFO: [ app_init ] --END-- [ RunTime:0.000095s ]
ERR: 无法加载模块:__PUBLIC__

[ 2016-10-05T12:28:19+08:00 ] 127.0.0.1 /__PUBLIC__/css/index.css
INFO: [ app_init ] --START--
INFO: Run Behavior\BuildLiteBehavior [ RunTime:0.000010s ]
INFO: [ app_init ] --END-- [ RunTime:0.000081s ]
ERR: 无法加载模块:__PUBLIC__

[ 2016-10-05T12:28:19+08:00 ] 127.0.0.1 /__PUBLIC__/css/media.css
INFO: [ app_init ] --START--
INFO: Run Behavior\BuildLiteBehavior [ RunTime:0.000008s ]
INFO: [ app_init ] --END-- [ RunTime:0.000054s ]
ERR: 无法加载模块:__PUBLIC__

[ 2016-10-05T12:28:19+08:00 ] 127.0.0.1 /__PUBLIC__/images/01.jpg
INFO: [ app_init ] --START--
INFO: Run Behavior\BuildLiteBehavior [ RunTime:0.000008s ]
INFO: [ app_init ] --END-- [ RunTime:0.000064s ]
ERR: 无法加载模块:__PUBLIC__

[ 2016-10-05T12:28:19+08:00 ] 127.0.0.1 /__PUBLIC__/images/02.jpg
INFO: [ app_init ] --START--
INFO: Run Behavior\BuildLiteBehavior [ RunTime:0.000009s ]
INFO: [ app_init ] --END-- [ RunTime:0.000115s ]
ERR: 无法加载模块:__PUBLIC__

[ 2016-10-05T12:28:19+08:00 ] 127.0.0.1 /__PUBLIC__/images/03.png
INFO: [ app_init ] --START--
INFO: Run Behavior\BuildLiteBehavior [ RunTime:0.000008s ]
INFO: [ app_init ] --END-- [ RunTime:0.000054s ]
ERR: 无法加载模块:__PUBLIC__

[ 2016-10-05T12:28:19+08:00 ] 127.0.0.1 /__PUBLIC__/images/04.jpg
INFO: [ app_init ] --START--
INFO: Run Behavior\BuildLiteBehavior [ RunTime:0.000009s ]
INFO: [ app_init ] --END-- [ RunTime:0.000053s ]
ERR: 无法加载模块:__PUBLIC__

[ 2016-10-05T12:28:19+08:00 ] 127.0.0.1 /__PUBLIC__/images/04.png
INFO: [ app_init ] --START--
INFO: Run Behavior\BuildLiteBehavior [ RunTime:0.000007s ]
INFO: [ app_init ] --END-- [ RunTime:0.000052s ]
ERR: 无法加载模块:__PUBLIC__

[ 2016-10-05T12:28:19+08:00 ] 127.0.0.1 /__PUBLIC__/js/silder.js
INFO: [ app_init ] --START--
INFO: Run Behavior\BuildLiteBehavior [ RunTime:0.000008s ]
INFO: [ app_init ] --END-- [ RunTime:0.000055s ]
ERR: 无法加载模块:__PUBLIC__

[ 2016-10-05T12:30:00+08:00 ] 127.0.0.1 /__PUBLIC__/css/base.css
INFO: [ app_init ] --START--
INFO: Run Behavior\BuildLiteBehavior [ RunTime:0.000008s ]
INFO: [ app_init ] --END-- [ RunTime:0.000053s ]
ERR: 无法加载模块:__PUBLIC__

[ 2016-10-05T12:30:00+08:00 ] 127.0.0.1 /__PUBLIC__/css/index.css
INFO: [ app_init ] --START--
INFO: Run Behavior\BuildLiteBehavior [ RunTime:0.000009s ]
INFO: [ app_init ] --END-- [ RunTime:0.000054s ]
ERR: 无法加载模块:__PUBLIC__

[ 2016-10-05T12:30:00+08:00 ] 127.0.0.1 /__PUBLIC__/css/media.css
INFO: [ app_init ] --START--
INFO: Run Behavior\BuildLiteBehavior [ RunTime:0.000008s ]
INFO: [ app_init ] --END-- [ RunTime:0.000108s ]
ERR: 无法加载模块:__PUBLIC__

[ 2016-10-05T12:30:00+08:00 ] 127.0.0.1 /__PUBLIC__/images/01.jpg
INFO: [ app_init ] --START--
INFO: Run Behavior\BuildLiteBehavior [ RunTime:0.000008s ]
INFO: [ app_init ] --END-- [ RunTime:0.000054s ]
ERR: 无法加载模块:__PUBLIC__

[ 2016-10-05T12:30:00+08:00 ] 127.0.0.1 /__PUBLIC__/js/silder.js
INFO: [ app_init ] --START--
INFO: Run Behavior\BuildLiteBehavior [ RunTime:0.000008s ]
INFO: [ app_init ] --END-- [ RunTime:0.000055s ]
ERR: 无法加载模块:__PUBLIC__

[ 2016-10-05T12:30:00+08:00 ] 127.0.0.1 /__PUBLIC__/images/02.jpg
INFO: [ app_init ] --START--
INFO: Run Behavior\BuildLiteBehavior [ RunTime:0.000008s ]
INFO: [ app_init ] --END-- [ RunTime:0.000059s ]
ERR: 无法加载模块:__PUBLIC__

[ 2016-10-05T12:30:00+08:00 ] 127.0.0.1 /__PUBLIC__/images/03.png
INFO: [ app_init ] --START--
INFO: Run Behavior\BuildLiteBehavior [ RunTime:0.000008s ]
INFO: [ app_init ] --END-- [ RunTime:0.000121s ]
ERR: 无法加载模块:__PUBLIC__

[ 2016-10-05T12:30:00+08:00 ] 127.0.0.1 /__PUBLIC__/images/04.jpg
INFO: [ app_init ] --START--
INFO: Run Behavior\BuildLiteBehavior [ RunTime:0.000009s ]
INFO: [ app_init ] --END-- [ RunTime:0.000057s ]
ERR: 无法加载模块:__PUBLIC__

[ 2016-10-05T12:30:00+08:00 ] 127.0.0.1 /__PUBLIC__/images/04.png
INFO: [ app_init ] --START--
INFO: Run Behavior\BuildLiteBehavior [ RunTime:0.000009s ]
INFO: [ app_init ] --END-- [ RunTime:0.000059s ]
ERR: 无法加载模块:__PUBLIC__

[ 2016-10-05T12:30:00+08:00 ] 127.0.0.1 /__PUBLIC__/css/base.css
INFO: [ app_init ] --START--
INFO: Run Behavior\BuildLiteBehavior [ RunTime:0.000009s ]
INFO: [ app_init ] --END-- [ RunTime:0.000085s ]
ERR: 无法加载模块:__PUBLIC__

[ 2016-10-05T12:30:00+08:00 ] 127.0.0.1 /__PUBLIC__/css/index.css
INFO: [ app_init ] --START--
INFO: Run Behavior\BuildLiteBehavior [ RunTime:0.000010s ]
INFO: [ app_init ] --END-- [ RunTime:0.000061s ]
ERR: 无法加载模块:__PUBLIC__

[ 2016-10-05T12:30:00+08:00 ] 127.0.0.1 /__PUBLIC__/css/media.css
INFO: [ app_init ] --START--
INFO: Run Behavior\BuildLiteBehavior [ RunTime:0.000009s ]
INFO: [ app_init ] --END-- [ RunTime:0.000061s ]
ERR: 无法加载模块:__PUBLIC__

[ 2016-10-05T12:30:00+08:00 ] 127.0.0.1 /__PUBLIC__/images/01.jpg
INFO: [ app_init ] --START--
INFO: Run Behavior\BuildLiteBehavior [ RunTime:0.000008s ]
INFO: [ app_init ] --END-- [ RunTime:0.000061s ]
ERR: 无法加载模块:__PUBLIC__

[ 2016-10-05T12:30:00+08:00 ] 127.0.0.1 /__PUBLIC__/js/silder.js
INFO: [ app_init ] --START--
INFO: Run Behavior\BuildLiteBehavior [ RunTime:0.000010s ]
INFO: [ app_init ] --END-- [ RunTime:0.000063s ]
ERR: 无法加载模块:__PUBLIC__

[ 2016-10-05T12:30:00+08:00 ] 127.0.0.1 /__PUBLIC__/css/base.css
INFO: [ app_init ] --START--
INFO: Run Behavior\BuildLiteBehavior [ RunTime:0.000008s ]
INFO: [ app_init ] --END-- [ RunTime:0.000060s ]
ERR: 无法加载模块:__PUBLIC__

[ 2016-10-05T12:30:00+08:00 ] 127.0.0.1 /__PUBLIC__/css/index.css
INFO: [ app_init ] --START--
INFO: Run Behavior\BuildLiteBehavior [ RunTime:0.000009s ]
INFO: [ app_init ] --END-- [ RunTime:0.000061s ]
ERR: 无法加载模块:__PUBLIC__

[ 2016-10-05T12:30:00+08:00 ] 127.0.0.1 /__PUBLIC__/css/media.css
INFO: [ app_init ] --START--
INFO: Run Behavior\BuildLiteBehavior [ RunTime:0.000009s ]
INFO: [ app_init ] --END-- [ RunTime:0.000060s ]
ERR: 无法加载模块:__PUBLIC__

[ 2016-10-05T12:30:00+08:00 ] 127.0.0.1 /__PUBLIC__/images/01.jpg
INFO: [ app_init ] --START--
INFO: Run Behavior\BuildLiteBehavior [ RunTime:0.000009s ]
INFO: [ app_init ] --END-- [ RunTime:0.000057s ]
ERR: 无法加载模块:__PUBLIC__

[ 2016-10-05T12:30:00+08:00 ] 127.0.0.1 /__PUBLIC__/images/02.jpg
INFO: [ app_init ] --START--
INFO: Run Behavior\BuildLiteBehavior [ RunTime:0.000011s ]
INFO: [ app_init ] --END-- [ RunTime:0.000071s ]
ERR: 无法加载模块:__PUBLIC__

[ 2016-10-05T12:30:00+08:00 ] 127.0.0.1 /__PUBLIC__/images/03.png
INFO: [ app_init ] --START--
INFO: Run Behavior\BuildLiteBehavior [ RunTime:0.000009s ]
INFO: [ app_init ] --END-- [ RunTime:0.000057s ]
ERR: 无法加载模块:__PUBLIC__

[ 2016-10-05T12:30:00+08:00 ] 127.0.0.1 /__PUBLIC__/images/04.jpg
INFO: [ app_init ] --START--
INFO: Run Behavior\BuildLiteBehavior [ RunTime:0.000008s ]
INFO: [ app_init ] --END-- [ RunTime:0.000076s ]
ERR: 无法加载模块:__PUBLIC__

[ 2016-10-05T12:30:00+08:00 ] 127.0.0.1 /__PUBLIC__/images/04.png
INFO: [ app_init ] --START--
INFO: Run Behavior\BuildLiteBehavior [ RunTime:0.000008s ]
INFO: [ app_init ] --END-- [ RunTime:0.000055s ]
ERR: 无法加载模块:__PUBLIC__

[ 2016-10-05T12:30:00+08:00 ] 127.0.0.1 /__PUBLIC__/js/silder.js
INFO: [ app_init ] --START--
INFO: Run Behavior\BuildLiteBehavior [ RunTime:0.000009s ]
INFO: [ app_init ] --END-- [ RunTime:0.000056s ]
ERR: 无法加载模块:__PUBLIC__

[ 2016-10-05T12:33:26+08:00 ] 127.0.0.1 /__PUBLIC__/css/base.css
INFO: [ app_init ] --START--
INFO: Run Behavior\BuildLiteBehavior [ RunTime:0.000008s ]
INFO: [ app_init ] --END-- [ RunTime:0.000054s ]
ERR: 无法加载模块:__PUBLIC__

[ 2016-10-05T12:33:26+08:00 ] 127.0.0.1 /__PUBLIC__/css/index.css
INFO: [ app_init ] --START--
INFO: Run Behavior\BuildLiteBehavior [ RunTime:0.000008s ]
INFO: [ app_init ] --END-- [ RunTime:0.000065s ]
ERR: 无法加载模块:__PUBLIC__

[ 2016-10-05T12:33:26+08:00 ] 127.0.0.1 /__PUBLIC__/css/media.css
INFO: [ app_init ] --START--
INFO: Run Behavior\BuildLiteBehavior [ RunTime:0.000009s ]
INFO: [ app_init ] --END-- [ RunTime:0.000057s ]
ERR: 无法加载模块:__PUBLIC__

[ 2016-10-05T12:33:26+08:00 ] 127.0.0.1 /__PUBLIC__/images/01.jpg
INFO: [ app_init ] --START--
INFO: Run Behavior\BuildLiteBehavior [ RunTime:0.000009s ]
INFO: [ app_init ] --END-- [ RunTime:0.000057s ]
ERR: 无法加载模块:__PUBLIC__

[ 2016-10-05T12:33:26+08:00 ] 127.0.0.1 /__PUBLIC__/js/silder.js
INFO: [ app_init ] --START--
INFO: Run Behavior\BuildLiteBehavior [ RunTime:0.000009s ]
INFO: [ app_init ] --END-- [ RunTime:0.000055s ]
ERR: 无法加载模块:__PUBLIC__

[ 2016-10-05T12:33:26+08:00 ] 127.0.0.1 /__PUBLIC__/images/02.jpg
INFO: [ app_init ] --START--
INFO: Run Behavior\BuildLiteBehavior [ RunTime:0.000008s ]
INFO: [ app_init ] --END-- [ RunTime:0.000055s ]
ERR: 无法加载模块:__PUBLIC__

[ 2016-10-05T12:33:26+08:00 ] 127.0.0.1 /__PUBLIC__/images/03.png
INFO: [ app_init ] --START--
INFO: Run Behavior\BuildLiteBehavior [ RunTime:0.000009s ]
INFO: [ app_init ] --END-- [ RunTime:0.000053s ]
ERR: 无法加载模块:__PUBLIC__

[ 2016-10-05T12:33:26+08:00 ] 127.0.0.1 /__PUBLIC__/images/04.jpg
INFO: [ app_init ] --START--
INFO: Run Behavior\BuildLiteBehavior [ RunTime:0.000008s ]
INFO: [ app_init ] --END-- [ RunTime:0.000056s ]
ERR: 无法加载模块:__PUBLIC__

[ 2016-10-05T12:33:26+08:00 ] 127.0.0.1 /__PUBLIC__/images/04.png
INFO: [ app_init ] --START--
INFO: Run Behavior\BuildLiteBehavior [ RunTime:0.000007s ]
INFO: [ app_init ] --END-- [ RunTime:0.000053s ]
ERR: 无法加载模块:__PUBLIC__

[ 2016-10-05T12:33:26+08:00 ] 127.0.0.1 /__PUBLIC__/css/base.css
INFO: [ app_init ] --START--
INFO: Run Behavior\BuildLiteBehavior [ RunTime:0.000008s ]
INFO: [ app_init ] --END-- [ RunTime:0.000065s ]
ERR: 无法加载模块:__PUBLIC__

[ 2016-10-05T12:33:26+08:00 ] 127.0.0.1 /__PUBLIC__/css/index.css
INFO: [ app_init ] --START--
INFO: Run Behavior\BuildLiteBehavior [ RunTime:0.000009s ]
INFO: [ app_init ] --END-- [ RunTime:0.000055s ]
ERR: 无法加载模块:__PUBLIC__

[ 2016-10-05T12:33:26+08:00 ] 127.0.0.1 /__PUBLIC__/css/media.css
INFO: [ app_init ] --START--
INFO: Run Behavior\BuildLiteBehavior [ RunTime:0.000009s ]
INFO: [ app_init ] --END-- [ RunTime:0.000054s ]
ERR: 无法加载模块:__PUBLIC__

[ 2016-10-05T12:33:26+08:00 ] 127.0.0.1 /__PUBLIC__/images/01.jpg
INFO: [ app_init ] --START--
INFO: Run Behavior\BuildLiteBehavior [ RunTime:0.000007s ]
INFO: [ app_init ] --END-- [ RunTime:0.000054s ]
ERR: 无法加载模块:__PUBLIC__

[ 2016-10-05T12:33:26+08:00 ] 127.0.0.1 /__PUBLIC__/js/silder.js
INFO: [ app_init ] --START--
INFO: Run Behavior\BuildLiteBehavior [ RunTime:0.000018s ]
INFO: [ app_init ] --END-- [ RunTime:0.000109s ]
ERR: 无法加载模块:__PUBLIC__

[ 2016-10-05T12:33:26+08:00 ] 127.0.0.1 /__PUBLIC__/css/base.css
INFO: [ app_init ] --START--
INFO: Run Behavior\BuildLiteBehavior [ RunTime:0.000008s ]
INFO: [ app_init ] --END-- [ RunTime:0.000055s ]
ERR: 无法加载模块:__PUBLIC__

[ 2016-10-05T12:33:26+08:00 ] 127.0.0.1 /__PUBLIC__/css/index.css
INFO: [ app_init ] --START--
INFO: Run Behavior\BuildLiteBehavior [ RunTime:0.000008s ]
INFO: [ app_init ] --END-- [ RunTime:0.000054s ]
ERR: 无法加载模块:__PUBLIC__

[ 2016-10-05T12:33:26+08:00 ] 127.0.0.1 /__PUBLIC__/css/media.css
INFO: [ app_init ] --START--
INFO: Run Behavior\BuildLiteBehavior [ RunTime:0.000008s ]
INFO: [ app_init ] --END-- [ RunTime:0.000069s ]
ERR: 无法加载模块:__PUBLIC__

[ 2016-10-05T12:33:26+08:00 ] 127.0.0.1 /__PUBLIC__/images/01.jpg
INFO: [ app_init ] --START--
INFO: Run Behavior\BuildLiteBehavior [ RunTime:0.000009s ]
INFO: [ app_init ] --END-- [ RunTime:0.000067s ]
ERR: 无法加载模块:__PUBLIC__

[ 2016-10-05T12:33:26+08:00 ] 127.0.0.1 /__PUBLIC__/images/02.jpg
INFO: [ app_init ] --START--
INFO: Run Behavior\BuildLiteBehavior [ RunTime:0.000008s ]
INFO: [ app_init ] --END-- [ RunTime:0.000054s ]
ERR: 无法加载模块:__PUBLIC__

[ 2016-10-05T12:33:26+08:00 ] 127.0.0.1 /__PUBLIC__/images/03.png
INFO: [ app_init ] --START--
INFO: Run Behavior\BuildLiteBehavior [ RunTime:0.000007s ]
INFO: [ app_init ] --END-- [ RunTime:0.000048s ]
ERR: 无法加载模块:__PUBLIC__

[ 2016-10-05T12:33:26+08:00 ] 127.0.0.1 /__PUBLIC__/images/04.jpg
INFO: [ app_init ] --START--
INFO: Run Behavior\BuildLiteBehavior [ RunTime:0.000008s ]
INFO: [ app_init ] --END-- [ RunTime:0.000053s ]
ERR: 无法加载模块:__PUBLIC__

[ 2016-10-05T12:33:26+08:00 ] 127.0.0.1 /__PUBLIC__/images/04.png
INFO: [ app_init ] --START--
INFO: Run Behavior\BuildLiteBehavior [ RunTime:0.000014s ]
INFO: [ app_init ] --END-- [ RunTime:0.000085s ]
ERR: 无法加载模块:__PUBLIC__

[ 2016-10-05T12:33:26+08:00 ] 127.0.0.1 /__PUBLIC__/js/silder.js
INFO: [ app_init ] --START--
INFO: Run Behavior\BuildLiteBehavior [ RunTime:0.000009s ]
INFO: [ app_init ] --END-- [ RunTime:0.000058s ]
ERR: 无法加载模块:__PUBLIC__

[ 2016-10-05T12:37:10+08:00 ] 127.0.0.1 /__PUBLIC__/css/base.css
INFO: [ app_init ] --START--
INFO: Run Behavior\BuildLiteBehavior [ RunTime:0.000008s ]
INFO: [ app_init ] --END-- [ RunTime:0.000055s ]
ERR: 无法加载模块:__PUBLIC__

[ 2016-10-05T12:37:10+08:00 ] 127.0.0.1 /__PUBLIC__/css/index.css
INFO: [ app_init ] --START--
INFO: Run Behavior\BuildLiteBehavior [ RunTime:0.000122s ]
INFO: [ app_init ] --END-- [ RunTime:0.000177s ]
ERR: 无法加载模块:__PUBLIC__

[ 2016-10-05T12:37:10+08:00 ] 127.0.0.1 /__PUBLIC__/css/media.css
INFO: [ app_init ] --START--
INFO: Run Behavior\BuildLiteBehavior [ RunTime:0.000009s ]
INFO: [ app_init ] --END-- [ RunTime:0.000055s ]
ERR: 无法加载模块:__PUBLIC__

[ 2016-10-05T12:37:10+08:00 ] 127.0.0.1 /__PUBLIC__/images/01.jpg
INFO: [ app_init ] --START--
INFO: Run Behavior\BuildLiteBehavior [ RunTime:0.000008s ]
INFO: [ app_init ] --END-- [ RunTime:0.000053s ]
ERR: 无法加载模块:__PUBLIC__

[ 2016-10-05T12:37:10+08:00 ] 127.0.0.1 /__PUBLIC__/js/silder.js
INFO: [ app_init ] --START--
INFO: Run Behavior\BuildLiteBehavior [ RunTime:0.000008s ]
INFO: [ app_init ] --END-- [ RunTime:0.000053s ]
ERR: 无法加载模块:__PUBLIC__

[ 2016-10-05T12:37:10+08:00 ] 127.0.0.1 /__PUBLIC__/images/02.jpg
INFO: [ app_init ] --START--
INFO: Run Behavior\BuildLiteBehavior [ RunTime:0.000008s ]
INFO: [ app_init ] --END-- [ RunTime:0.000054s ]
ERR: 无法加载模块:__PUBLIC__

[ 2016-10-05T12:37:10+08:00 ] 127.0.0.1 /__PUBLIC__/images/03.png
INFO: [ app_init ] --START--
INFO: Run Behavior\BuildLiteBehavior [ RunTime:0.000009s ]
INFO: [ app_init ] --END-- [ RunTime:0.000054s ]
ERR: 无法加载模块:__PUBLIC__

[ 2016-10-05T12:37:10+08:00 ] 127.0.0.1 /__PUBLIC__/images/04.jpg
INFO: [ app_init ] --START--
INFO: Run Behavior\BuildLiteBehavior [ RunTime:0.000009s ]
INFO: [ app_init ] --END-- [ RunTime:0.000063s ]
ERR: 无法加载模块:__PUBLIC__

[ 2016-10-05T12:37:10+08:00 ] 127.0.0.1 /__PUBLIC__/images/04.png
INFO: [ app_init ] --START--
INFO: Run Behavior\BuildLiteBehavior [ RunTime:0.000010s ]
INFO: [ app_init ] --END-- [ RunTime:0.000081s ]
ERR: 无法加载模块:__PUBLIC__

[ 2016-10-05T12:37:10+08:00 ] 127.0.0.1 /__PUBLIC__/css/base.css
INFO: [ app_init ] --START--
INFO: Run Behavior\BuildLiteBehavior [ RunTime:0.000009s ]
INFO: [ app_init ] --END-- [ RunTime:0.000054s ]
ERR: 无法加载模块:__PUBLIC__

[ 2016-10-05T12:37:10+08:00 ] 127.0.0.1 /__PUBLIC__/css/index.css
INFO: [ app_init ] --START--
INFO: Run Behavior\BuildLiteBehavior [ RunTime:0.000009s ]
INFO: [ app_init ] --END-- [ RunTime:0.000053s ]
ERR: 无法加载模块:__PUBLIC__

[ 2016-10-05T12:37:10+08:00 ] 127.0.0.1 /__PUBLIC__/css/media.css
INFO: [ app_init ] --START--
INFO: Run Behavior\BuildLiteBehavior [ RunTime:0.000012s ]
INFO: [ app_init ] --END-- [ RunTime:0.000116s ]
ERR: 无法加载模块:__PUBLIC__

[ 2016-10-05T12:37:10+08:00 ] 127.0.0.1 /__PUBLIC__/images/01.jpg
INFO: [ app_init ] --START--
INFO: Run Behavior\BuildLiteBehavior [ RunTime:0.000009s ]
INFO: [ app_init ] --END-- [ RunTime:0.000055s ]
ERR: 无法加载模块:__PUBLIC__

[ 2016-10-05T12:37:10+08:00 ] 127.0.0.1 /__PUBLIC__/js/silder.js
INFO: [ app_init ] --START--
INFO: Run Behavior\BuildLiteBehavior [ RunTime:0.000009s ]
INFO: [ app_init ] --END-- [ RunTime:0.000061s ]
ERR: 无法加载模块:__PUBLIC__

[ 2016-10-05T12:37:10+08:00 ] 127.0.0.1 /__PUBLIC__/css/base.css
INFO: [ app_init ] --START--
INFO: Run Behavior\BuildLiteBehavior [ RunTime:0.000009s ]
INFO: [ app_init ] --END-- [ RunTime:0.000059s ]
ERR: 无法加载模块:__PUBLIC__

[ 2016-10-05T12:37:10+08:00 ] 127.0.0.1 /__PUBLIC__/css/index.css
INFO: [ app_init ] --START--
INFO: Run Behavior\BuildLiteBehavior [ RunTime:0.000009s ]
INFO: [ app_init ] --END-- [ RunTime:0.000055s ]
ERR: 无法加载模块:__PUBLIC__

[ 2016-10-05T12:37:10+08:00 ] 127.0.0.1 /__PUBLIC__/css/media.css
INFO: [ app_init ] --START--
INFO: Run Behavior\BuildLiteBehavior [ RunTime:0.000009s ]
INFO: [ app_init ] --END-- [ RunTime:0.000058s ]
ERR: 无法加载模块:__PUBLIC__

[ 2016-10-05T12:37:10+08:00 ] 127.0.0.1 /__PUBLIC__/images/01.jpg
INFO: [ app_init ] --START--
INFO: Run Behavior\BuildLiteBehavior [ RunTime:0.000012s ]
INFO: [ app_init ] --END-- [ RunTime:0.000079s ]
ERR: 无法加载模块:__PUBLIC__

[ 2016-10-05T12:37:10+08:00 ] 127.0.0.1 /__PUBLIC__/images/02.jpg
INFO: [ app_init ] --START--
INFO: Run Behavior\BuildLiteBehavior [ RunTime:0.000009s ]
INFO: [ app_init ] --END-- [ RunTime:0.000055s ]
ERR: 无法加载模块:__PUBLIC__

[ 2016-10-05T12:37:10+08:00 ] 127.0.0.1 /__PUBLIC__/images/03.png
INFO: [ app_init ] --START--
INFO: Run Behavior\BuildLiteBehavior [ RunTime:0.000009s ]
INFO: [ app_init ] --END-- [ RunTime:0.000055s ]
ERR: 无法加载模块:__PUBLIC__

[ 2016-10-05T12:37:10+08:00 ] 127.0.0.1 /__PUBLIC__/images/04.jpg
INFO: [ app_init ] --START--
INFO: Run Behavior\BuildLiteBehavior [ RunTime:0.000008s ]
INFO: [ app_init ] --END-- [ RunTime:0.000052s ]
ERR: 无法加载模块:__PUBLIC__

[ 2016-10-05T12:37:10+08:00 ] 127.0.0.1 /__PUBLIC__/images/04.png
INFO: [ app_init ] --START--
INFO: Run Behavior\BuildLiteBehavior [ RunTime:0.000009s ]
INFO: [ app_init ] --END-- [ RunTime:0.000054s ]
ERR: 无法加载模块:__PUBLIC__

[ 2016-10-05T12:37:11+08:00 ] 127.0.0.1 /__PUBLIC__/js/silder.js
INFO: [ app_init ] --START--
INFO: Run Behavior\BuildLiteBehavior [ RunTime:0.000008s ]
INFO: [ app_init ] --END-- [ RunTime:0.000054s ]
ERR: 无法加载模块:__PUBLIC__

[ 2016-10-05T14:37:10+08:00 ] 127.0.0.1 /__PUBLIC__/css/base.css
INFO: [ app_init ] --START--
INFO: Run Behavior\BuildLiteBehavior [ RunTime:0.000009s ]
INFO: [ app_init ] --END-- [ RunTime:0.000125s ]
ERR: 无法加载模块:__PUBLIC__

[ 2016-10-05T14:37:10+08:00 ] 127.0.0.1 /__PUBLIC__/css/index.css
INFO: [ app_init ] --START--
INFO: Run Behavior\BuildLiteBehavior [ RunTime:0.000009s ]
INFO: [ app_init ] --END-- [ RunTime:0.000055s ]
ERR: 无法加载模块:__PUBLIC__

[ 2016-10-05T14:37:10+08:00 ] 127.0.0.1 /__PUBLIC__/css/media.css
INFO: [ app_init ] --START--
INFO: Run Behavior\BuildLiteBehavior [ RunTime:0.000008s ]
INFO: [ app_init ] --END-- [ RunTime:0.000056s ]
ERR: 无法加载模块:__PUBLIC__

[ 2016-10-05T14:37:10+08:00 ] 127.0.0.1 /__PUBLIC__/images/01.jpg
INFO: [ app_init ] --START--
INFO: Run Behavior\BuildLiteBehavior [ RunTime:0.000008s ]
INFO: [ app_init ] --END-- [ RunTime:0.000055s ]
ERR: 无法加载模块:__PUBLIC__

[ 2016-10-05T14:37:10+08:00 ] 127.0.0.1 /__PUBLIC__/js/silder.js
INFO: [ app_init ] --START--
INFO: Run Behavior\BuildLiteBehavior [ RunTime:0.000008s ]
INFO: [ app_init ] --END-- [ RunTime:0.000054s ]
ERR: 无法加载模块:__PUBLIC__

[ 2016-10-05T14:37:10+08:00 ] 127.0.0.1 /__PUBLIC__/images/02.jpg
INFO: [ app_init ] --START--
INFO: Run Behavior\BuildLiteBehavior [ RunTime:0.000008s ]
INFO: [ app_init ] --END-- [ RunTime:0.000054s ]
ERR: 无法加载模块:__PUBLIC__

[ 2016-10-05T14:37:10+08:00 ] 127.0.0.1 /__PUBLIC__/images/03.png
INFO: [ app_init ] --START--
INFO: Run Behavior\BuildLiteBehavior [ RunTime:0.000008s ]
INFO: [ app_init ] --END-- [ RunTime:0.000053s ]
ERR: 无法加载模块:__PUBLIC__

[ 2016-10-05T14:37:10+08:00 ] 127.0.0.1 /__PUBLIC__/images/04.jpg
INFO: [ app_init ] --START--
INFO: Run Behavior\BuildLiteBehavior [ RunTime:0.000008s ]
INFO: [ app_init ] --END-- [ RunTime:0.000094s ]
ERR: 无法加载模块:__PUBLIC__

[ 2016-10-05T14:37:10+08:00 ] 127.0.0.1 /__PUBLIC__/images/04.png
INFO: [ app_init ] --START--
INFO: Run Behavior\BuildLiteBehavior [ RunTime:0.000008s ]
INFO: [ app_init ] --END-- [ RunTime:0.000054s ]
ERR: 无法加载模块:__PUBLIC__

[ 2016-10-05T14:37:10+08:00 ] 127.0.0.1 /__PUBLIC__/js/silder.js
INFO: [ app_init ] --START--
INFO: Run Behavior\BuildLiteBehavior [ RunTime:0.000008s ]
INFO: [ app_init ] --END-- [ RunTime:0.000058s ]
ERR: 无法加载模块:__PUBLIC__

[ 2016-10-05T14:37:10+08:00 ] 127.0.0.1 /__PUBLIC__/css/base.css
INFO: [ app_init ] --START--
INFO: Run Behavior\BuildLiteBehavior [ RunTime:0.000010s ]
INFO: [ app_init ] --END-- [ RunTime:0.000066s ]
ERR: 无法加载模块:__PUBLIC__

[ 2016-10-05T14:37:10+08:00 ] 127.0.0.1 /__PUBLIC__/css/index.css
INFO: [ app_init ] --START--
INFO: Run Behavior\BuildLiteBehavior [ RunTime:0.000009s ]
INFO: [ app_init ] --END-- [ RunTime:0.000057s ]
ERR: 无法加载模块:__PUBLIC__

[ 2016-10-05T14:37:10+08:00 ] 127.0.0.1 /__PUBLIC__/css/media.css
INFO: [ app_init ] --START--
INFO: Run Behavior\BuildLiteBehavior [ RunTime:0.000009s ]
INFO: [ app_init ] --END-- [ RunTime:0.000054s ]
ERR: 无法加载模块:__PUBLIC__

[ 2016-10-05T14:37:10+08:00 ] 127.0.0.1 /__PUBLIC__/images/01.jpg
INFO: [ app_init ] --START--
INFO: Run Behavior\BuildLiteBehavior [ RunTime:0.000008s ]
INFO: [ app_init ] --END-- [ RunTime:0.000065s ]
ERR: 无法加载模块:__PUBLIC__

[ 2016-10-05T14:37:10+08:00 ] 127.0.0.1 /__PUBLIC__/css/base.css
INFO: [ app_init ] --START--
INFO: Run Behavior\BuildLiteBehavior [ RunTime:0.000008s ]
INFO: [ app_init ] --END-- [ RunTime:0.000054s ]
ERR: 无法加载模块:__PUBLIC__

[ 2016-10-05T14:37:10+08:00 ] 127.0.0.1 /__PUBLIC__/css/index.css
INFO: [ app_init ] --START--
INFO: Run Behavior\BuildLiteBehavior [ RunTime:0.000008s ]
INFO: [ app_init ] --END-- [ RunTime:0.000054s ]
ERR: 无法加载模块:__PUBLIC__

[ 2016-10-05T14:37:10+08:00 ] 127.0.0.1 /__PUBLIC__/css/media.css
INFO: [ app_init ] --START--
INFO: Run Behavior\BuildLiteBehavior [ RunTime:0.000008s ]
INFO: [ app_init ] --END-- [ RunTime:0.000049s ]
ERR: 无法加载模块:__PUBLIC__

[ 2016-10-05T14:37:10+08:00 ] 127.0.0.1 /__PUBLIC__/images/02.jpg
INFO: [ app_init ] --START--
INFO: Run Behavior\BuildLiteBehavior [ RunTime:0.000008s ]
INFO: [ app_init ] --END-- [ RunTime:0.000050s ]
ERR: 无法加载模块:__PUBLIC__

[ 2016-10-05T14:37:10+08:00 ] 127.0.0.1 /__PUBLIC__/images/03.png
INFO: [ app_init ] --START--
INFO: Run Behavior\BuildLiteBehavior [ RunTime:0.000008s ]
INFO: [ app_init ] --END-- [ RunTime:0.000054s ]
ERR: 无法加载模块:__PUBLIC__

[ 2016-10-05T14:37:10+08:00 ] 127.0.0.1 /__PUBLIC__/js/silder.js
INFO: [ app_init ] --START--
INFO: Run Behavior\BuildLiteBehavior [ RunTime:0.000009s ]
INFO: [ app_init ] --END-- [ RunTime:0.000059s ]
ERR: 无法加载模块:__PUBLIC__

[ 2016-10-05T14:37:10+08:00 ] 127.0.0.1 /__PUBLIC__/images/04.jpg
INFO: [ app_init ] --START--
INFO: Run Behavior\BuildLiteBehavior [ RunTime:0.000010s ]
INFO: [ app_init ] --END-- [ RunTime:0.000060s ]
ERR: 无法加载模块:__PUBLIC__

[ 2016-10-05T14:37:10+08:00 ] 127.0.0.1 /__PUBLIC__/images/04.png
INFO: [ app_init ] --START--
INFO: Run Behavior\BuildLiteBehavior [ RunTime:0.000008s ]
INFO: [ app_init ] --END-- [ RunTime:0.000050s ]
ERR: 无法加载模块:__PUBLIC__

