[ 2016-10-03T08:58:34+08:00 ] 127.0.0.1 /favicon.ico
INFO: [ app_init ] --START--
INFO: Run Behavior\BuildLiteBehavior [ RunTime:0.000022s ]
INFO: [ app_init ] --END-- [ RunTime:0.000155s ]
ERR: 无法加载模块:Favicon

[ 2016-10-03T13:06:00+08:00 ] 127.0.0.1 /Data/Upload/2016-10-03/57f1da0e0090f.jpg
INFO: [ app_init ] --START--
INFO: Run Behavior\BuildLiteBehavior [ RunTime:0.000014s ]
INFO: [ app_init ] --END-- [ RunTime:0.000090s ]
ERR: 无法加载模块:Data

[ 2016-10-03T13:06:02+08:00 ] 127.0.0.1 /Data/Upload/2016-10-03/57f1da0e0090f.jpg
INFO: [ app_init ] --START--
INFO: Run Behavior\BuildLiteBehavior [ RunTime:0.000015s ]
INFO: [ app_init ] --END-- [ RunTime:0.013720s ]
ERR: 无法加载模块:Data

[ 2016-10-03T13:06:33+08:00 ] 127.0.0.1 /Data/Upload/2016-10-03/57f1da0e0090f.jpg
INFO: [ app_init ] --START--
INFO: Run Behavior\BuildLiteBehavior [ RunTime:0.000014s ]
INFO: [ app_init ] --END-- [ RunTime:0.000154s ]
ERR: 无法加载模块:Data

[ 2016-10-03T13:08:04+08:00 ] 127.0.0.1 /Data/Upload/2016-10-03/57f1da0e0090f.jpg
INFO: [ app_init ] --START--
INFO: Run Behavior\BuildLiteBehavior [ RunTime:0.000015s ]
INFO: [ app_init ] --END-- [ RunTime:0.000691s ]
ERR: 无法加载模块:Data

[ 2016-10-03T13:12:03+08:00 ] 127.0.0.1 /Data/Upload/2016-10-03/57f1e6fb0c1cf.'sm.jpg'
INFO: [ app_init ] --START--
INFO: Run Behavior\BuildLiteBehavior [ RunTime:0.000011s ]
INFO: [ app_init ] --END-- [ RunTime:0.000070s ]
ERR: 无法加载模块:Data

